<?xml version="1.0" encoding="UTF-8"?>
<testsuite name="com.joango.controller.UserControllerTest" tests="3" skipped="0" failures="0" errors="0" timestamp="2023-02-15T19:49:05" hostname="Jorges-MacBook-Air.local" time="0.014">
  <properties/>
  <testcase name="testGetUserByEmail()" classname="com.joango.controller.UserControllerTest" time="0.005"/>
  <testcase name="testGetUserById()" classname="com.joango.controller.UserControllerTest" time="0.003"/>
  <testcase name="testGetUsersByName()" classname="com.joango.controller.UserControllerTest" time="0.005"/>
  <system-out><![CDATA[2023-02-15T14:49:05.536-05:00  INFO 85260 --- [    Test worker] t.c.s.AnnotationConfigContextLoaderUtils : Could not detect default configuration classes for test class [com.joango.controller.UserControllerTest]: UserControllerTest does not declare any static, non-private, non-final, nested classes annotated with @Configuration.
2023-02-15T14:49:05.537-05:00  INFO 85260 --- [    Test worker] .b.t.c.SpringBootTestContextBootstrapper : Found @SpringBootConfiguration com.joango.Application for test class com.joango.controller.UserControllerTest
Hibernate: select u1_0.id,u1_0.email,u1_0.name from user u1_0 where u1_0.email=?
Hibernate: select u1_0.id,u2_0.id,u2_0.email,u2_0.name,u1_0.user_balance from user_account u1_0 left join user u2_0 on u2_0.id=u1_0.user_id where u1_0.user_id=?
Hibernate: select u1_0.id,u1_0.email,u1_0.name,u2_0.id,u2_0.user_balance from user u1_0 left join user_account u2_0 on u1_0.id=u2_0.user_id where u1_0.id=?
Hibernate: select u1_0.id,u1_0.email,u1_0.name from user u1_0 where u1_0.name=?
Hibernate: select u1_0.id,u2_0.id,u2_0.email,u2_0.name,u1_0.user_balance from user_account u1_0 left join user u2_0 on u2_0.id=u1_0.user_id where u1_0.user_id=?
Hibernate: select u1_0.id,u2_0.id,u2_0.email,u2_0.name,u1_0.user_balance from user_account u1_0 left join user u2_0 on u2_0.id=u1_0.user_id where u1_0.user_id=?
]]></system-out>
  <system-err><![CDATA[]]></system-err>
</testsuite>
