<?xml version="1.0" encoding="UTF-8"?>
<testsuite name="com.joango.controller.TicketControllerTest" tests="5" skipped="0" failures="0" errors="0" timestamp="2023-02-15T19:49:05" hostname="Jorges-MacBook-Air.local" time="0.067">
  <properties/>
  <testcase name="testGetBookedTicketsByUserId()" classname="com.joango.controller.TicketControllerTest" time="0.007"/>
  <testcase name="testGetTicketById()" classname="com.joango.controller.TicketControllerTest" time="0.003"/>
  <testcase name="testGetBookedTicketsByEventId()" classname="com.joango.controller.TicketControllerTest" time="0.006"/>
  <testcase name="testBookTicket()" classname="com.joango.controller.TicketControllerTest" time="0.008"/>
  <testcase name="testBookTicketsBatch()" classname="com.joango.controller.TicketControllerTest" time="0.04"/>
  <system-out><![CDATA[2023-02-15T14:49:05.466-05:00  INFO 85260 --- [    Test worker] t.c.s.AnnotationConfigContextLoaderUtils : Could not detect default configuration classes for test class [com.joango.controller.TicketControllerTest]: TicketControllerTest does not declare any static, non-private, non-final, nested classes annotated with @Configuration.
2023-02-15T14:49:05.467-05:00  INFO 85260 --- [    Test worker] .b.t.c.SpringBootTestContextBootstrapper : Found @SpringBootConfiguration com.joango.Application for test class com.joango.controller.TicketControllerTest
Hibernate: select u1_0.id,u1_0.email,u1_0.name,u2_0.id,u2_0.user_balance from user u1_0 left join user_account u2_0 on u1_0.id=u2_0.user_id where u1_0.id=?
Hibernate: select t1_0.id,t1_0.category,t1_0.event_id,t1_0.place,t1_0.user_id from ticket t1_0 where t1_0.user_id=?
Hibernate: select t1_0.id,t1_0.category,t1_0.event_id,t1_0.place,t1_0.user_id from ticket t1_0 where t1_0.id=?
Hibernate: select e1_0.id,e1_0.date,e1_0.ticket_price,e1_0.title from event e1_0 where e1_0.id=?
Hibernate: select t1_0.id,t1_0.category,t1_0.event_id,t1_0.place,t1_0.user_id from ticket t1_0 where t1_0.event_id=?
Hibernate: select u1_0.id,u1_0.email,u1_0.name,u2_0.id,u2_0.user_balance from user u1_0 left join user_account u2_0 on u1_0.id=u2_0.user_id where u1_0.id=?
Hibernate: select e1_0.id,e1_0.date,e1_0.ticket_price,e1_0.title from event e1_0 where e1_0.id=?
Hibernate: insert into ticket (id, category, event_id, place, user_id) values (default, ?, ?, ?, ?)
Hibernate: update user_account set user_id=?, user_balance=? where id=?
Hibernate: insert into ticket (id, category, event_id, place, user_id) values (default, ?, ?, ?, ?)
Hibernate: insert into ticket (id, category, event_id, place, user_id) values (default, ?, ?, ?, ?)
Hibernate: insert into ticket (id, category, event_id, place, user_id) values (default, ?, ?, ?, ?)
]]></system-out>
  <system-err><![CDATA[]]></system-err>
</testsuite>
