<?xml version="1.0" encoding="UTF-8"?>
<testsuite name="com.joango.DemoApplicationTests" tests="1" skipped="0" failures="0" errors="0" timestamp="2023-02-15T19:49:05" hostname="Jorges-MacBook-Air.local" time="0.002">
  <properties/>
  <testcase name="contextLoads()" classname="com.joango.DemoApplicationTests" time="0.002"/>
  <system-out><![CDATA[14:49:04.575 [Test worker] DEBUG org.springframework.boot.test.context.SpringBootTestContextBootstrapper - Neither @ContextConfiguration nor @ContextHierarchy found for test class [DemoApplicationTests]: using SpringBootContextLoader
14:49:04.575 [Test worker] DEBUG org.springframework.test.context.support.AbstractContextLoader - Could not detect default resource locations for test class [com.joango.DemoApplicationTests]: no resource found for suffixes {-context.xml, Context.groovy}.
14:49:04.575 [Test worker] INFO org.springframework.test.context.support.AnnotationConfigContextLoaderUtils - Could not detect default configuration classes for test class [com.joango.DemoApplicationTests]: DemoApplicationTests does not declare any static, non-private, non-final, nested classes annotated with @Configuration.
14:49:04.576 [Test worker] DEBUG org.springframework.boot.test.context.SpringBootTestContextBootstrapper - Using ContextCustomizers for test class [DemoApplicationTests]: [DisableObservabilityContextCustomizer, PropertyMappingContextCustomizer, Customizer, ExcludeFilterContextCustomizer, DuplicateJsonObjectContextCustomizer, MockitoContextCustomizer, TestRestTemplateContextCustomizer]
14:49:04.576 [Test worker] INFO org.springframework.boot.test.context.SpringBootTestContextBootstrapper - Found @SpringBootConfiguration com.joango.Application for test class com.joango.DemoApplicationTests
14:49:04.577 [Test worker] DEBUG org.springframework.boot.test.context.SpringBootTestContextBootstrapper - Using TestExecutionListeners for test class [DemoApplicationTests]: [ServletTestExecutionListener, DirtiesContextBeforeModesTestExecutionListener, ApplicationEventsTestExecutionListener, MockitoTestExecutionListener, DependencyInjectionTestExecutionListener, DirtiesContextTestExecutionListener, TransactionalTestExecutionListener, SqlScriptsTestExecutionListener, EventPublishingTestExecutionListener, RestDocsTestExecutionListener, MockRestServiceServerResetTestExecutionListener, MockMvcPrintOnlyOnFailureTestExecutionListener, WebDriverTestExecutionListener, MockWebServiceServerTestExecutionListener, ResetMocksTestExecutionListener]
14:49:04.577 [Test worker] DEBUG org.springframework.test.context.support.AbstractDirtiesContextTestExecutionListener - Before test class: class [DemoApplicationTests], class annotated with @DirtiesContext [false] with mode [null]

  .   ____          _            __ _ _
 /\\ / ___'_ __ _ _(_)_ __  __ _ \ \ \ \
( ( )\___ | '_ | '_| | '_ \/ _` | \ \ \ \
 \\/  ___)| |_)| | | | | || (_| |  ) ) ) )
  '  |____| .__|_| |_|_| |_\__, | / / / /
 =========|_|==============|___/=/_/_/_/
 :: Spring Boot ::                (v3.0.1)

2023-02-15T14:49:04.646-05:00  INFO 85260 --- [    Test worker] com.joango.DemoApplicationTests          : Starting DemoApplicationTests using Java 17.0.1 with PID 85260 (started by joango in /Users/joango/Dev/JavaMentoringExercises/src/main/java/spring/core)
2023-02-15T14:49:04.647-05:00  INFO 85260 --- [    Test worker] com.joango.DemoApplicationTests          : No active profile set, falling back to 1 default profile: "default"
2023-02-15T14:49:04.742-05:00  INFO 85260 --- [    Test worker] .s.d.r.c.RepositoryConfigurationDelegate : Bootstrapping Spring Data JPA repositories in DEFAULT mode.
2023-02-15T14:49:04.748-05:00  INFO 85260 --- [    Test worker] .s.d.r.c.RepositoryConfigurationDelegate : Finished Spring Data repository scanning in 5 ms. Found 4 JPA repository interfaces.
2023-02-15T14:49:04.799-05:00  INFO 85260 --- [    Test worker] o.hibernate.jpa.internal.util.LogHelper  : HHH000204: Processing PersistenceUnitInfo [name: default]
2023-02-15T14:49:04.800-05:00  WARN 85260 --- [    Test worker] org.hibernate.orm.deprecation            : HHH90000021: Encountered deprecated setting [javax.persistence.sharedCache.mode], use [jakarta.persistence.sharedCache.mode] instead
2023-02-15T14:49:04.802-05:00  INFO 85260 --- [    Test worker] com.zaxxer.hikari.HikariDataSource       : HikariPool-2 - Starting...
2023-02-15T14:49:04.802-05:00  INFO 85260 --- [    Test worker] com.zaxxer.hikari.pool.HikariPool        : HikariPool-2 - Added connection conn10: url=jdbc:h2:mem:testdb user=SA
2023-02-15T14:49:04.802-05:00  INFO 85260 --- [    Test worker] com.zaxxer.hikari.HikariDataSource       : HikariPool-2 - Start completed.
2023-02-15T14:49:04.802-05:00  INFO 85260 --- [    Test worker] SQL dialect                              : HHH000400: Using dialect: org.hibernate.dialect.H2Dialect
Hibernate: drop table if exists event cascade 
Hibernate: drop table if exists ticket cascade 
Hibernate: drop table if exists user cascade 
Hibernate: drop table if exists user_account cascade 
Hibernate: create table event (id bigint generated by default as identity, date timestamp(6), ticket_price integer, title varchar(255), primary key (id))
Hibernate: create table ticket (id bigint generated by default as identity, category varchar(255), event_id bigint, place integer, user_id bigint, primary key (id))
Hibernate: create table user (id bigint generated by default as identity, email varchar(255), name varchar(255), primary key (id))
Hibernate: create table user_account (id bigint generated by default as identity, user_balance integer, user_id bigint, primary key (id))
Hibernate: alter table if exists user_account add constraint FK4qaqge5ewvmfuwsp5eddfr4r2 foreign key (user_id) references user
2023-02-15T14:49:04.832-05:00  INFO 85260 --- [    Test worker] o.h.e.t.j.p.i.JtaPlatformInitiator       : HHH000490: Using JtaPlatform implementation: [org.hibernate.engine.transaction.jta.platform.internal.NoJtaPlatform]
2023-02-15T14:49:04.832-05:00  INFO 85260 --- [    Test worker] j.LocalContainerEntityManagerFactoryBean : Initialized JPA EntityManagerFactory for persistence unit 'default'
2023-02-15T14:49:04.953-05:00  WARN 85260 --- [    Test worker] JpaBaseConfiguration$JpaWebConfiguration : spring.jpa.open-in-view is enabled by default. Therefore, database queries may be performed during view rendering. Explicitly configure spring.jpa.open-in-view to disable this warning
2023-02-15T14:49:05.068-05:00  INFO 85260 --- [    Test worker] o.s.b.a.h2.H2ConsoleAutoConfiguration    : H2 console available at '/h2-console'. Database available at 'jdbc:h2:mem:testdb'
2023-02-15T14:49:05.103-05:00  INFO 85260 --- [    Test worker] com.joango.DemoApplicationTests          : Started DemoApplicationTests in 0.51 seconds (process running for 3.784)
]]></system-out>
  <system-err><![CDATA[]]></system-err>
</testsuite>
