<?xml version="1.0" encoding="UTF-8"?>
<testsuite name="com.joango.BookingServiceIntegrationTest" tests="21" skipped="0" failures="0" errors="0" timestamp="2023-02-15T19:49:04" hostname="Jorges-MacBook-Air.local" time="0.276">
  <properties/>
  <testcase name="Should throw exception when event not found by Id" classname="com.joango.BookingServiceIntegrationTest" time="0.094"/>
  <testcase name="Should get a list of users by Name" classname="com.joango.BookingServiceIntegrationTest" time="0.065"/>
  <testcase name="Should delete an event" classname="com.joango.BookingServiceIntegrationTest" time="0.016"/>
  <testcase name="Should get a user by Email" classname="com.joango.BookingServiceIntegrationTest" time="0.004"/>
  <testcase name="Should update an event" classname="com.joango.BookingServiceIntegrationTest" time="0.009"/>
  <testcase name="Should create a new event" classname="com.joango.BookingServiceIntegrationTest" time="0.008"/>
  <testcase name="Should update a user" classname="com.joango.BookingServiceIntegrationTest" time="0.007"/>
  <testcase name="Should get a list of tickets by event" classname="com.joango.BookingServiceIntegrationTest" time="0.009"/>
  <testcase name="Should get an event by Id" classname="com.joango.BookingServiceIntegrationTest" time="0.002"/>
  <testcase name="Should get a list of event by day" classname="com.joango.BookingServiceIntegrationTest" time="0.004"/>
  <testcase name="Should book a ticket for a user with enough balance" classname="com.joango.BookingServiceIntegrationTest" time="0.016"/>
  <testcase name="Should throw exception when ticket not found by Id" classname="com.joango.BookingServiceIntegrationTest" time="0.002"/>
  <testcase name="Should throw exception when user not found by email" classname="com.joango.BookingServiceIntegrationTest" time="0.003"/>
  <testcase name="Should create a new user" classname="com.joango.BookingServiceIntegrationTest" time="0.002"/>
  <testcase name="Should book a ticket for a user with enough balance" classname="com.joango.BookingServiceIntegrationTest" time="0.003"/>
  <testcase name="Should throw exception when user not found by Id" classname="com.joango.BookingServiceIntegrationTest" time="0.002"/>
  <testcase name="Should get a list of event by title" classname="com.joango.BookingServiceIntegrationTest" time="0.005"/>
  <testcase name="Should delete a user" classname="com.joango.BookingServiceIntegrationTest" time="0.006"/>
  <testcase name="Should get ticket by Id" classname="com.joango.BookingServiceIntegrationTest" time="0.003"/>
  <testcase name="Should get a user by Id" classname="com.joango.BookingServiceIntegrationTest" time="0.004"/>
  <testcase name="Should get a list of tickets by user" classname="com.joango.BookingServiceIntegrationTest" time="0.004"/>
  <system-out><![CDATA[14:49:02.716 [Test worker] DEBUG org.springframework.boot.test.context.SpringBootTestContextBootstrapper - Found explicit ContextLoader class [AnnotationConfigContextLoader] for test class [BookingServiceIntegrationTest]
14:49:02.717 [Test worker] INFO org.springframework.test.context.support.AnnotationConfigContextLoaderUtils - Could not detect default configuration classes for test class [com.joango.BookingServiceIntegrationTest]: BookingServiceIntegrationTest does not declare any static, non-private, non-final, nested classes annotated with @Configuration.
14:49:02.728 [Test worker] DEBUG org.springframework.boot.test.context.SpringBootTestContextBootstrapper - Using ContextCustomizers for test class [BookingServiceIntegrationTest]: [DisableObservabilityContextCustomizer, PropertyMappingContextCustomizer, Customizer, ExcludeFilterContextCustomizer, DuplicateJsonObjectContextCustomizer, MockitoContextCustomizer, TestRestTemplateContextCustomizer]
14:49:02.758 [Test worker] DEBUG org.springframework.context.annotation.ClassPathScanningCandidateComponentProvider - Identified candidate component class: file [/Users/joango/Dev/JavaMentoringExercises/src/main/java/spring/core/build/classes/java/main/com/joango/Application.class]
14:49:02.758 [Test worker] INFO org.springframework.boot.test.context.SpringBootTestContextBootstrapper - Found @SpringBootConfiguration com.joango.Application for test class com.joango.BookingServiceIntegrationTest
14:49:02.804 [Test worker] DEBUG org.springframework.boot.test.context.SpringBootTestContextBootstrapper - Using TestExecutionListeners for test class [BookingServiceIntegrationTest]: [ServletTestExecutionListener, DirtiesContextBeforeModesTestExecutionListener, ApplicationEventsTestExecutionListener, MockitoTestExecutionListener, DependencyInjectionTestExecutionListener, DirtiesContextTestExecutionListener, TransactionalTestExecutionListener, SqlScriptsTestExecutionListener, EventPublishingTestExecutionListener, RestDocsTestExecutionListener, MockRestServiceServerResetTestExecutionListener, MockMvcPrintOnlyOnFailureTestExecutionListener, WebDriverTestExecutionListener, MockWebServiceServerTestExecutionListener, ResetMocksTestExecutionListener]
14:49:02.805 [Test worker] DEBUG org.springframework.test.context.support.AbstractDirtiesContextTestExecutionListener - Before test class: class [BookingServiceIntegrationTest], class annotated with @DirtiesContext [false] with mode [null]
14:49:02.807 [Test worker] DEBUG org.springframework.test.context.support.AbstractGenericContextLoader - Loading ApplicationContext for test class com.joango.BookingServiceIntegrationTest
14:49:02.818 [Test worker] DEBUG org.springframework.core.env.StandardEnvironment - Activating profiles []
14:49:02.819 [Test worker] DEBUG org.springframework.test.context.support.AnnotationConfigContextLoader - Registering component classes: [com.joango.Application]
14:49:02.832 [Test worker] DEBUG org.springframework.context.support.GenericApplicationContext - Refreshing org.springframework.context.support.GenericApplicationContext@2ec99035
14:49:02.834 [Test worker] DEBUG org.springframework.beans.factory.support.DefaultListableBeanFactory - Creating shared instance of singleton bean 'org.springframework.context.annotation.internalConfigurationAnnotationProcessor'
14:49:02.855 [Test worker] DEBUG org.springframework.context.annotation.ClassPathBeanDefinitionScanner - Identified candidate component class: file [/Users/joango/Dev/JavaMentoringExercises/src/main/java/spring/core/build/classes/java/main/com/joango/controller/EventController.class]
14:49:02.857 [Test worker] DEBUG org.springframework.context.annotation.ClassPathBeanDefinitionScanner - Identified candidate component class: file [/Users/joango/Dev/JavaMentoringExercises/src/main/java/spring/core/build/classes/java/main/com/joango/controller/ExceptionController.class]
14:49:02.858 [Test worker] DEBUG org.springframework.context.annotation.ClassPathBeanDefinitionScanner - Identified candidate component class: file [/Users/joango/Dev/JavaMentoringExercises/src/main/java/spring/core/build/classes/java/main/com/joango/controller/PDFController.class]
14:49:02.858 [Test worker] DEBUG org.springframework.context.annotation.ClassPathBeanDefinitionScanner - Identified candidate component class: file [/Users/joango/Dev/JavaMentoringExercises/src/main/java/spring/core/build/classes/java/main/com/joango/controller/TicketController.class]
14:49:02.859 [Test worker] DEBUG org.springframework.context.annotation.ClassPathBeanDefinitionScanner - Identified candidate component class: file [/Users/joango/Dev/JavaMentoringExercises/src/main/java/spring/core/build/classes/java/main/com/joango/controller/UserController.class]
14:49:02.861 [Test worker] DEBUG org.springframework.context.annotation.ClassPathBeanDefinitionScanner - Identified candidate component class: file [/Users/joango/Dev/JavaMentoringExercises/src/main/java/spring/core/build/classes/java/main/com/joango/facade/BookingFacadeImpl.class]
14:49:02.861 [Test worker] DEBUG org.springframework.context.annotation.ClassPathBeanDefinitionScanner - Identified candidate component class: file [/Users/joango/Dev/JavaMentoringExercises/src/main/java/spring/core/build/classes/java/main/com/joango/facade/UserAccountFacadeImpl.class]
14:49:02.864 [Test worker] DEBUG org.springframework.context.annotation.ClassPathBeanDefinitionScanner - Ignored because not a concrete top-level class: file [/Users/joango/Dev/JavaMentoringExercises/src/main/java/spring/core/build/classes/java/main/com/joango/repository/EventRepository.class]
14:49:02.864 [Test worker] DEBUG org.springframework.context.annotation.ClassPathBeanDefinitionScanner - Ignored because not a concrete top-level class: file [/Users/joango/Dev/JavaMentoringExercises/src/main/java/spring/core/build/classes/java/main/com/joango/repository/TicketRepository.class]
14:49:02.864 [Test worker] DEBUG org.springframework.context.annotation.ClassPathBeanDefinitionScanner - Ignored because not a concrete top-level class: file [/Users/joango/Dev/JavaMentoringExercises/src/main/java/spring/core/build/classes/java/main/com/joango/repository/UserRepository.class]
14:49:02.864 [Test worker] DEBUG org.springframework.context.annotation.ClassPathBeanDefinitionScanner - Identified candidate component class: file [/Users/joango/Dev/JavaMentoringExercises/src/main/java/spring/core/build/classes/java/main/com/joango/service/EventService.class]
14:49:02.865 [Test worker] DEBUG org.springframework.context.annotation.ClassPathBeanDefinitionScanner - Identified candidate component class: file [/Users/joango/Dev/JavaMentoringExercises/src/main/java/spring/core/build/classes/java/main/com/joango/service/TicketService.class]
14:49:02.865 [Test worker] DEBUG org.springframework.context.annotation.ClassPathBeanDefinitionScanner - Identified candidate component class: file [/Users/joango/Dev/JavaMentoringExercises/src/main/java/spring/core/build/classes/java/main/com/joango/service/UserAccountService.class]
14:49:02.865 [Test worker] DEBUG org.springframework.context.annotation.ClassPathBeanDefinitionScanner - Identified candidate component class: file [/Users/joango/Dev/JavaMentoringExercises/src/main/java/spring/core/build/classes/java/main/com/joango/service/UserService.class]
14:49:02.943 [Test worker] DEBUG org.springframework.core.env.PropertySourcesPropertyResolver - Found key 'spring.datasource.url' in PropertySource 'configurationProperties' with value of type String
14:49:03.040 [Test worker] INFO org.springframework.data.repository.config.RepositoryConfigurationDelegate - Bootstrapping Spring Data JPA repositories in DEFAULT mode.
14:49:03.043 [Test worker] DEBUG org.springframework.beans.factory.support.DefaultListableBeanFactory - Creating shared instance of singleton bean 'org.springframework.boot.autoconfigure.AutoConfigurationPackages'
14:49:03.046 [Test worker] DEBUG org.springframework.boot.autoconfigure.AutoConfigurationPackages - @EnableAutoConfiguration was declared on a class in the package 'com.joango'. Automatic @Repository and @Entity scanning is enabled.
14:49:03.046 [Test worker] DEBUG org.springframework.data.repository.config.RepositoryConfigurationDelegate - Scanning for JPA repositories in packages com.joango.
14:49:03.051 [Test worker] DEBUG org.springframework.data.repository.config.RepositoryComponentProvider - Identified candidate component class: file [/Users/joango/Dev/JavaMentoringExercises/src/main/java/spring/core/build/classes/java/main/com/joango/repository/EventRepository.class]
14:49:03.051 [Test worker] DEBUG org.springframework.data.repository.config.RepositoryComponentProvider - Identified candidate component class: file [/Users/joango/Dev/JavaMentoringExercises/src/main/java/spring/core/build/classes/java/main/com/joango/repository/TicketRepository.class]
14:49:03.051 [Test worker] DEBUG org.springframework.data.repository.config.RepositoryComponentProvider - Identified candidate component class: file [/Users/joango/Dev/JavaMentoringExercises/src/main/java/spring/core/build/classes/java/main/com/joango/repository/UserAccountRepository.class]
14:49:03.051 [Test worker] DEBUG org.springframework.data.repository.config.RepositoryComponentProvider - Identified candidate component class: file [/Users/joango/Dev/JavaMentoringExercises/src/main/java/spring/core/build/classes/java/main/com/joango/repository/UserRepository.class]
14:49:03.066 [Test worker] DEBUG org.springframework.context.annotation.ClassPathScanningCandidateComponentProvider - Identified candidate component class: file [/Users/joango/Dev/JavaMentoringExercises/src/main/java/spring/core/build/classes/java/main/com/joango/facade/BookingFacadeImpl.class]
14:49:03.066 [Test worker] DEBUG org.springframework.context.annotation.ClassPathScanningCandidateComponentProvider - Identified candidate component class: file [/Users/joango/Dev/JavaMentoringExercises/src/main/java/spring/core/build/classes/java/main/com/joango/facade/UserAccountFacadeImpl.class]
14:49:03.077 [Test worker] INFO org.springframework.data.repository.config.RepositoryConfigurationDelegate - Finished Spring Data repository scanning in 30 ms. Found 4 JPA repository interfaces.
14:49:03.146 [Test worker] DEBUG org.springframework.beans.factory.support.DefaultListableBeanFactory - Creating shared instance of singleton bean 'propertySourcesPlaceholderConfigurer'
14:49:03.147 [Test worker] DEBUG org.springframework.beans.factory.support.DefaultListableBeanFactory - Creating shared instance of singleton bean 'org.springframework.boot.test.mock.mockito.MockitoPostProcessor'
14:49:03.148 [Test worker] DEBUG org.springframework.beans.factory.support.DefaultListableBeanFactory - Creating shared instance of singleton bean 'emBeanDefinitionRegistrarPostProcessor'
14:49:03.148 [Test worker] DEBUG org.springframework.beans.factory.support.DefaultListableBeanFactory - Creating shared instance of singleton bean 'org.springframework.boot.sql.init.dependency.DatabaseInitializationDependencyConfigurer$DependsOnDatabaseInitializationPostProcessor'
14:49:03.151 [Test worker] DEBUG org.springframework.core.env.PropertySourcesPropertyResolver - Found key 'spring.jpa.defer-datasource-initialization' in PropertySource 'configurationProperties' with value of type String
14:49:03.160 [Test worker] DEBUG org.springframework.core.env.PropertySourcesPropertyResolver - Found key 'spring.jpa.defer-datasource-initialization' in PropertySource 'configurationProperties' with value of type String
14:49:03.164 [Test worker] DEBUG org.springframework.beans.factory.support.DefaultListableBeanFactory - Creating shared instance of singleton bean 'org.springframework.context.event.internalEventListenerProcessor'
14:49:03.165 [Test worker] DEBUG org.springframework.beans.factory.support.DefaultListableBeanFactory - Creating shared instance of singleton bean 'org.springframework.context.event.internalEventListenerFactory'
14:49:03.165 [Test worker] DEBUG org.springframework.beans.factory.support.DefaultListableBeanFactory - Creating shared instance of singleton bean 'org.springframework.transaction.config.internalTransactionalEventListenerFactory'
14:49:03.166 [Test worker] DEBUG org.springframework.beans.factory.support.DefaultListableBeanFactory - Creating shared instance of singleton bean 'org.springframework.context.annotation.internalAutowiredAnnotationProcessor'
14:49:03.166 [Test worker] DEBUG org.springframework.beans.factory.support.DefaultListableBeanFactory - Creating shared instance of singleton bean 'org.springframework.context.annotation.internalCommonAnnotationProcessor'
14:49:03.167 [Test worker] DEBUG org.springframework.beans.factory.support.DefaultListableBeanFactory - Creating shared instance of singleton bean 'org.springframework.context.annotation.internalPersistenceAnnotationProcessor'
14:49:03.168 [Test worker] DEBUG org.springframework.beans.factory.support.DefaultListableBeanFactory - Creating shared instance of singleton bean 'org.springframework.boot.test.mock.mockito.MockitoPostProcessor$SpyPostProcessor'
14:49:03.168 [Test worker] DEBUG org.springframework.beans.factory.support.DefaultListableBeanFactory - Creating shared instance of singleton bean 'org.springframework.boot.context.properties.ConfigurationPropertiesBindingPostProcessor'
14:49:03.168 [Test worker] DEBUG org.springframework.beans.factory.support.DefaultListableBeanFactory - Creating shared instance of singleton bean 'org.springframework.boot.context.internalConfigurationPropertiesBinder'
14:49:03.168 [Test worker] DEBUG org.springframework.beans.factory.support.DefaultListableBeanFactory - Creating shared instance of singleton bean 'org.springframework.boot.context.internalConfigurationPropertiesBinderFactory'
14:49:03.169 [Test worker] DEBUG org.springframework.beans.factory.support.DefaultListableBeanFactory - Creating shared instance of singleton bean 'org.springframework.aop.config.internalAutoProxyCreator'
14:49:03.179 [Test worker] DEBUG org.springframework.beans.factory.support.DefaultListableBeanFactory - Creating shared instance of singleton bean 'persistenceExceptionTranslationPostProcessor'
14:49:03.183 [Test worker] DEBUG org.springframework.beans.factory.support.DefaultListableBeanFactory - Autowiring by type from bean name 'persistenceExceptionTranslationPostProcessor' via factory method to bean named 'environment'
14:49:03.184 [Test worker] DEBUG org.springframework.beans.factory.support.DefaultListableBeanFactory - Creating shared instance of singleton bean 'org.springframework.kafka.config.internalKafkaListenerAnnotationProcessor'
14:49:03.190 [Test worker] DEBUG org.springframework.beans.factory.support.DefaultListableBeanFactory - Creating shared instance of singleton bean 'entityManagerFactory'
14:49:03.190 [Test worker] DEBUG org.springframework.beans.factory.support.DefaultListableBeanFactory - Creating shared instance of singleton bean 'org.springframework.transaction.config.internalTransactionAdvisor'
14:49:03.190 [Test worker] DEBUG org.springframework.beans.factory.support.DefaultListableBeanFactory - Creating shared instance of singleton bean 'org.springframework.transaction.annotation.ProxyTransactionManagementConfiguration'
14:49:03.195 [Test worker] DEBUG org.springframework.beans.factory.support.DefaultListableBeanFactory - Creating shared instance of singleton bean 'transactionAttributeSource'
14:49:03.195 [Test worker] DEBUG org.springframework.beans.factory.support.DefaultListableBeanFactory - Creating shared instance of singleton bean 'transactionInterceptor'
14:49:03.196 [Test worker] DEBUG org.springframework.beans.factory.support.DefaultListableBeanFactory - Autowiring by type from bean name 'transactionInterceptor' via factory method to bean named 'transactionAttributeSource'
14:49:03.199 [Test worker] DEBUG org.springframework.beans.factory.support.DefaultListableBeanFactory - Autowiring by type from bean name 'org.springframework.transaction.config.internalTransactionAdvisor' via factory method to bean named 'transactionAttributeSource'
14:49:03.199 [Test worker] DEBUG org.springframework.beans.factory.support.DefaultListableBeanFactory - Autowiring by type from bean name 'org.springframework.transaction.config.internalTransactionAdvisor' via factory method to bean named 'transactionInterceptor'
14:49:03.200 [Test worker] DEBUG org.springframework.beans.factory.support.DefaultListableBeanFactory - Creating shared instance of singleton bean 'org.springframework.boot.autoconfigure.orm.jpa.HibernateJpaConfiguration'
14:49:03.201 [Test worker] DEBUG org.springframework.beans.factory.support.DefaultListableBeanFactory - Creating shared instance of singleton bean 'dataSource'
14:49:03.201 [Test worker] DEBUG org.springframework.beans.factory.support.DefaultListableBeanFactory - Creating shared instance of singleton bean 'org.springframework.boot.autoconfigure.jdbc.DataSourceConfiguration$Hikari'
14:49:03.202 [Test worker] DEBUG org.springframework.beans.factory.support.DefaultListableBeanFactory - Creating shared instance of singleton bean 'spring.datasource-org.springframework.boot.autoconfigure.jdbc.DataSourceProperties'
14:49:03.202 [Test worker] DEBUG org.springframework.beans.factory.support.DefaultListableBeanFactory - Creating shared instance of singleton bean 'org.springframework.boot.context.properties.BoundConfigurationProperties'
14:49:03.213 [Test worker] DEBUG org.springframework.beans.factory.support.DefaultListableBeanFactory - Autowiring by type from bean name 'dataSource' via factory method to bean named 'spring.datasource-org.springframework.boot.autoconfigure.jdbc.DataSourceProperties'
14:49:03.214 [Test worker] DEBUG com.zaxxer.hikari.HikariConfig - Driver class org.h2.Driver found in Thread context class loader jdk.internal.loader.ClassLoaders$AppClassLoader@42110406
14:49:03.225 [Test worker] DEBUG org.springframework.beans.factory.support.DefaultListableBeanFactory - Creating shared instance of singleton bean 'spring.jpa-org.springframework.boot.autoconfigure.orm.jpa.JpaProperties'
14:49:03.228 [Test worker] DEBUG org.springframework.beans.factory.support.DefaultListableBeanFactory - Creating shared instance of singleton bean 'spring.jpa.hibernate-org.springframework.boot.autoconfigure.orm.jpa.HibernateProperties'
14:49:03.228 [Test worker] DEBUG org.springframework.beans.factory.support.DefaultListableBeanFactory - Autowiring by type from bean name 'org.springframework.boot.autoconfigure.orm.jpa.HibernateJpaConfiguration' via constructor to bean named 'dataSource'
14:49:03.228 [Test worker] DEBUG org.springframework.beans.factory.support.DefaultListableBeanFactory - Autowiring by type from bean name 'org.springframework.boot.autoconfigure.orm.jpa.HibernateJpaConfiguration' via constructor to bean named 'spring.jpa-org.springframework.boot.autoconfigure.orm.jpa.JpaProperties'
14:49:03.228 [Test worker] DEBUG org.springframework.beans.factory.support.DefaultListableBeanFactory - Autowiring by type from bean name 'org.springframework.boot.autoconfigure.orm.jpa.HibernateJpaConfiguration' via constructor to bean named 'org.springframework.beans.factory.support.DefaultListableBeanFactory@62aeddc8'
14:49:03.229 [Test worker] DEBUG org.springframework.beans.factory.support.DefaultListableBeanFactory - Autowiring by type from bean name 'org.springframework.boot.autoconfigure.orm.jpa.HibernateJpaConfiguration' via constructor to bean named 'spring.jpa.hibernate-org.springframework.boot.autoconfigure.orm.jpa.HibernateProperties'
14:49:03.229 [Test worker] DEBUG org.springframework.beans.factory.support.DefaultListableBeanFactory - Creating shared instance of singleton bean 'hikariPoolDataSourceMetadataProvider'
14:49:03.229 [Test worker] DEBUG org.springframework.beans.factory.support.DefaultListableBeanFactory - Creating shared instance of singleton bean 'org.springframework.boot.autoconfigure.jdbc.metadata.DataSourcePoolMetadataProvidersConfiguration$HikariPoolDataSourceMetadataProviderConfiguration'
14:49:03.232 [Test worker] DEBUG org.springframework.beans.factory.support.DefaultListableBeanFactory - Creating shared instance of singleton bean 'entityManagerFactoryBuilder'
14:49:03.232 [Test worker] DEBUG org.springframework.beans.factory.support.DefaultListableBeanFactory - Creating shared instance of singleton bean 'jpaVendorAdapter'
14:49:03.252 [Test worker] DEBUG org.jboss.logging - Logging Provider: org.jboss.logging.Log4j2LoggerProvider
14:49:03.254 [Test worker] DEBUG org.springframework.beans.factory.support.DefaultListableBeanFactory - Autowiring by type from bean name 'entityManagerFactoryBuilder' via factory method to bean named 'jpaVendorAdapter'
14:49:03.255 [Test worker] DEBUG org.springframework.beans.factory.support.DefaultListableBeanFactory - Creating shared instance of singleton bean 'persistenceManagedTypes'
14:49:03.255 [Test worker] DEBUG org.springframework.beans.factory.support.DefaultListableBeanFactory - Autowiring by type from bean name 'persistenceManagedTypes' via factory method to bean named 'org.springframework.beans.factory.support.DefaultListableBeanFactory@62aeddc8'
14:49:03.255 [Test worker] DEBUG org.springframework.beans.factory.support.DefaultListableBeanFactory - Autowiring by type from bean name 'persistenceManagedTypes' via factory method to bean named 'org.springframework.context.support.GenericApplicationContext@2ec99035'
14:49:03.259 [Test worker] DEBUG org.springframework.beans.factory.support.DefaultListableBeanFactory - Autowiring by type from bean name 'entityManagerFactory' via factory method to bean named 'entityManagerFactoryBuilder'
14:49:03.259 [Test worker] DEBUG org.springframework.beans.factory.support.DefaultListableBeanFactory - Autowiring by type from bean name 'entityManagerFactory' via factory method to bean named 'persistenceManagedTypes'
14:49:03.265 [Test worker] DEBUG org.springframework.orm.jpa.LocalContainerEntityManagerFactoryBean - Building JPA container EntityManagerFactory for persistence unit 'default'
14:49:03.273 [Test worker] DEBUG org.hibernate.jpa.internal.util.LogHelper - PersistenceUnitInfo [
	name: default
	persistence provider classname: null
	classloader: jdk.internal.loader.ClassLoaders$AppClassLoader@42110406
	excludeUnlistedClasses: true
	JTA datasource: null
	Non JTA datasource: HikariDataSource (null)
	Transaction type: RESOURCE_LOCAL
	PU root URL: file:/Users/joango/Dev/JavaMentoringExercises/src/main/java/spring/core/build/classes/java/test/
	Shared Cache Mode: UNSPECIFIED
	Validation Mode: AUTO
	Jar files URLs []
	Managed classes names [
		com.joango.model.Event
		com.joango.model.Ticket
		com.joango.model.User
		com.joango.model.UserAccount]
	Mapping files names []
	Properties []
14:49:03.277 [Test worker] DEBUG org.hibernate.integrator.internal.IntegratorServiceImpl - Adding Integrator [org.hibernate.cfg.beanvalidation.BeanValidationIntegrator].
14:49:03.278 [Test worker] DEBUG org.hibernate.integrator.internal.IntegratorServiceImpl - Adding Integrator [org.hibernate.cache.internal.CollectionCacheInvalidator].
14:49:03.296 [Test worker] INFO org.hibernate.Version - HHH000412: Hibernate ORM core version 6.1.6.Final
14:49:03.296 [Test worker] DEBUG org.hibernate.cfg.Environment - HHH000206: hibernate.properties not found
14:49:03.366 [Test worker] DEBUG org.hibernate.orm.idgen.factory - Registering IdentifierGenerator strategy [uuid2] -> [org.hibernate.id.UUIDGenerator]
14:49:03.366 [Test worker] DEBUG org.hibernate.orm.idgen.factory - Registering IdentifierGenerator strategy [guid] -> [org.hibernate.id.GUIDGenerator]
14:49:03.367 [Test worker] DEBUG org.hibernate.orm.idgen.factory - Registering IdentifierGenerator strategy [uuid] -> [org.hibernate.id.UUIDHexGenerator]
14:49:03.367 [Test worker] DEBUG org.hibernate.orm.idgen.factory - Registering IdentifierGenerator strategy [uuid.hex] -> [org.hibernate.id.UUIDHexGenerator]
14:49:03.367 [Test worker] DEBUG org.hibernate.orm.idgen.factory - Registering IdentifierGenerator strategy [assigned] -> [org.hibernate.id.Assigned]
14:49:03.367 [Test worker] DEBUG org.hibernate.orm.idgen.factory - Registering IdentifierGenerator strategy [identity] -> [org.hibernate.id.IdentityGenerator]
14:49:03.367 [Test worker] DEBUG org.hibernate.orm.idgen.factory - Registering IdentifierGenerator strategy [select] -> [org.hibernate.id.SelectGenerator]
14:49:03.368 [Test worker] DEBUG org.hibernate.orm.idgen.factory - Registering IdentifierGenerator strategy [sequence] -> [org.hibernate.id.enhanced.SequenceStyleGenerator]
14:49:03.368 [Test worker] DEBUG org.hibernate.orm.idgen.factory - Registering IdentifierGenerator strategy [increment] -> [org.hibernate.id.IncrementGenerator]
14:49:03.368 [Test worker] DEBUG org.hibernate.orm.idgen.factory - Registering IdentifierGenerator strategy [foreign] -> [org.hibernate.id.ForeignGenerator]
14:49:03.368 [Test worker] DEBUG org.hibernate.orm.idgen.factory - Registering IdentifierGenerator strategy [enhanced-sequence] -> [org.hibernate.id.enhanced.SequenceStyleGenerator]
14:49:03.368 [Test worker] DEBUG org.hibernate.orm.idgen.factory - Registering IdentifierGenerator strategy [enhanced-table] -> [org.hibernate.id.enhanced.TableGenerator]
14:49:03.370 [Test worker] WARN org.hibernate.orm.deprecation - HHH90000021: Encountered deprecated setting [javax.persistence.sharedCache.mode], use [jakarta.persistence.sharedCache.mode] instead
14:49:03.370 [Test worker] DEBUG org.hibernate.cache.internal.RegionFactoryInitiator - Cannot default RegionFactory based on registered strategies as `[]` RegionFactory strategies were registered
14:49:03.371 [Test worker] DEBUG org.hibernate.cache.internal.RegionFactoryInitiator - Cache region factory : org.hibernate.cache.internal.NoCachingRegionFactory
14:49:03.395 [Test worker] DEBUG org.hibernate.type.descriptor.jdbc.spi.JdbcTypeRegistry - addDescriptor(FloatTypeDescriptor) replaced previous registration(DoubleTypeDescriptor)
14:49:03.400 [Test worker] DEBUG org.hibernate.type.BasicTypeRegistry - Adding type registration boolean -> org.hibernate.type.BasicTypeReference@1fca53a7
14:49:03.400 [Test worker] DEBUG org.hibernate.type.BasicTypeRegistry - Adding type registration boolean -> org.hibernate.type.BasicTypeReference@1fca53a7
14:49:03.400 [Test worker] DEBUG org.hibernate.type.BasicTypeRegistry - Adding type registration java.lang.Boolean -> org.hibernate.type.BasicTypeReference@1fca53a7
14:49:03.400 [Test worker] DEBUG org.hibernate.type.BasicTypeRegistry - Adding type registration numeric_boolean -> org.hibernate.type.BasicTypeReference@40dee07b
14:49:03.400 [Test worker] DEBUG org.hibernate.type.BasicTypeRegistry - Adding type registration org.hibernate.type.NumericBooleanConverter -> org.hibernate.type.BasicTypeReference@40dee07b
14:49:03.400 [Test worker] DEBUG org.hibernate.type.BasicTypeRegistry - Adding type registration true_false -> org.hibernate.type.BasicTypeReference@21e39b82
14:49:03.400 [Test worker] DEBUG org.hibernate.type.BasicTypeRegistry - Adding type registration org.hibernate.type.TrueFalseConverter -> org.hibernate.type.BasicTypeReference@21e39b82
14:49:03.400 [Test worker] DEBUG org.hibernate.type.BasicTypeRegistry - Adding type registration yes_no -> org.hibernate.type.BasicTypeReference@5f9a8ddc
14:49:03.400 [Test worker] DEBUG org.hibernate.type.BasicTypeRegistry - Adding type registration org.hibernate.type.YesNoConverter -> org.hibernate.type.BasicTypeReference@5f9a8ddc
14:49:03.400 [Test worker] DEBUG org.hibernate.type.BasicTypeRegistry - Adding type registration byte -> org.hibernate.type.BasicTypeReference@1280bae3
14:49:03.400 [Test worker] DEBUG org.hibernate.type.BasicTypeRegistry - Adding type registration byte -> org.hibernate.type.BasicTypeReference@1280bae3
14:49:03.400 [Test worker] DEBUG org.hibernate.type.BasicTypeRegistry - Adding type registration java.lang.Byte -> org.hibernate.type.BasicTypeReference@1280bae3
14:49:03.400 [Test worker] DEBUG org.hibernate.type.BasicTypeRegistry - Adding type registration binary -> org.hibernate.type.BasicTypeReference@256a5df0
14:49:03.400 [Test worker] DEBUG org.hibernate.type.BasicTypeRegistry - Adding type registration byte[] -> org.hibernate.type.BasicTypeReference@256a5df0
14:49:03.400 [Test worker] DEBUG org.hibernate.type.BasicTypeRegistry - Adding type registration [B -> org.hibernate.type.BasicTypeReference@256a5df0
14:49:03.400 [Test worker] DEBUG org.hibernate.type.BasicTypeRegistry - Adding type registration binary_wrapper -> org.hibernate.type.BasicTypeReference@1868ed54
14:49:03.400 [Test worker] DEBUG org.hibernate.type.BasicTypeRegistry - Adding type registration wrapper-binary -> org.hibernate.type.BasicTypeReference@1868ed54
14:49:03.400 [Test worker] DEBUG org.hibernate.type.BasicTypeRegistry - Adding type registration Byte[] -> org.hibernate.type.BasicTypeReference@1868ed54
14:49:03.400 [Test worker] DEBUG org.hibernate.type.BasicTypeRegistry - Adding type registration [Ljava.lang.Byte; -> org.hibernate.type.BasicTypeReference@1868ed54
14:49:03.400 [Test worker] DEBUG org.hibernate.type.BasicTypeRegistry - Adding type registration image -> org.hibernate.type.BasicTypeReference@131777e8
14:49:03.400 [Test worker] DEBUG org.hibernate.type.BasicTypeRegistry - Adding type registration blob -> org.hibernate.type.BasicTypeReference@45790cb
14:49:03.400 [Test worker] DEBUG org.hibernate.type.BasicTypeRegistry - Adding type registration java.sql.Blob -> org.hibernate.type.BasicTypeReference@45790cb
14:49:03.400 [Test worker] DEBUG org.hibernate.type.BasicTypeRegistry - Adding type registration materialized_blob -> org.hibernate.type.BasicTypeReference@73a5d86c
14:49:03.400 [Test worker] DEBUG org.hibernate.type.BasicTypeRegistry - Adding type registration materialized_blob_wrapper -> org.hibernate.type.BasicTypeReference@2cf88901
14:49:03.400 [Test worker] DEBUG org.hibernate.type.BasicTypeRegistry - Adding type registration short -> org.hibernate.type.BasicTypeReference@4780341
14:49:03.400 [Test worker] DEBUG org.hibernate.type.BasicTypeRegistry - Adding type registration short -> org.hibernate.type.BasicTypeReference@4780341
14:49:03.400 [Test worker] DEBUG org.hibernate.type.BasicTypeRegistry - Adding type registration java.lang.Short -> org.hibernate.type.BasicTypeReference@4780341
14:49:03.400 [Test worker] DEBUG org.hibernate.type.BasicTypeRegistry - Adding type registration integer -> org.hibernate.type.BasicTypeReference@3c910acd
14:49:03.400 [Test worker] DEBUG org.hibernate.type.BasicTypeRegistry - Adding type registration int -> org.hibernate.type.BasicTypeReference@3c910acd
14:49:03.400 [Test worker] DEBUG org.hibernate.type.BasicTypeRegistry - Adding type registration java.lang.Integer -> org.hibernate.type.BasicTypeReference@3c910acd
14:49:03.400 [Test worker] DEBUG org.hibernate.type.BasicTypeRegistry - Adding type registration long -> org.hibernate.type.BasicTypeReference@612ac38b
14:49:03.400 [Test worker] DEBUG org.hibernate.type.BasicTypeRegistry - Adding type registration long -> org.hibernate.type.BasicTypeReference@612ac38b
14:49:03.400 [Test worker] DEBUG org.hibernate.type.BasicTypeRegistry - Adding type registration java.lang.Long -> org.hibernate.type.BasicTypeReference@612ac38b
14:49:03.400 [Test worker] DEBUG org.hibernate.type.BasicTypeRegistry - Adding type registration float -> org.hibernate.type.BasicTypeReference@9f2fe2e
14:49:03.400 [Test worker] DEBUG org.hibernate.type.BasicTypeRegistry - Adding type registration float -> org.hibernate.type.BasicTypeReference@9f2fe2e
14:49:03.400 [Test worker] DEBUG org.hibernate.type.BasicTypeRegistry - Adding type registration java.lang.Float -> org.hibernate.type.BasicTypeReference@9f2fe2e
14:49:03.400 [Test worker] DEBUG org.hibernate.type.BasicTypeRegistry - Adding type registration double -> org.hibernate.type.BasicTypeReference@4dd4965a
14:49:03.400 [Test worker] DEBUG org.hibernate.type.BasicTypeRegistry - Adding type registration double -> org.hibernate.type.BasicTypeReference@4dd4965a
14:49:03.400 [Test worker] DEBUG org.hibernate.type.BasicTypeRegistry - Adding type registration java.lang.Double -> org.hibernate.type.BasicTypeReference@4dd4965a
14:49:03.400 [Test worker] DEBUG org.hibernate.type.BasicTypeRegistry - Adding type registration big_integer -> org.hibernate.type.BasicTypeReference@79273a4f
14:49:03.400 [Test worker] DEBUG org.hibernate.type.BasicTypeRegistry - Adding type registration java.math.BigInteger -> org.hibernate.type.BasicTypeReference@79273a4f
14:49:03.400 [Test worker] DEBUG org.hibernate.type.BasicTypeRegistry - Adding type registration big_decimal -> org.hibernate.type.BasicTypeReference@4e26987b
14:49:03.400 [Test worker] DEBUG org.hibernate.type.BasicTypeRegistry - Adding type registration java.math.BigDecimal -> org.hibernate.type.BasicTypeReference@4e26987b
14:49:03.400 [Test worker] DEBUG org.hibernate.type.BasicTypeRegistry - Adding type registration character -> org.hibernate.type.BasicTypeReference@50bb1c1f
14:49:03.400 [Test worker] DEBUG org.hibernate.type.BasicTypeRegistry - Adding type registration char -> org.hibernate.type.BasicTypeReference@50bb1c1f
14:49:03.400 [Test worker] DEBUG org.hibernate.type.BasicTypeRegistry - Adding type registration java.lang.Character -> org.hibernate.type.BasicTypeReference@50bb1c1f
14:49:03.400 [Test worker] DEBUG org.hibernate.type.BasicTypeRegistry - Adding type registration character_nchar -> org.hibernate.type.BasicTypeReference@39342614
14:49:03.400 [Test worker] DEBUG org.hibernate.type.BasicTypeRegistry - Adding type registration string -> org.hibernate.type.BasicTypeReference@7981963f
14:49:03.400 [Test worker] DEBUG org.hibernate.type.BasicTypeRegistry - Adding type registration java.lang.String -> org.hibernate.type.BasicTypeReference@7981963f
14:49:03.400 [Test worker] DEBUG org.hibernate.type.BasicTypeRegistry - Adding type registration nstring -> org.hibernate.type.BasicTypeReference@31e3c34
14:49:03.400 [Test worker] DEBUG org.hibernate.type.BasicTypeRegistry - Adding type registration characters -> org.hibernate.type.BasicTypeReference@b4d83ac
14:49:03.400 [Test worker] DEBUG org.hibernate.type.BasicTypeRegistry - Adding type registration char[] -> org.hibernate.type.BasicTypeReference@b4d83ac
14:49:03.400 [Test worker] DEBUG org.hibernate.type.BasicTypeRegistry - Adding type registration [C -> org.hibernate.type.BasicTypeReference@b4d83ac
14:49:03.400 [Test worker] DEBUG org.hibernate.type.BasicTypeRegistry - Adding type registration wrapper-characters -> org.hibernate.type.BasicTypeReference@13d10057
14:49:03.400 [Test worker] DEBUG org.hibernate.type.BasicTypeRegistry - Adding type registration [Ljava.lang.Character; -> org.hibernate.type.BasicTypeReference@13d10057
14:49:03.400 [Test worker] DEBUG org.hibernate.type.BasicTypeRegistry - Adding type registration Character[] -> org.hibernate.type.BasicTypeReference@13d10057
14:49:03.400 [Test worker] DEBUG org.hibernate.type.BasicTypeRegistry - Adding type registration text -> org.hibernate.type.BasicTypeReference@66944c7c
14:49:03.400 [Test worker] DEBUG org.hibernate.type.BasicTypeRegistry - Adding type registration ntext -> org.hibernate.type.BasicTypeReference@14993306
14:49:03.400 [Test worker] DEBUG org.hibernate.type.BasicTypeRegistry - Adding type registration clob -> org.hibernate.type.BasicTypeReference@73ae82da
14:49:03.400 [Test worker] DEBUG org.hibernate.type.BasicTypeRegistry - Adding type registration java.sql.Clob -> org.hibernate.type.BasicTypeReference@73ae82da
14:49:03.400 [Test worker] DEBUG org.hibernate.type.BasicTypeRegistry - Adding type registration nclob -> org.hibernate.type.BasicTypeReference@6866e740
14:49:03.400 [Test worker] DEBUG org.hibernate.type.BasicTypeRegistry - Adding type registration java.sql.NClob -> org.hibernate.type.BasicTypeReference@6866e740
14:49:03.400 [Test worker] DEBUG org.hibernate.type.BasicTypeRegistry - Adding type registration materialized_clob -> org.hibernate.type.BasicTypeReference@2cd5b19c
14:49:03.400 [Test worker] DEBUG org.hibernate.type.BasicTypeRegistry - Adding type registration materialized_clob_char_array -> org.hibernate.type.BasicTypeReference@7109b603
14:49:03.400 [Test worker] DEBUG org.hibernate.type.BasicTypeRegistry - Adding type registration materialized_clob_character_array -> org.hibernate.type.BasicTypeReference@76b642aa
14:49:03.400 [Test worker] DEBUG org.hibernate.type.BasicTypeRegistry - Adding type registration materialized_nclob -> org.hibernate.type.BasicTypeReference@29b5e7db
14:49:03.400 [Test worker] DEBUG org.hibernate.type.BasicTypeRegistry - Adding type registration materialized_nclob_character_array -> org.hibernate.type.BasicTypeReference@286dfa20
14:49:03.401 [Test worker] DEBUG org.hibernate.type.BasicTypeRegistry - Adding type registration materialized_nclob_char_array -> org.hibernate.type.BasicTypeReference@1468e880
14:49:03.401 [Test worker] DEBUG org.hibernate.type.BasicTypeRegistry - Adding type registration Duration -> org.hibernate.type.BasicTypeReference@508f4bb5
14:49:03.401 [Test worker] DEBUG org.hibernate.type.BasicTypeRegistry - Adding type registration java.time.Duration -> org.hibernate.type.BasicTypeReference@508f4bb5
14:49:03.401 [Test worker] DEBUG org.hibernate.type.BasicTypeRegistry - Adding type registration LocalDateTime -> org.hibernate.type.BasicTypeReference@5602e540
14:49:03.401 [Test worker] DEBUG org.hibernate.type.BasicTypeRegistry - Adding type registration java.time.LocalDateTime -> org.hibernate.type.BasicTypeReference@5602e540
14:49:03.401 [Test worker] DEBUG org.hibernate.type.BasicTypeRegistry - Adding type registration LocalDate -> org.hibernate.type.BasicTypeReference@11f9b95a
14:49:03.401 [Test worker] DEBUG org.hibernate.type.BasicTypeRegistry - Adding type registration java.time.LocalDate -> org.hibernate.type.BasicTypeReference@11f9b95a
14:49:03.401 [Test worker] DEBUG org.hibernate.type.BasicTypeRegistry - Adding type registration LocalTime -> org.hibernate.type.BasicTypeReference@42066f0d
14:49:03.401 [Test worker] DEBUG org.hibernate.type.BasicTypeRegistry - Adding type registration java.time.LocalTime -> org.hibernate.type.BasicTypeReference@42066f0d
14:49:03.401 [Test worker] DEBUG org.hibernate.type.BasicTypeRegistry - Adding type registration OffsetDateTime -> org.hibernate.type.BasicTypeReference@687e561b
14:49:03.401 [Test worker] DEBUG org.hibernate.type.BasicTypeRegistry - Adding type registration java.time.OffsetDateTime -> org.hibernate.type.BasicTypeReference@687e561b
14:49:03.401 [Test worker] DEBUG org.hibernate.type.BasicTypeRegistry - Adding type registration OffsetDateTimeWithTimezone -> org.hibernate.type.BasicTypeReference@299786b1
14:49:03.401 [Test worker] DEBUG org.hibernate.type.BasicTypeRegistry - Adding type registration OffsetDateTimeWithoutTimezone -> org.hibernate.type.BasicTypeReference@75f8d9b0
14:49:03.401 [Test worker] DEBUG org.hibernate.type.BasicTypeRegistry - Adding type registration OffsetTime -> org.hibernate.type.BasicTypeReference@4f7ae05
14:49:03.401 [Test worker] DEBUG org.hibernate.type.BasicTypeRegistry - Adding type registration java.time.OffsetTime -> org.hibernate.type.BasicTypeReference@4f7ae05
14:49:03.401 [Test worker] DEBUG org.hibernate.type.BasicTypeRegistry - Adding type registration ZonedDateTime -> org.hibernate.type.BasicTypeReference@1e23ee0e
14:49:03.401 [Test worker] DEBUG org.hibernate.type.BasicTypeRegistry - Adding type registration java.time.ZonedDateTime -> org.hibernate.type.BasicTypeReference@1e23ee0e
14:49:03.401 [Test worker] DEBUG org.hibernate.type.BasicTypeRegistry - Adding type registration ZonedDateTimeWithTimezone -> org.hibernate.type.BasicTypeReference@b144175
14:49:03.401 [Test worker] DEBUG org.hibernate.type.BasicTypeRegistry - Adding type registration ZonedDateTimeWithoutTimezone -> org.hibernate.type.BasicTypeReference@38923cfe
14:49:03.401 [Test worker] DEBUG org.hibernate.type.BasicTypeRegistry - Adding type registration date -> org.hibernate.type.BasicTypeReference@1ac3a6f
14:49:03.401 [Test worker] DEBUG org.hibernate.type.BasicTypeRegistry - Adding type registration java.sql.Date -> org.hibernate.type.BasicTypeReference@1ac3a6f
14:49:03.401 [Test worker] DEBUG org.hibernate.type.BasicTypeRegistry - Adding type registration time -> org.hibernate.type.BasicTypeReference@fee7ca
14:49:03.401 [Test worker] DEBUG org.hibernate.type.BasicTypeRegistry - Adding type registration java.sql.Time -> org.hibernate.type.BasicTypeReference@fee7ca
14:49:03.401 [Test worker] DEBUG org.hibernate.type.BasicTypeRegistry - Adding type registration timestamp -> org.hibernate.type.BasicTypeReference@29c80149
14:49:03.401 [Test worker] DEBUG org.hibernate.type.BasicTypeRegistry - Adding type registration java.sql.Timestamp -> org.hibernate.type.BasicTypeReference@29c80149
14:49:03.401 [Test worker] DEBUG org.hibernate.type.BasicTypeRegistry - Adding type registration java.util.Date -> org.hibernate.type.BasicTypeReference@29c80149
14:49:03.401 [Test worker] DEBUG org.hibernate.type.BasicTypeRegistry - Adding type registration calendar -> org.hibernate.type.BasicTypeReference@14ad42
14:49:03.401 [Test worker] DEBUG org.hibernate.type.BasicTypeRegistry - Adding type registration java.util.Calendar -> org.hibernate.type.BasicTypeReference@14ad42
14:49:03.401 [Test worker] DEBUG org.hibernate.type.BasicTypeRegistry - Adding type registration java.util.GregorianCalendar -> org.hibernate.type.BasicTypeReference@14ad42
14:49:03.401 [Test worker] DEBUG org.hibernate.type.BasicTypeRegistry - Adding type registration calendar_date -> org.hibernate.type.BasicTypeReference@608b906d
14:49:03.401 [Test worker] DEBUG org.hibernate.type.BasicTypeRegistry - Adding type registration calendar_time -> org.hibernate.type.BasicTypeReference@173cfb01
14:49:03.401 [Test worker] DEBUG org.hibernate.type.BasicTypeRegistry - Adding type registration instant -> org.hibernate.type.BasicTypeReference@7e1762e6
14:49:03.401 [Test worker] DEBUG org.hibernate.type.BasicTypeRegistry - Adding type registration java.time.Instant -> org.hibernate.type.BasicTypeReference@7e1762e6
14:49:03.401 [Test worker] DEBUG org.hibernate.type.BasicTypeRegistry - Adding type registration uuid -> org.hibernate.type.BasicTypeReference@5bccaedb
14:49:03.401 [Test worker] DEBUG org.hibernate.type.BasicTypeRegistry - Adding type registration java.util.UUID -> org.hibernate.type.BasicTypeReference@5bccaedb
14:49:03.401 [Test worker] DEBUG org.hibernate.type.BasicTypeRegistry - Adding type registration pg-uuid -> org.hibernate.type.BasicTypeReference@5bccaedb
14:49:03.401 [Test worker] DEBUG org.hibernate.type.BasicTypeRegistry - Adding type registration uuid-binary -> org.hibernate.type.BasicTypeReference@67784537
14:49:03.401 [Test worker] DEBUG org.hibernate.type.BasicTypeRegistry - Adding type registration uuid-char -> org.hibernate.type.BasicTypeReference@17ec5e2a
14:49:03.401 [Test worker] DEBUG org.hibernate.type.BasicTypeRegistry - Adding type registration class -> org.hibernate.type.BasicTypeReference@52290e63
14:49:03.401 [Test worker] DEBUG org.hibernate.type.BasicTypeRegistry - Adding type registration java.lang.Class -> org.hibernate.type.BasicTypeReference@52290e63
14:49:03.401 [Test worker] DEBUG org.hibernate.type.BasicTypeRegistry - Adding type registration currency -> org.hibernate.type.BasicTypeReference@6c2dd88b
14:49:03.401 [Test worker] DEBUG org.hibernate.type.BasicTypeRegistry - Adding type registration Currency -> org.hibernate.type.BasicTypeReference@6c2dd88b
14:49:03.401 [Test worker] DEBUG org.hibernate.type.BasicTypeRegistry - Adding type registration java.util.Currency -> org.hibernate.type.BasicTypeReference@6c2dd88b
14:49:03.401 [Test worker] DEBUG org.hibernate.type.BasicTypeRegistry - Adding type registration locale -> org.hibernate.type.BasicTypeReference@49d979c4
14:49:03.401 [Test worker] DEBUG org.hibernate.type.BasicTypeRegistry - Adding type registration java.util.Locale -> org.hibernate.type.BasicTypeReference@49d979c4
14:49:03.401 [Test worker] DEBUG org.hibernate.type.BasicTypeRegistry - Adding type registration serializable -> org.hibernate.type.BasicTypeReference@3cb173db
14:49:03.401 [Test worker] DEBUG org.hibernate.type.BasicTypeRegistry - Adding type registration java.io.Serializable -> org.hibernate.type.BasicTypeReference@3cb173db
14:49:03.401 [Test worker] DEBUG org.hibernate.type.BasicTypeRegistry - Adding type registration timezone -> org.hibernate.type.BasicTypeReference@26712838
14:49:03.401 [Test worker] DEBUG org.hibernate.type.BasicTypeRegistry - Adding type registration java.util.TimeZone -> org.hibernate.type.BasicTypeReference@26712838
14:49:03.401 [Test worker] DEBUG org.hibernate.type.BasicTypeRegistry - Adding type registration ZoneOffset -> org.hibernate.type.BasicTypeReference@249a45fd
14:49:03.401 [Test worker] DEBUG org.hibernate.type.BasicTypeRegistry - Adding type registration java.time.ZoneOffset -> org.hibernate.type.BasicTypeReference@249a45fd
14:49:03.401 [Test worker] DEBUG org.hibernate.type.BasicTypeRegistry - Adding type registration url -> org.hibernate.type.BasicTypeReference@268f0ff3
14:49:03.401 [Test worker] DEBUG org.hibernate.type.BasicTypeRegistry - Adding type registration java.net.URL -> org.hibernate.type.BasicTypeReference@268f0ff3
14:49:03.401 [Test worker] DEBUG org.hibernate.type.BasicTypeRegistry - Adding type registration row_version -> org.hibernate.type.BasicTypeReference@11978f52
14:49:03.404 [Test worker] DEBUG org.hibernate.type.BasicTypeRegistry - Adding type registration dbtimestamp -> org.hibernate.type.DbTimestampType@46fb9581
14:49:03.404 [Test worker] DEBUG org.hibernate.type.BasicTypeRegistry - Adding type registration dbtimestamp -> org.hibernate.type.DbTimestampType@46fb9581
14:49:03.404 [Test worker] DEBUG org.hibernate.type.BasicTypeRegistry - Adding type registration object -> org.hibernate.type.JavaObjectType@6150afc6
14:49:03.404 [Test worker] DEBUG org.hibernate.type.BasicTypeRegistry - Adding type registration java.lang.Object -> org.hibernate.type.JavaObjectType@6150afc6
14:49:03.405 [Test worker] DEBUG org.hibernate.type.BasicTypeRegistry - Adding type registration null -> org.hibernate.type.NullType@7f1fec57
14:49:03.405 [Test worker] DEBUG org.hibernate.type.BasicTypeRegistry - Adding type registration imm_date -> org.hibernate.type.BasicTypeReference@5c9e3d01
14:49:03.405 [Test worker] DEBUG org.hibernate.type.BasicTypeRegistry - Adding type registration imm_time -> org.hibernate.type.BasicTypeReference@1dc9f5ad
14:49:03.405 [Test worker] DEBUG org.hibernate.type.BasicTypeRegistry - Adding type registration imm_timestamp -> org.hibernate.type.BasicTypeReference@4a2d66e
14:49:03.405 [Test worker] DEBUG org.hibernate.type.BasicTypeRegistry - Adding type registration imm_calendar -> org.hibernate.type.BasicTypeReference@4dffff9
14:49:03.405 [Test worker] DEBUG org.hibernate.type.BasicTypeRegistry - Adding type registration imm_calendar_date -> org.hibernate.type.BasicTypeReference@2904bc56
14:49:03.405 [Test worker] DEBUG org.hibernate.type.BasicTypeRegistry - Adding type registration imm_calendar_time -> org.hibernate.type.BasicTypeReference@7bb25046
14:49:03.405 [Test worker] DEBUG org.hibernate.type.BasicTypeRegistry - Adding type registration imm_binary -> org.hibernate.type.BasicTypeReference@69b1e8f8
14:49:03.405 [Test worker] DEBUG org.hibernate.type.BasicTypeRegistry - Adding type registration imm_serializable -> org.hibernate.type.BasicTypeReference@126af200
14:49:03.407 [Test worker] DEBUG org.hibernate.boot.internal.BootstrapContextImpl - Injecting JPA temp ClassLoader [org.springframework.instrument.classloading.SimpleThrowawayClassLoader@2fa47368] into BootstrapContext; was [null]
14:49:03.407 [Test worker] DEBUG org.hibernate.boot.internal.ClassLoaderAccessImpl - ClassLoaderAccessImpl#injectTempClassLoader(org.springframework.instrument.classloading.SimpleThrowawayClassLoader@2fa47368) [was null]
14:49:03.407 [Test worker] DEBUG org.hibernate.boot.internal.BootstrapContextImpl - Injecting ScanEnvironment [org.hibernate.jpa.boot.internal.StandardJpaScanEnvironmentImpl@537451d5] into BootstrapContext; was [null]
14:49:03.407 [Test worker] DEBUG org.hibernate.boot.internal.BootstrapContextImpl - Injecting ScanOptions [org.hibernate.boot.archive.scan.internal.StandardScanOptions@785d6a98] into BootstrapContext; was [org.hibernate.boot.archive.scan.internal.StandardScanOptions@614d7fbf]
14:49:03.413 [Test worker] DEBUG org.hibernate.boot.internal.BootstrapContextImpl - Injecting JPA temp ClassLoader [null] into BootstrapContext; was [org.springframework.instrument.classloading.SimpleThrowawayClassLoader@2fa47368]
14:49:03.413 [Test worker] DEBUG org.hibernate.boot.internal.ClassLoaderAccessImpl - ClassLoaderAccessImpl#injectTempClassLoader(null) [was org.springframework.instrument.classloading.SimpleThrowawayClassLoader@2fa47368]
14:49:03.420 [Test worker] DEBUG com.zaxxer.hikari.HikariConfig - HikariPool-1 - configuration:
14:49:03.421 [Test worker] DEBUG com.zaxxer.hikari.HikariConfig - allowPoolSuspension.............false
14:49:03.421 [Test worker] DEBUG com.zaxxer.hikari.HikariConfig - autoCommit......................true
14:49:03.421 [Test worker] DEBUG com.zaxxer.hikari.HikariConfig - catalog.........................none
14:49:03.421 [Test worker] DEBUG com.zaxxer.hikari.HikariConfig - connectionInitSql...............none
14:49:03.421 [Test worker] DEBUG com.zaxxer.hikari.HikariConfig - connectionTestQuery.............none
14:49:03.421 [Test worker] DEBUG com.zaxxer.hikari.HikariConfig - connectionTimeout...............30000
14:49:03.421 [Test worker] DEBUG com.zaxxer.hikari.HikariConfig - dataSource......................none
14:49:03.421 [Test worker] DEBUG com.zaxxer.hikari.HikariConfig - dataSourceClassName.............none
14:49:03.421 [Test worker] DEBUG com.zaxxer.hikari.HikariConfig - dataSourceJNDI..................none
14:49:03.421 [Test worker] DEBUG com.zaxxer.hikari.HikariConfig - dataSourceProperties............{password=<masked>}
14:49:03.422 [Test worker] DEBUG com.zaxxer.hikari.HikariConfig - driverClassName................."org.h2.Driver"
14:49:03.422 [Test worker] DEBUG com.zaxxer.hikari.HikariConfig - exceptionOverrideClassName......none
14:49:03.422 [Test worker] DEBUG com.zaxxer.hikari.HikariConfig - healthCheckProperties...........{}
14:49:03.422 [Test worker] DEBUG com.zaxxer.hikari.HikariConfig - healthCheckRegistry.............none
14:49:03.422 [Test worker] DEBUG com.zaxxer.hikari.HikariConfig - idleTimeout.....................600000
14:49:03.422 [Test worker] DEBUG com.zaxxer.hikari.HikariConfig - initializationFailTimeout.......1
14:49:03.422 [Test worker] DEBUG com.zaxxer.hikari.HikariConfig - isolateInternalQueries..........false
14:49:03.422 [Test worker] DEBUG com.zaxxer.hikari.HikariConfig - jdbcUrl.........................jdbc:h2:mem:testdb;DB_CLOSE_DELAY=-1;MODE=MySQL;NON_KEYWORDS=USER
14:49:03.422 [Test worker] DEBUG com.zaxxer.hikari.HikariConfig - keepaliveTime...................0
14:49:03.422 [Test worker] DEBUG com.zaxxer.hikari.HikariConfig - leakDetectionThreshold..........0
14:49:03.422 [Test worker] DEBUG com.zaxxer.hikari.HikariConfig - maxLifetime.....................1800000
14:49:03.422 [Test worker] DEBUG com.zaxxer.hikari.HikariConfig - maximumPoolSize.................10
14:49:03.422 [Test worker] DEBUG com.zaxxer.hikari.HikariConfig - metricRegistry..................none
14:49:03.422 [Test worker] DEBUG com.zaxxer.hikari.HikariConfig - metricsTrackerFactory...........none
14:49:03.422 [Test worker] DEBUG com.zaxxer.hikari.HikariConfig - minimumIdle.....................10
14:49:03.422 [Test worker] DEBUG com.zaxxer.hikari.HikariConfig - password........................<masked>
14:49:03.422 [Test worker] DEBUG com.zaxxer.hikari.HikariConfig - poolName........................"HikariPool-1"
14:49:03.422 [Test worker] DEBUG com.zaxxer.hikari.HikariConfig - readOnly........................false
14:49:03.422 [Test worker] DEBUG com.zaxxer.hikari.HikariConfig - registerMbeans..................false
14:49:03.422 [Test worker] DEBUG com.zaxxer.hikari.HikariConfig - scheduledExecutor...............none
14:49:03.422 [Test worker] DEBUG com.zaxxer.hikari.HikariConfig - schema..........................none
14:49:03.422 [Test worker] DEBUG com.zaxxer.hikari.HikariConfig - threadFactory...................internal
14:49:03.422 [Test worker] DEBUG com.zaxxer.hikari.HikariConfig - transactionIsolation............default
14:49:03.422 [Test worker] DEBUG com.zaxxer.hikari.HikariConfig - username........................"sa"
14:49:03.422 [Test worker] DEBUG com.zaxxer.hikari.HikariConfig - validationTimeout...............5000
14:49:03.422 [Test worker] INFO com.zaxxer.hikari.HikariDataSource - HikariPool-1 - Starting...
14:49:03.504 [Test worker] INFO com.zaxxer.hikari.pool.HikariPool - HikariPool-1 - Added connection conn0: url=jdbc:h2:mem:testdb user=SA
14:49:03.505 [Test worker] INFO com.zaxxer.hikari.HikariDataSource - HikariPool-1 - Start completed.
14:49:03.508 [Test worker] DEBUG org.hibernate.engine.jdbc.env.internal.JdbcEnvironmentInitiator - Database ->
       name : H2
    version : 2.1.214 (2022-06-13)
      major : 2
      minor : 1
14:49:03.508 [Test worker] DEBUG org.hibernate.engine.jdbc.env.internal.JdbcEnvironmentInitiator - Driver ->
       name : H2 JDBC Driver
    version : 2.1.214 (2022-06-13)
      major : 2
      minor : 1
14:49:03.508 [Test worker] DEBUG org.hibernate.engine.jdbc.env.internal.JdbcEnvironmentInitiator - JDBC version : 4.2
14:49:03.514 [Test worker] INFO SQL dialect - HHH000400: Using dialect: org.hibernate.dialect.H2Dialect
14:49:03.517 [Test worker] DEBUG org.hibernate.engine.jdbc.env.spi.IdentifierHelperBuilder - JDBC driver metadata reported database stores quoted identifiers in neither upper, lower nor mixed case
14:49:03.525 [Test worker] DEBUG org.hibernate.type.descriptor.jdbc.spi.JdbcTypeRegistry - addDescriptor(NCharTypeDescriptor) replaced previous registration(CharTypeDescriptor)
14:49:03.525 [Test worker] DEBUG org.hibernate.type.descriptor.jdbc.spi.JdbcTypeRegistry - addDescriptor(NVarcharTypeDescriptor) replaced previous registration(VarcharTypeDescriptor)
14:49:03.525 [Test worker] DEBUG org.hibernate.type.descriptor.jdbc.spi.JdbcTypeRegistry - addDescriptor(LongNVarcharTypeDescriptor) replaced previous registration(LongVarcharTypeDescriptor)
14:49:03.526 [Test worker] DEBUG org.hibernate.type.descriptor.jdbc.spi.JdbcTypeRegistry - addDescriptor(NClobTypeDescriptor(DEFAULT)) replaced previous registration(ClobTypeDescriptor(DEFAULT))
14:49:03.526 [Test worker] DEBUG org.hibernate.type.descriptor.jdbc.spi.JdbcTypeRegistry - addDescriptor(2005, ClobTypeDescriptor(STREAM_BINDING)) replaced previous registration(ClobTypeDescriptor(DEFAULT))
14:49:03.526 [Test worker] DEBUG org.hibernate.type.descriptor.jdbc.spi.JdbcTypeRegistry - addDescriptor(3003, TimestampUtcDescriptor) replaced previous registration(TimestampUtcDescriptor)
14:49:03.528 [Test worker] DEBUG org.hibernate.type.BasicTypeRegistry - Adding type registration org.hibernate.type.OffsetDateTimeType -> basicType@1(java.time.OffsetDateTime,93)
14:49:03.528 [Test worker] DEBUG org.hibernate.type.BasicTypeRegistry - Adding type registration OffsetDateTime -> basicType@1(java.time.OffsetDateTime,93)
14:49:03.528 [Test worker] DEBUG org.hibernate.type.BasicTypeRegistry - Adding type registration java.time.OffsetDateTime -> basicType@1(java.time.OffsetDateTime,93)
14:49:03.528 [Test worker] DEBUG org.hibernate.type.BasicTypeRegistry - Adding type registration org.hibernate.type.ZonedDateTimeType -> basicType@2(java.time.ZonedDateTime,93)
14:49:03.528 [Test worker] DEBUG org.hibernate.type.BasicTypeRegistry - Adding type registration ZonedDateTime -> basicType@2(java.time.ZonedDateTime,93)
14:49:03.528 [Test worker] DEBUG org.hibernate.type.BasicTypeRegistry - Adding type registration java.time.ZonedDateTime -> basicType@2(java.time.ZonedDateTime,93)
14:49:03.529 [Test worker] DEBUG org.hibernate.type.spi.TypeConfiguration$Scope - Scoping TypeConfiguration [org.hibernate.type.spi.TypeConfiguration@2e057637] to MetadataBuildingContext [org.hibernate.boot.internal.MetadataBuildingContextRootImpl@762f8ff6]
14:49:03.546 [Test worker] DEBUG org.hibernate.boot.model.relational.Namespace - Created database namespace [logicalName=Name{catalog=null, schema=null}, physicalName=Name{catalog=null, schema=null}]
14:49:03.556 [Test worker] DEBUG org.hibernate.cfg.annotations.EntityBinder - Binding entity from annotated class: com.joango.model.Event
14:49:03.559 [Test worker] DEBUG org.hibernate.cfg.AnnotatedColumn - Binding column: DiscriminatorColumn{logicalColumnName'DTYPE', discriminatorTypeName='string'}
14:49:03.560 [Test worker] DEBUG org.hibernate.cfg.annotations.EntityBinder - Import with entity name Event
14:49:03.563 [Test worker] DEBUG org.hibernate.cfg.annotations.EntityBinder - Bind entity com.joango.model.Event on table event
14:49:03.569 [Test worker] DEBUG org.hibernate.cfg.AnnotatedColumn - Binding column: Column{table=Table(event), mappingColumn=id, insertable=true, updatable=true, unique=false}
14:49:03.570 [Test worker] DEBUG org.hibernate.boot.internal.ClassLoaderAccessImpl - Not known whether passed class name [com.joango.model.Event] is safe
14:49:03.570 [Test worker] DEBUG org.hibernate.boot.internal.ClassLoaderAccessImpl - No temp ClassLoader provided; using live ClassLoader for loading potentially unsafe class : com.joango.model.Event
14:49:03.570 [Test worker] DEBUG org.hibernate.cfg.annotations.PropertyBinder - MetadataSourceProcessor property id with lazy=false
14:49:03.572 [Test worker] DEBUG org.hibernate.cfg.AbstractPropertyHolder - Attempting to locate auto-apply AttributeConverter for property [com.joango.model.Event:id]
14:49:03.573 [Test worker] DEBUG org.hibernate.cfg.annotations.BasicValueBinder - building BasicValue for id
14:49:03.574 [Test worker] DEBUG org.hibernate.mapping.BasicValue - Skipping column re-registration: event.id
14:49:03.575 [Test worker] DEBUG org.hibernate.cfg.annotations.PropertyBinder - Building property id
14:49:03.575 [Test worker] DEBUG org.hibernate.cfg.BinderHelper - #makeIdGenerator(BasicValue([Column(id)]), id, identity, , ...)
14:49:03.576 [Test worker] DEBUG org.hibernate.cfg.AnnotatedColumn - Binding column: Column{table=Table(event), mappingColumn=date, insertable=true, updatable=true, unique=false}
14:49:03.576 [Test worker] DEBUG org.hibernate.cfg.annotations.PropertyBinder - MetadataSourceProcessor property date with lazy=false
14:49:03.576 [Test worker] DEBUG org.hibernate.cfg.AbstractPropertyHolder - Attempting to locate auto-apply AttributeConverter for property [com.joango.model.Event:date]
14:49:03.576 [Test worker] DEBUG org.hibernate.cfg.annotations.BasicValueBinder - building BasicValue for date
14:49:03.576 [Test worker] DEBUG org.hibernate.mapping.BasicValue - Skipping column re-registration: event.date
14:49:03.576 [Test worker] DEBUG org.hibernate.cfg.annotations.PropertyBinder - Building property date
14:49:03.576 [Test worker] DEBUG org.hibernate.cfg.AnnotatedColumn - Binding column: Column{table=Table(event), mappingColumn=ticket_price, insertable=true, updatable=true, unique=false}
14:49:03.576 [Test worker] DEBUG org.hibernate.cfg.annotations.PropertyBinder - MetadataSourceProcessor property ticketPrice with lazy=false
14:49:03.576 [Test worker] DEBUG org.hibernate.cfg.AbstractPropertyHolder - Attempting to locate auto-apply AttributeConverter for property [com.joango.model.Event:ticketPrice]
14:49:03.576 [Test worker] DEBUG org.hibernate.cfg.annotations.BasicValueBinder - building BasicValue for ticketPrice
14:49:03.576 [Test worker] DEBUG org.hibernate.mapping.BasicValue - Skipping column re-registration: event.ticket_price
14:49:03.576 [Test worker] DEBUG org.hibernate.cfg.annotations.PropertyBinder - Building property ticketPrice
14:49:03.576 [Test worker] DEBUG org.hibernate.cfg.AnnotatedColumn - Binding column: Column{table=Table(event), mappingColumn=title, insertable=true, updatable=true, unique=false}
14:49:03.576 [Test worker] DEBUG org.hibernate.cfg.annotations.PropertyBinder - MetadataSourceProcessor property title with lazy=false
14:49:03.576 [Test worker] DEBUG org.hibernate.cfg.AbstractPropertyHolder - Attempting to locate auto-apply AttributeConverter for property [com.joango.model.Event:title]
14:49:03.576 [Test worker] DEBUG org.hibernate.cfg.annotations.BasicValueBinder - building BasicValue for title
14:49:03.576 [Test worker] DEBUG org.hibernate.mapping.BasicValue - Skipping column re-registration: event.title
14:49:03.576 [Test worker] DEBUG org.hibernate.cfg.annotations.PropertyBinder - Building property title
14:49:03.578 [Test worker] DEBUG org.hibernate.cfg.annotations.EntityBinder - Binding entity from annotated class: com.joango.model.Ticket
14:49:03.578 [Test worker] DEBUG org.hibernate.cfg.AnnotatedColumn - Binding column: DiscriminatorColumn{logicalColumnName'DTYPE', discriminatorTypeName='string'}
14:49:03.578 [Test worker] DEBUG org.hibernate.cfg.annotations.EntityBinder - Import with entity name Ticket
14:49:03.578 [Test worker] DEBUG org.hibernate.cfg.annotations.EntityBinder - Bind entity com.joango.model.Ticket on table ticket
14:49:03.579 [Test worker] DEBUG org.hibernate.cfg.AnnotatedColumn - Binding column: Column{table=Table(ticket), mappingColumn=id, insertable=true, updatable=true, unique=false}
14:49:03.579 [Test worker] DEBUG org.hibernate.boot.internal.ClassLoaderAccessImpl - Not known whether passed class name [com.joango.model.Ticket] is safe
14:49:03.579 [Test worker] DEBUG org.hibernate.boot.internal.ClassLoaderAccessImpl - No temp ClassLoader provided; using live ClassLoader for loading potentially unsafe class : com.joango.model.Ticket
14:49:03.579 [Test worker] DEBUG org.hibernate.cfg.annotations.PropertyBinder - MetadataSourceProcessor property id with lazy=false
14:49:03.579 [Test worker] DEBUG org.hibernate.cfg.AbstractPropertyHolder - Attempting to locate auto-apply AttributeConverter for property [com.joango.model.Ticket:id]
14:49:03.579 [Test worker] DEBUG org.hibernate.cfg.annotations.BasicValueBinder - building BasicValue for id
14:49:03.579 [Test worker] DEBUG org.hibernate.mapping.BasicValue - Skipping column re-registration: ticket.id
14:49:03.579 [Test worker] DEBUG org.hibernate.cfg.annotations.PropertyBinder - Building property id
14:49:03.579 [Test worker] DEBUG org.hibernate.cfg.BinderHelper - #makeIdGenerator(BasicValue([Column(id)]), id, identity, , ...)
14:49:03.579 [Test worker] DEBUG org.hibernate.cfg.AnnotatedColumn - Binding column: Column{table=Table(ticket), mappingColumn=category, insertable=true, updatable=true, unique=false}
14:49:03.580 [Test worker] DEBUG org.hibernate.cfg.annotations.PropertyBinder - MetadataSourceProcessor property category with lazy=false
14:49:03.580 [Test worker] DEBUG org.hibernate.cfg.AbstractPropertyHolder - Attempting to locate auto-apply AttributeConverter for property [com.joango.model.Ticket:category]
14:49:03.580 [Test worker] DEBUG org.hibernate.cfg.annotations.BasicValueBinder - building BasicValue for category
14:49:03.580 [Test worker] DEBUG org.hibernate.mapping.BasicValue - Skipping column re-registration: ticket.category
14:49:03.580 [Test worker] DEBUG org.hibernate.cfg.annotations.PropertyBinder - Building property category
14:49:03.580 [Test worker] DEBUG org.hibernate.cfg.AnnotatedColumn - Binding column: Column{table=Table(ticket), mappingColumn=event_id, insertable=true, updatable=true, unique=false}
14:49:03.580 [Test worker] DEBUG org.hibernate.cfg.annotations.PropertyBinder - MetadataSourceProcessor property eventId with lazy=false
14:49:03.580 [Test worker] DEBUG org.hibernate.cfg.AbstractPropertyHolder - Attempting to locate auto-apply AttributeConverter for property [com.joango.model.Ticket:eventId]
14:49:03.580 [Test worker] DEBUG org.hibernate.cfg.annotations.BasicValueBinder - building BasicValue for eventId
14:49:03.580 [Test worker] DEBUG org.hibernate.mapping.BasicValue - Skipping column re-registration: ticket.event_id
14:49:03.580 [Test worker] DEBUG org.hibernate.cfg.annotations.PropertyBinder - Building property eventId
14:49:03.580 [Test worker] DEBUG org.hibernate.cfg.AnnotatedColumn - Binding column: Column{table=Table(ticket), mappingColumn=place, insertable=true, updatable=true, unique=false}
14:49:03.580 [Test worker] DEBUG org.hibernate.cfg.annotations.PropertyBinder - MetadataSourceProcessor property place with lazy=false
14:49:03.580 [Test worker] DEBUG org.hibernate.cfg.AbstractPropertyHolder - Attempting to locate auto-apply AttributeConverter for property [com.joango.model.Ticket:place]
14:49:03.580 [Test worker] DEBUG org.hibernate.cfg.annotations.BasicValueBinder - building BasicValue for place
14:49:03.580 [Test worker] DEBUG org.hibernate.mapping.BasicValue - Skipping column re-registration: ticket.place
14:49:03.580 [Test worker] DEBUG org.hibernate.cfg.annotations.PropertyBinder - Building property place
14:49:03.580 [Test worker] DEBUG org.hibernate.cfg.AnnotatedColumn - Binding column: Column{table=Table(ticket), mappingColumn=user_id, insertable=true, updatable=true, unique=false}
14:49:03.580 [Test worker] DEBUG org.hibernate.cfg.annotations.PropertyBinder - MetadataSourceProcessor property userId with lazy=false
14:49:03.580 [Test worker] DEBUG org.hibernate.cfg.AbstractPropertyHolder - Attempting to locate auto-apply AttributeConverter for property [com.joango.model.Ticket:userId]
14:49:03.580 [Test worker] DEBUG org.hibernate.cfg.annotations.BasicValueBinder - building BasicValue for userId
14:49:03.580 [Test worker] DEBUG org.hibernate.mapping.BasicValue - Skipping column re-registration: ticket.user_id
14:49:03.580 [Test worker] DEBUG org.hibernate.cfg.annotations.PropertyBinder - Building property userId
14:49:03.580 [Test worker] DEBUG org.hibernate.cfg.annotations.EntityBinder - Binding entity from annotated class: com.joango.model.User
14:49:03.580 [Test worker] DEBUG org.hibernate.cfg.AnnotatedColumn - Binding column: DiscriminatorColumn{logicalColumnName'DTYPE', discriminatorTypeName='string'}
14:49:03.581 [Test worker] DEBUG org.hibernate.cfg.annotations.EntityBinder - Import with entity name User
14:49:03.581 [Test worker] DEBUG org.hibernate.cfg.annotations.EntityBinder - Bind entity com.joango.model.User on table user
14:49:03.582 [Test worker] DEBUG org.hibernate.cfg.AnnotatedColumn - Binding column: Column{table=Table(user), mappingColumn=id, insertable=true, updatable=true, unique=false}
14:49:03.582 [Test worker] DEBUG org.hibernate.boot.internal.ClassLoaderAccessImpl - Not known whether passed class name [com.joango.model.User] is safe
14:49:03.582 [Test worker] DEBUG org.hibernate.boot.internal.ClassLoaderAccessImpl - No temp ClassLoader provided; using live ClassLoader for loading potentially unsafe class : com.joango.model.User
14:49:03.582 [Test worker] DEBUG org.hibernate.cfg.annotations.PropertyBinder - MetadataSourceProcessor property id with lazy=false
14:49:03.582 [Test worker] DEBUG org.hibernate.cfg.AbstractPropertyHolder - Attempting to locate auto-apply AttributeConverter for property [com.joango.model.User:id]
14:49:03.582 [Test worker] DEBUG org.hibernate.cfg.annotations.BasicValueBinder - building BasicValue for id
14:49:03.582 [Test worker] DEBUG org.hibernate.mapping.BasicValue - Skipping column re-registration: user.id
14:49:03.582 [Test worker] DEBUG org.hibernate.cfg.annotations.PropertyBinder - Building property id
14:49:03.582 [Test worker] DEBUG org.hibernate.cfg.BinderHelper - #makeIdGenerator(BasicValue([Column(id)]), id, identity, , ...)
14:49:03.582 [Test worker] DEBUG org.hibernate.cfg.AnnotatedColumn - Binding column: Column{table=Table(user), mappingColumn=email, insertable=true, updatable=true, unique=false}
14:49:03.582 [Test worker] DEBUG org.hibernate.cfg.annotations.PropertyBinder - MetadataSourceProcessor property email with lazy=false
14:49:03.582 [Test worker] DEBUG org.hibernate.cfg.AbstractPropertyHolder - Attempting to locate auto-apply AttributeConverter for property [com.joango.model.User:email]
14:49:03.582 [Test worker] DEBUG org.hibernate.cfg.annotations.BasicValueBinder - building BasicValue for email
14:49:03.582 [Test worker] DEBUG org.hibernate.mapping.BasicValue - Skipping column re-registration: user.email
14:49:03.582 [Test worker] DEBUG org.hibernate.cfg.annotations.PropertyBinder - Building property email
14:49:03.582 [Test worker] DEBUG org.hibernate.cfg.AnnotatedColumn - Binding column: Column{table=Table(user), mappingColumn=name, insertable=true, updatable=true, unique=false}
14:49:03.582 [Test worker] DEBUG org.hibernate.cfg.annotations.PropertyBinder - MetadataSourceProcessor property name with lazy=false
14:49:03.582 [Test worker] DEBUG org.hibernate.cfg.AbstractPropertyHolder - Attempting to locate auto-apply AttributeConverter for property [com.joango.model.User:name]
14:49:03.582 [Test worker] DEBUG org.hibernate.cfg.annotations.BasicValueBinder - building BasicValue for name
14:49:03.582 [Test worker] DEBUG org.hibernate.mapping.BasicValue - Skipping column re-registration: user.name
14:49:03.582 [Test worker] DEBUG org.hibernate.cfg.annotations.PropertyBinder - Building property name
14:49:03.583 [Test worker] DEBUG org.hibernate.cfg.AnnotatedColumn - Binding column: JoinColumn{logicalColumnName='null', referencedColumn='null', mappedBy='user'}
14:49:03.583 [Test worker] DEBUG org.hibernate.cfg.AnnotatedColumn - Binding column: Column{table=Table(user), mappingColumn=user_account, insertable=true, updatable=true, unique=false}
14:49:03.584 [Test worker] DEBUG org.hibernate.cfg.annotations.EntityBinder - Binding entity from annotated class: com.joango.model.UserAccount
14:49:03.584 [Test worker] DEBUG org.hibernate.cfg.AnnotatedColumn - Binding column: DiscriminatorColumn{logicalColumnName'DTYPE', discriminatorTypeName='string'}
14:49:03.584 [Test worker] DEBUG org.hibernate.cfg.annotations.EntityBinder - Import with entity name UserAccount
14:49:03.584 [Test worker] DEBUG org.hibernate.cfg.annotations.EntityBinder - Bind entity com.joango.model.UserAccount on table user_account
14:49:03.585 [Test worker] DEBUG org.hibernate.cfg.AnnotatedColumn - Binding column: Column{table=Table(user_account), mappingColumn=id, insertable=true, updatable=true, unique=false}
14:49:03.585 [Test worker] DEBUG org.hibernate.boot.internal.ClassLoaderAccessImpl - Not known whether passed class name [com.joango.model.UserAccount] is safe
14:49:03.585 [Test worker] DEBUG org.hibernate.boot.internal.ClassLoaderAccessImpl - No temp ClassLoader provided; using live ClassLoader for loading potentially unsafe class : com.joango.model.UserAccount
14:49:03.585 [Test worker] DEBUG org.hibernate.cfg.annotations.PropertyBinder - MetadataSourceProcessor property id with lazy=false
14:49:03.586 [Test worker] DEBUG org.hibernate.cfg.AbstractPropertyHolder - Attempting to locate auto-apply AttributeConverter for property [com.joango.model.UserAccount:id]
14:49:03.586 [Test worker] DEBUG org.hibernate.cfg.annotations.BasicValueBinder - building BasicValue for id
14:49:03.586 [Test worker] DEBUG org.hibernate.mapping.BasicValue - Skipping column re-registration: user_account.id
14:49:03.586 [Test worker] DEBUG org.hibernate.cfg.annotations.PropertyBinder - Building property id
14:49:03.586 [Test worker] DEBUG org.hibernate.cfg.BinderHelper - #makeIdGenerator(BasicValue([Column(id)]), id, identity, , ...)
14:49:03.586 [Test worker] DEBUG org.hibernate.cfg.AnnotatedColumn - Binding column: JoinColumn{logicalColumnName='user_id', referencedColumn='', mappedBy=''}
14:49:03.586 [Test worker] DEBUG org.hibernate.cfg.AnnotatedColumn - Binding column: Column{table=Table(user_account), mappingColumn=user, insertable=true, updatable=true, unique=false}
14:49:03.586 [Test worker] DEBUG org.hibernate.cfg.annotations.PropertyBinder - Building property user
14:49:03.587 [Test worker] DEBUG org.hibernate.cfg.AnnotatedColumn - Binding column: Column{table=Table(user_account), mappingColumn=user_balance, insertable=true, updatable=true, unique=false}
14:49:03.587 [Test worker] DEBUG org.hibernate.cfg.annotations.PropertyBinder - MetadataSourceProcessor property userBalance with lazy=false
14:49:03.587 [Test worker] DEBUG org.hibernate.cfg.AbstractPropertyHolder - Attempting to locate auto-apply AttributeConverter for property [com.joango.model.UserAccount:userBalance]
14:49:03.587 [Test worker] DEBUG org.hibernate.cfg.annotations.BasicValueBinder - building BasicValue for userBalance
14:49:03.587 [Test worker] DEBUG org.hibernate.mapping.BasicValue - Skipping column re-registration: user_account.user_balance
14:49:03.587 [Test worker] DEBUG org.hibernate.cfg.annotations.PropertyBinder - Building property userBalance
14:49:03.587 [Test worker] DEBUG org.hibernate.cfg.annotations.BasicValueBinder - Starting `BasicValueBinder#fillSimpleValue` for id
14:49:03.588 [Test worker] DEBUG org.hibernate.cfg.annotations.BasicValueBinder - Starting `BasicValueBinder#fillSimpleValue` for date
14:49:03.588 [Test worker] DEBUG org.hibernate.cfg.annotations.BasicValueBinder - Starting `BasicValueBinder#fillSimpleValue` for ticketPrice
14:49:03.588 [Test worker] DEBUG org.hibernate.cfg.annotations.BasicValueBinder - Starting `BasicValueBinder#fillSimpleValue` for title
14:49:03.588 [Test worker] DEBUG org.hibernate.cfg.annotations.BasicValueBinder - Starting `BasicValueBinder#fillSimpleValue` for id
14:49:03.588 [Test worker] DEBUG org.hibernate.cfg.annotations.BasicValueBinder - Starting `BasicValueBinder#fillSimpleValue` for category
14:49:03.589 [Test worker] DEBUG org.hibernate.cfg.annotations.BasicValueBinder - Starting `BasicValueBinder#fillSimpleValue` for eventId
14:49:03.589 [Test worker] DEBUG org.hibernate.cfg.annotations.BasicValueBinder - Starting `BasicValueBinder#fillSimpleValue` for place
14:49:03.589 [Test worker] DEBUG org.hibernate.cfg.annotations.BasicValueBinder - Starting `BasicValueBinder#fillSimpleValue` for userId
14:49:03.589 [Test worker] DEBUG org.hibernate.cfg.annotations.BasicValueBinder - Starting `BasicValueBinder#fillSimpleValue` for id
14:49:03.589 [Test worker] DEBUG org.hibernate.cfg.annotations.BasicValueBinder - Starting `BasicValueBinder#fillSimpleValue` for email
14:49:03.589 [Test worker] DEBUG org.hibernate.cfg.annotations.BasicValueBinder - Starting `BasicValueBinder#fillSimpleValue` for name
14:49:03.589 [Test worker] DEBUG org.hibernate.cfg.annotations.BasicValueBinder - Starting `BasicValueBinder#fillSimpleValue` for id
14:49:03.589 [Test worker] DEBUG org.hibernate.cfg.annotations.BasicValueBinder - Starting `BasicValueBinder#fillSimpleValue` for userBalance
14:49:03.593 [Test worker] DEBUG org.hibernate.mapping.PrimaryKey - Forcing column [id] to be non-null as it is part of the primary key for table [event]
14:49:03.593 [Test worker] DEBUG org.hibernate.mapping.PrimaryKey - Forcing column [id] to be non-null as it is part of the primary key for table [ticket]
14:49:03.593 [Test worker] DEBUG org.hibernate.mapping.PrimaryKey - Forcing column [id] to be non-null as it is part of the primary key for table [user]
14:49:03.593 [Test worker] DEBUG org.hibernate.mapping.PrimaryKey - Forcing column [id] to be non-null as it is part of the primary key for table [user_account]
14:49:03.594 [Test worker] DEBUG org.hibernate.cfg.annotations.PropertyBinder - Building property userAccount
14:49:03.594 [Test worker] DEBUG org.hibernate.boot.internal.InFlightMetadataCollectorImpl - Processing association property references
14:49:03.594 [Test worker] DEBUG org.hibernate.boot.internal.InFlightMetadataCollectorImpl - Resolving reference to class: com.joango.model.User
14:49:03.600 [Test worker] DEBUG org.hibernate.boot.internal.InFlightMetadataCollectorImpl - Processing association property references
14:49:03.600 [Test worker] DEBUG org.hibernate.boot.internal.InFlightMetadataCollectorImpl - Resolving reference to class: com.joango.model.User
14:49:03.608 [HikariPool-1 housekeeper] DEBUG com.zaxxer.hikari.pool.HikariPool - HikariPool-1 - Pool stats (total=1, active=0, idle=1, waiting=0)
14:49:03.609 [HikariPool-1 connection adder] DEBUG com.zaxxer.hikari.pool.HikariPool - HikariPool-1 - Added connection conn1: url=jdbc:h2:mem:testdb user=SA
14:49:03.621 [HikariPool-1 connection adder] DEBUG com.zaxxer.hikari.pool.HikariPool - HikariPool-1 - Added connection conn2: url=jdbc:h2:mem:testdb user=SA
14:49:03.623 [Test worker] DEBUG org.hibernate.internal.SessionFactoryImpl - Building session factory
14:49:03.634 [HikariPool-1 connection adder] DEBUG com.zaxxer.hikari.pool.HikariPool - HikariPool-1 - Added connection conn3: url=jdbc:h2:mem:testdb user=SA
14:49:03.641 [Test worker] DEBUG org.hibernate.service.internal.SessionFactoryServiceRegistryImpl - EventListenerRegistry access via ServiceRegistry is deprecated.  Use `sessionFactory.getEventEngine().getListenerRegistry()` instead
14:49:03.643 [Test worker] DEBUG org.hibernate.internal.SessionFactoryImpl - Session factory constructed with filter configurations : {}
14:49:03.643 [Test worker] DEBUG org.hibernate.internal.SessionFactoryImpl - Instantiating session factory with properties: {java.specification.version=17, hibernate.resource.beans.container=org.springframework.orm.hibernate5.SpringBeanContainer@237d0625, hibernate.connection.handling_mode=DELAYED_ACQUISITION_AND_HOLD, sun.jnu.encoding=UTF-8, hibernate.dialect=org.hibernate.dialect.H2Dialect, org.gradle.test.worker=13, hibernate.implicit_naming_strategy=org.springframework.boot.orm.jpa.hibernate.SpringImplicitNamingStrategy, java.class.path=/Users/joango/.gradle/caches/7.5.1/workerMain/gradle-worker.jar:/Users/joango/Dev/JavaMentoringExercises/src/main/java/spring/core/build/classes/java/test:/Users/joango/Dev/JavaMentoringExercises/src/main/java/spring/core/build/resources/test:/Users/joango/Dev/JavaMentoringExercises/src/main/java/spring/core/build/classes/java/main:/Users/joango/Dev/JavaMentoringExercises/src/main/java/spring/core/build/resources/main:/Users/joango/.gradle/caches/modules-2/files-2.1/org.springframework.boot/spring-boot-starter-data-jpa/3.0.1/a68c2e57bd3a0c5bdf7e4de6c0d563aad38d3f47/spring-boot-starter-data-jpa-3.0.1.jar:/Users/joango/.gradle/caches/modules-2/files-2.1/org.springframework.boot/spring-boot-starter-thymeleaf/3.0.1/ba4c1951400a41caed62546a97b010b98ebeac9f/spring-boot-starter-thymeleaf-3.0.1.jar:/Users/joango/.gradle/caches/modules-2/files-2.1/org.springframework.boot/spring-boot-starter-web/3.0.1/1d99ce519a0fe66f15dc9bbdc2507a8d0a01690/spring-boot-starter-web-3.0.1.jar:/Users/joango/.gradle/caches/modules-2/files-2.1/org.springframework.kafka/spring-kafka/3.0.1/7074494ccc07e1598a13d0304c36767d35470024/spring-kafka-3.0.1.jar:/Users/joango/.gradle/caches/modules-2/files-2.1/org.modelmapper/modelmapper/2.3.0/40454c7c35352276585170ce81a81d24064074ee/modelmapper-2.3.0.jar:/Users/joango/.gradle/caches/modules-2/files-2.1/org.xhtmlrenderer/flying-saucer-pdf/9.1.20/91202d86c3c4931f7ba4ce0f01304f458d6b757c/flying-saucer-pdf-9.1.20.jar:/Users/joango/.gradle/caches/modules-2/files-2.1/org.springframework.boot/spring-boot-starter-json/3.0.1/e409ce80cf518c619d59e44f0173a7e728f75da2/spring-boot-starter-json-3.0.1.jar:/Users/joango/.gradle/caches/modules-2/files-2.1/org.springframework.kafka/spring-kafka-test/3.0.1/8abdd95a687f1f8944c23ce8ac95ab7d44a05cd8/spring-kafka-test-3.0.1.jar:/Users/joango/.gradle/caches/modules-2/files-2.1/org.apache.kafka/kafka_2.13/3.3.1/c6b639bc4bea6bb55c9b57674033b7b096eeed6d/kafka_2.13-3.3.1.jar:/Users/joango/.gradle/caches/modules-2/files-2.1/org.apache.kafka/kafka_2.13/3.3.1/f2f0bc40561f584e6e3f53422a24930b2befb3ee/kafka_2.13-3.3.1-test.jar:/Users/joango/.gradle/caches/modules-2/files-2.1/org.apache.kafka/kafka-metadata/3.3.1/137c8996ae1de1d3c106172256cf479f9e9cdff9/kafka-metadata-3.3.1.jar:/Users/joango/.gradle/caches/modules-2/files-2.1/com.fasterxml.jackson.datatype/jackson-datatype-jdk8/2.14.1/da194197d187bf24a8699514344ebf0abd7c342a/jackson-datatype-jdk8-2.14.1.jar:/Users/joango/.gradle/caches/modules-2/files-2.1/com.fasterxml.jackson.datatype/jackson-datatype-jsr310/2.14.1/f24e8cb1437e05149b7a3049ebd6700f42e664b1/jackson-datatype-jsr310-2.14.1.jar:/Users/joango/.gradle/caches/modules-2/files-2.1/com.fasterxml.jackson.module/jackson-module-parameter-names/2.14.1/2e05a86dba3d4b05074b6a313c4d5b7ff844c8dd/jackson-module-parameter-names-2.14.1.jar:/Users/joango/.gradle/caches/modules-2/files-2.1/org.apache.kafka/kafka-raft/3.3.1/24e572d5f64e491be47285f3542f89462307acc8/kafka-raft-3.3.1.jar:/Users/joango/.gradle/caches/modules-2/files-2.1/org.apache.kafka/kafka-streams-test-utils/3.3.1/b280e65c44c2467af0722f3d147e75d2939251e7/kafka-streams-test-utils-3.3.1.jar:/Users/joango/.gradle/caches/modules-2/files-2.1/org.apache.kafka/kafka-streams/3.3.1/df593c54ab0506f81dd2ce3c6028c569d06b161a/kafka-streams-3.3.1.jar:/Users/joango/.gradle/caches/modules-2/files-2.1/org.apache.kafka/kafka-storage/3.3.1/13d1984bd4af94816c8721211911a43a637c7c64/kafka-storage-3.3.1.jar:/Users/joango/.gradle/caches/modules-2/files-2.1/com.fasterxml.jackson.module/jackson-module-scala_2.13/2.14.1/5f76c6ebdeb8bcb87134fe85e6c707f72b82ede3/jackson-module-scala_2.13-2.14.1.jar:/Users/joango/.gradle/caches/modules-2/files-2.1/com.fasterxml.jackson.dataformat/jackson-dataformat-csv/2.14.1/ff08d648dab89f8a28ae9db3ae8ce7bfd7b25afd/jackson-dataformat-csv-2.14.1.jar:/Users/joango/.gradle/caches/modules-2/files-2.1/com.fasterxml.jackson.core/jackson-databind/2.14.1/268524b9056cae1211b9f1f52560ef19347f4d17/jackson-databind-2.14.1.jar:/Users/joango/.gradle/caches/modules-2/files-2.1/com.fasterxml.jackson.core/jackson-core/2.14.1/7a07bc535ccf0b7f6929c4d0f2ab9b294ef7c4a3/jackson-core-2.14.1.jar:/Users/joango/.gradle/caches/modules-2/files-2.1/com.fasterxml.jackson.core/jackson-annotations/2.14.1/2a6ad504d591a7903ffdec76b5b7252819a2d162/jackson-annotations-2.14.1.jar:/Users/joango/.gradle/caches/modules-2/files-2.1/com.fasterxml.jackson.dataformat/jackson-dataformat-xml/2.14.1/ccd98bd674080338a6ca4bcdd52be7fb465cec1d/jackson-dataformat-xml-2.14.1.jar:/Users/joango/.gradle/caches/modules-2/files-2.1/javax.xml.bind/jaxb-api/2.3.0/99f802e0cb3e953ba3d6e698795c4aeb98d37c48/jaxb-api-2.3.0.jar:/Users/joango/.gradle/caches/modules-2/files-2.1/com.h2database/h2/2.1.214/d5c2005c9e3279201e12d4776c948578b16bf8b2/h2-2.1.214.jar:/Users/joango/.gradle/caches/modules-2/files-2.1/org.springframework.boot/spring-boot-starter-test/3.0.1/92d4e6de86bf76db3bd5c40155ede74c35f3323f/spring-boot-starter-test-3.0.1.jar:/Users/joango/.gradle/caches/modules-2/files-2.1/org.springframework.boot/spring-boot-starter-aop/3.0.1/489dae5b71e160d74190738b0419c2cecd7f7e95/spring-boot-starter-aop-3.0.1.jar:/Users/joango/.gradle/caches/modules-2/files-2.1/org.springframework.boot/spring-boot-starter-jdbc/3.0.1/a1121611438c39fdcad2c73da7564d851b386a75/spring-boot-starter-jdbc-3.0.1.jar:/Users/joango/.gradle/caches/modules-2/files-2.1/org.hibernate.orm/hibernate-core/6.1.6.Final/e2ff7dfc50d16377da7bedbf48a0a2e9db30ac66/hibernate-core-6.1.6.Final.jar:/Users/joango/.gradle/caches/modules-2/files-2.1/org.springframework.data/spring-data-jpa/3.0.0/c1289ab131eddd70fc35beb880927f4808d5d5f1/spring-data-jpa-3.0.0.jar:/Users/joango/.gradle/caches/modules-2/files-2.1/org.springframework/spring-aspects/6.0.3/3c1a00fc7d6ad9c229c81d0b01c77788789cfbbc/spring-aspects-6.0.3.jar:/Users/joango/.gradle/caches/modules-2/files-2.1/org.springframework.boot/spring-boot-starter/3.0.1/c37bc07921436d1ef410ae4bd53747c721ae1c7c/spring-boot-starter-3.0.1.jar:/Users/joango/.gradle/caches/modules-2/files-2.1/org.thymeleaf/thymeleaf-spring6/3.1.1.RELEASE/deb52ef921a4ac5132fedb7ebfc2bc1dad4382b3/thymeleaf-spring6-3.1.1.RELEASE.jar:/Users/joango/.gradle/caches/modules-2/files-2.1/org.springframework.boot/spring-boot-starter-tomcat/3.0.1/e0c8b1f3bb20b08ef532bf58262b4374a6f64d06/spring-boot-starter-tomcat-3.0.1.jar:/Users/joango/.gradle/caches/modules-2/files-2.1/org.springframework/spring-webmvc/6.0.3/b0e6742f8dcbf0353d45d1b540b35e0748e58ea7/spring-webmvc-6.0.3.jar:/Users/joango/.gradle/caches/modules-2/files-2.1/org.springframework/spring-web/6.0.3/484265303687177c5952e4cb8c141333dc89c7fb/spring-web-6.0.3.jar:/Users/joango/.gradle/caches/modules-2/files-2.1/org.springframework.boot/spring-boot-test-autoconfigure/3.0.1/26346db6db873dd9a7737691b66727cf6e0984d9/spring-boot-test-autoconfigure-3.0.1.jar:/Users/joango/.gradle/caches/modules-2/files-2.1/org.springframework.boot/spring-boot-test/3.0.1/1ad6a6b50844ac5a3290b40963b7151b2684a3d3/spring-boot-test-3.0.1.jar:/Users/joango/.gradle/caches/modules-2/files-2.1/org.springframework.boot/spring-boot-autoconfigure/3.0.1/7705d0e28d18b79b25587fb88eade85287a10513/spring-boot-autoconfigure-3.0.1.jar:/Users/joango/.gradle/caches/modules-2/files-2.1/org.springframework.boot/spring-boot/3.0.1/9a7c15dfec7a5207965c8893abfd12fa0eac1d38/spring-boot-3.0.1.jar:/Users/joango/.gradle/caches/modules-2/files-2.1/org.springframework/spring-context/6.0.3/a111998c7ba31ea6cd25b23e5a9ea73582af1f89/spring-context-6.0.3.jar:/Users/joango/.gradle/caches/modules-2/files-2.1/org.springframework/spring-messaging/6.0.3/1cb421e8659d05a77e82265e72c27babc2b7b073/spring-messaging-6.0.3.jar:/Users/joango/.gradle/caches/modules-2/files-2.1/org.springframework/spring-orm/6.0.3/9b1603b8c93f638e3f1bbe24f62f2eafc2cdf661/spring-orm-6.0.3.jar:/Users/joango/.gradle/caches/modules-2/files-2.1/org.springframework/spring-jdbc/6.0.3/eec28775713c2a106270e2988be03f603367c92b/spring-jdbc-6.0.3.jar:/Users/joango/.gradle/caches/modules-2/files-2.1/org.springframework/spring-tx/6.0.3/e4673092d71ac1aa36627305d269eaa670d10c9e/spring-tx-6.0.3.jar:/Users/joango/.gradle/caches/modules-2/files-2.1/org.springframework.retry/spring-retry/2.0.0/6a7a653901b58eb741692417f33b5bebedbd01f7/spring-retry-2.0.0.jar:/Users/joango/.gradle/caches/modules-2/files-2.1/org.apache.kafka/kafka-server-common/3.3.1/b237b6143bb45be98fc404acd5b13527f1b15a95/kafka-server-common-3.3.1.jar:/Users/joango/.gradle/caches/modules-2/files-2.1/org.apache.kafka/kafka-storage-api/3.3.1/6673d2553e5e75409a1a17a4e6aa541a4873fd33/kafka-storage-api-3.3.1.jar:/Users/joango/.gradle/caches/modules-2/files-2.1/org.apache.kafka/kafka-clients/3.3.1/aea4008ab34761ef8057b13cce6d0ec767397406/kafka-clients-3.3.1.jar:/Users/joango/.gradle/caches/modules-2/files-2.1/org.apache.kafka/kafka-clients/3.3.1/ded5bb063c157a86f5952111c6b0b4ada306c616/kafka-clients-3.3.1-test.jar:/Users/joango/.gradle/caches/modules-2/files-2.1/io.micrometer/micrometer-observation/1.10.2/5b63205c0e9f3acf4b84f852ea707f9f9fffda6f/micrometer-observation-1.10.2.jar:/Users/joango/.gradle/caches/modules-2/files-2.1/com.google.code.findbugs/jsr305/3.0.2/25ea2e8b0c338a877313bd4672d3fe056ea78f0d/jsr305-3.0.2.jar:/Users/joango/.gradle/caches/modules-2/files-2.1/com.lowagie/itext/2.1.7/892bfb3e97074a61123b3b2d7caa2db112750864/itext-2.1.7.jar:/Users/joango/.gradle/caches/modules-2/files-2.1/org.bouncycastle/bctsp-jdk14/1.46/6ebffec28dbbaa24d5d7270a61993aa376d85ef1/bctsp-jdk14-1.46.jar:/Users/joango/.gradle/caches/modules-2/files-2.1/org.bouncycastle/bcmail-jdk14/1.64/49aeb13e226ccdb7bb26a7650945acc3a97fb738/bcmail-jdk14-1.64.jar:/Users/joango/.gradle/caches/modules-2/files-2.1/org.bouncycastle/bcpkix-jdk14/1.64/55072fa3427cbffa85db48c604c581ec3982fb10/bcpkix-jdk14-1.64.jar:/Users/joango/.gradle/caches/modules-2/files-2.1/org.bouncycastle/bcprov-jdk14/1.64/a416d1447e6d35b74525b70fd6e19a608aabb548/bcprov-jdk14-1.64.jar:/Users/joango/.gradle/caches/modules-2/files-2.1/org.xhtmlrenderer/flying-saucer-core/9.1.20/31324c96836e5a684a575a6b55dea9fd8231845f/flying-saucer-core-9.1.20.jar:/Users/joango/.gradle/caches/modules-2/files-2.1/com.fasterxml.woodstox/woodstox-core/6.4.0/c47579857bbf12c85499f431d4ecf27d77976b7c/woodstox-core-6.4.0.jar:/Users/joango/.gradle/caches/modules-2/files-2.1/org.codehaus.woodstox/stax2-api/4.2.1/a3f7325c52240418c2ba257b103c3c550e140c83/stax2-api-4.2.1.jar:/Users/joango/.gradle/caches/modules-2/files-2.1/com.jayway.jsonpath/json-path/2.7.0/f9d7d9659f2694e61142046ff8a216c047f263e8/json-path-2.7.0.jar:/Users/joango/.gradle/caches/modules-2/files-2.1/org.glassfish.jaxb/jaxb-runtime/4.0.1/7abfa1ee788a8f090dc598c45876ef068731e72b/jaxb-runtime-4.0.1.jar:/Users/joango/.gradle/caches/modules-2/files-2.1/org.glassfish.jaxb/jaxb-core/4.0.1/b4707bb31dfcf54ae424b930741f0cd62d672af9/jaxb-core-4.0.1.jar:/Users/joango/.gradle/caches/modules-2/files-2.1/jakarta.xml.bind/jakarta.xml.bind-api/4.0.0/bbb399208d288b15ec101fa4fcfc4bd77cedc97a/jakarta.xml.bind-api-4.0.0.jar:/Users/joango/.gradle/caches/modules-2/files-2.1/org.assertj/assertj-core/3.23.1/d2bb60570f5b3d7ffa8f8000118c9c07b86eca93/assertj-core-3.23.1.jar:/Users/joango/.gradle/caches/modules-2/files-2.1/org.hamcrest/hamcrest/2.2/1820c0968dba3a11a1b30669bb1f01978a91dedc/hamcrest-2.2.jar:/Users/joango/.gradle/caches/modules-2/files-2.1/org.mockito/mockito-junit-jupiter/4.8.1/e393aa62eca2244a535b03842843f2f199343d1f/mockito-junit-jupiter-4.8.1.jar:/Users/joango/.gradle/caches/modules-2/files-2.1/org.junit.jupiter/junit-jupiter-params/5.9.1/ffcd1013edaeee112be11fcddeb38882d79238de/junit-jupiter-params-5.9.1.jar:/Users/joango/.gradle/caches/modules-2/files-2.1/org.junit.jupiter/junit-jupiter-engine/5.9.1/1bf771097bde296c3ab174861954e8aafaaf2e94/junit-jupiter-engine-5.9.1.jar:/Users/joango/.gradle/caches/modules-2/files-2.1/org.junit.jupiter/junit-jupiter-api/5.9.1/7bb53fbc0173e9f6a9d21d58297af94b1f2f9ce1/junit-jupiter-api-5.9.1.jar:/Users/joango/.gradle/caches/modules-2/files-2.1/org.junit.platform/junit-platform-launcher/1.9.1/b4534f5130dcfb10e8ac41a5fba6ec656c9ede06/junit-platform-launcher-1.9.1.jar:/Users/joango/.gradle/caches/modules-2/files-2.1/org.junit.platform/junit-platform-engine/1.9.1/83591e5089d6cea5f324aa3ecca9b19d5a275803/junit-platform-engine-1.9.1.jar:/Users/joango/.gradle/caches/modules-2/files-2.1/org.junit.platform/junit-platform-commons/1.9.1/3145f821b5cd10abcdc5f925baa5fffa6f1b628f/junit-platform-commons-1.9.1.jar:/Users/joango/.gradle/caches/modules-2/files-2.1/org.junit.jupiter/junit-jupiter/5.9.1/9274d3757e224bc02eae367bd481062a263c150b/junit-jupiter-5.9.1.jar:/Users/joango/.gradle/caches/modules-2/files-2.1/org.mockito/mockito-core/4.8.1/d8eb9dec8747d08645347bb8c69088ac83197975/mockito-core-4.8.1.jar:/Users/joango/.gradle/caches/modules-2/files-2.1/org.skyscreamer/jsonassert/1.5.1/6d842d0faf4cf6725c509a5e5347d319ee0431c3/jsonassert-1.5.1.jar:/Users/joango/.gradle/caches/modules-2/files-2.1/org.springframework/spring-test/6.0.3/b7be928715aefbcaf44c2ad1ca19c86615886ba0/spring-test-6.0.3.jar:/Users/joango/.gradle/caches/modules-2/files-2.1/org.springframework/spring-aop/6.0.3/ba05b9129c800e7a3febf795724d0be7d4995a7e/spring-aop-6.0.3.jar:/Users/joango/.gradle/caches/modules-2/files-2.1/org.springframework.data/spring-data-commons/3.0.0/79f898c8a9d926f6434ae53c9a927a299e079663/spring-data-commons-3.0.0.jar:/Users/joango/.gradle/caches/modules-2/files-2.1/org.springframework/spring-beans/6.0.3/7ca05b6618b149da38fde262a0d98fc8a6f75d02/spring-beans-6.0.3.jar:/Users/joango/.gradle/caches/modules-2/files-2.1/org.springframework/spring-expression/6.0.3/778ab1fedad855d9d6c79e3e2368b29818589a59/spring-expression-6.0.3.jar:/Users/joango/.gradle/caches/modules-2/files-2.1/org.springframework/spring-core/6.0.3/5314570bb619e4821a3ca0dad28702f9cb7fc114/spring-core-6.0.3.jar:/Users/joango/.gradle/caches/modules-2/files-2.1/org.xmlunit/xmlunit-core/2.9.0/8959725d90eecfee28acd7110e2bb8460285d876/xmlunit-core-2.9.0.jar:/Users/joango/.gradle/caches/modules-2/files-2.1/org.apache.zookeeper/zookeeper/3.6.3/a6e74f826db85ff8c51c15ef0fa2ea0b462aef25/zookeeper-3.6.3.jar:/Users/joango/.gradle/caches/modules-2/files-2.1/org.aspectj/aspectjweaver/1.9.19/afbffb1210239fbba5cad73093c5b216d515838f/aspectjweaver-1.9.19.jar:/Users/joango/.gradle/caches/modules-2/files-2.1/com.zaxxer/HikariCP/5.0.1/a74c7f0a37046846e88d54f7cb6ea6d565c65f9c/HikariCP-5.0.1.jar:/Users/joango/.gradle/caches/modules-2/files-2.1/jakarta.persistence/jakarta.persistence-api/3.1.0/66901fa1c373c6aff65c13791cc11da72060a8d6/jakarta.persistence-api-3.1.0.jar:/Users/joango/.gradle/caches/modules-2/files-2.1/jakarta.transaction/jakarta.transaction-api/2.0.1/51a520e3fae406abb84e2e1148e6746ce3f80a1a/jakarta.transaction-api-2.0.1.jar:/Users/joango/.gradle/caches/modules-2/files-2.1/org.jboss.logging/jboss-logging/3.5.0.Final/c19307cc11f28f5e2679347e633a3294d865334d/jboss-logging-3.5.0.Final.jar:/Users/joango/.gradle/caches/modules-2/files-2.1/org.hibernate.common/hibernate-commons-annotations/6.0.2.Final/fa5a14ef3d2e5c3c99b53a4bef756a3268d69187/hibernate-commons-annotations-6.0.2.Final.jar:/Users/joango/.gradle/caches/modules-2/files-2.1/org.jboss/jandex/2.4.2.Final/1e1c385990b258ff1a24c801e84aebbacf70eb39/jandex-2.4.2.Final.jar:/Users/joango/.gradle/caches/modules-2/files-2.1/com.fasterxml/classmate/1.5.1/3fe0bed568c62df5e89f4f174c101eab25345b6c/classmate-1.5.1.jar:/Users/joango/.gradle/caches/modules-2/files-2.1/net.bytebuddy/byte-buddy/1.12.20/6ec3b8bccc4c988790d8cde5baad3b95609ef136/byte-buddy-1.12.20.jar:/Users/joango/.gradle/caches/modules-2/files-2.1/jakarta.inject/jakarta.inject-api/2.0.0/46fc8560b6fd17b78396d88f39c1a730457671f0/jakarta.inject-api-2.0.0.jar:/Users/joango/.gradle/caches/modules-2/files-2.1/org.antlr/antlr4-runtime/4.10.1/10839f875928f59c622d675091d51a43ea0dc5f7/antlr4-runtime-4.10.1.jar:/Users/joango/.gradle/caches/modules-2/files-2.1/jakarta.annotation/jakarta.annotation-api/2.1.1/48b9bda22b091b1f48b13af03fe36db3be6e1ae3/jakarta.annotation-api-2.1.1.jar:/Users/joango/.gradle/caches/modules-2/files-2.1/org.thymeleaf/thymeleaf/3.1.1.RELEASE/374a129dfa5e7d7f1a46eacc4d49e594ca0cf26f/thymeleaf-3.1.1.RELEASE.jar:/Users/joango/.gradle/caches/modules-2/files-2.1/com.yammer.metrics/metrics-core/2.2.0/f82c035cfa786d3cbec362c38c22a5f5b1bc8724/metrics-core-2.2.0.jar:/Users/joango/.gradle/caches/modules-2/files-2.1/org.bitbucket.b_c/jose4j/0.7.9/b44a2235728ab1cad9ffd06013500f09a5f1d241/jose4j-0.7.9.jar:/Users/joango/.gradle/caches/modules-2/files-2.1/com.typesafe.scala-logging/scala-logging_2.13/3.9.4/e5838ddcf8c1c2b612a7956b9f80423a508675db/scala-logging_2.13-3.9.4.jar:/Users/joango/.gradle/caches/modules-2/files-2.1/io.dropwizard.metrics/metrics-core/4.2.14/dbf082dbd589df6dd35f277241ed7f64cdc5e061/metrics-core-4.2.14.jar:/Users/joango/.gradle/caches/modules-2/files-2.1/org.springframework.boot/spring-boot-starter-logging/3.0.1/bf285578b44ecddaeb32f5d57a08fa5be60fc69f/spring-boot-starter-logging-3.0.1.jar:/Users/joango/.gradle/caches/modules-2/files-2.1/ch.qos.logback/logback-classic/1.4.5/28e7dc0b208d6c3f15beefd73976e064b4ecfa9b/logback-classic-1.4.5.jar:/Users/joango/.gradle/caches/modules-2/files-2.1/org.apache.logging.log4j/log4j-to-slf4j/2.19.0/30f4812e43172ecca5041da2cb6b965cc4777c19/log4j-to-slf4j-2.19.0.jar:/Users/joango/.gradle/caches/modules-2/files-2.1/org.slf4j/jul-to-slf4j/2.0.6/c4d348977a83a0bfcf42fd6fd1fee6e7904f1a0c/jul-to-slf4j-2.0.6.jar:/Users/joango/.gradle/caches/modules-2/files-2.1/org.slf4j/slf4j-api/2.0.6/88c40d8b4f33326f19a7d3c0aaf2c7e8721d4953/slf4j-api-2.0.6.jar:/Users/joango/.gradle/caches/modules-2/files-2.1/org.yaml/snakeyaml/1.33/2cd0a87ff7df953f810c344bdf2fe3340b954c69/snakeyaml-1.33.jar:/Users/joango/.gradle/caches/modules-2/files-2.1/org.apache.tomcat.embed/tomcat-embed-websocket/10.1.4/d1cc4aaeaf512334dfadc25da7cb5f64fa301632/tomcat-embed-websocket-10.1.4.jar:/Users/joango/.gradle/caches/modules-2/files-2.1/org.apache.tomcat.embed/tomcat-embed-core/10.1.4/9876c0b98b91b5054d32fe5279b21cf8d57991e8/tomcat-embed-core-10.1.4.jar:/Users/joango/.gradle/caches/modules-2/files-2.1/org.apache.tomcat.embed/tomcat-embed-el/10.1.4/c52d54faef26b3e6fd56fa20c7d7c77ba1216efa/tomcat-embed-el-10.1.4.jar:/Users/joango/.gradle/caches/modules-2/files-2.1/com.github.luben/zstd-jni/1.5.2-1/fad786abc1d1b81570e8d9a2fc8a1ef479bc27b6/zstd-jni-1.5.2-1.jar:/Users/joango/.gradle/caches/modules-2/files-2.1/org.lz4/lz4-java/1.8.0/4b986a99445e49ea5fbf5d149c4b63f6ed6c6780/lz4-java-1.8.0.jar:/Users/joango/.gradle/caches/modules-2/files-2.1/org.xerial.snappy/snappy-java/1.1.8.4/66f0d56454509f6e36175f2331572e250e04a6cc/snappy-java-1.1.8.4.jar:/Users/joango/.gradle/caches/modules-2/files-2.1/io.micrometer/micrometer-commons/1.10.2/3a97e1874b8ca9c1c08f67d58bf7d567bb748601/micrometer-commons-1.10.2.jar:/Users/joango/.gradle/caches/modules-2/files-2.1/net.minidev/json-smart/2.4.8/7c62f5f72ab05eb54d40e2abf0360a2fe9ea477f/json-smart-2.4.8.jar:/Users/joango/.gradle/caches/modules-2/files-2.1/org.eclipse.angus/angus-activation/1.0.0/f0ceddd49f92109fbfad9125e958f5bfd3f2aa1/angus-activation-1.0.0.jar:/Users/joango/.gradle/caches/modules-2/files-2.1/jakarta.activation/jakarta.activation-api/2.1.0/a58861b5deac5e151140511cf57d6b80a83f2d20/jakarta.activation-api-2.1.0.jar:/Users/joango/.gradle/caches/modules-2/files-2.1/net.bytebuddy/byte-buddy-agent/1.12.20/c37341e04a529c7263ff3093ecdceaa4ab39b489/byte-buddy-agent-1.12.20.jar:/Users/joango/.gradle/caches/modules-2/files-2.1/org.objenesis/objenesis/3.2/7fadf57620c8b8abdf7519533e5527367cb51f09/objenesis-3.2.jar:/Users/joango/.gradle/caches/modules-2/files-2.1/com.vaadin.external.google/android-json/0.0.20131108.vaadin1/fa26d351fe62a6a17f5cda1287c1c6110dec413f/android-json-0.0.20131108.vaadin1.jar:/Users/joango/.gradle/caches/modules-2/files-2.1/org.springframework/spring-jcl/6.0.3/ce5a18b010a99c58e98d1fa993dcec2148a361a6/spring-jcl-6.0.3.jar:/Users/joango/.gradle/caches/modules-2/files-2.1/org.apache.zookeeper/zookeeper-jute/3.6.3/8990d19ec3db01f45f82d4011a11b085db66de05/zookeeper-jute-3.6.3.jar:/Users/joango/.gradle/caches/modules-2/files-2.1/org.apache.yetus/audience-annotations/0.5.0/55762d3191a8d6610ef46d11e8cb70c7667342a3/audience-annotations-0.5.0.jar:/Users/joango/.gradle/caches/modules-2/files-2.1/io.netty/netty-handler/4.1.86.Final/bcb65230218286e6456b5d085cb42e67776eb70/netty-handler-4.1.86.Final.jar:/Users/joango/.gradle/caches/modules-2/files-2.1/io.netty/netty-transport-native-epoll/4.1.86.Final/9d51ef4b5e83a4d7ebc6d57bb79a958fcdde61b3/netty-transport-native-epoll-4.1.86.Final.jar:/Users/joango/.gradle/caches/modules-2/files-2.1/net.sourceforge.argparse4j/argparse4j/0.7.0/6f0621d0c3888de39e0f06d01f37ba53a798e657/argparse4j-0.7.0.jar:/Users/joango/.gradle/caches/modules-2/files-2.1/net.sf.jopt-simple/jopt-simple/5.0.4/4fdac2fbe92dfad86aa6e9301736f6b4342a3f5c/jopt-simple-5.0.4.jar:/Users/joango/.gradle/caches/modules-2/files-2.1/org.scala-lang.modules/scala-collection-compat_2.13/2.6.0/6d987634f6bd6b9451f4789c6022c2115733a0de/scala-collection-compat_2.13-2.6.0.jar:/Users/joango/.gradle/caches/modules-2/files-2.1/org.scala-lang.modules/scala-java8-compat_2.13/1.0.2/5b54f60ccf03e41e24c466462a72475ee918c304/scala-java8-compat_2.13-1.0.2.jar:/Users/joango/.gradle/caches/modules-2/files-2.1/org.scala-lang/scala-reflect/2.13.8/994b004d041b18724ec298a135c37e7817d369ec/scala-reflect-2.13.8.jar:/Users/joango/.gradle/caches/modules-2/files-2.1/commons-cli/commons-cli/1.4/c51c00206bb913cd8612b24abd9fa98ae89719b1/commons-cli-1.4.jar:/Users/joango/.gradle/caches/modules-2/files-2.1/org.scala-lang/scala-library/2.13.10/67c1afabaea9ba51321159e70a78515647e1b73d/scala-library-2.13.10.jar:/Users/joango/.gradle/caches/modules-2/files-2.1/org.opentest4j/opentest4j/1.2.0/28c11eb91f9b6d8e200631d46e20a7f407f2a046/opentest4j-1.2.0.jar:/Users/joango/.gradle/caches/modules-2/files-2.1/org.attoparser/attoparser/2.0.6.RELEASE/8f603f22a18d4f7258f8860ccbb68b069f49904a/attoparser-2.0.6.RELEASE.jar:/Users/joango/.gradle/caches/modules-2/files-2.1/org.unbescape/unbescape/1.1.6.RELEASE/7b90360afb2b860e09e8347112800d12c12b2a13/unbescape-1.1.6.RELEASE.jar:/Users/joango/.gradle/caches/modules-2/files-2.1/net.minidev/accessors-smart/2.4.8/6e1bee5a530caba91893604d6ab41d0edcecca9a/accessors-smart-2.4.8.jar:/Users/joango/.gradle/caches/modules-2/files-2.1/io.netty/netty-transport-classes-epoll/4.1.86.Final/b1c323028fcbd4ea757087038797f331c828959/netty-transport-classes-epoll-4.1.86.Final.jar:/Users/joango/.gradle/caches/modules-2/files-2.1/io.netty/netty-transport-native-unix-common/4.1.86.Final/5e0e7fc1c337485cabcf7971faefe692b76f93a2/netty-transport-native-unix-common-4.1.86.Final.jar:/Users/joango/.gradle/caches/modules-2/files-2.1/io.netty/netty-codec/4.1.86.Final/ee126da926ea202da3b21eb737788ef83b1db772/netty-codec-4.1.86.Final.jar:/Users/joango/.gradle/caches/modules-2/files-2.1/io.netty/netty-transport/4.1.86.Final/7c7739c41fd110c3576e9faace332ee957f27203/netty-transport-4.1.86.Final.jar:/Users/joango/.gradle/caches/modules-2/files-2.1/io.netty/netty-resolver/4.1.86.Final/bad83d479f7bd8ea84eefd77c316435be4c97270/netty-resolver-4.1.86.Final.jar:/Users/joango/.gradle/caches/modules-2/files-2.1/io.netty/netty-buffer/4.1.86.Final/a66fa0ed2687eb33a2e53a17a6df61bfe3b3f2bd/netty-buffer-4.1.86.Final.jar:/Users/joango/.gradle/caches/modules-2/files-2.1/io.netty/netty-common/4.1.86.Final/1dceab4662a9cc93faf87b237bb41103b1bc7f0e/netty-common-4.1.86.Final.jar:/Users/joango/.gradle/caches/modules-2/files-2.1/org.rocksdb/rocksdbjni/6.29.4.1/9f4019c5d8247b01eabc58bf0c3f34a904d65ca4/rocksdbjni-6.29.4.1.jar:/Users/joango/.gradle/caches/modules-2/files-2.1/org.glassfish.jaxb/txw2/4.0.1/797720dfe2e15504f6014fb82eb873051a653c75/txw2-4.0.1.jar:/Users/joango/.gradle/caches/modules-2/files-2.1/com.sun.istack/istack-commons-runtime/4.1.1/9b3769c76235bc283b060da4fae2318c6d53f07e/istack-commons-runtime-4.1.1.jar:/Users/joango/.gradle/caches/modules-2/files-2.1/ch.qos.logback/logback-core/1.4.5/e9bb2ea70f84401314da4300343b0a246c8954da/logback-core-1.4.5.jar:/Users/joango/.gradle/caches/modules-2/files-2.1/org.apache.logging.log4j/log4j-api/2.19.0/ea1b37f38c327596b216542bc636cfdc0b8036fa/log4j-api-2.19.0.jar:/Users/joango/.gradle/caches/modules-2/files-2.1/com.thoughtworks.paranamer/paranamer/2.8/619eba74c19ccf1da8ebec97a2d7f8ba05773dd6/paranamer-2.8.jar:/Users/joango/.gradle/caches/modules-2/files-2.1/org.ow2.asm/asm/9.1/a99500cf6eea30535eeac6be73899d048f8d12a8/asm-9.1.jar, java.vm.vendor=Oracle Corporation, sun.arch.data.model=64, sun.font.fontmanager=sun.font.CFontManager, user.variant=, java.vendor.url=https://java.oracle.com/, user.timezone=America/Bogota, jakarta.persistence.sharedCache.mode=UNSPECIFIED, java.vm.specification.version=17, os.name=Mac OS X, javax.persistence.validation.mode=AUTO, jakarta.persistence.nonJtaDataSource=HikariDataSource (HikariPool-1), user.country=CO, sun.java.launcher=SUN_STANDARD, sun.boot.library.path=/Library/Java/JavaVirtualMachines/jdk-17.0.1.jdk/Contents/Home/lib, sun.java.command=worker.org.gradle.process.internal.worker.GradleWorkerMain 'Gradle Test Executor 13', javax.persistence.nonJtaDataSource=HikariDataSource (HikariPool-1), hibernate.transaction.jta.platform=org.hibernate.engine.transaction.jta.platform.internal.NoJtaPlatform@1a5a4f8, http.nonProxyHosts=local|*.local|169.254/16|*.169.254/16, javax.persistence.sharedCache.mode=UNSPECIFIED, jdk.debug=release, sun.cpu.endian=little, user.home=/Users/joango, user.language=en, java.specification.vendor=Oracle Corporation, org.gradle.native=false, java.version.date=2021-10-19, java.home=/Library/Java/JavaVirtualMachines/jdk-17.0.1.jdk/Contents/Home, file.separator=/, java.vm.compressedOopsMode=Zero based, line.separator=
, hibernate.persistenceUnitName=default, java.vm.specification.vendor=Oracle Corporation, java.specification.name=Java Platform API Specification, hibernate.transaction.coordinator_class=class org.hibernate.resource.transaction.backend.jdbc.internal.JdbcResourceLocalTransactionCoordinatorBuilderImpl, jakarta.persistence.validation.mode=AUTO, hibernate.hbm2ddl.auto=create, sun.management.compiler=HotSpot 64-Bit Tiered Compilers, ftp.nonProxyHosts=local|*.local|169.254/16|*.169.254/16, java.runtime.version=17.0.1+12-LTS-39, user.name=joango, path.separator=:, os.version=13.0.1, java.runtime.name=Java(TM) SE Runtime Environment, file.encoding=UTF-8, java.vm.name=Java HotSpot(TM) 64-Bit Server VM, hibernate.show_sql=true, java.vendor.url.bug=https://bugreport.java.com/bugreport/, java.io.tmpdir=/var/folders/bq/qym1vqxd20lfzrckcmzpn1x40000gn/T/, java.version=17.0.1, hibernate.physical_naming_strategy=org.hibernate.boot.model.naming.CamelCaseToUnderscoresNamingStrategy, user.dir=/Users/joango/Dev/JavaMentoringExercises/src/main/java/spring/core, os.arch=aarch64, java.vm.specification.name=Java Virtual Machine Specification, org.gradle.internal.worker.tmpdir=/Users/joango/Dev/JavaMentoringExercises/src/main/java/spring/core/build/tmp/test/work, hibernate.boot.CfgXmlAccessService.key=org.hibernate.boot.registry.StandardServiceRegistryBuilder$1@5392aa2b, native.encoding=UTF-8, java.library.path=/Users/joango/Library/Java/Extensions:/Library/Java/Extensions:/Network/Library/Java/Extensions:/System/Library/Java/Extensions:/usr/lib/java:., java.vendor=Oracle Corporation, java.vm.info=mixed mode, sharing, java.vm.version=17.0.1+12-LTS-39, hibernate.bytecode.use_reflection_optimizer=false, sun.io.unicode.encoding=UnicodeBig, hibernate.archive.scanner=org.hibernate.boot.archive.scan.internal.DisabledScanner, hibernate.connection.datasource=HikariDataSource (HikariPool-1), socksNonProxyHosts=local|*.local|169.254/16|*.169.254/16, java.class.version=61.0}
14:49:03.645 [Test worker] DEBUG org.hibernate.internal.SessionFactoryImpl - Instantiated session factory
14:49:03.647 [HikariPool-1 connection adder] DEBUG com.zaxxer.hikari.pool.HikariPool - HikariPool-1 - Added connection conn4: url=jdbc:h2:mem:testdb user=SA
14:49:03.651 [Test worker] DEBUG org.hibernate.orm.query.plan.cache - Starting QueryPlanCache(2048)
14:49:03.659 [HikariPool-1 connection adder] DEBUG com.zaxxer.hikari.pool.HikariPool - HikariPool-1 - Added connection conn5: url=jdbc:h2:mem:testdb user=SA
14:49:03.672 [HikariPool-1 connection adder] DEBUG com.zaxxer.hikari.pool.HikariPool - HikariPool-1 - Added connection conn6: url=jdbc:h2:mem:testdb user=SA
14:49:03.685 [HikariPool-1 connection adder] DEBUG com.zaxxer.hikari.pool.HikariPool - HikariPool-1 - Added connection conn7: url=jdbc:h2:mem:testdb user=SA
14:49:03.685 [Test worker] DEBUG org.hibernate.query.sqm.function.SqmFunctionRegistry - Registered SqmFunctionTemplate [NamedSqmFunctionTemplate(max)] under max; prior registration was null
14:49:03.685 [Test worker] DEBUG org.hibernate.query.sqm.function.SqmFunctionRegistry - Registered SqmFunctionTemplate [NamedSqmFunctionTemplate(min)] under min; prior registration was null
14:49:03.686 [Test worker] DEBUG org.hibernate.query.sqm.function.SqmFunctionRegistry - Registered SqmFunctionTemplate [NamedSqmFunctionTemplate(sum)] under sum; prior registration was null
14:49:03.686 [Test worker] DEBUG org.hibernate.query.sqm.function.SqmFunctionRegistry - Registered SqmFunctionTemplate [NamedSqmFunctionTemplate(avg)] under avg; prior registration was null
14:49:03.686 [Test worker] DEBUG org.hibernate.query.sqm.function.SqmFunctionRegistry - Registered SqmFunctionTemplate [org.hibernate.dialect.function.CountFunction@633c0a61] under count; prior registration was null
14:49:03.686 [Test worker] DEBUG org.hibernate.query.sqm.function.SqmFunctionRegistry - Registered SqmFunctionTemplate [org.hibernate.dialect.function.EveryAnyEmulation@3e1c5e0d] under every; prior registration was null
14:49:03.686 [Test worker] DEBUG org.hibernate.query.sqm.function.SqmFunctionRegistry - Registered SqmFunctionTemplate [org.hibernate.dialect.function.EveryAnyEmulation@6f7a65e] under any; prior registration was null
14:49:03.686 [Test worker] DEBUG org.hibernate.query.sqm.function.SqmFunctionRegistry - Registered SqmFunctionTemplate [NamedSqmFunctionTemplate(round)] under round; prior registration was null
14:49:03.686 [Test worker] DEBUG org.hibernate.query.sqm.function.SqmFunctionRegistry - Registered SqmFunctionTemplate [NamedSqmFunctionTemplate(floor)] under floor; prior registration was null
14:49:03.686 [Test worker] DEBUG org.hibernate.query.sqm.function.SqmFunctionRegistry - Registered SqmFunctionTemplate [NamedSqmFunctionTemplate(ceiling)] under ceiling; prior registration was null
14:49:03.686 [Test worker] DEBUG org.hibernate.query.sqm.function.SqmFunctionRegistry - Registered SqmFunctionTemplate [NamedSqmFunctionTemplate(mod)] under mod; prior registration was null
14:49:03.686 [Test worker] DEBUG org.hibernate.query.sqm.function.SqmFunctionRegistry - Registered SqmFunctionTemplate [NamedSqmFunctionTemplate(abs)] under abs; prior registration was null
14:49:03.687 [Test worker] DEBUG org.hibernate.query.sqm.function.SqmFunctionRegistry - Registered SqmFunctionTemplate [NamedSqmFunctionTemplate(sign)] under sign; prior registration was null
14:49:03.687 [Test worker] DEBUG org.hibernate.query.sqm.function.SqmFunctionRegistry - Registered SqmFunctionTemplate [NamedSqmFunctionTemplate(sqrt)] under sqrt; prior registration was null
14:49:03.687 [Test worker] DEBUG org.hibernate.query.sqm.function.SqmFunctionRegistry - Registered SqmFunctionTemplate [NamedSqmFunctionTemplate(ln)] under ln; prior registration was null
14:49:03.687 [Test worker] DEBUG org.hibernate.query.sqm.function.SqmFunctionRegistry - Registered SqmFunctionTemplate [NamedSqmFunctionTemplate(exp)] under exp; prior registration was null
14:49:03.687 [Test worker] DEBUG org.hibernate.query.sqm.function.SqmFunctionRegistry - Registered SqmFunctionTemplate [NamedSqmFunctionTemplate(power)] under power; prior registration was null
14:49:03.687 [Test worker] DEBUG org.hibernate.query.sqm.function.SqmFunctionRegistry - Registered SqmFunctionTemplate [NamedSqmFunctionTemplate(sin)] under sin; prior registration was null
14:49:03.687 [Test worker] DEBUG org.hibernate.query.sqm.function.SqmFunctionRegistry - Registered SqmFunctionTemplate [NamedSqmFunctionTemplate(cos)] under cos; prior registration was null
14:49:03.687 [Test worker] DEBUG org.hibernate.query.sqm.function.SqmFunctionRegistry - Registered SqmFunctionTemplate [NamedSqmFunctionTemplate(tan)] under tan; prior registration was null
14:49:03.687 [Test worker] DEBUG org.hibernate.query.sqm.function.SqmFunctionRegistry - Registered SqmFunctionTemplate [NamedSqmFunctionTemplate(asin)] under asin; prior registration was null
14:49:03.687 [Test worker] DEBUG org.hibernate.query.sqm.function.SqmFunctionRegistry - Registered SqmFunctionTemplate [NamedSqmFunctionTemplate(acos)] under acos; prior registration was null
14:49:03.687 [Test worker] DEBUG org.hibernate.query.sqm.function.SqmFunctionRegistry - Registered SqmFunctionTemplate [NamedSqmFunctionTemplate(atan)] under atan; prior registration was null
14:49:03.687 [Test worker] DEBUG org.hibernate.query.sqm.function.SqmFunctionRegistry - Registered SqmFunctionTemplate [NamedSqmFunctionTemplate(atan2)] under atan2; prior registration was null
14:49:03.687 [Test worker] DEBUG org.hibernate.query.sqm.function.SqmFunctionRegistry - Registered SqmFunctionTemplate [NamedSqmFunctionTemplate(coalesce)] under coalesce; prior registration was null
14:49:03.687 [Test worker] DEBUG org.hibernate.query.sqm.function.SqmFunctionRegistry - Registered SqmFunctionTemplate [NamedSqmFunctionTemplate(nullif)] under nullif; prior registration was null
14:49:03.687 [Test worker] DEBUG org.hibernate.query.sqm.function.SqmFunctionRegistry - Registered SqmFunctionTemplate [NamedSqmFunctionTemplate(left)] under left; prior registration was null
14:49:03.687 [Test worker] DEBUG org.hibernate.query.sqm.function.SqmFunctionRegistry - Registered SqmFunctionTemplate [NamedSqmFunctionTemplate(right)] under right; prior registration was null
14:49:03.687 [Test worker] DEBUG org.hibernate.query.sqm.function.SqmFunctionRegistry - Registered SqmFunctionTemplate [NamedSqmFunctionTemplate(replace)] under replace; prior registration was null
14:49:03.687 [Test worker] DEBUG org.hibernate.query.sqm.function.SqmFunctionRegistry - Registered SqmFunctionTemplate [NamedSqmFunctionTemplate(concat)] under concat; prior registration was null
14:49:03.687 [Test worker] DEBUG org.hibernate.query.sqm.function.SqmFunctionRegistry - Registered SqmFunctionTemplate [NamedSqmFunctionTemplate(lower)] under lower; prior registration was null
14:49:03.687 [Test worker] DEBUG org.hibernate.query.sqm.function.SqmFunctionRegistry - Registered SqmFunctionTemplate [NamedSqmFunctionTemplate(upper)] under upper; prior registration was null
14:49:03.687 [Test worker] DEBUG org.hibernate.query.sqm.function.SqmFunctionRegistry - Registered SqmFunctionTemplate [NamedSqmFunctionTemplate(substring)] under substring; prior registration was null
14:49:03.687 [Test worker] DEBUG org.hibernate.query.sqm.function.SqmFunctionRegistry - Registered SqmFunctionTemplate [NamedSqmFunctionTemplate(locate)] under locate; prior registration was null
14:49:03.687 [Test worker] DEBUG org.hibernate.query.sqm.function.SqmFunctionRegistry - Registered SqmFunctionTemplate [NamedSqmFunctionTemplate(character_length)] under character_length; prior registration was null
14:49:03.687 [Test worker] DEBUG org.hibernate.query.sqm.function.SqmFunctionRegistry - Registering alternate key : length -> character_length
14:49:03.687 [Test worker] DEBUG org.hibernate.query.sqm.function.SqmFunctionRegistry - Registered SqmFunctionTemplate [org.hibernate.dialect.function.LocatePositionEmulation@fdf029a] under position; prior registration was null
14:49:03.688 [Test worker] DEBUG org.hibernate.query.sqm.function.SqmFunctionRegistry - Registered SqmFunctionTemplate [org.hibernate.dialect.function.InsertSubstringOverlayEmulation@31f5ffb9] under overlay; prior registration was null
14:49:03.688 [Test worker] DEBUG org.hibernate.query.sqm.function.SqmFunctionRegistry - Registered SqmFunctionTemplate [org.hibernate.dialect.function.TrimFunction@2d3768ce] under trim; prior registration was null
14:49:03.688 [Test worker] DEBUG org.hibernate.query.sqm.function.SqmFunctionRegistry - Registered SqmFunctionTemplate [org.hibernate.dialect.function.CastFunction@517d9cd5] under cast; prior registration was null
14:49:03.689 [Test worker] DEBUG org.hibernate.query.sqm.function.SqmFunctionRegistry - Registered SqmFunctionTemplate [org.hibernate.query.sqm.function.PatternBasedSqmFunctionDescriptor@34ff08c6] under collate; prior registration was null
14:49:03.689 [Test worker] DEBUG org.hibernate.query.sqm.function.SqmFunctionRegistry - Registered SqmFunctionTemplate [org.hibernate.dialect.function.ExtractFunction@35451ba6] under extract; prior registration was null
14:49:03.689 [Test worker] DEBUG org.hibernate.query.sqm.function.SqmFunctionRegistry - Registered SqmFunctionTemplate [NamedSqmFunctionTemplate(least)] under least; prior registration was null
14:49:03.689 [Test worker] DEBUG org.hibernate.query.sqm.function.SqmFunctionRegistry - Registered SqmFunctionTemplate [NamedSqmFunctionTemplate(greatest)] under greatest; prior registration was null
14:49:03.689 [Test worker] DEBUG org.hibernate.query.sqm.function.SqmFunctionRegistry - Registered SqmFunctionTemplate [org.hibernate.dialect.function.CoalesceIfnullEmulation@2a7392a3] under ifnull; prior registration was null
14:49:03.689 [Test worker] DEBUG org.hibernate.query.sqm.function.SqmFunctionRegistry - Registered SqmFunctionTemplate [NamedSqmFunctionTemplate(lpad)] under lpad; prior registration was null
14:49:03.689 [Test worker] DEBUG org.hibernate.query.sqm.function.SqmFunctionRegistry - Registered SqmFunctionTemplate [NamedSqmFunctionTemplate(rpad)] under rpad; prior registration was null
14:49:03.689 [Test worker] DEBUG org.hibernate.query.sqm.function.SqmFunctionRegistry - Registered SqmFunctionTemplate [org.hibernate.dialect.function.LpadRpadPadEmulation@5382a35f] under pad; prior registration was null
14:49:03.689 [Test worker] DEBUG org.hibernate.query.sqm.function.SqmFunctionRegistry - Registered SqmFunctionTemplate [org.hibernate.dialect.function.CastStrEmulation@4a7c72af] under str; prior registration was null
14:49:03.690 [Test worker] DEBUG org.hibernate.query.sqm.function.SqmFunctionRegistry - Registered SqmFunctionTemplate [org.hibernate.dialect.function.FormatFunction@641cea11] under format; prior registration was null
14:49:03.690 [Test worker] DEBUG org.hibernate.query.sqm.function.SqmFunctionRegistry - Registered SqmFunctionTemplate [org.hibernate.dialect.function.TimestampaddFunction@192ecf8] under timestampadd; prior registration was null
14:49:03.690 [Test worker] DEBUG org.hibernate.query.sqm.function.SqmFunctionRegistry - Registered SqmFunctionTemplate [org.hibernate.dialect.function.TimestampdiffFunction@78b2d29e] under timestampdiff; prior registration was null
14:49:03.690 [Test worker] DEBUG org.hibernate.query.sqm.function.SqmFunctionRegistry - Registering alternate key : dateadd -> timestampadd
14:49:03.690 [Test worker] DEBUG org.hibernate.query.sqm.function.SqmFunctionRegistry - Registering alternate key : datediff -> timestampdiff
14:49:03.690 [Test worker] DEBUG org.hibernate.query.sqm.function.SqmFunctionRegistry - Registered SqmFunctionTemplate [org.hibernate.dialect.function.CurrentFunction@25b402ea] under current_date; prior registration was null
14:49:03.690 [Test worker] DEBUG org.hibernate.query.sqm.function.SqmFunctionRegistry - Registered SqmFunctionTemplate [org.hibernate.dialect.function.CurrentFunction@2fccd98f] under current_time; prior registration was null
14:49:03.690 [Test worker] DEBUG org.hibernate.query.sqm.function.SqmFunctionRegistry - Registered SqmFunctionTemplate [org.hibernate.dialect.function.CurrentFunction@309e7215] under current_timestamp; prior registration was null
14:49:03.690 [Test worker] DEBUG org.hibernate.query.sqm.function.SqmFunctionRegistry - Registering alternate key : current date -> current_date
14:49:03.690 [Test worker] DEBUG org.hibernate.query.sqm.function.SqmFunctionRegistry - Registering alternate key : current time -> current_time
14:49:03.690 [Test worker] DEBUG org.hibernate.query.sqm.function.SqmFunctionRegistry - Registering alternate key : current timestamp -> current_timestamp
14:49:03.690 [Test worker] DEBUG org.hibernate.query.sqm.function.SqmFunctionRegistry - Registered SqmFunctionTemplate [org.hibernate.dialect.function.CurrentFunction@1b30b6f8] under local_date; prior registration was null
14:49:03.691 [Test worker] DEBUG org.hibernate.query.sqm.function.SqmFunctionRegistry - Registered SqmFunctionTemplate [org.hibernate.dialect.function.CurrentFunction@1e965426] under local_time; prior registration was null
14:49:03.691 [Test worker] DEBUG org.hibernate.query.sqm.function.SqmFunctionRegistry - Registered SqmFunctionTemplate [org.hibernate.dialect.function.CurrentFunction@575fe6da] under local_datetime; prior registration was null
14:49:03.691 [Test worker] DEBUG org.hibernate.query.sqm.function.SqmFunctionRegistry - Registered SqmFunctionTemplate [org.hibernate.dialect.function.CurrentFunction@149238fe] under offset_datetime; prior registration was null
14:49:03.691 [Test worker] DEBUG org.hibernate.query.sqm.function.SqmFunctionRegistry - Registering alternate key : local date -> local_date
14:49:03.691 [Test worker] DEBUG org.hibernate.query.sqm.function.SqmFunctionRegistry - Registering alternate key : local time -> local_time
14:49:03.691 [Test worker] DEBUG org.hibernate.query.sqm.function.SqmFunctionRegistry - Registering alternate key : local datetime -> local_datetime
14:49:03.691 [Test worker] DEBUG org.hibernate.query.sqm.function.SqmFunctionRegistry - Registering alternate key : offset datetime -> offset_datetime
14:49:03.691 [Test worker] DEBUG org.hibernate.query.sqm.function.SqmFunctionRegistry - Registered SqmFunctionTemplate [org.hibernate.dialect.function.CurrentFunction@a0bdbe2] under instant; prior registration was null
14:49:03.691 [Test worker] DEBUG org.hibernate.query.sqm.function.SqmFunctionRegistry - Registering alternate key : current_instant -> instant
14:49:03.691 [Test worker] DEBUG org.hibernate.query.sqm.function.SqmFunctionRegistry - Registered SqmFunctionTemplate [org.hibernate.dialect.function.SqlFunction@5f81507a] under sql; prior registration was null
14:49:03.691 [Test worker] DEBUG org.hibernate.query.sqm.function.SqmFunctionRegistry - Registered SqmFunctionTemplate [NamedSqmFunctionTemplate(max)] under max; prior registration was NamedSqmFunctionTemplate(max)
14:49:03.691 [Test worker] DEBUG org.hibernate.query.sqm.function.SqmFunctionRegistry - Registered SqmFunctionTemplate [NamedSqmFunctionTemplate(min)] under min; prior registration was NamedSqmFunctionTemplate(min)
14:49:03.691 [Test worker] DEBUG org.hibernate.query.sqm.function.SqmFunctionRegistry - Registered SqmFunctionTemplate [NamedSqmFunctionTemplate(sum)] under sum; prior registration was NamedSqmFunctionTemplate(sum)
14:49:03.691 [Test worker] DEBUG org.hibernate.query.sqm.function.SqmFunctionRegistry - Registered SqmFunctionTemplate [NamedSqmFunctionTemplate(avg)] under avg; prior registration was NamedSqmFunctionTemplate(avg)
14:49:03.691 [Test worker] DEBUG org.hibernate.query.sqm.function.SqmFunctionRegistry - Registered SqmFunctionTemplate [org.hibernate.dialect.function.CountFunction@7d7c05fa] under count; prior registration was org.hibernate.dialect.function.CountFunction@633c0a61
14:49:03.691 [Test worker] DEBUG org.hibernate.query.sqm.function.SqmFunctionRegistry - Registered SqmFunctionTemplate [org.hibernate.dialect.function.AvgFunction@34d3409d] under avg; prior registration was NamedSqmFunctionTemplate(avg)
14:49:03.691 [Test worker] DEBUG org.hibernate.query.sqm.function.SqmFunctionRegistry - Registered SqmFunctionTemplate [NamedSqmFunctionTemplate(pi)] under pi; prior registration was null
14:49:03.691 [Test worker] DEBUG org.hibernate.query.sqm.function.SqmFunctionRegistry - Registered SqmFunctionTemplate [NamedSqmFunctionTemplate(cot)] under cot; prior registration was null
14:49:03.691 [Test worker] DEBUG org.hibernate.query.sqm.function.SqmFunctionRegistry - Registered SqmFunctionTemplate [NamedSqmFunctionTemplate(radians)] under radians; prior registration was null
14:49:03.691 [Test worker] DEBUG org.hibernate.query.sqm.function.SqmFunctionRegistry - Registered SqmFunctionTemplate [NamedSqmFunctionTemplate(degrees)] under degrees; prior registration was null
14:49:03.691 [Test worker] DEBUG org.hibernate.query.sqm.function.SqmFunctionRegistry - Registered SqmFunctionTemplate [NamedSqmFunctionTemplate(log10)] under log10; prior registration was null
14:49:03.691 [Test worker] DEBUG org.hibernate.query.sqm.function.SqmFunctionRegistry - Registered SqmFunctionTemplate [NamedSqmFunctionTemplate(rand)] under rand; prior registration was null
14:49:03.691 [Test worker] DEBUG org.hibernate.query.sqm.function.SqmFunctionRegistry - Registered SqmFunctionTemplate [NamedSqmFunctionTemplate(truncate)] under truncate; prior registration was null
14:49:03.691 [Test worker] DEBUG org.hibernate.query.sqm.function.SqmFunctionRegistry - Registered SqmFunctionTemplate [NamedSqmFunctionTemplate(soundex)] under soundex; prior registration was null
14:49:03.691 [Test worker] DEBUG org.hibernate.query.sqm.function.SqmFunctionRegistry - Registered SqmFunctionTemplate [NamedSqmFunctionTemplate(translate)] under translate; prior registration was null
14:49:03.691 [Test worker] DEBUG org.hibernate.query.sqm.function.SqmFunctionRegistry - Registered SqmFunctionTemplate [NamedSqmFunctionTemplate(bitand)] under bitand; prior registration was null
14:49:03.691 [Test worker] DEBUG org.hibernate.query.sqm.function.SqmFunctionRegistry - Registered SqmFunctionTemplate [NamedSqmFunctionTemplate(bitor)] under bitor; prior registration was null
14:49:03.691 [Test worker] DEBUG org.hibernate.query.sqm.function.SqmFunctionRegistry - Registered SqmFunctionTemplate [NamedSqmFunctionTemplate(bitxor)] under bitxor; prior registration was null
14:49:03.691 [Test worker] DEBUG org.hibernate.query.sqm.function.SqmFunctionRegistry - Registered SqmFunctionTemplate [NamedSqmFunctionTemplate(bit_and)] under bit_and; prior registration was null
14:49:03.691 [Test worker] DEBUG org.hibernate.query.sqm.function.SqmFunctionRegistry - Registered SqmFunctionTemplate [NamedSqmFunctionTemplate(bit_or)] under bit_or; prior registration was null
14:49:03.691 [Test worker] DEBUG org.hibernate.query.sqm.function.SqmFunctionRegistry - Registered SqmFunctionTemplate [NamedSqmFunctionTemplate(day)] under day; prior registration was null
14:49:03.691 [Test worker] DEBUG org.hibernate.query.sqm.function.SqmFunctionRegistry - Registered SqmFunctionTemplate [NamedSqmFunctionTemplate(month)] under month; prior registration was null
14:49:03.691 [Test worker] DEBUG org.hibernate.query.sqm.function.SqmFunctionRegistry - Registered SqmFunctionTemplate [NamedSqmFunctionTemplate(year)] under year; prior registration was null
14:49:03.691 [Test worker] DEBUG org.hibernate.query.sqm.function.SqmFunctionRegistry - Registered SqmFunctionTemplate [NamedSqmFunctionTemplate(hour)] under hour; prior registration was null
14:49:03.691 [Test worker] DEBUG org.hibernate.query.sqm.function.SqmFunctionRegistry - Registered SqmFunctionTemplate [NamedSqmFunctionTemplate(minute)] under minute; prior registration was null
14:49:03.691 [Test worker] DEBUG org.hibernate.query.sqm.function.SqmFunctionRegistry - Registered SqmFunctionTemplate [NamedSqmFunctionTemplate(second)] under second; prior registration was null
14:49:03.691 [Test worker] DEBUG org.hibernate.query.sqm.function.SqmFunctionRegistry - Registered SqmFunctionTemplate [NamedSqmFunctionTemplate(microsecond)] under microsecond; prior registration was null
14:49:03.691 [Test worker] DEBUG org.hibernate.query.sqm.function.SqmFunctionRegistry - Registered SqmFunctionTemplate [NamedSqmFunctionTemplate(day_of_week)] under day_of_week; prior registration was null
14:49:03.691 [Test worker] DEBUG org.hibernate.query.sqm.function.SqmFunctionRegistry - Registered SqmFunctionTemplate [NamedSqmFunctionTemplate(day_of_month)] under day_of_month; prior registration was null
14:49:03.691 [Test worker] DEBUG org.hibernate.query.sqm.function.SqmFunctionRegistry - Registering alternate key : day -> day_of_month
14:49:03.691 [Test worker] DEBUG org.hibernate.query.sqm.function.SqmFunctionRegistry - Registered SqmFunctionTemplate [NamedSqmFunctionTemplate(day_of_year)] under day_of_year; prior registration was null
14:49:03.691 [Test worker] DEBUG org.hibernate.query.sqm.function.SqmFunctionRegistry - Registered SqmFunctionTemplate [NamedSqmFunctionTemplate(week)] under week; prior registration was null
14:49:03.691 [Test worker] DEBUG org.hibernate.query.sqm.function.SqmFunctionRegistry - Registered SqmFunctionTemplate [NamedSqmFunctionTemplate(quarter)] under quarter; prior registration was null
14:49:03.691 [Test worker] DEBUG org.hibernate.query.sqm.function.SqmFunctionRegistry - Registered SqmFunctionTemplate [NamedSqmFunctionTemplate(monthname)] under monthname; prior registration was null
14:49:03.691 [Test worker] DEBUG org.hibernate.query.sqm.function.SqmFunctionRegistry - Registered SqmFunctionTemplate [NamedSqmFunctionTemplate(dayname)] under dayname; prior registration was null
14:49:03.691 [Test worker] DEBUG org.hibernate.query.sqm.function.SqmFunctionRegistry - Registered SqmFunctionTemplate [NamedSqmFunctionTemplate(localtime)] under localtime; prior registration was null
14:49:03.691 [Test worker] DEBUG org.hibernate.query.sqm.function.SqmFunctionRegistry - Registered SqmFunctionTemplate [NamedSqmFunctionTemplate(localtimestamp)] under localtimestamp; prior registration was null
14:49:03.691 [Test worker] DEBUG org.hibernate.query.sqm.function.SqmFunctionRegistry - Registered SqmFunctionTemplate [NamedSqmFunctionTemplate(localtime)] under local_time; prior registration was org.hibernate.dialect.function.CurrentFunction@1e965426
14:49:03.691 [Test worker] DEBUG org.hibernate.query.sqm.function.SqmFunctionRegistry - Registered SqmFunctionTemplate [NamedSqmFunctionTemplate(localtimestamp)] under local_datetime; prior registration was org.hibernate.dialect.function.CurrentFunction@575fe6da
14:49:03.691 [Test worker] DEBUG org.hibernate.query.sqm.function.SqmFunctionRegistry - Registered SqmFunctionTemplate [NamedSqmFunctionTemplate(bit_length)] under bit_length; prior registration was null
14:49:03.691 [Test worker] DEBUG org.hibernate.query.sqm.function.SqmFunctionRegistry - Registered SqmFunctionTemplate [NamedSqmFunctionTemplate(octet_length)] under octet_length; prior registration was null
14:49:03.691 [Test worker] DEBUG org.hibernate.query.sqm.function.SqmFunctionRegistry - Registered SqmFunctionTemplate [NamedSqmFunctionTemplate(ascii)] under ascii; prior registration was null
14:49:03.691 [Test worker] DEBUG org.hibernate.query.sqm.function.SqmFunctionRegistry - Registered SqmFunctionTemplate [NamedSqmFunctionTemplate(octet_length)] under octet_length; prior registration was NamedSqmFunctionTemplate(octet_length)
14:49:03.691 [Test worker] DEBUG org.hibernate.query.sqm.function.SqmFunctionRegistry - Registered SqmFunctionTemplate [NamedSqmFunctionTemplate(space)] under space; prior registration was null
14:49:03.691 [Test worker] DEBUG org.hibernate.query.sqm.function.SqmFunctionRegistry - Registered SqmFunctionTemplate [NamedSqmFunctionTemplate(repeat)] under repeat; prior registration was null
14:49:03.691 [Test worker] DEBUG org.hibernate.query.sqm.function.SqmFunctionRegistry - Registered SqmFunctionTemplate [NamedSqmFunctionTemplate(char)] under char; prior registration was null
14:49:03.691 [Test worker] DEBUG org.hibernate.query.sqm.function.SqmFunctionRegistry - Registering alternate key : chr -> char
14:49:03.691 [Test worker] DEBUG org.hibernate.query.sqm.function.SqmFunctionRegistry - Registered SqmFunctionTemplate [NamedSqmFunctionTemplate(instr)] under instr; prior registration was null
14:49:03.691 [Test worker] DEBUG org.hibernate.query.sqm.function.SqmFunctionRegistry - Registered SqmFunctionTemplate [NamedSqmFunctionTemplate(substr)] under substr; prior registration was null
14:49:03.691 [Test worker] DEBUG org.hibernate.query.sqm.function.SqmFunctionRegistry - Registered SqmFunctionTemplate [org.hibernate.query.sqm.function.PatternBasedSqmFunctionDescriptor@16732340] under position; prior registration was org.hibernate.dialect.function.LocatePositionEmulation@fdf029a
14:49:03.691 [Test worker] DEBUG org.hibernate.query.sqm.function.SqmFunctionRegistry - Registered SqmFunctionTemplate [NamedSqmFunctionTemplate(ltrim)] under ltrim; prior registration was null
14:49:03.691 [Test worker] DEBUG org.hibernate.query.sqm.function.SqmFunctionRegistry - Registered SqmFunctionTemplate [NamedSqmFunctionTemplate(rtrim)] under rtrim; prior registration was null
14:49:03.691 [Test worker] DEBUG org.hibernate.query.sqm.function.SqmFunctionRegistry - Registered SqmFunctionTemplate [org.hibernate.query.sqm.function.PatternBasedSqmFunctionDescriptor@38e052b2] under concat; prior registration was NamedSqmFunctionTemplate(concat)
14:49:03.691 [Test worker] DEBUG org.hibernate.query.sqm.function.SqmFunctionRegistry - Registered SqmFunctionTemplate [NamedSqmFunctionTemplate(curtime)] under curtime; prior registration was null
14:49:03.691 [Test worker] DEBUG org.hibernate.query.sqm.function.SqmFunctionRegistry - Registered SqmFunctionTemplate [NamedSqmFunctionTemplate(curdate)] under curdate; prior registration was null
14:49:03.691 [Test worker] DEBUG org.hibernate.query.sqm.function.SqmFunctionRegistry - Registered SqmFunctionTemplate [NamedSqmFunctionTemplate(now)] under now; prior registration was null
14:49:03.692 [Test worker] DEBUG org.hibernate.query.sqm.function.SqmFunctionRegistry - Registered SqmFunctionTemplate [NamedSqmFunctionTemplate(sysdate)] under sysdate; prior registration was null
14:49:03.692 [Test worker] DEBUG org.hibernate.query.sqm.function.SqmFunctionRegistry - Registered SqmFunctionTemplate [NamedSqmFunctionTemplate(insert)] under insert; prior registration was null
14:49:03.692 [Test worker] DEBUG org.hibernate.query.sqm.function.SqmFunctionRegistry - Registered SqmFunctionTemplate [NamedSqmFunctionTemplate(bool_and)] under bool_and; prior registration was null
14:49:03.692 [Test worker] DEBUG org.hibernate.query.sqm.function.SqmFunctionRegistry - Registering alternate key : every -> bool_and
14:49:03.692 [Test worker] DEBUG org.hibernate.query.sqm.function.SqmFunctionRegistry - Registered SqmFunctionTemplate [NamedSqmFunctionTemplate(bool_or)] under bool_or; prior registration was null
14:49:03.692 [Test worker] DEBUG org.hibernate.query.sqm.function.SqmFunctionRegistry - Registering alternate key : any -> bool_or
14:49:03.692 [Test worker] DEBUG org.hibernate.query.sqm.function.SqmFunctionRegistry - Registered SqmFunctionTemplate [NamedSqmFunctionTemplate(median)] under median; prior registration was null
14:49:03.692 [Test worker] DEBUG org.hibernate.query.sqm.function.SqmFunctionRegistry - Registered SqmFunctionTemplate [NamedSqmFunctionTemplate(stddev_pop)] under stddev_pop; prior registration was null
14:49:03.692 [Test worker] DEBUG org.hibernate.query.sqm.function.SqmFunctionRegistry - Registered SqmFunctionTemplate [NamedSqmFunctionTemplate(stddev_samp)] under stddev_samp; prior registration was null
14:49:03.692 [Test worker] DEBUG org.hibernate.query.sqm.function.SqmFunctionRegistry - Registered SqmFunctionTemplate [NamedSqmFunctionTemplate(var_pop)] under var_pop; prior registration was null
14:49:03.692 [Test worker] DEBUG org.hibernate.query.sqm.function.SqmFunctionRegistry - Registered SqmFunctionTemplate [NamedSqmFunctionTemplate(var_samp)] under var_samp; prior registration was null
14:49:03.692 [Test worker] DEBUG org.hibernate.query.sqm.function.SqmFunctionRegistry - Registered SqmFunctionTemplate [org.hibernate.dialect.function.FormatFunction@7fa68ff4] under format; prior registration was org.hibernate.dialect.function.FormatFunction@641cea11
14:49:03.692 [Test worker] DEBUG org.hibernate.query.sqm.function.SqmFunctionRegistry - Registered SqmFunctionTemplate [NamedSqmFunctionTemplate(rownum)] under rownum; prior registration was null
14:49:03.692 [Test worker] DEBUG org.hibernate.query.sqm.function.SqmFunctionRegistry - Registered SqmFunctionTemplate [NamedSqmFunctionTemplate(row_number)] under row_number; prior registration was null
14:49:03.692 [Test worker] DEBUG org.hibernate.query.sqm.function.SqmFunctionRegistry - Registered SqmFunctionTemplate [NamedSqmFunctionTemplate(lag)] under lag; prior registration was null
14:49:03.692 [Test worker] DEBUG org.hibernate.query.sqm.function.SqmFunctionRegistry - Registered SqmFunctionTemplate [NamedSqmFunctionTemplate(lead)] under lead; prior registration was null
14:49:03.692 [Test worker] DEBUG org.hibernate.query.sqm.function.SqmFunctionRegistry - Registered SqmFunctionTemplate [NamedSqmFunctionTemplate(first_value)] under first_value; prior registration was null
14:49:03.692 [Test worker] DEBUG org.hibernate.query.sqm.function.SqmFunctionRegistry - Registered SqmFunctionTemplate [NamedSqmFunctionTemplate(last_value)] under last_value; prior registration was null
14:49:03.692 [Test worker] DEBUG org.hibernate.query.sqm.function.SqmFunctionRegistry - Registered SqmFunctionTemplate [NamedSqmFunctionTemplate(nth_value)] under nth_value; prior registration was null
14:49:03.692 [Test worker] DEBUG org.hibernate.query.sqm.function.SqmFunctionRegistry - Registered SqmFunctionTemplate [org.hibernate.dialect.function.ListaggFunction@4601a148] under listagg; prior registration was null
14:49:03.693 [Test worker] DEBUG org.hibernate.query.sqm.function.SqmFunctionRegistry - Registered SqmFunctionTemplate [org.hibernate.dialect.function.InverseDistributionFunction@57ed8f95] under mode; prior registration was null
14:49:03.693 [Test worker] DEBUG org.hibernate.query.sqm.function.SqmFunctionRegistry - Registered SqmFunctionTemplate [org.hibernate.dialect.function.InverseDistributionFunction@1c25deb0] under percentile_cont; prior registration was null
14:49:03.693 [Test worker] DEBUG org.hibernate.query.sqm.function.SqmFunctionRegistry - Registered SqmFunctionTemplate [org.hibernate.dialect.function.InverseDistributionFunction@1be12e05] under percentile_disc; prior registration was null
14:49:03.693 [Test worker] DEBUG org.hibernate.query.sqm.function.SqmFunctionRegistry - Registered SqmFunctionTemplate [org.hibernate.dialect.function.HypotheticalSetFunction@7d60bd5a] under rank; prior registration was null
14:49:03.693 [Test worker] DEBUG org.hibernate.query.sqm.function.SqmFunctionRegistry - Registered SqmFunctionTemplate [org.hibernate.dialect.function.HypotheticalSetFunction@43312512] under dense_rank; prior registration was null
14:49:03.693 [Test worker] DEBUG org.hibernate.query.sqm.function.SqmFunctionRegistry - Registered SqmFunctionTemplate [org.hibernate.dialect.function.HypotheticalSetFunction@13f7c165] under percent_rank; prior registration was null
14:49:03.693 [Test worker] DEBUG org.hibernate.query.sqm.function.SqmFunctionRegistry - Registered SqmFunctionTemplate [org.hibernate.dialect.function.HypotheticalSetFunction@655f92a1] under cume_dist; prior registration was null
14:49:03.694 [Test worker] DEBUG org.hibernate.HQL_FUNCTIONS - abs(NUMERIC arg)
14:49:03.694 [Test worker] DEBUG org.hibernate.HQL_FUNCTIONS - Double acos(NUMERIC arg)
14:49:03.694 [Test worker] DEBUG org.hibernate.HQL_FUNCTIONS - Boolean any(BOOLEAN arg)
14:49:03.694 [Test worker] DEBUG org.hibernate.HQL_FUNCTIONS - Integer ascii(STRING arg)
14:49:03.694 [Test worker] DEBUG org.hibernate.HQL_FUNCTIONS - Double asin(NUMERIC arg)
14:49:03.694 [Test worker] DEBUG org.hibernate.HQL_FUNCTIONS - Double atan(NUMERIC arg)
14:49:03.694 [Test worker] DEBUG org.hibernate.HQL_FUNCTIONS - Double atan2(NUMERIC arg0, NUMERIC arg1)
14:49:03.694 [Test worker] DEBUG org.hibernate.HQL_FUNCTIONS - Double avg(NUMERIC arg)
14:49:03.694 [Test worker] DEBUG org.hibernate.HQL_FUNCTIONS - bit_and(arg)
14:49:03.694 [Test worker] DEBUG org.hibernate.HQL_FUNCTIONS - Integer bit_length(STRING_OR_CLOB arg)
14:49:03.694 [Test worker] DEBUG org.hibernate.HQL_FUNCTIONS - bit_or(arg)
14:49:03.694 [Test worker] DEBUG org.hibernate.HQL_FUNCTIONS - bitand(arg0, arg1)
14:49:03.694 [Test worker] DEBUG org.hibernate.HQL_FUNCTIONS - bitor(arg0, arg1)
14:49:03.694 [Test worker] DEBUG org.hibernate.HQL_FUNCTIONS - bitxor(arg0, arg1)
14:49:03.694 [Test worker] DEBUG org.hibernate.HQL_FUNCTIONS - Boolean bool_and(BOOLEAN predicate)
14:49:03.694 [Test worker] DEBUG org.hibernate.HQL_FUNCTIONS - Boolean bool_or(BOOLEAN predicate)
14:49:03.694 [Test worker] DEBUG org.hibernate.HQL_FUNCTIONS - cast(arg as Type)
14:49:03.694 [Test worker] DEBUG org.hibernate.HQL_FUNCTIONS - ceiling(NUMERIC arg)
14:49:03.694 [Test worker] DEBUG org.hibernate.HQL_FUNCTIONS - Character char(INTEGER arg)
14:49:03.694 [Test worker] DEBUG org.hibernate.HQL_FUNCTIONS - Integer character_length(STRING_OR_CLOB arg)
14:49:03.694 [Test worker] DEBUG org.hibernate.HQL_FUNCTIONS - coalesce(arg0[, arg1[, ...]])
14:49:03.694 [Test worker] DEBUG org.hibernate.HQL_FUNCTIONS - String collate(STRING string as COLLATION collation)
14:49:03.694 [Test worker] DEBUG org.hibernate.HQL_FUNCTIONS - String concat(STRING string0[, STRING string1[, ...]])
14:49:03.694 [Test worker] DEBUG org.hibernate.HQL_FUNCTIONS - Double cos(NUMERIC arg)
14:49:03.694 [Test worker] DEBUG org.hibernate.HQL_FUNCTIONS - Double cot(NUMERIC arg)
14:49:03.694 [Test worker] DEBUG org.hibernate.HQL_FUNCTIONS - Long count([distinct ]{arg|*})
14:49:03.694 [Test worker] DEBUG org.hibernate.HQL_FUNCTIONS - Double cume_dist([arg0[, ...]])
14:49:03.694 [Test worker] DEBUG org.hibernate.HQL_FUNCTIONS - Date curdate()
14:49:03.694 [Test worker] DEBUG org.hibernate.HQL_FUNCTIONS - Date current_date
14:49:03.694 [Test worker] DEBUG org.hibernate.HQL_FUNCTIONS - Time current_time
14:49:03.694 [Test worker] DEBUG org.hibernate.HQL_FUNCTIONS - Timestamp current_timestamp
14:49:03.694 [Test worker] DEBUG org.hibernate.HQL_FUNCTIONS - Time curtime()
14:49:03.694 [Test worker] DEBUG org.hibernate.HQL_FUNCTIONS - Integer day(DATE arg)
14:49:03.694 [Test worker] DEBUG org.hibernate.HQL_FUNCTIONS - Integer day_of_month(DATE arg)
14:49:03.694 [Test worker] DEBUG org.hibernate.HQL_FUNCTIONS - Integer day_of_week(DATE arg)
14:49:03.694 [Test worker] DEBUG org.hibernate.HQL_FUNCTIONS - Integer day_of_year(DATE arg)
14:49:03.694 [Test worker] DEBUG org.hibernate.HQL_FUNCTIONS - String dayname(DATE arg)
14:49:03.694 [Test worker] DEBUG org.hibernate.HQL_FUNCTIONS - Double degrees(NUMERIC arg)
14:49:03.694 [Test worker] DEBUG org.hibernate.HQL_FUNCTIONS - Long dense_rank([arg0[, ...]])
14:49:03.694 [Test worker] DEBUG org.hibernate.HQL_FUNCTIONS - Boolean every(BOOLEAN arg)
14:49:03.694 [Test worker] DEBUG org.hibernate.HQL_FUNCTIONS - Double exp(NUMERIC arg)
14:49:03.695 [Test worker] DEBUG org.hibernate.HQL_FUNCTIONS - extract(TEMPORAL_UNIT field from TEMPORAL arg)
14:49:03.695 [Test worker] DEBUG org.hibernate.HQL_FUNCTIONS - first_valueANY value
14:49:03.695 [Test worker] DEBUG org.hibernate.HQL_FUNCTIONS - floor(NUMERIC arg)
14:49:03.695 [Test worker] DEBUG org.hibernate.HQL_FUNCTIONS - String format(TEMPORAL datetime as STRING pattern)
14:49:03.695 [Test worker] DEBUG org.hibernate.HQL_FUNCTIONS - greatest(COMPARABLE arg0, COMPARABLE arg1[, arg2[, ...]])
14:49:03.695 [Test worker] DEBUG org.hibernate.HQL_FUNCTIONS - Integer hour(TIME arg)
14:49:03.695 [Test worker] DEBUG org.hibernate.HQL_FUNCTIONS - ifnull(arg0, arg1)
14:49:03.695 [Test worker] DEBUG org.hibernate.HQL_FUNCTIONS - String insert(STRING string, INTEGER start, INTEGER length, STRING replacement)
14:49:03.695 [Test worker] DEBUG org.hibernate.HQL_FUNCTIONS - Instant instant
14:49:03.695 [Test worker] DEBUG org.hibernate.HQL_FUNCTIONS - Integer instr(STRING string, STRING pattern[, INTEGER start[, INTEGER occurrence]])
14:49:03.695 [Test worker] DEBUG org.hibernate.HQL_FUNCTIONS - lagANY value[, INTEGER offset[, ANY default]]
14:49:03.695 [Test worker] DEBUG org.hibernate.HQL_FUNCTIONS - last_valueANY value
14:49:03.695 [Test worker] DEBUG org.hibernate.HQL_FUNCTIONS - leadANY value[, INTEGER offset[, ANY default]]
14:49:03.695 [Test worker] DEBUG org.hibernate.HQL_FUNCTIONS - least(COMPARABLE arg0, COMPARABLE arg1[, arg2[, ...]])
14:49:03.695 [Test worker] DEBUG org.hibernate.HQL_FUNCTIONS - String left(STRING string, INTEGER length)
14:49:03.695 [Test worker] DEBUG org.hibernate.HQL_FUNCTIONS - String listagg(STRING arg0, STRING arg1)
14:49:03.695 [Test worker] DEBUG org.hibernate.HQL_FUNCTIONS - Double ln(NUMERIC arg)
14:49:03.695 [Test worker] DEBUG org.hibernate.HQL_FUNCTIONS - LocalDate local_date
14:49:03.695 [Test worker] DEBUG org.hibernate.HQL_FUNCTIONS - LocalDateTime local_datetime
14:49:03.695 [Test worker] DEBUG org.hibernate.HQL_FUNCTIONS - LocalTime local_time
14:49:03.695 [Test worker] DEBUG org.hibernate.HQL_FUNCTIONS - Time localtime
14:49:03.695 [Test worker] DEBUG org.hibernate.HQL_FUNCTIONS - Timestamp localtimestamp
14:49:03.695 [Test worker] DEBUG org.hibernate.HQL_FUNCTIONS - Integer locate(STRING pattern, STRING string[, INTEGER start])
14:49:03.695 [Test worker] DEBUG org.hibernate.HQL_FUNCTIONS - Double log10(NUMERIC arg)
14:49:03.695 [Test worker] DEBUG org.hibernate.HQL_FUNCTIONS - String lower(STRING string)
14:49:03.695 [Test worker] DEBUG org.hibernate.HQL_FUNCTIONS - String lpad(STRING string, INTEGER length[, STRING padding])
14:49:03.695 [Test worker] DEBUG org.hibernate.HQL_FUNCTIONS - String ltrim(STRING string)
14:49:03.695 [Test worker] DEBUG org.hibernate.HQL_FUNCTIONS - max(COMPARABLE arg)
14:49:03.695 [Test worker] DEBUG org.hibernate.HQL_FUNCTIONS - Double median(NUMERIC arg)
14:49:03.695 [Test worker] DEBUG org.hibernate.HQL_FUNCTIONS - Integer microsecond(TIME arg)
14:49:03.695 [Test worker] DEBUG org.hibernate.HQL_FUNCTIONS - min(COMPARABLE arg)
14:49:03.695 [Test worker] DEBUG org.hibernate.HQL_FUNCTIONS - Integer minute(TIME arg)
14:49:03.695 [Test worker] DEBUG org.hibernate.HQL_FUNCTIONS - Integer mod(INTEGER arg0, INTEGER arg1)
14:49:03.695 [Test worker] DEBUG org.hibernate.HQL_FUNCTIONS - mode()
14:49:03.695 [Test worker] DEBUG org.hibernate.HQL_FUNCTIONS - Integer month(DATE arg)
14:49:03.695 [Test worker] DEBUG org.hibernate.HQL_FUNCTIONS - String monthname(DATE arg)
14:49:03.695 [Test worker] DEBUG org.hibernate.HQL_FUNCTIONS - Timestamp now()
14:49:03.695 [Test worker] DEBUG org.hibernate.HQL_FUNCTIONS - nth_valueANY value, INTEGER nth
14:49:03.695 [Test worker] DEBUG org.hibernate.HQL_FUNCTIONS - nullif(arg0, arg1)
14:49:03.695 [Test worker] DEBUG org.hibernate.HQL_FUNCTIONS - Integer octet_length(STRING_OR_CLOB arg)
14:49:03.695 [Test worker] DEBUG org.hibernate.HQL_FUNCTIONS - OffsetDateTime offset_datetime
14:49:03.695 [Test worker] DEBUG org.hibernate.HQL_FUNCTIONS - String overlay(STRING string placing STRING replacement from INTEGER start[ for INTEGER length])
14:49:03.695 [Test worker] DEBUG org.hibernate.HQL_FUNCTIONS - String pad(STRING string with INTEGER length {leading|trailing}[ STRING character])
14:49:03.695 [Test worker] DEBUG org.hibernate.HQL_FUNCTIONS - Double percent_rank([arg0[, ...]])
14:49:03.695 [Test worker] DEBUG org.hibernate.HQL_FUNCTIONS - percentile_cont(NUMERIC arg)
14:49:03.695 [Test worker] DEBUG org.hibernate.HQL_FUNCTIONS - percentile_disc(NUMERIC arg)
14:49:03.695 [Test worker] DEBUG org.hibernate.HQL_FUNCTIONS - Double pi()
14:49:03.695 [Test worker] DEBUG org.hibernate.HQL_FUNCTIONS - Integer position(STRING pattern in STRING string)
14:49:03.695 [Test worker] DEBUG org.hibernate.HQL_FUNCTIONS - Double power(NUMERIC arg0, NUMERIC arg1)
14:49:03.695 [Test worker] DEBUG org.hibernate.HQL_FUNCTIONS - Integer quarter(DATE arg)
14:49:03.695 [Test worker] DEBUG org.hibernate.HQL_FUNCTIONS - Double radians(NUMERIC arg)
14:49:03.695 [Test worker] DEBUG org.hibernate.HQL_FUNCTIONS - Double rand([INTEGER seed])
14:49:03.695 [Test worker] DEBUG org.hibernate.HQL_FUNCTIONS - Long rank([arg0[, ...]])
14:49:03.695 [Test worker] DEBUG org.hibernate.HQL_FUNCTIONS - String repeat(STRING string, INTEGER times)
14:49:03.695 [Test worker] DEBUG org.hibernate.HQL_FUNCTIONS - String replace(STRING string, STRING pattern, STRING replacement)
14:49:03.695 [Test worker] DEBUG org.hibernate.HQL_FUNCTIONS - String right(STRING string, INTEGER length)
14:49:03.695 [Test worker] DEBUG org.hibernate.HQL_FUNCTIONS - round(NUMERIC arg0, INTEGER arg1)
14:49:03.695 [Test worker] DEBUG org.hibernate.HQL_FUNCTIONS - Long row_number()
14:49:03.695 [Test worker] DEBUG org.hibernate.HQL_FUNCTIONS - Long rownum()
14:49:03.695 [Test worker] DEBUG org.hibernate.HQL_FUNCTIONS - String rpad(STRING string, INTEGER length[, STRING padding])
14:49:03.695 [Test worker] DEBUG org.hibernate.HQL_FUNCTIONS - String rtrim(STRING string)
14:49:03.695 [Test worker] DEBUG org.hibernate.HQL_FUNCTIONS - Integer second(TIME arg)
14:49:03.695 [Test worker] DEBUG org.hibernate.HQL_FUNCTIONS - Integer sign(NUMERIC arg)
14:49:03.695 [Test worker] DEBUG org.hibernate.HQL_FUNCTIONS - Double sin(NUMERIC arg)
14:49:03.695 [Test worker] DEBUG org.hibernate.HQL_FUNCTIONS - String soundex(arg)
14:49:03.695 [Test worker] DEBUG org.hibernate.HQL_FUNCTIONS - String space(INTEGER arg)
14:49:03.695 [Test worker] DEBUG org.hibernate.HQL_FUNCTIONS - Object sql
14:49:03.695 [Test worker] DEBUG org.hibernate.HQL_FUNCTIONS - Double sqrt(NUMERIC arg)
14:49:03.695 [Test worker] DEBUG org.hibernate.HQL_FUNCTIONS - Double stddev_pop(NUMERIC arg)
14:49:03.695 [Test worker] DEBUG org.hibernate.HQL_FUNCTIONS - Double stddev_samp(NUMERIC arg)
14:49:03.695 [Test worker] DEBUG org.hibernate.HQL_FUNCTIONS - String str(arg)
14:49:03.695 [Test worker] DEBUG org.hibernate.HQL_FUNCTIONS - String substr(STRING string, INTEGER start[, INTEGER length])
14:49:03.695 [Test worker] DEBUG org.hibernate.HQL_FUNCTIONS - String substring(STRING string{ from|,} INTEGER start[{ for|,} INTEGER length])
14:49:03.695 [Test worker] DEBUG org.hibernate.HQL_FUNCTIONS - sum(arg)
14:49:03.695 [Test worker] DEBUG org.hibernate.HQL_FUNCTIONS - Timestamp sysdate
14:49:03.695 [Test worker] DEBUG org.hibernate.HQL_FUNCTIONS - Double tan(NUMERIC arg)
14:49:03.695 [Test worker] DEBUG org.hibernate.HQL_FUNCTIONS - timestampadd(TEMPORAL_UNIT field, INTEGER magnitude, TEMPORAL datetime)
14:49:03.695 [Test worker] DEBUG org.hibernate.HQL_FUNCTIONS - basicType@3(java.lang.Long,-5)|basicType@15(java.lang.Double,6) timestampdiff(TEMPORAL_UNIT field, TEMPORAL start, TEMPORAL end)
14:49:03.695 [Test worker] DEBUG org.hibernate.HQL_FUNCTIONS - String translate(STRING arg0, STRING arg1, STRING arg2)
14:49:03.695 [Test worker] DEBUG org.hibernate.HQL_FUNCTIONS - String trim([[{leading|trailing|both} ][STRING arg0 ]from] STRING arg1)
14:49:03.695 [Test worker] DEBUG org.hibernate.HQL_FUNCTIONS - Double truncate(NUMERIC number, INTEGER places)
14:49:03.695 [Test worker] DEBUG org.hibernate.HQL_FUNCTIONS - String upper(STRING string)
14:49:03.695 [Test worker] DEBUG org.hibernate.HQL_FUNCTIONS - Double var_pop(NUMERIC arg)
14:49:03.695 [Test worker] DEBUG org.hibernate.HQL_FUNCTIONS - Double var_samp(NUMERIC arg)
14:49:03.695 [Test worker] DEBUG org.hibernate.HQL_FUNCTIONS - Integer week(DATE arg)
14:49:03.695 [Test worker] DEBUG org.hibernate.HQL_FUNCTIONS - Integer year(DATE arg)
14:49:03.695 [Test worker] DEBUG org.hibernate.HQL_FUNCTIONS - Boolean any(BOOLEAN predicate)
14:49:03.695 [Test worker] DEBUG org.hibernate.HQL_FUNCTIONS - Character chr(INTEGER arg)
14:49:03.695 [Test worker] DEBUG org.hibernate.HQL_FUNCTIONS - Date current date
14:49:03.695 [Test worker] DEBUG org.hibernate.HQL_FUNCTIONS - Time current time
14:49:03.695 [Test worker] DEBUG org.hibernate.HQL_FUNCTIONS - Timestamp current timestamp
14:49:03.695 [Test worker] DEBUG org.hibernate.HQL_FUNCTIONS - Instant current_instant
14:49:03.695 [Test worker] DEBUG org.hibernate.HQL_FUNCTIONS - dateadd(TEMPORAL_UNIT field, INTEGER magnitude, TEMPORAL datetime)
14:49:03.695 [Test worker] DEBUG org.hibernate.HQL_FUNCTIONS - basicType@3(java.lang.Long,-5)|basicType@15(java.lang.Double,6) datediff(TEMPORAL_UNIT field, TEMPORAL start, TEMPORAL end)
14:49:03.695 [Test worker] DEBUG org.hibernate.HQL_FUNCTIONS - Integer day(DATE arg)
14:49:03.695 [Test worker] DEBUG org.hibernate.HQL_FUNCTIONS - Boolean every(BOOLEAN predicate)
14:49:03.695 [Test worker] DEBUG org.hibernate.HQL_FUNCTIONS - Integer length(STRING_OR_CLOB arg)
14:49:03.695 [Test worker] DEBUG org.hibernate.HQL_FUNCTIONS - LocalDate local date
14:49:03.695 [Test worker] DEBUG org.hibernate.HQL_FUNCTIONS - LocalDateTime local datetime
14:49:03.695 [Test worker] DEBUG org.hibernate.HQL_FUNCTIONS - LocalTime local time
14:49:03.695 [Test worker] DEBUG org.hibernate.HQL_FUNCTIONS - OffsetDateTime offset datetime
14:49:03.696 [Test worker] DEBUG org.hibernate.type.spi.TypeConfiguration$Scope - Scoping TypeConfiguration [org.hibernate.type.spi.TypeConfiguration@2e057637] to SessionFactoryImplementor [org.hibernate.internal.SessionFactoryImpl@52d01430]
14:49:03.696 [HikariPool-1 connection adder] DEBUG com.zaxxer.hikari.pool.HikariPool - HikariPool-1 - Added connection conn8: url=jdbc:h2:mem:testdb user=SA
14:49:03.709 [HikariPool-1 connection adder] DEBUG com.zaxxer.hikari.pool.HikariPool - HikariPool-1 - Added connection conn9: url=jdbc:h2:mem:testdb user=SA
14:49:03.722 [HikariPool-1 connection adder] DEBUG com.zaxxer.hikari.pool.HikariPool - HikariPool-1 - After adding stats (total=10, active=0, idle=10, waiting=0)
14:49:03.724 [Test worker] DEBUG org.hibernate.boot.internal.ClassLoaderAccessImpl - Not known whether passed class name [com.joango.model.Ticket] is safe
14:49:03.724 [Test worker] DEBUG org.hibernate.boot.internal.ClassLoaderAccessImpl - No temp ClassLoader provided; using live ClassLoader for loading potentially unsafe class : com.joango.model.Ticket
14:49:03.807 [Test worker] DEBUG org.hibernate.ormbytecode.interceptor - To-one property `com.joango.model.UserAccount#user` was mapped with LAZY + NO_PROXY but the class was not enhanced
14:49:03.807 [Test worker] DEBUG org.hibernate.ormbytecode.interceptor - To-one property `com.joango.model.UserAccount#user` was mapped with LAZY + NO_PROXY but the class was not enhanced
14:49:03.807 [Test worker] DEBUG org.hibernate.boot.internal.ClassLoaderAccessImpl - Not known whether passed class name [com.joango.model.UserAccount] is safe
14:49:03.807 [Test worker] DEBUG org.hibernate.boot.internal.ClassLoaderAccessImpl - No temp ClassLoader provided; using live ClassLoader for loading potentially unsafe class : com.joango.model.UserAccount
14:49:03.813 [Test worker] DEBUG org.hibernate.ormbytecode.interceptor - To-one property `com.joango.model.UserAccount#user` was mapped with LAZY + NO_PROXY but the class was not enhanced
14:49:03.814 [Test worker] DEBUG org.hibernate.boot.internal.ClassLoaderAccessImpl - Not known whether passed class name [com.joango.model.Event] is safe
14:49:03.814 [Test worker] DEBUG org.hibernate.boot.internal.ClassLoaderAccessImpl - No temp ClassLoader provided; using live ClassLoader for loading potentially unsafe class : com.joango.model.Event
14:49:03.819 [Test worker] DEBUG org.hibernate.ormbytecode.interceptor - To-one property `com.joango.model.User#userAccount` was mapped with LAZY + NO_PROXY but the class was not enhanced
14:49:03.819 [Test worker] DEBUG org.hibernate.ormbytecode.interceptor - To-one property `com.joango.model.User#userAccount` was mapped with LAZY + NO_PROXY but the class was not enhanced
14:49:03.819 [Test worker] DEBUG org.hibernate.boot.internal.ClassLoaderAccessImpl - Not known whether passed class name [com.joango.model.User] is safe
14:49:03.819 [Test worker] DEBUG org.hibernate.boot.internal.ClassLoaderAccessImpl - No temp ClassLoader provided; using live ClassLoader for loading potentially unsafe class : com.joango.model.User
14:49:03.823 [Test worker] DEBUG org.hibernate.ormbytecode.interceptor - To-one property `com.joango.model.User#userAccount` was mapped with LAZY + NO_PROXY but the class was not enhanced
14:49:03.834 [Test worker] DEBUG org.hibernate.orm.model.mapping.creation - Starting post-init callbacks
14:49:03.834 [Test worker] DEBUG org.hibernate.orm.model.mapping.creation - Starting PostInitCallbackEntry : Entity(com.joango.model.Ticket) `staticFetchableList` generator
14:49:03.834 [Test worker] DEBUG org.hibernate.orm.model.mapping.creation - Starting PostInitCallbackEntry : To-one key - NavigableRole[com.joango.model.UserAccount.user]
14:49:03.836 [Test worker] DEBUG org.hibernate.orm.model.mapping.creation - Starting PostInitCallbackEntry : Entity(com.joango.model.UserAccount) `staticFetchableList` generator
14:49:03.836 [Test worker] DEBUG org.hibernate.orm.model.mapping.creation - Starting PostInitCallbackEntry : Entity(com.joango.model.Event) `staticFetchableList` generator
14:49:03.836 [Test worker] DEBUG org.hibernate.orm.model.mapping.creation - Starting PostInitCallbackEntry : To-one key - NavigableRole[com.joango.model.User.userAccount]
14:49:03.836 [Test worker] DEBUG org.hibernate.orm.model.mapping.creation - Starting PostInitCallbackEntry : Entity(com.joango.model.User) `staticFetchableList` generator
14:49:03.840 [Test worker] DEBUG org.hibernate.persister.entity.AbstractEntityPersister - Static SQL for entity: com.joango.model.Ticket
14:49:03.840 [Test worker] DEBUG org.hibernate.persister.entity.AbstractEntityPersister -  Version select: select id from ticket where id =?
14:49:03.840 [Test worker] DEBUG org.hibernate.persister.entity.AbstractEntityPersister -  Insert 0: insert into ticket (category, event_id, place, user_id, id) values (?, ?, ?, ?, ?)
14:49:03.840 [Test worker] DEBUG org.hibernate.persister.entity.AbstractEntityPersister -  Update 0: update ticket set category=?, event_id=?, place=?, user_id=? where id=?
14:49:03.840 [Test worker] DEBUG org.hibernate.persister.entity.AbstractEntityPersister -  Delete 0: delete from ticket where id=?
14:49:03.840 [Test worker] DEBUG org.hibernate.persister.entity.AbstractEntityPersister -  Identity insert: insert into ticket (id, category, event_id, place, user_id) values (default, ?, ?, ?, ?)
14:49:03.849 [Test worker] DEBUG org.hibernate.orm.sql.ast.create - Created new SQL alias : t1_0
14:49:03.850 [Test worker] DEBUG org.hibernate.orm.sql.ast.create - Registration of TableGroup [StandardTableGroup(com.joango.model.Ticket)] with identifierForTableGroup [com.joango.model.Ticket] for NavigablePath [com.joango.model.Ticket] 
14:49:03.860 [Test worker] DEBUG org.hibernate.orm.results.graph.AST - DomainResult Graph:
 \-EntityResultImpl [com.joango.model.Ticket]
 |  +-BasicFetch [com.joango.model.Ticket.category]
 |  +-BasicFetch [com.joango.model.Ticket.eventId]
 |  +-BasicFetch [com.joango.model.Ticket.place]
 |  \-BasicFetch [com.joango.model.Ticket.userId]

14:49:03.861 [Test worker] DEBUG org.hibernate.orm.sql.ast.tree - SQL AST Tree:%n    SelectStatement {
      FromClause {
        StandardTableGroup (t1 : com.joango.model.Ticket) {
          primaryTableReference : ticket as t1_0
        }
      }
    }

14:49:03.863 [Test worker] DEBUG org.hibernate.persister.entity.AbstractEntityPersister - Static SQL for entity: com.joango.model.UserAccount
14:49:03.863 [Test worker] DEBUG org.hibernate.persister.entity.AbstractEntityPersister -  Version select: select id from user_account where id =?
14:49:03.863 [Test worker] DEBUG org.hibernate.persister.entity.AbstractEntityPersister -  Insert 0: insert into user_account (user_id, user_balance, id) values (?, ?, ?)
14:49:03.863 [Test worker] DEBUG org.hibernate.persister.entity.AbstractEntityPersister -  Update 0: update user_account set user_id=?, user_balance=? where id=?
14:49:03.863 [Test worker] DEBUG org.hibernate.persister.entity.AbstractEntityPersister -  Delete 0: delete from user_account where id=?
14:49:03.863 [Test worker] DEBUG org.hibernate.persister.entity.AbstractEntityPersister -  Identity insert: insert into user_account (id, user_id, user_balance) values (default, ?, ?)
14:49:03.863 [Test worker] DEBUG org.hibernate.orm.sql.ast.create - Created new SQL alias : u1_0
14:49:03.863 [Test worker] DEBUG org.hibernate.orm.sql.ast.create - Registration of TableGroup [StandardTableGroup(com.joango.model.UserAccount)] with identifierForTableGroup [com.joango.model.UserAccount] for NavigablePath [com.joango.model.UserAccount] 
14:49:03.864 [Test worker] DEBUG org.hibernate.orm.sql.ast.create - Registration of TableGroup [org.hibernate.sql.ast.tree.from.LazyTableGroup@3fe21d0e] with identifierForTableGroup [com.joango.model.UserAccount.user] for NavigablePath [com.joango.model.UserAccount.user] 
14:49:03.865 [Test worker] DEBUG org.hibernate.orm.sql.ast.create - Created new SQL alias : u2_0
14:49:03.866 [Test worker] DEBUG org.hibernate.orm.results.graph.AST - DomainResult Graph:
 \-EntityResultImpl [com.joango.model.UserAccount]
 |  +-EntityFetchJoinedImpl [com.joango.model.UserAccount.user]
 |  \-BasicFetch [com.joango.model.UserAccount.userBalance]

14:49:03.866 [Test worker] DEBUG org.hibernate.orm.sql.ast.tree - SQL AST Tree:%n    SelectStatement {
      FromClause {
        StandardTableGroup (u1 : com.joango.model.UserAccount) {
          primaryTableReference : user_account as u1_0
          TableGroupJoins {
            left  join LazyTableGroup (u2 : com.joango.model.UserAccount.user) {
              primaryTableReference : user as u2_0
            }
          }
        }
      }
    }

14:49:03.867 [Test worker] DEBUG org.hibernate.persister.entity.AbstractEntityPersister - Static SQL for entity: com.joango.model.Event
14:49:03.867 [Test worker] DEBUG org.hibernate.persister.entity.AbstractEntityPersister -  Version select: select id from event where id =?
14:49:03.867 [Test worker] DEBUG org.hibernate.persister.entity.AbstractEntityPersister -  Insert 0: insert into event (date, ticket_price, title, id) values (?, ?, ?, ?)
14:49:03.867 [Test worker] DEBUG org.hibernate.persister.entity.AbstractEntityPersister -  Update 0: update event set date=?, ticket_price=?, title=? where id=?
14:49:03.867 [Test worker] DEBUG org.hibernate.persister.entity.AbstractEntityPersister -  Delete 0: delete from event where id=?
14:49:03.867 [Test worker] DEBUG org.hibernate.persister.entity.AbstractEntityPersister -  Identity insert: insert into event (id, date, ticket_price, title) values (default, ?, ?, ?)
14:49:03.867 [Test worker] DEBUG org.hibernate.orm.sql.ast.create - Created new SQL alias : e1_0
14:49:03.867 [Test worker] DEBUG org.hibernate.orm.sql.ast.create - Registration of TableGroup [StandardTableGroup(com.joango.model.Event)] with identifierForTableGroup [com.joango.model.Event] for NavigablePath [com.joango.model.Event] 
14:49:03.867 [Test worker] DEBUG org.hibernate.orm.results.graph.AST - DomainResult Graph:
 \-EntityResultImpl [com.joango.model.Event]
 |  +-BasicFetch [com.joango.model.Event.date]
 |  +-BasicFetch [com.joango.model.Event.ticketPrice]
 |  \-BasicFetch [com.joango.model.Event.title]

14:49:03.867 [Test worker] DEBUG org.hibernate.orm.sql.ast.tree - SQL AST Tree:%n    SelectStatement {
      FromClause {
        StandardTableGroup (e1 : com.joango.model.Event) {
          primaryTableReference : event as e1_0
        }
      }
    }

14:49:03.867 [Test worker] DEBUG org.hibernate.persister.entity.AbstractEntityPersister - Static SQL for entity: com.joango.model.User
14:49:03.867 [Test worker] DEBUG org.hibernate.persister.entity.AbstractEntityPersister -  Version select: select id from user where id =?
14:49:03.867 [Test worker] DEBUG org.hibernate.persister.entity.AbstractEntityPersister -  Insert 0: insert into user (email, name, id) values (?, ?, ?)
14:49:03.867 [Test worker] DEBUG org.hibernate.persister.entity.AbstractEntityPersister -  Update 0: update user set email=?, name=? where id=?
14:49:03.867 [Test worker] DEBUG org.hibernate.persister.entity.AbstractEntityPersister -  Delete 0: delete from user where id=?
14:49:03.867 [Test worker] DEBUG org.hibernate.persister.entity.AbstractEntityPersister -  Identity insert: insert into user (id, email, name) values (default, ?, ?)
14:49:03.867 [Test worker] DEBUG org.hibernate.orm.sql.ast.create - Created new SQL alias : u1_0
14:49:03.867 [Test worker] DEBUG org.hibernate.orm.sql.ast.create - Registration of TableGroup [StandardTableGroup(com.joango.model.User)] with identifierForTableGroup [com.joango.model.User] for NavigablePath [com.joango.model.User] 
14:49:03.867 [Test worker] DEBUG org.hibernate.orm.sql.ast.create - Registration of TableGroup [org.hibernate.sql.ast.tree.from.LazyTableGroup@742aa00a] with identifierForTableGroup [com.joango.model.User.userAccount] for NavigablePath [com.joango.model.User.userAccount] 
14:49:03.867 [Test worker] DEBUG org.hibernate.orm.sql.ast.create - Created new SQL alias : u2_0
14:49:03.867 [Test worker] DEBUG org.hibernate.orm.results.graph.AST - DomainResult Graph:
 \-EntityResultImpl [com.joango.model.User]
 |  +-BasicFetch [com.joango.model.User.email]
 |  +-BasicFetch [com.joango.model.User.name]
 |  \-EntityFetchJoinedImpl [com.joango.model.User.userAccount]

14:49:03.867 [Test worker] DEBUG org.hibernate.orm.sql.ast.tree - SQL AST Tree:%n    SelectStatement {
      FromClause {
        StandardTableGroup (u1 : com.joango.model.User) {
          primaryTableReference : user as u1_0
          TableGroupJoins {
            left  join LazyTableGroup (u2 : com.joango.model.User.userAccount) {
              primaryTableReference : user_account as u2_0
            }
          }
        }
      }
    }

14:49:03.876 [Test worker] DEBUG org.hibernate.query.named.NamedObjectRepository - Checking 0 named HQL queries
14:49:03.876 [Test worker] DEBUG org.hibernate.query.named.NamedObjectRepository - Checking 0 named SQL queries
14:49:03.883 [Test worker] DEBUG org.hibernate.SQL - drop table if exists event cascade 
Hibernate: drop table if exists event cascade 
14:49:03.886 [Test worker] DEBUG org.hibernate.SQL - drop table if exists ticket cascade 
Hibernate: drop table if exists ticket cascade 
14:49:03.886 [Test worker] DEBUG org.hibernate.SQL - drop table if exists user cascade 
Hibernate: drop table if exists user cascade 
14:49:03.886 [Test worker] DEBUG org.hibernate.SQL - drop table if exists user_account cascade 
Hibernate: drop table if exists user_account cascade 
14:49:03.887 [Test worker] DEBUG org.hibernate.SQL - create table event (id bigint generated by default as identity, date timestamp(6), ticket_price integer, title varchar(255), primary key (id))
Hibernate: create table event (id bigint generated by default as identity, date timestamp(6), ticket_price integer, title varchar(255), primary key (id))
14:49:03.891 [Test worker] DEBUG org.hibernate.SQL - create table ticket (id bigint generated by default as identity, category varchar(255), event_id bigint, place integer, user_id bigint, primary key (id))
Hibernate: create table ticket (id bigint generated by default as identity, category varchar(255), event_id bigint, place integer, user_id bigint, primary key (id))
14:49:03.892 [Test worker] DEBUG org.hibernate.SQL - create table user (id bigint generated by default as identity, email varchar(255), name varchar(255), primary key (id))
Hibernate: create table user (id bigint generated by default as identity, email varchar(255), name varchar(255), primary key (id))
14:49:03.892 [Test worker] DEBUG org.hibernate.SQL - create table user_account (id bigint generated by default as identity, user_balance integer, user_id bigint, primary key (id))
Hibernate: create table user_account (id bigint generated by default as identity, user_balance integer, user_id bigint, primary key (id))
14:49:03.892 [Test worker] DEBUG org.hibernate.SQL - alter table if exists user_account add constraint FK4qaqge5ewvmfuwsp5eddfr4r2 foreign key (user_id) references user
Hibernate: alter table if exists user_account add constraint FK4qaqge5ewvmfuwsp5eddfr4r2 foreign key (user_id) references user
14:49:03.898 [Test worker] INFO org.hibernate.engine.transaction.jta.platform.internal.JtaPlatformInitiator - HHH000490: Using JtaPlatform implementation: [org.hibernate.engine.transaction.jta.platform.internal.NoJtaPlatform]
14:49:03.900 [Test worker] DEBUG org.hibernate.service.internal.SessionFactoryServiceRegistryImpl - EventListenerRegistry access via ServiceRegistry is deprecated.  Use `sessionFactory.getEventEngine().getListenerRegistry()` instead
14:49:03.900 [Test worker] DEBUG org.hibernate.event.internal.EntityCopyObserverFactoryInitiator - Configured EntityCopyObserver strategy: disallow
14:49:03.902 [Test worker] DEBUG org.hibernate.internal.SessionFactoryRegistry - Initializing SessionFactoryRegistry : org.hibernate.internal.SessionFactoryRegistry@756030e2
14:49:03.902 [Test worker] DEBUG org.hibernate.internal.SessionFactoryRegistry - Registering SessionFactory: d91e891a-13c9-4f18-b7c5-0b36d24575f2 (<unnamed>)
14:49:03.902 [Test worker] DEBUG org.hibernate.internal.SessionFactoryRegistry - Not binding SessionFactory to JNDI, no JNDI name configured
14:49:03.902 [Test worker] INFO org.springframework.orm.jpa.LocalContainerEntityManagerFactoryBean - Initialized JPA EntityManagerFactory for persistence unit 'default'
14:49:03.904 [Test worker] DEBUG org.springframework.beans.factory.support.DefaultListableBeanFactory - Creating shared instance of singleton bean 'application'
14:49:03.905 [Test worker] DEBUG org.springframework.beans.factory.support.DefaultListableBeanFactory - Creating shared instance of singleton bean 'eventController'
14:49:03.908 [Test worker] DEBUG org.springframework.beans.factory.support.DefaultListableBeanFactory - Creating shared instance of singleton bean 'bookingFacadeImpl'
14:49:03.908 [Test worker] DEBUG org.springframework.beans.factory.support.DefaultListableBeanFactory - Creating shared instance of singleton bean 'userService'
14:49:03.909 [Test worker] DEBUG org.springframework.beans.factory.support.DefaultListableBeanFactory - Creating shared instance of singleton bean 'userRepository'
14:49:03.912 [Test worker] DEBUG org.springframework.beans.factory.support.DefaultListableBeanFactory - Creating shared instance of singleton bean 'jpa.named-queries#2'
14:49:03.913 [Test worker] DEBUG org.springframework.beans.factory.support.DefaultListableBeanFactory - Creating shared instance of singleton bean 'jpa.UserRepository.fragments#0'
14:49:03.915 [Test worker] DEBUG org.springframework.beans.factory.support.DefaultListableBeanFactory - Creating shared instance of singleton bean 'jpaSharedEM_entityManagerFactory'
14:49:03.925 [Test worker] DEBUG org.springframework.beans.factory.support.DefaultListableBeanFactory - Creating shared instance of singleton bean 'jpaMappingContext'
14:49:03.925 [Test worker] DEBUG org.springframework.data.jpa.repository.config.JpaMetamodelMappingContextFactoryBean - Initializing JpaMetamodelMappingContext…
14:49:03.931 [Test worker] DEBUG org.springframework.data.jpa.repository.config.JpaMetamodelMappingContextFactoryBean - Finished initializing JpaMetamodelMappingContext
14:49:03.961 [Test worker] DEBUG org.springframework.orm.jpa.SharedEntityManagerCreator$SharedEntityManagerInvocationHandler - Creating new EntityManager for shared EntityManager invocation
14:49:03.977 [Test worker] DEBUG org.hibernate.stat.internal.StatisticsInitiator - Statistics initialized [enabled=false]
14:49:03.979 [Test worker] DEBUG org.springframework.orm.jpa.SharedEntityManagerCreator$SharedEntityManagerInvocationHandler - Creating new EntityManager for shared EntityManager invocation
14:49:03.995 [Test worker] DEBUG org.springframework.data.repository.core.support.RepositoryFactorySupport - Initializing repository instance for com.joango.repository.UserRepository…
14:49:04.003 [Test worker] DEBUG org.springframework.orm.jpa.SharedEntityManagerCreator$SharedEntityManagerInvocationHandler - Creating new EntityManager for shared EntityManager invocation
14:49:04.038 [Test worker] DEBUG org.springframework.data.jpa.repository.query.NamedQuery - Looking up named query User.getUserByEmail
14:49:04.040 [Test worker] DEBUG org.hibernate.resource.transaction.backend.jdbc.internal.JdbcResourceLocalTransactionCoordinatorImpl - JDBC transaction marked for rollback-only (exception provided for stack trace)
java.lang.Exception: exception just for purpose of providing stack trace
	at org.hibernate.resource.transaction.backend.jdbc.internal.JdbcResourceLocalTransactionCoordinatorImpl$TransactionDriverControlImpl.markRollbackOnly(JdbcResourceLocalTransactionCoordinatorImpl.java:324)
	at org.hibernate.internal.AbstractSharedSessionContract.buildNamedQuery(AbstractSharedSessionContract.java:1003)
	at org.hibernate.internal.AbstractSharedSessionContract.createNamedQuery(AbstractSharedSessionContract.java:866)
	at org.hibernate.internal.AbstractSharedSessionContract.createNamedQuery(AbstractSharedSessionContract.java:126)
	at java.base/jdk.internal.reflect.NativeMethodAccessorImpl.invoke0(Native Method)
	at java.base/jdk.internal.reflect.NativeMethodAccessorImpl.invoke(NativeMethodAccessorImpl.java:77)
	at java.base/jdk.internal.reflect.DelegatingMethodAccessorImpl.invoke(DelegatingMethodAccessorImpl.java:43)
	at java.base/java.lang.reflect.Method.invoke(Method.java:568)
	at org.springframework.orm.jpa.ExtendedEntityManagerCreator$ExtendedEntityManagerInvocationHandler.invoke(ExtendedEntityManagerCreator.java:360)
	at jdk.proxy3/jdk.proxy3.$Proxy118.createNamedQuery(Unknown Source)
	at org.springframework.data.jpa.repository.query.NamedQuery.hasNamedQuery(NamedQuery.java:115)
	at org.springframework.data.jpa.repository.query.NamedQuery.lookupFrom(NamedQuery.java:144)
	at org.springframework.data.jpa.repository.query.JpaQueryLookupStrategy$DeclaredQueryLookupStrategy.resolveQuery(JpaQueryLookupStrategy.java:180)
	at org.springframework.data.jpa.repository.query.JpaQueryLookupStrategy$CreateIfNotFoundQueryLookupStrategy.resolveQuery(JpaQueryLookupStrategy.java:252)
	at org.springframework.data.jpa.repository.query.JpaQueryLookupStrategy$AbstractQueryLookupStrategy.resolveQuery(JpaQueryLookupStrategy.java:95)
	at org.springframework.data.repository.core.support.QueryExecutorMethodInterceptor.lookupQuery(QueryExecutorMethodInterceptor.java:111)
	at org.springframework.data.repository.core.support.QueryExecutorMethodInterceptor.mapMethodsToQuery(QueryExecutorMethodInterceptor.java:99)
	at org.springframework.data.repository.core.support.QueryExecutorMethodInterceptor.lambda$new$0(QueryExecutorMethodInterceptor.java:88)
	at java.base/java.util.Optional.map(Optional.java:260)
	at org.springframework.data.repository.core.support.QueryExecutorMethodInterceptor.<init>(QueryExecutorMethodInterceptor.java:88)
	at org.springframework.data.repository.core.support.RepositoryFactorySupport.getRepository(RepositoryFactorySupport.java:357)
	at org.springframework.data.repository.core.support.RepositoryFactoryBeanSupport.lambda$afterPropertiesSet$5(RepositoryFactoryBeanSupport.java:279)
	at org.springframework.data.util.Lazy.getNullable(Lazy.java:229)
	at org.springframework.data.util.Lazy.get(Lazy.java:113)
	at org.springframework.data.repository.core.support.RepositoryFactoryBeanSupport.afterPropertiesSet(RepositoryFactoryBeanSupport.java:285)
	at org.springframework.data.jpa.repository.support.JpaRepositoryFactoryBean.afterPropertiesSet(JpaRepositoryFactoryBean.java:132)
	at org.springframework.beans.factory.support.AbstractAutowireCapableBeanFactory.invokeInitMethods(AbstractAutowireCapableBeanFactory.java:1797)
	at org.springframework.beans.factory.support.AbstractAutowireCapableBeanFactory.initializeBean(AbstractAutowireCapableBeanFactory.java:1747)
	at org.springframework.beans.factory.support.AbstractAutowireCapableBeanFactory.doCreateBean(AbstractAutowireCapableBeanFactory.java:599)
	at org.springframework.beans.factory.support.AbstractAutowireCapableBeanFactory.createBean(AbstractAutowireCapableBeanFactory.java:521)
	at org.springframework.beans.factory.support.AbstractBeanFactory.lambda$doGetBean$0(AbstractBeanFactory.java:326)
	at org.springframework.beans.factory.support.DefaultSingletonBeanRegistry.getSingleton(DefaultSingletonBeanRegistry.java:234)
	at org.springframework.beans.factory.support.AbstractBeanFactory.doGetBean(AbstractBeanFactory.java:324)
	at org.springframework.beans.factory.support.AbstractBeanFactory.getBean(AbstractBeanFactory.java:200)
	at org.springframework.beans.factory.config.DependencyDescriptor.resolveCandidate(DependencyDescriptor.java:254)
	at org.springframework.beans.factory.support.DefaultListableBeanFactory.doResolveDependency(DefaultListableBeanFactory.java:1405)
	at org.springframework.beans.factory.support.DefaultListableBeanFactory.resolveDependency(DefaultListableBeanFactory.java:1325)
	at org.springframework.beans.factory.annotation.AutowiredAnnotationBeanPostProcessor$AutowiredFieldElement.resolveFieldValue(AutowiredAnnotationBeanPostProcessor.java:709)
	at org.springframework.beans.factory.annotation.AutowiredAnnotationBeanPostProcessor$AutowiredFieldElement.inject(AutowiredAnnotationBeanPostProcessor.java:692)
	at org.springframework.beans.factory.annotation.InjectionMetadata.inject(InjectionMetadata.java:127)
	at org.springframework.beans.factory.annotation.AutowiredAnnotationBeanPostProcessor.postProcessProperties(AutowiredAnnotationBeanPostProcessor.java:481)
	at org.springframework.beans.factory.support.AbstractAutowireCapableBeanFactory.populateBean(AbstractAutowireCapableBeanFactory.java:1397)
	at org.springframework.beans.factory.support.AbstractAutowireCapableBeanFactory.doCreateBean(AbstractAutowireCapableBeanFactory.java:598)
	at org.springframework.beans.factory.support.AbstractAutowireCapableBeanFactory.createBean(AbstractAutowireCapableBeanFactory.java:521)
	at org.springframework.beans.factory.support.AbstractBeanFactory.lambda$doGetBean$0(AbstractBeanFactory.java:326)
	at org.springframework.beans.factory.support.DefaultSingletonBeanRegistry.getSingleton(DefaultSingletonBeanRegistry.java:234)
	at org.springframework.beans.factory.support.AbstractBeanFactory.doGetBean(AbstractBeanFactory.java:324)
	at org.springframework.beans.factory.support.AbstractBeanFactory.getBean(AbstractBeanFactory.java:200)
	at org.springframework.beans.factory.config.DependencyDescriptor.resolveCandidate(DependencyDescriptor.java:254)
	at org.springframework.beans.factory.support.DefaultListableBeanFactory.doResolveDependency(DefaultListableBeanFactory.java:1405)
	at org.springframework.beans.factory.support.DefaultListableBeanFactory.resolveDependency(DefaultListableBeanFactory.java:1325)
	at org.springframework.beans.factory.support.ConstructorResolver.resolveAutowiredArgument(ConstructorResolver.java:885)
	at org.springframework.beans.factory.support.ConstructorResolver.createArgumentArray(ConstructorResolver.java:789)
	at org.springframework.beans.factory.support.ConstructorResolver.autowireConstructor(ConstructorResolver.java:245)
	at org.springframework.beans.factory.support.AbstractAutowireCapableBeanFactory.autowireConstructor(AbstractAutowireCapableBeanFactory.java:1344)
	at org.springframework.beans.factory.support.AbstractAutowireCapableBeanFactory.createBeanInstance(AbstractAutowireCapableBeanFactory.java:1188)
	at org.springframework.beans.factory.support.AbstractAutowireCapableBeanFactory.doCreateBean(AbstractAutowireCapableBeanFactory.java:561)
	at org.springframework.beans.factory.support.AbstractAutowireCapableBeanFactory.createBean(AbstractAutowireCapableBeanFactory.java:521)
	at org.springframework.beans.factory.support.AbstractBeanFactory.lambda$doGetBean$0(AbstractBeanFactory.java:326)
	at org.springframework.beans.factory.support.DefaultSingletonBeanRegistry.getSingleton(DefaultSingletonBeanRegistry.java:234)
	at org.springframework.beans.factory.support.AbstractBeanFactory.doGetBean(AbstractBeanFactory.java:324)
	at org.springframework.beans.factory.support.AbstractBeanFactory.getBean(AbstractBeanFactory.java:200)
	at org.springframework.beans.factory.config.DependencyDescriptor.resolveCandidate(DependencyDescriptor.java:254)
	at org.springframework.beans.factory.support.DefaultListableBeanFactory.doResolveDependency(DefaultListableBeanFactory.java:1405)
	at org.springframework.beans.factory.support.DefaultListableBeanFactory.resolveDependency(DefaultListableBeanFactory.java:1325)
	at org.springframework.beans.factory.annotation.AutowiredAnnotationBeanPostProcessor$AutowiredFieldElement.resolveFieldValue(AutowiredAnnotationBeanPostProcessor.java:709)
	at org.springframework.beans.factory.annotation.AutowiredAnnotationBeanPostProcessor$AutowiredFieldElement.inject(AutowiredAnnotationBeanPostProcessor.java:692)
	at org.springframework.beans.factory.annotation.InjectionMetadata.inject(InjectionMetadata.java:127)
	at org.springframework.beans.factory.annotation.AutowiredAnnotationBeanPostProcessor.postProcessProperties(AutowiredAnnotationBeanPostProcessor.java:481)
	at org.springframework.beans.factory.support.AbstractAutowireCapableBeanFactory.populateBean(AbstractAutowireCapableBeanFactory.java:1397)
	at org.springframework.beans.factory.support.AbstractAutowireCapableBeanFactory.doCreateBean(AbstractAutowireCapableBeanFactory.java:598)
	at org.springframework.beans.factory.support.AbstractAutowireCapableBeanFactory.createBean(AbstractAutowireCapableBeanFactory.java:521)
	at org.springframework.beans.factory.support.AbstractBeanFactory.lambda$doGetBean$0(AbstractBeanFactory.java:326)
	at org.springframework.beans.factory.support.DefaultSingletonBeanRegistry.getSingleton(DefaultSingletonBeanRegistry.java:234)
	at org.springframework.beans.factory.support.AbstractBeanFactory.doGetBean(AbstractBeanFactory.java:324)
	at org.springframework.beans.factory.support.AbstractBeanFactory.getBean(AbstractBeanFactory.java:200)
	at org.springframework.beans.factory.support.DefaultListableBeanFactory.preInstantiateSingletons(DefaultListableBeanFactory.java:961)
	at org.springframework.context.support.AbstractApplicationContext.finishBeanFactoryInitialization(AbstractApplicationContext.java:915)
	at org.springframework.context.support.AbstractApplicationContext.refresh(AbstractApplicationContext.java:584)
	at org.springframework.test.context.support.AbstractGenericContextLoader.loadContext(AbstractGenericContextLoader.java:221)
	at org.springframework.test.context.support.AbstractGenericContextLoader.loadContext(AbstractGenericContextLoader.java:110)
	at org.springframework.test.context.cache.DefaultCacheAwareContextLoaderDelegate.loadContextInternal(DefaultCacheAwareContextLoaderDelegate.java:184)
	at org.springframework.test.context.cache.DefaultCacheAwareContextLoaderDelegate.loadContext(DefaultCacheAwareContextLoaderDelegate.java:118)
	at org.springframework.test.context.support.DefaultTestContext.getApplicationContext(DefaultTestContext.java:127)
	at org.springframework.test.context.web.ServletTestExecutionListener.setUpRequestContextIfNecessary(ServletTestExecutionListener.java:191)
	at org.springframework.test.context.web.ServletTestExecutionListener.prepareTestInstance(ServletTestExecutionListener.java:130)
	at org.springframework.test.context.TestContextManager.prepareTestInstance(TestContextManager.java:241)
	at org.springframework.test.context.junit.jupiter.SpringExtension.postProcessTestInstance(SpringExtension.java:138)
	at org.junit.jupiter.engine.descriptor.ClassBasedTestDescriptor.lambda$invokeTestInstancePostProcessors$10(ClassBasedTestDescriptor.java:377)
	at org.junit.jupiter.engine.descriptor.ClassBasedTestDescriptor.executeAndMaskThrowable(ClassBasedTestDescriptor.java:382)
	at org.junit.jupiter.engine.descriptor.ClassBasedTestDescriptor.lambda$invokeTestInstancePostProcessors$11(ClassBasedTestDescriptor.java:377)
	at java.base/java.util.stream.ReferencePipeline$3$1.accept(ReferencePipeline.java:197)
	at java.base/java.util.stream.ReferencePipeline$2$1.accept(ReferencePipeline.java:179)
	at java.base/java.util.ArrayList$ArrayListSpliterator.forEachRemaining(ArrayList.java:1625)
	at java.base/java.util.stream.AbstractPipeline.copyInto(AbstractPipeline.java:509)
	at java.base/java.util.stream.AbstractPipeline.wrapAndCopyInto(AbstractPipeline.java:499)
	at java.base/java.util.stream.StreamSpliterators$WrappingSpliterator.forEachRemaining(StreamSpliterators.java:310)
	at java.base/java.util.stream.Streams$ConcatSpliterator.forEachRemaining(Streams.java:735)
	at java.base/java.util.stream.Streams$ConcatSpliterator.forEachRemaining(Streams.java:734)
	at java.base/java.util.stream.ReferencePipeline$Head.forEach(ReferencePipeline.java:762)
	at org.junit.jupiter.engine.descriptor.ClassBasedTestDescriptor.invokeTestInstancePostProcessors(ClassBasedTestDescriptor.java:376)
	at org.junit.jupiter.engine.descriptor.ClassBasedTestDescriptor.lambda$instantiateAndPostProcessTestInstance$6(ClassBasedTestDescriptor.java:289)
	at org.junit.platform.engine.support.hierarchical.ThrowableCollector.execute(ThrowableCollector.java:73)
	at org.junit.jupiter.engine.descriptor.ClassBasedTestDescriptor.instantiateAndPostProcessTestInstance(ClassBasedTestDescriptor.java:288)
	at org.junit.jupiter.engine.descriptor.ClassBasedTestDescriptor.lambda$testInstancesProvider$4(ClassBasedTestDescriptor.java:278)
	at java.base/java.util.Optional.orElseGet(Optional.java:364)
	at org.junit.jupiter.engine.descriptor.ClassBasedTestDescriptor.lambda$testInstancesProvider$5(ClassBasedTestDescriptor.java:277)
	at org.junit.jupiter.engine.execution.TestInstancesProvider.getTestInstances(TestInstancesProvider.java:31)
	at org.junit.jupiter.engine.descriptor.TestMethodTestDescriptor.lambda$prepare$0(TestMethodTestDescriptor.java:105)
	at org.junit.platform.engine.support.hierarchical.ThrowableCollector.execute(ThrowableCollector.java:73)
	at org.junit.jupiter.engine.descriptor.TestMethodTestDescriptor.prepare(TestMethodTestDescriptor.java:104)
	at org.junit.jupiter.engine.descriptor.TestMethodTestDescriptor.prepare(TestMethodTestDescriptor.java:68)
	at org.junit.platform.engine.support.hierarchical.NodeTestTask.lambda$prepare$2(NodeTestTask.java:123)
	at org.junit.platform.engine.support.hierarchical.ThrowableCollector.execute(ThrowableCollector.java:73)
	at org.junit.platform.engine.support.hierarchical.NodeTestTask.prepare(NodeTestTask.java:123)
	at org.junit.platform.engine.support.hierarchical.NodeTestTask.execute(NodeTestTask.java:90)
	at java.base/java.util.ArrayList.forEach(ArrayList.java:1511)
	at org.junit.platform.engine.support.hierarchical.SameThreadHierarchicalTestExecutorService.invokeAll(SameThreadHierarchicalTestExecutorService.java:41)
	at org.junit.platform.engine.support.hierarchical.NodeTestTask.lambda$executeRecursively$6(NodeTestTask.java:155)
	at org.junit.platform.engine.support.hierarchical.ThrowableCollector.execute(ThrowableCollector.java:73)
	at org.junit.platform.engine.support.hierarchical.NodeTestTask.lambda$executeRecursively$8(NodeTestTask.java:141)
	at org.junit.platform.engine.support.hierarchical.Node.around(Node.java:137)
	at org.junit.platform.engine.support.hierarchical.NodeTestTask.lambda$executeRecursively$9(NodeTestTask.java:139)
	at org.junit.platform.engine.support.hierarchical.ThrowableCollector.execute(ThrowableCollector.java:73)
	at org.junit.platform.engine.support.hierarchical.NodeTestTask.executeRecursively(NodeTestTask.java:138)
	at org.junit.platform.engine.support.hierarchical.NodeTestTask.execute(NodeTestTask.java:95)
	at java.base/java.util.ArrayList.forEach(ArrayList.java:1511)
	at org.junit.platform.engine.support.hierarchical.SameThreadHierarchicalTestExecutorService.invokeAll(SameThreadHierarchicalTestExecutorService.java:41)
	at org.junit.platform.engine.support.hierarchical.NodeTestTask.lambda$executeRecursively$6(NodeTestTask.java:155)
	at org.junit.platform.engine.support.hierarchical.ThrowableCollector.execute(ThrowableCollector.java:73)
	at org.junit.platform.engine.support.hierarchical.NodeTestTask.lambda$executeRecursively$8(NodeTestTask.java:141)
	at org.junit.platform.engine.support.hierarchical.Node.around(Node.java:137)
	at org.junit.platform.engine.support.hierarchical.NodeTestTask.lambda$executeRecursively$9(NodeTestTask.java:139)
	at org.junit.platform.engine.support.hierarchical.ThrowableCollector.execute(ThrowableCollector.java:73)
	at org.junit.platform.engine.support.hierarchical.NodeTestTask.executeRecursively(NodeTestTask.java:138)
	at org.junit.platform.engine.support.hierarchical.NodeTestTask.execute(NodeTestTask.java:95)
	at org.junit.platform.engine.support.hierarchical.SameThreadHierarchicalTestExecutorService.submit(SameThreadHierarchicalTestExecutorService.java:35)
	at org.junit.platform.engine.support.hierarchical.HierarchicalTestExecutor.execute(HierarchicalTestExecutor.java:57)
	at org.junit.platform.engine.support.hierarchical.HierarchicalTestEngine.execute(HierarchicalTestEngine.java:54)
	at org.junit.platform.launcher.core.EngineExecutionOrchestrator.execute(EngineExecutionOrchestrator.java:147)
	at org.junit.platform.launcher.core.EngineExecutionOrchestrator.execute(EngineExecutionOrchestrator.java:127)
	at org.junit.platform.launcher.core.EngineExecutionOrchestrator.execute(EngineExecutionOrchestrator.java:90)
	at org.junit.platform.launcher.core.EngineExecutionOrchestrator.lambda$execute$0(EngineExecutionOrchestrator.java:55)
	at org.junit.platform.launcher.core.EngineExecutionOrchestrator.withInterceptedStreams(EngineExecutionOrchestrator.java:102)
	at org.junit.platform.launcher.core.EngineExecutionOrchestrator.execute(EngineExecutionOrchestrator.java:54)
	at org.junit.platform.launcher.core.DefaultLauncher.execute(DefaultLauncher.java:114)
	at org.junit.platform.launcher.core.DefaultLauncher.execute(DefaultLauncher.java:86)
	at org.junit.platform.launcher.core.DefaultLauncherSession$DelegatingLauncher.execute(DefaultLauncherSession.java:86)
	at org.junit.platform.launcher.core.SessionPerRequestLauncher.execute(SessionPerRequestLauncher.java:53)
	at org.gradle.api.internal.tasks.testing.junitplatform.JUnitPlatformTestClassProcessor$CollectAllTestClassesExecutor.processAllTestClasses(JUnitPlatformTestClassProcessor.java:99)
	at org.gradle.api.internal.tasks.testing.junitplatform.JUnitPlatformTestClassProcessor$CollectAllTestClassesExecutor.access$000(JUnitPlatformTestClassProcessor.java:79)
	at org.gradle.api.internal.tasks.testing.junitplatform.JUnitPlatformTestClassProcessor.stop(JUnitPlatformTestClassProcessor.java:75)
	at org.gradle.api.internal.tasks.testing.SuiteTestClassProcessor.stop(SuiteTestClassProcessor.java:61)
	at java.base/jdk.internal.reflect.NativeMethodAccessorImpl.invoke0(Native Method)
	at java.base/jdk.internal.reflect.NativeMethodAccessorImpl.invoke(NativeMethodAccessorImpl.java:77)
	at java.base/jdk.internal.reflect.DelegatingMethodAccessorImpl.invoke(DelegatingMethodAccessorImpl.java:43)
	at java.base/java.lang.reflect.Method.invoke(Method.java:568)
	at org.gradle.internal.dispatch.ReflectionDispatch.dispatch(ReflectionDispatch.java:36)
	at org.gradle.internal.dispatch.ReflectionDispatch.dispatch(ReflectionDispatch.java:24)
	at org.gradle.internal.dispatch.ContextClassLoaderDispatch.dispatch(ContextClassLoaderDispatch.java:33)
	at org.gradle.internal.dispatch.ProxyDispatchAdapter$DispatchingInvocationHandler.invoke(ProxyDispatchAdapter.java:94)
	at jdk.proxy1/jdk.proxy1.$Proxy2.stop(Unknown Source)
	at org.gradle.api.internal.tasks.testing.worker.TestWorker$3.run(TestWorker.java:193)
	at org.gradle.api.internal.tasks.testing.worker.TestWorker.executeAndMaintainThreadName(TestWorker.java:129)
	at org.gradle.api.internal.tasks.testing.worker.TestWorker.execute(TestWorker.java:100)
	at org.gradle.api.internal.tasks.testing.worker.TestWorker.execute(TestWorker.java:60)
	at org.gradle.process.internal.worker.child.ActionExecutionWorker.execute(ActionExecutionWorker.java:56)
	at org.gradle.process.internal.worker.child.SystemApplicationClassLoaderWorker.call(SystemApplicationClassLoaderWorker.java:133)
	at org.gradle.process.internal.worker.child.SystemApplicationClassLoaderWorker.call(SystemApplicationClassLoaderWorker.java:71)
	at worker.org.gradle.process.internal.worker.GradleWorkerMain.run(GradleWorkerMain.java:69)
	at worker.org.gradle.process.internal.worker.GradleWorkerMain.main(GradleWorkerMain.java:74)
14:49:04.041 [Test worker] DEBUG org.springframework.data.jpa.repository.query.NamedQuery - Did not find named query User.getUserByEmail
14:49:04.042 [Test worker] DEBUG org.springframework.orm.jpa.SharedEntityManagerCreator$SharedEntityManagerInvocationHandler - Creating new EntityManager for shared EntityManager invocation
14:49:04.061 [Test worker] DEBUG org.springframework.data.jpa.repository.query.NamedQuery - Looking up named query User.getUserByName
14:49:04.061 [Test worker] DEBUG org.hibernate.resource.transaction.backend.jdbc.internal.JdbcResourceLocalTransactionCoordinatorImpl - JDBC transaction marked for rollback-only (exception provided for stack trace)
java.lang.Exception: exception just for purpose of providing stack trace
	at org.hibernate.resource.transaction.backend.jdbc.internal.JdbcResourceLocalTransactionCoordinatorImpl$TransactionDriverControlImpl.markRollbackOnly(JdbcResourceLocalTransactionCoordinatorImpl.java:324)
	at org.hibernate.internal.AbstractSharedSessionContract.buildNamedQuery(AbstractSharedSessionContract.java:1003)
	at org.hibernate.internal.AbstractSharedSessionContract.createNamedQuery(AbstractSharedSessionContract.java:866)
	at org.hibernate.internal.AbstractSharedSessionContract.createNamedQuery(AbstractSharedSessionContract.java:126)
	at java.base/jdk.internal.reflect.NativeMethodAccessorImpl.invoke0(Native Method)
	at java.base/jdk.internal.reflect.NativeMethodAccessorImpl.invoke(NativeMethodAccessorImpl.java:77)
	at java.base/jdk.internal.reflect.DelegatingMethodAccessorImpl.invoke(DelegatingMethodAccessorImpl.java:43)
	at java.base/java.lang.reflect.Method.invoke(Method.java:568)
	at org.springframework.orm.jpa.ExtendedEntityManagerCreator$ExtendedEntityManagerInvocationHandler.invoke(ExtendedEntityManagerCreator.java:360)
	at jdk.proxy3/jdk.proxy3.$Proxy118.createNamedQuery(Unknown Source)
	at org.springframework.data.jpa.repository.query.NamedQuery.hasNamedQuery(NamedQuery.java:115)
	at org.springframework.data.jpa.repository.query.NamedQuery.lookupFrom(NamedQuery.java:144)
	at org.springframework.data.jpa.repository.query.JpaQueryLookupStrategy$DeclaredQueryLookupStrategy.resolveQuery(JpaQueryLookupStrategy.java:180)
	at org.springframework.data.jpa.repository.query.JpaQueryLookupStrategy$CreateIfNotFoundQueryLookupStrategy.resolveQuery(JpaQueryLookupStrategy.java:252)
	at org.springframework.data.jpa.repository.query.JpaQueryLookupStrategy$AbstractQueryLookupStrategy.resolveQuery(JpaQueryLookupStrategy.java:95)
	at org.springframework.data.repository.core.support.QueryExecutorMethodInterceptor.lookupQuery(QueryExecutorMethodInterceptor.java:111)
	at org.springframework.data.repository.core.support.QueryExecutorMethodInterceptor.mapMethodsToQuery(QueryExecutorMethodInterceptor.java:99)
	at org.springframework.data.repository.core.support.QueryExecutorMethodInterceptor.lambda$new$0(QueryExecutorMethodInterceptor.java:88)
	at java.base/java.util.Optional.map(Optional.java:260)
	at org.springframework.data.repository.core.support.QueryExecutorMethodInterceptor.<init>(QueryExecutorMethodInterceptor.java:88)
	at org.springframework.data.repository.core.support.RepositoryFactorySupport.getRepository(RepositoryFactorySupport.java:357)
	at org.springframework.data.repository.core.support.RepositoryFactoryBeanSupport.lambda$afterPropertiesSet$5(RepositoryFactoryBeanSupport.java:279)
	at org.springframework.data.util.Lazy.getNullable(Lazy.java:229)
	at org.springframework.data.util.Lazy.get(Lazy.java:113)
	at org.springframework.data.repository.core.support.RepositoryFactoryBeanSupport.afterPropertiesSet(RepositoryFactoryBeanSupport.java:285)
	at org.springframework.data.jpa.repository.support.JpaRepositoryFactoryBean.afterPropertiesSet(JpaRepositoryFactoryBean.java:132)
	at org.springframework.beans.factory.support.AbstractAutowireCapableBeanFactory.invokeInitMethods(AbstractAutowireCapableBeanFactory.java:1797)
	at org.springframework.beans.factory.support.AbstractAutowireCapableBeanFactory.initializeBean(AbstractAutowireCapableBeanFactory.java:1747)
	at org.springframework.beans.factory.support.AbstractAutowireCapableBeanFactory.doCreateBean(AbstractAutowireCapableBeanFactory.java:599)
	at org.springframework.beans.factory.support.AbstractAutowireCapableBeanFactory.createBean(AbstractAutowireCapableBeanFactory.java:521)
	at org.springframework.beans.factory.support.AbstractBeanFactory.lambda$doGetBean$0(AbstractBeanFactory.java:326)
	at org.springframework.beans.factory.support.DefaultSingletonBeanRegistry.getSingleton(DefaultSingletonBeanRegistry.java:234)
	at org.springframework.beans.factory.support.AbstractBeanFactory.doGetBean(AbstractBeanFactory.java:324)
	at org.springframework.beans.factory.support.AbstractBeanFactory.getBean(AbstractBeanFactory.java:200)
	at org.springframework.beans.factory.config.DependencyDescriptor.resolveCandidate(DependencyDescriptor.java:254)
	at org.springframework.beans.factory.support.DefaultListableBeanFactory.doResolveDependency(DefaultListableBeanFactory.java:1405)
	at org.springframework.beans.factory.support.DefaultListableBeanFactory.resolveDependency(DefaultListableBeanFactory.java:1325)
	at org.springframework.beans.factory.annotation.AutowiredAnnotationBeanPostProcessor$AutowiredFieldElement.resolveFieldValue(AutowiredAnnotationBeanPostProcessor.java:709)
	at org.springframework.beans.factory.annotation.AutowiredAnnotationBeanPostProcessor$AutowiredFieldElement.inject(AutowiredAnnotationBeanPostProcessor.java:692)
	at org.springframework.beans.factory.annotation.InjectionMetadata.inject(InjectionMetadata.java:127)
	at org.springframework.beans.factory.annotation.AutowiredAnnotationBeanPostProcessor.postProcessProperties(AutowiredAnnotationBeanPostProcessor.java:481)
	at org.springframework.beans.factory.support.AbstractAutowireCapableBeanFactory.populateBean(AbstractAutowireCapableBeanFactory.java:1397)
	at org.springframework.beans.factory.support.AbstractAutowireCapableBeanFactory.doCreateBean(AbstractAutowireCapableBeanFactory.java:598)
	at org.springframework.beans.factory.support.AbstractAutowireCapableBeanFactory.createBean(AbstractAutowireCapableBeanFactory.java:521)
	at org.springframework.beans.factory.support.AbstractBeanFactory.lambda$doGetBean$0(AbstractBeanFactory.java:326)
	at org.springframework.beans.factory.support.DefaultSingletonBeanRegistry.getSingleton(DefaultSingletonBeanRegistry.java:234)
	at org.springframework.beans.factory.support.AbstractBeanFactory.doGetBean(AbstractBeanFactory.java:324)
	at org.springframework.beans.factory.support.AbstractBeanFactory.getBean(AbstractBeanFactory.java:200)
	at org.springframework.beans.factory.config.DependencyDescriptor.resolveCandidate(DependencyDescriptor.java:254)
	at org.springframework.beans.factory.support.DefaultListableBeanFactory.doResolveDependency(DefaultListableBeanFactory.java:1405)
	at org.springframework.beans.factory.support.DefaultListableBeanFactory.resolveDependency(DefaultListableBeanFactory.java:1325)
	at org.springframework.beans.factory.support.ConstructorResolver.resolveAutowiredArgument(ConstructorResolver.java:885)
	at org.springframework.beans.factory.support.ConstructorResolver.createArgumentArray(ConstructorResolver.java:789)
	at org.springframework.beans.factory.support.ConstructorResolver.autowireConstructor(ConstructorResolver.java:245)
	at org.springframework.beans.factory.support.AbstractAutowireCapableBeanFactory.autowireConstructor(AbstractAutowireCapableBeanFactory.java:1344)
	at org.springframework.beans.factory.support.AbstractAutowireCapableBeanFactory.createBeanInstance(AbstractAutowireCapableBeanFactory.java:1188)
	at org.springframework.beans.factory.support.AbstractAutowireCapableBeanFactory.doCreateBean(AbstractAutowireCapableBeanFactory.java:561)
	at org.springframework.beans.factory.support.AbstractAutowireCapableBeanFactory.createBean(AbstractAutowireCapableBeanFactory.java:521)
	at org.springframework.beans.factory.support.AbstractBeanFactory.lambda$doGetBean$0(AbstractBeanFactory.java:326)
	at org.springframework.beans.factory.support.DefaultSingletonBeanRegistry.getSingleton(DefaultSingletonBeanRegistry.java:234)
	at org.springframework.beans.factory.support.AbstractBeanFactory.doGetBean(AbstractBeanFactory.java:324)
	at org.springframework.beans.factory.support.AbstractBeanFactory.getBean(AbstractBeanFactory.java:200)
	at org.springframework.beans.factory.config.DependencyDescriptor.resolveCandidate(DependencyDescriptor.java:254)
	at org.springframework.beans.factory.support.DefaultListableBeanFactory.doResolveDependency(DefaultListableBeanFactory.java:1405)
	at org.springframework.beans.factory.support.DefaultListableBeanFactory.resolveDependency(DefaultListableBeanFactory.java:1325)
	at org.springframework.beans.factory.annotation.AutowiredAnnotationBeanPostProcessor$AutowiredFieldElement.resolveFieldValue(AutowiredAnnotationBeanPostProcessor.java:709)
	at org.springframework.beans.factory.annotation.AutowiredAnnotationBeanPostProcessor$AutowiredFieldElement.inject(AutowiredAnnotationBeanPostProcessor.java:692)
	at org.springframework.beans.factory.annotation.InjectionMetadata.inject(InjectionMetadata.java:127)
	at org.springframework.beans.factory.annotation.AutowiredAnnotationBeanPostProcessor.postProcessProperties(AutowiredAnnotationBeanPostProcessor.java:481)
	at org.springframework.beans.factory.support.AbstractAutowireCapableBeanFactory.populateBean(AbstractAutowireCapableBeanFactory.java:1397)
	at org.springframework.beans.factory.support.AbstractAutowireCapableBeanFactory.doCreateBean(AbstractAutowireCapableBeanFactory.java:598)
	at org.springframework.beans.factory.support.AbstractAutowireCapableBeanFactory.createBean(AbstractAutowireCapableBeanFactory.java:521)
	at org.springframework.beans.factory.support.AbstractBeanFactory.lambda$doGetBean$0(AbstractBeanFactory.java:326)
	at org.springframework.beans.factory.support.DefaultSingletonBeanRegistry.getSingleton(DefaultSingletonBeanRegistry.java:234)
	at org.springframework.beans.factory.support.AbstractBeanFactory.doGetBean(AbstractBeanFactory.java:324)
	at org.springframework.beans.factory.support.AbstractBeanFactory.getBean(AbstractBeanFactory.java:200)
	at org.springframework.beans.factory.support.DefaultListableBeanFactory.preInstantiateSingletons(DefaultListableBeanFactory.java:961)
	at org.springframework.context.support.AbstractApplicationContext.finishBeanFactoryInitialization(AbstractApplicationContext.java:915)
	at org.springframework.context.support.AbstractApplicationContext.refresh(AbstractApplicationContext.java:584)
	at org.springframework.test.context.support.AbstractGenericContextLoader.loadContext(AbstractGenericContextLoader.java:221)
	at org.springframework.test.context.support.AbstractGenericContextLoader.loadContext(AbstractGenericContextLoader.java:110)
	at org.springframework.test.context.cache.DefaultCacheAwareContextLoaderDelegate.loadContextInternal(DefaultCacheAwareContextLoaderDelegate.java:184)
	at org.springframework.test.context.cache.DefaultCacheAwareContextLoaderDelegate.loadContext(DefaultCacheAwareContextLoaderDelegate.java:118)
	at org.springframework.test.context.support.DefaultTestContext.getApplicationContext(DefaultTestContext.java:127)
	at org.springframework.test.context.web.ServletTestExecutionListener.setUpRequestContextIfNecessary(ServletTestExecutionListener.java:191)
	at org.springframework.test.context.web.ServletTestExecutionListener.prepareTestInstance(ServletTestExecutionListener.java:130)
	at org.springframework.test.context.TestContextManager.prepareTestInstance(TestContextManager.java:241)
	at org.springframework.test.context.junit.jupiter.SpringExtension.postProcessTestInstance(SpringExtension.java:138)
	at org.junit.jupiter.engine.descriptor.ClassBasedTestDescriptor.lambda$invokeTestInstancePostProcessors$10(ClassBasedTestDescriptor.java:377)
	at org.junit.jupiter.engine.descriptor.ClassBasedTestDescriptor.executeAndMaskThrowable(ClassBasedTestDescriptor.java:382)
	at org.junit.jupiter.engine.descriptor.ClassBasedTestDescriptor.lambda$invokeTestInstancePostProcessors$11(ClassBasedTestDescriptor.java:377)
	at java.base/java.util.stream.ReferencePipeline$3$1.accept(ReferencePipeline.java:197)
	at java.base/java.util.stream.ReferencePipeline$2$1.accept(ReferencePipeline.java:179)
	at java.base/java.util.ArrayList$ArrayListSpliterator.forEachRemaining(ArrayList.java:1625)
	at java.base/java.util.stream.AbstractPipeline.copyInto(AbstractPipeline.java:509)
	at java.base/java.util.stream.AbstractPipeline.wrapAndCopyInto(AbstractPipeline.java:499)
	at java.base/java.util.stream.StreamSpliterators$WrappingSpliterator.forEachRemaining(StreamSpliterators.java:310)
	at java.base/java.util.stream.Streams$ConcatSpliterator.forEachRemaining(Streams.java:735)
	at java.base/java.util.stream.Streams$ConcatSpliterator.forEachRemaining(Streams.java:734)
	at java.base/java.util.stream.ReferencePipeline$Head.forEach(ReferencePipeline.java:762)
	at org.junit.jupiter.engine.descriptor.ClassBasedTestDescriptor.invokeTestInstancePostProcessors(ClassBasedTestDescriptor.java:376)
	at org.junit.jupiter.engine.descriptor.ClassBasedTestDescriptor.lambda$instantiateAndPostProcessTestInstance$6(ClassBasedTestDescriptor.java:289)
	at org.junit.platform.engine.support.hierarchical.ThrowableCollector.execute(ThrowableCollector.java:73)
	at org.junit.jupiter.engine.descriptor.ClassBasedTestDescriptor.instantiateAndPostProcessTestInstance(ClassBasedTestDescriptor.java:288)
	at org.junit.jupiter.engine.descriptor.ClassBasedTestDescriptor.lambda$testInstancesProvider$4(ClassBasedTestDescriptor.java:278)
	at java.base/java.util.Optional.orElseGet(Optional.java:364)
	at org.junit.jupiter.engine.descriptor.ClassBasedTestDescriptor.lambda$testInstancesProvider$5(ClassBasedTestDescriptor.java:277)
	at org.junit.jupiter.engine.execution.TestInstancesProvider.getTestInstances(TestInstancesProvider.java:31)
	at org.junit.jupiter.engine.descriptor.TestMethodTestDescriptor.lambda$prepare$0(TestMethodTestDescriptor.java:105)
	at org.junit.platform.engine.support.hierarchical.ThrowableCollector.execute(ThrowableCollector.java:73)
	at org.junit.jupiter.engine.descriptor.TestMethodTestDescriptor.prepare(TestMethodTestDescriptor.java:104)
	at org.junit.jupiter.engine.descriptor.TestMethodTestDescriptor.prepare(TestMethodTestDescriptor.java:68)
	at org.junit.platform.engine.support.hierarchical.NodeTestTask.lambda$prepare$2(NodeTestTask.java:123)
	at org.junit.platform.engine.support.hierarchical.ThrowableCollector.execute(ThrowableCollector.java:73)
	at org.junit.platform.engine.support.hierarchical.NodeTestTask.prepare(NodeTestTask.java:123)
	at org.junit.platform.engine.support.hierarchical.NodeTestTask.execute(NodeTestTask.java:90)
	at java.base/java.util.ArrayList.forEach(ArrayList.java:1511)
	at org.junit.platform.engine.support.hierarchical.SameThreadHierarchicalTestExecutorService.invokeAll(SameThreadHierarchicalTestExecutorService.java:41)
	at org.junit.platform.engine.support.hierarchical.NodeTestTask.lambda$executeRecursively$6(NodeTestTask.java:155)
	at org.junit.platform.engine.support.hierarchical.ThrowableCollector.execute(ThrowableCollector.java:73)
	at org.junit.platform.engine.support.hierarchical.NodeTestTask.lambda$executeRecursively$8(NodeTestTask.java:141)
	at org.junit.platform.engine.support.hierarchical.Node.around(Node.java:137)
	at org.junit.platform.engine.support.hierarchical.NodeTestTask.lambda$executeRecursively$9(NodeTestTask.java:139)
	at org.junit.platform.engine.support.hierarchical.ThrowableCollector.execute(ThrowableCollector.java:73)
	at org.junit.platform.engine.support.hierarchical.NodeTestTask.executeRecursively(NodeTestTask.java:138)
	at org.junit.platform.engine.support.hierarchical.NodeTestTask.execute(NodeTestTask.java:95)
	at java.base/java.util.ArrayList.forEach(ArrayList.java:1511)
	at org.junit.platform.engine.support.hierarchical.SameThreadHierarchicalTestExecutorService.invokeAll(SameThreadHierarchicalTestExecutorService.java:41)
	at org.junit.platform.engine.support.hierarchical.NodeTestTask.lambda$executeRecursively$6(NodeTestTask.java:155)
	at org.junit.platform.engine.support.hierarchical.ThrowableCollector.execute(ThrowableCollector.java:73)
	at org.junit.platform.engine.support.hierarchical.NodeTestTask.lambda$executeRecursively$8(NodeTestTask.java:141)
	at org.junit.platform.engine.support.hierarchical.Node.around(Node.java:137)
	at org.junit.platform.engine.support.hierarchical.NodeTestTask.lambda$executeRecursively$9(NodeTestTask.java:139)
	at org.junit.platform.engine.support.hierarchical.ThrowableCollector.execute(ThrowableCollector.java:73)
	at org.junit.platform.engine.support.hierarchical.NodeTestTask.executeRecursively(NodeTestTask.java:138)
	at org.junit.platform.engine.support.hierarchical.NodeTestTask.execute(NodeTestTask.java:95)
	at org.junit.platform.engine.support.hierarchical.SameThreadHierarchicalTestExecutorService.submit(SameThreadHierarchicalTestExecutorService.java:35)
	at org.junit.platform.engine.support.hierarchical.HierarchicalTestExecutor.execute(HierarchicalTestExecutor.java:57)
	at org.junit.platform.engine.support.hierarchical.HierarchicalTestEngine.execute(HierarchicalTestEngine.java:54)
	at org.junit.platform.launcher.core.EngineExecutionOrchestrator.execute(EngineExecutionOrchestrator.java:147)
	at org.junit.platform.launcher.core.EngineExecutionOrchestrator.execute(EngineExecutionOrchestrator.java:127)
	at org.junit.platform.launcher.core.EngineExecutionOrchestrator.execute(EngineExecutionOrchestrator.java:90)
	at org.junit.platform.launcher.core.EngineExecutionOrchestrator.lambda$execute$0(EngineExecutionOrchestrator.java:55)
	at org.junit.platform.launcher.core.EngineExecutionOrchestrator.withInterceptedStreams(EngineExecutionOrchestrator.java:102)
	at org.junit.platform.launcher.core.EngineExecutionOrchestrator.execute(EngineExecutionOrchestrator.java:54)
	at org.junit.platform.launcher.core.DefaultLauncher.execute(DefaultLauncher.java:114)
	at org.junit.platform.launcher.core.DefaultLauncher.execute(DefaultLauncher.java:86)
	at org.junit.platform.launcher.core.DefaultLauncherSession$DelegatingLauncher.execute(DefaultLauncherSession.java:86)
	at org.junit.platform.launcher.core.SessionPerRequestLauncher.execute(SessionPerRequestLauncher.java:53)
	at org.gradle.api.internal.tasks.testing.junitplatform.JUnitPlatformTestClassProcessor$CollectAllTestClassesExecutor.processAllTestClasses(JUnitPlatformTestClassProcessor.java:99)
	at org.gradle.api.internal.tasks.testing.junitplatform.JUnitPlatformTestClassProcessor$CollectAllTestClassesExecutor.access$000(JUnitPlatformTestClassProcessor.java:79)
	at org.gradle.api.internal.tasks.testing.junitplatform.JUnitPlatformTestClassProcessor.stop(JUnitPlatformTestClassProcessor.java:75)
	at org.gradle.api.internal.tasks.testing.SuiteTestClassProcessor.stop(SuiteTestClassProcessor.java:61)
	at java.base/jdk.internal.reflect.NativeMethodAccessorImpl.invoke0(Native Method)
	at java.base/jdk.internal.reflect.NativeMethodAccessorImpl.invoke(NativeMethodAccessorImpl.java:77)
	at java.base/jdk.internal.reflect.DelegatingMethodAccessorImpl.invoke(DelegatingMethodAccessorImpl.java:43)
	at java.base/java.lang.reflect.Method.invoke(Method.java:568)
	at org.gradle.internal.dispatch.ReflectionDispatch.dispatch(ReflectionDispatch.java:36)
	at org.gradle.internal.dispatch.ReflectionDispatch.dispatch(ReflectionDispatch.java:24)
	at org.gradle.internal.dispatch.ContextClassLoaderDispatch.dispatch(ContextClassLoaderDispatch.java:33)
	at org.gradle.internal.dispatch.ProxyDispatchAdapter$DispatchingInvocationHandler.invoke(ProxyDispatchAdapter.java:94)
	at jdk.proxy1/jdk.proxy1.$Proxy2.stop(Unknown Source)
	at org.gradle.api.internal.tasks.testing.worker.TestWorker$3.run(TestWorker.java:193)
	at org.gradle.api.internal.tasks.testing.worker.TestWorker.executeAndMaintainThreadName(TestWorker.java:129)
	at org.gradle.api.internal.tasks.testing.worker.TestWorker.execute(TestWorker.java:100)
	at org.gradle.api.internal.tasks.testing.worker.TestWorker.execute(TestWorker.java:60)
	at org.gradle.process.internal.worker.child.ActionExecutionWorker.execute(ActionExecutionWorker.java:56)
	at org.gradle.process.internal.worker.child.SystemApplicationClassLoaderWorker.call(SystemApplicationClassLoaderWorker.java:133)
	at org.gradle.process.internal.worker.child.SystemApplicationClassLoaderWorker.call(SystemApplicationClassLoaderWorker.java:71)
	at worker.org.gradle.process.internal.worker.GradleWorkerMain.run(GradleWorkerMain.java:69)
	at worker.org.gradle.process.internal.worker.GradleWorkerMain.main(GradleWorkerMain.java:74)
14:49:04.062 [Test worker] DEBUG org.springframework.data.jpa.repository.query.NamedQuery - Did not find named query User.getUserByName
14:49:04.062 [Test worker] DEBUG org.springframework.orm.jpa.SharedEntityManagerCreator$SharedEntityManagerInvocationHandler - Creating new EntityManager for shared EntityManager invocation
14:49:04.064 [Test worker] DEBUG org.springframework.data.repository.core.support.RepositoryFactorySupport - Finished creation of repository instance for com.joango.repository.UserRepository.
14:49:04.068 [Test worker] DEBUG org.springframework.beans.factory.support.DefaultListableBeanFactory - Creating shared instance of singleton bean 'eventService'
14:49:04.068 [Test worker] DEBUG org.springframework.beans.factory.support.DefaultListableBeanFactory - Creating shared instance of singleton bean 'eventRepository'
14:49:04.069 [Test worker] DEBUG org.springframework.beans.factory.support.DefaultListableBeanFactory - Creating shared instance of singleton bean 'jpa.named-queries#1'
14:49:04.069 [Test worker] DEBUG org.springframework.beans.factory.support.DefaultListableBeanFactory - Creating shared instance of singleton bean 'jpa.EventRepository.fragments#0'
14:49:04.069 [Test worker] DEBUG org.springframework.orm.jpa.SharedEntityManagerCreator$SharedEntityManagerInvocationHandler - Creating new EntityManager for shared EntityManager invocation
14:49:04.071 [Test worker] DEBUG org.springframework.data.repository.core.support.RepositoryFactorySupport - Initializing repository instance for com.joango.repository.EventRepository…
14:49:04.071 [Test worker] DEBUG org.springframework.orm.jpa.SharedEntityManagerCreator$SharedEntityManagerInvocationHandler - Creating new EntityManager for shared EntityManager invocation
14:49:04.084 [Test worker] DEBUG org.springframework.data.jpa.repository.query.NamedQuery - Looking up named query Event.getEventsByTitle
14:49:04.084 [Test worker] DEBUG org.hibernate.resource.transaction.backend.jdbc.internal.JdbcResourceLocalTransactionCoordinatorImpl - JDBC transaction marked for rollback-only (exception provided for stack trace)
java.lang.Exception: exception just for purpose of providing stack trace
	at org.hibernate.resource.transaction.backend.jdbc.internal.JdbcResourceLocalTransactionCoordinatorImpl$TransactionDriverControlImpl.markRollbackOnly(JdbcResourceLocalTransactionCoordinatorImpl.java:324)
	at org.hibernate.internal.AbstractSharedSessionContract.buildNamedQuery(AbstractSharedSessionContract.java:1003)
	at org.hibernate.internal.AbstractSharedSessionContract.createNamedQuery(AbstractSharedSessionContract.java:866)
	at org.hibernate.internal.AbstractSharedSessionContract.createNamedQuery(AbstractSharedSessionContract.java:126)
	at java.base/jdk.internal.reflect.NativeMethodAccessorImpl.invoke0(Native Method)
	at java.base/jdk.internal.reflect.NativeMethodAccessorImpl.invoke(NativeMethodAccessorImpl.java:77)
	at java.base/jdk.internal.reflect.DelegatingMethodAccessorImpl.invoke(DelegatingMethodAccessorImpl.java:43)
	at java.base/java.lang.reflect.Method.invoke(Method.java:568)
	at org.springframework.orm.jpa.ExtendedEntityManagerCreator$ExtendedEntityManagerInvocationHandler.invoke(ExtendedEntityManagerCreator.java:360)
	at jdk.proxy3/jdk.proxy3.$Proxy118.createNamedQuery(Unknown Source)
	at org.springframework.data.jpa.repository.query.NamedQuery.hasNamedQuery(NamedQuery.java:115)
	at org.springframework.data.jpa.repository.query.NamedQuery.lookupFrom(NamedQuery.java:144)
	at org.springframework.data.jpa.repository.query.JpaQueryLookupStrategy$DeclaredQueryLookupStrategy.resolveQuery(JpaQueryLookupStrategy.java:180)
	at org.springframework.data.jpa.repository.query.JpaQueryLookupStrategy$CreateIfNotFoundQueryLookupStrategy.resolveQuery(JpaQueryLookupStrategy.java:252)
	at org.springframework.data.jpa.repository.query.JpaQueryLookupStrategy$AbstractQueryLookupStrategy.resolveQuery(JpaQueryLookupStrategy.java:95)
	at org.springframework.data.repository.core.support.QueryExecutorMethodInterceptor.lookupQuery(QueryExecutorMethodInterceptor.java:111)
	at org.springframework.data.repository.core.support.QueryExecutorMethodInterceptor.mapMethodsToQuery(QueryExecutorMethodInterceptor.java:99)
	at org.springframework.data.repository.core.support.QueryExecutorMethodInterceptor.lambda$new$0(QueryExecutorMethodInterceptor.java:88)
	at java.base/java.util.Optional.map(Optional.java:260)
	at org.springframework.data.repository.core.support.QueryExecutorMethodInterceptor.<init>(QueryExecutorMethodInterceptor.java:88)
	at org.springframework.data.repository.core.support.RepositoryFactorySupport.getRepository(RepositoryFactorySupport.java:357)
	at org.springframework.data.repository.core.support.RepositoryFactoryBeanSupport.lambda$afterPropertiesSet$5(RepositoryFactoryBeanSupport.java:279)
	at org.springframework.data.util.Lazy.getNullable(Lazy.java:229)
	at org.springframework.data.util.Lazy.get(Lazy.java:113)
	at org.springframework.data.repository.core.support.RepositoryFactoryBeanSupport.afterPropertiesSet(RepositoryFactoryBeanSupport.java:285)
	at org.springframework.data.jpa.repository.support.JpaRepositoryFactoryBean.afterPropertiesSet(JpaRepositoryFactoryBean.java:132)
	at org.springframework.beans.factory.support.AbstractAutowireCapableBeanFactory.invokeInitMethods(AbstractAutowireCapableBeanFactory.java:1797)
	at org.springframework.beans.factory.support.AbstractAutowireCapableBeanFactory.initializeBean(AbstractAutowireCapableBeanFactory.java:1747)
	at org.springframework.beans.factory.support.AbstractAutowireCapableBeanFactory.doCreateBean(AbstractAutowireCapableBeanFactory.java:599)
	at org.springframework.beans.factory.support.AbstractAutowireCapableBeanFactory.createBean(AbstractAutowireCapableBeanFactory.java:521)
	at org.springframework.beans.factory.support.AbstractBeanFactory.lambda$doGetBean$0(AbstractBeanFactory.java:326)
	at org.springframework.beans.factory.support.DefaultSingletonBeanRegistry.getSingleton(DefaultSingletonBeanRegistry.java:234)
	at org.springframework.beans.factory.support.AbstractBeanFactory.doGetBean(AbstractBeanFactory.java:324)
	at org.springframework.beans.factory.support.AbstractBeanFactory.getBean(AbstractBeanFactory.java:200)
	at org.springframework.beans.factory.config.DependencyDescriptor.resolveCandidate(DependencyDescriptor.java:254)
	at org.springframework.beans.factory.support.DefaultListableBeanFactory.doResolveDependency(DefaultListableBeanFactory.java:1405)
	at org.springframework.beans.factory.support.DefaultListableBeanFactory.resolveDependency(DefaultListableBeanFactory.java:1325)
	at org.springframework.beans.factory.annotation.AutowiredAnnotationBeanPostProcessor$AutowiredFieldElement.resolveFieldValue(AutowiredAnnotationBeanPostProcessor.java:709)
	at org.springframework.beans.factory.annotation.AutowiredAnnotationBeanPostProcessor$AutowiredFieldElement.inject(AutowiredAnnotationBeanPostProcessor.java:692)
	at org.springframework.beans.factory.annotation.InjectionMetadata.inject(InjectionMetadata.java:127)
	at org.springframework.beans.factory.annotation.AutowiredAnnotationBeanPostProcessor.postProcessProperties(AutowiredAnnotationBeanPostProcessor.java:481)
	at org.springframework.beans.factory.support.AbstractAutowireCapableBeanFactory.populateBean(AbstractAutowireCapableBeanFactory.java:1397)
	at org.springframework.beans.factory.support.AbstractAutowireCapableBeanFactory.doCreateBean(AbstractAutowireCapableBeanFactory.java:598)
	at org.springframework.beans.factory.support.AbstractAutowireCapableBeanFactory.createBean(AbstractAutowireCapableBeanFactory.java:521)
	at org.springframework.beans.factory.support.AbstractBeanFactory.lambda$doGetBean$0(AbstractBeanFactory.java:326)
	at org.springframework.beans.factory.support.DefaultSingletonBeanRegistry.getSingleton(DefaultSingletonBeanRegistry.java:234)
	at org.springframework.beans.factory.support.AbstractBeanFactory.doGetBean(AbstractBeanFactory.java:324)
	at org.springframework.beans.factory.support.AbstractBeanFactory.getBean(AbstractBeanFactory.java:200)
	at org.springframework.beans.factory.config.DependencyDescriptor.resolveCandidate(DependencyDescriptor.java:254)
	at org.springframework.beans.factory.support.DefaultListableBeanFactory.doResolveDependency(DefaultListableBeanFactory.java:1405)
	at org.springframework.beans.factory.support.DefaultListableBeanFactory.resolveDependency(DefaultListableBeanFactory.java:1325)
	at org.springframework.beans.factory.support.ConstructorResolver.resolveAutowiredArgument(ConstructorResolver.java:885)
	at org.springframework.beans.factory.support.ConstructorResolver.createArgumentArray(ConstructorResolver.java:789)
	at org.springframework.beans.factory.support.ConstructorResolver.autowireConstructor(ConstructorResolver.java:245)
	at org.springframework.beans.factory.support.AbstractAutowireCapableBeanFactory.autowireConstructor(AbstractAutowireCapableBeanFactory.java:1344)
	at org.springframework.beans.factory.support.AbstractAutowireCapableBeanFactory.createBeanInstance(AbstractAutowireCapableBeanFactory.java:1188)
	at org.springframework.beans.factory.support.AbstractAutowireCapableBeanFactory.doCreateBean(AbstractAutowireCapableBeanFactory.java:561)
	at org.springframework.beans.factory.support.AbstractAutowireCapableBeanFactory.createBean(AbstractAutowireCapableBeanFactory.java:521)
	at org.springframework.beans.factory.support.AbstractBeanFactory.lambda$doGetBean$0(AbstractBeanFactory.java:326)
	at org.springframework.beans.factory.support.DefaultSingletonBeanRegistry.getSingleton(DefaultSingletonBeanRegistry.java:234)
	at org.springframework.beans.factory.support.AbstractBeanFactory.doGetBean(AbstractBeanFactory.java:324)
	at org.springframework.beans.factory.support.AbstractBeanFactory.getBean(AbstractBeanFactory.java:200)
	at org.springframework.beans.factory.config.DependencyDescriptor.resolveCandidate(DependencyDescriptor.java:254)
	at org.springframework.beans.factory.support.DefaultListableBeanFactory.doResolveDependency(DefaultListableBeanFactory.java:1405)
	at org.springframework.beans.factory.support.DefaultListableBeanFactory.resolveDependency(DefaultListableBeanFactory.java:1325)
	at org.springframework.beans.factory.annotation.AutowiredAnnotationBeanPostProcessor$AutowiredFieldElement.resolveFieldValue(AutowiredAnnotationBeanPostProcessor.java:709)
	at org.springframework.beans.factory.annotation.AutowiredAnnotationBeanPostProcessor$AutowiredFieldElement.inject(AutowiredAnnotationBeanPostProcessor.java:692)
	at org.springframework.beans.factory.annotation.InjectionMetadata.inject(InjectionMetadata.java:127)
	at org.springframework.beans.factory.annotation.AutowiredAnnotationBeanPostProcessor.postProcessProperties(AutowiredAnnotationBeanPostProcessor.java:481)
	at org.springframework.beans.factory.support.AbstractAutowireCapableBeanFactory.populateBean(AbstractAutowireCapableBeanFactory.java:1397)
	at org.springframework.beans.factory.support.AbstractAutowireCapableBeanFactory.doCreateBean(AbstractAutowireCapableBeanFactory.java:598)
	at org.springframework.beans.factory.support.AbstractAutowireCapableBeanFactory.createBean(AbstractAutowireCapableBeanFactory.java:521)
	at org.springframework.beans.factory.support.AbstractBeanFactory.lambda$doGetBean$0(AbstractBeanFactory.java:326)
	at org.springframework.beans.factory.support.DefaultSingletonBeanRegistry.getSingleton(DefaultSingletonBeanRegistry.java:234)
	at org.springframework.beans.factory.support.AbstractBeanFactory.doGetBean(AbstractBeanFactory.java:324)
	at org.springframework.beans.factory.support.AbstractBeanFactory.getBean(AbstractBeanFactory.java:200)
	at org.springframework.beans.factory.support.DefaultListableBeanFactory.preInstantiateSingletons(DefaultListableBeanFactory.java:961)
	at org.springframework.context.support.AbstractApplicationContext.finishBeanFactoryInitialization(AbstractApplicationContext.java:915)
	at org.springframework.context.support.AbstractApplicationContext.refresh(AbstractApplicationContext.java:584)
	at org.springframework.test.context.support.AbstractGenericContextLoader.loadContext(AbstractGenericContextLoader.java:221)
	at org.springframework.test.context.support.AbstractGenericContextLoader.loadContext(AbstractGenericContextLoader.java:110)
	at org.springframework.test.context.cache.DefaultCacheAwareContextLoaderDelegate.loadContextInternal(DefaultCacheAwareContextLoaderDelegate.java:184)
	at org.springframework.test.context.cache.DefaultCacheAwareContextLoaderDelegate.loadContext(DefaultCacheAwareContextLoaderDelegate.java:118)
	at org.springframework.test.context.support.DefaultTestContext.getApplicationContext(DefaultTestContext.java:127)
	at org.springframework.test.context.web.ServletTestExecutionListener.setUpRequestContextIfNecessary(ServletTestExecutionListener.java:191)
	at org.springframework.test.context.web.ServletTestExecutionListener.prepareTestInstance(ServletTestExecutionListener.java:130)
	at org.springframework.test.context.TestContextManager.prepareTestInstance(TestContextManager.java:241)
	at org.springframework.test.context.junit.jupiter.SpringExtension.postProcessTestInstance(SpringExtension.java:138)
	at org.junit.jupiter.engine.descriptor.ClassBasedTestDescriptor.lambda$invokeTestInstancePostProcessors$10(ClassBasedTestDescriptor.java:377)
	at org.junit.jupiter.engine.descriptor.ClassBasedTestDescriptor.executeAndMaskThrowable(ClassBasedTestDescriptor.java:382)
	at org.junit.jupiter.engine.descriptor.ClassBasedTestDescriptor.lambda$invokeTestInstancePostProcessors$11(ClassBasedTestDescriptor.java:377)
	at java.base/java.util.stream.ReferencePipeline$3$1.accept(ReferencePipeline.java:197)
	at java.base/java.util.stream.ReferencePipeline$2$1.accept(ReferencePipeline.java:179)
	at java.base/java.util.ArrayList$ArrayListSpliterator.forEachRemaining(ArrayList.java:1625)
	at java.base/java.util.stream.AbstractPipeline.copyInto(AbstractPipeline.java:509)
	at java.base/java.util.stream.AbstractPipeline.wrapAndCopyInto(AbstractPipeline.java:499)
	at java.base/java.util.stream.StreamSpliterators$WrappingSpliterator.forEachRemaining(StreamSpliterators.java:310)
	at java.base/java.util.stream.Streams$ConcatSpliterator.forEachRemaining(Streams.java:735)
	at java.base/java.util.stream.Streams$ConcatSpliterator.forEachRemaining(Streams.java:734)
	at java.base/java.util.stream.ReferencePipeline$Head.forEach(ReferencePipeline.java:762)
	at org.junit.jupiter.engine.descriptor.ClassBasedTestDescriptor.invokeTestInstancePostProcessors(ClassBasedTestDescriptor.java:376)
	at org.junit.jupiter.engine.descriptor.ClassBasedTestDescriptor.lambda$instantiateAndPostProcessTestInstance$6(ClassBasedTestDescriptor.java:289)
	at org.junit.platform.engine.support.hierarchical.ThrowableCollector.execute(ThrowableCollector.java:73)
	at org.junit.jupiter.engine.descriptor.ClassBasedTestDescriptor.instantiateAndPostProcessTestInstance(ClassBasedTestDescriptor.java:288)
	at org.junit.jupiter.engine.descriptor.ClassBasedTestDescriptor.lambda$testInstancesProvider$4(ClassBasedTestDescriptor.java:278)
	at java.base/java.util.Optional.orElseGet(Optional.java:364)
	at org.junit.jupiter.engine.descriptor.ClassBasedTestDescriptor.lambda$testInstancesProvider$5(ClassBasedTestDescriptor.java:277)
	at org.junit.jupiter.engine.execution.TestInstancesProvider.getTestInstances(TestInstancesProvider.java:31)
	at org.junit.jupiter.engine.descriptor.TestMethodTestDescriptor.lambda$prepare$0(TestMethodTestDescriptor.java:105)
	at org.junit.platform.engine.support.hierarchical.ThrowableCollector.execute(ThrowableCollector.java:73)
	at org.junit.jupiter.engine.descriptor.TestMethodTestDescriptor.prepare(TestMethodTestDescriptor.java:104)
	at org.junit.jupiter.engine.descriptor.TestMethodTestDescriptor.prepare(TestMethodTestDescriptor.java:68)
	at org.junit.platform.engine.support.hierarchical.NodeTestTask.lambda$prepare$2(NodeTestTask.java:123)
	at org.junit.platform.engine.support.hierarchical.ThrowableCollector.execute(ThrowableCollector.java:73)
	at org.junit.platform.engine.support.hierarchical.NodeTestTask.prepare(NodeTestTask.java:123)
	at org.junit.platform.engine.support.hierarchical.NodeTestTask.execute(NodeTestTask.java:90)
	at java.base/java.util.ArrayList.forEach(ArrayList.java:1511)
	at org.junit.platform.engine.support.hierarchical.SameThreadHierarchicalTestExecutorService.invokeAll(SameThreadHierarchicalTestExecutorService.java:41)
	at org.junit.platform.engine.support.hierarchical.NodeTestTask.lambda$executeRecursively$6(NodeTestTask.java:155)
	at org.junit.platform.engine.support.hierarchical.ThrowableCollector.execute(ThrowableCollector.java:73)
	at org.junit.platform.engine.support.hierarchical.NodeTestTask.lambda$executeRecursively$8(NodeTestTask.java:141)
	at org.junit.platform.engine.support.hierarchical.Node.around(Node.java:137)
	at org.junit.platform.engine.support.hierarchical.NodeTestTask.lambda$executeRecursively$9(NodeTestTask.java:139)
	at org.junit.platform.engine.support.hierarchical.ThrowableCollector.execute(ThrowableCollector.java:73)
	at org.junit.platform.engine.support.hierarchical.NodeTestTask.executeRecursively(NodeTestTask.java:138)
	at org.junit.platform.engine.support.hierarchical.NodeTestTask.execute(NodeTestTask.java:95)
	at java.base/java.util.ArrayList.forEach(ArrayList.java:1511)
	at org.junit.platform.engine.support.hierarchical.SameThreadHierarchicalTestExecutorService.invokeAll(SameThreadHierarchicalTestExecutorService.java:41)
	at org.junit.platform.engine.support.hierarchical.NodeTestTask.lambda$executeRecursively$6(NodeTestTask.java:155)
	at org.junit.platform.engine.support.hierarchical.ThrowableCollector.execute(ThrowableCollector.java:73)
	at org.junit.platform.engine.support.hierarchical.NodeTestTask.lambda$executeRecursively$8(NodeTestTask.java:141)
	at org.junit.platform.engine.support.hierarchical.Node.around(Node.java:137)
	at org.junit.platform.engine.support.hierarchical.NodeTestTask.lambda$executeRecursively$9(NodeTestTask.java:139)
	at org.junit.platform.engine.support.hierarchical.ThrowableCollector.execute(ThrowableCollector.java:73)
	at org.junit.platform.engine.support.hierarchical.NodeTestTask.executeRecursively(NodeTestTask.java:138)
	at org.junit.platform.engine.support.hierarchical.NodeTestTask.execute(NodeTestTask.java:95)
	at org.junit.platform.engine.support.hierarchical.SameThreadHierarchicalTestExecutorService.submit(SameThreadHierarchicalTestExecutorService.java:35)
	at org.junit.platform.engine.support.hierarchical.HierarchicalTestExecutor.execute(HierarchicalTestExecutor.java:57)
	at org.junit.platform.engine.support.hierarchical.HierarchicalTestEngine.execute(HierarchicalTestEngine.java:54)
	at org.junit.platform.launcher.core.EngineExecutionOrchestrator.execute(EngineExecutionOrchestrator.java:147)
	at org.junit.platform.launcher.core.EngineExecutionOrchestrator.execute(EngineExecutionOrchestrator.java:127)
	at org.junit.platform.launcher.core.EngineExecutionOrchestrator.execute(EngineExecutionOrchestrator.java:90)
	at org.junit.platform.launcher.core.EngineExecutionOrchestrator.lambda$execute$0(EngineExecutionOrchestrator.java:55)
	at org.junit.platform.launcher.core.EngineExecutionOrchestrator.withInterceptedStreams(EngineExecutionOrchestrator.java:102)
	at org.junit.platform.launcher.core.EngineExecutionOrchestrator.execute(EngineExecutionOrchestrator.java:54)
	at org.junit.platform.launcher.core.DefaultLauncher.execute(DefaultLauncher.java:114)
	at org.junit.platform.launcher.core.DefaultLauncher.execute(DefaultLauncher.java:86)
	at org.junit.platform.launcher.core.DefaultLauncherSession$DelegatingLauncher.execute(DefaultLauncherSession.java:86)
	at org.junit.platform.launcher.core.SessionPerRequestLauncher.execute(SessionPerRequestLauncher.java:53)
	at org.gradle.api.internal.tasks.testing.junitplatform.JUnitPlatformTestClassProcessor$CollectAllTestClassesExecutor.processAllTestClasses(JUnitPlatformTestClassProcessor.java:99)
	at org.gradle.api.internal.tasks.testing.junitplatform.JUnitPlatformTestClassProcessor$CollectAllTestClassesExecutor.access$000(JUnitPlatformTestClassProcessor.java:79)
	at org.gradle.api.internal.tasks.testing.junitplatform.JUnitPlatformTestClassProcessor.stop(JUnitPlatformTestClassProcessor.java:75)
	at org.gradle.api.internal.tasks.testing.SuiteTestClassProcessor.stop(SuiteTestClassProcessor.java:61)
	at java.base/jdk.internal.reflect.NativeMethodAccessorImpl.invoke0(Native Method)
	at java.base/jdk.internal.reflect.NativeMethodAccessorImpl.invoke(NativeMethodAccessorImpl.java:77)
	at java.base/jdk.internal.reflect.DelegatingMethodAccessorImpl.invoke(DelegatingMethodAccessorImpl.java:43)
	at java.base/java.lang.reflect.Method.invoke(Method.java:568)
	at org.gradle.internal.dispatch.ReflectionDispatch.dispatch(ReflectionDispatch.java:36)
	at org.gradle.internal.dispatch.ReflectionDispatch.dispatch(ReflectionDispatch.java:24)
	at org.gradle.internal.dispatch.ContextClassLoaderDispatch.dispatch(ContextClassLoaderDispatch.java:33)
	at org.gradle.internal.dispatch.ProxyDispatchAdapter$DispatchingInvocationHandler.invoke(ProxyDispatchAdapter.java:94)
	at jdk.proxy1/jdk.proxy1.$Proxy2.stop(Unknown Source)
	at org.gradle.api.internal.tasks.testing.worker.TestWorker$3.run(TestWorker.java:193)
	at org.gradle.api.internal.tasks.testing.worker.TestWorker.executeAndMaintainThreadName(TestWorker.java:129)
	at org.gradle.api.internal.tasks.testing.worker.TestWorker.execute(TestWorker.java:100)
	at org.gradle.api.internal.tasks.testing.worker.TestWorker.execute(TestWorker.java:60)
	at org.gradle.process.internal.worker.child.ActionExecutionWorker.execute(ActionExecutionWorker.java:56)
	at org.gradle.process.internal.worker.child.SystemApplicationClassLoaderWorker.call(SystemApplicationClassLoaderWorker.java:133)
	at org.gradle.process.internal.worker.child.SystemApplicationClassLoaderWorker.call(SystemApplicationClassLoaderWorker.java:71)
	at worker.org.gradle.process.internal.worker.GradleWorkerMain.run(GradleWorkerMain.java:69)
	at worker.org.gradle.process.internal.worker.GradleWorkerMain.main(GradleWorkerMain.java:74)
14:49:04.085 [Test worker] DEBUG org.springframework.data.jpa.repository.query.NamedQuery - Did not find named query Event.getEventsByTitle
14:49:04.085 [Test worker] DEBUG org.springframework.orm.jpa.SharedEntityManagerCreator$SharedEntityManagerInvocationHandler - Creating new EntityManager for shared EntityManager invocation
14:49:04.085 [Test worker] DEBUG org.springframework.data.jpa.repository.query.NamedQuery - Looking up named query Event.getEventsByDate
14:49:04.086 [Test worker] DEBUG org.hibernate.resource.transaction.backend.jdbc.internal.JdbcResourceLocalTransactionCoordinatorImpl - JDBC transaction marked for rollback-only (exception provided for stack trace)
java.lang.Exception: exception just for purpose of providing stack trace
	at org.hibernate.resource.transaction.backend.jdbc.internal.JdbcResourceLocalTransactionCoordinatorImpl$TransactionDriverControlImpl.markRollbackOnly(JdbcResourceLocalTransactionCoordinatorImpl.java:324)
	at org.hibernate.internal.AbstractSharedSessionContract.buildNamedQuery(AbstractSharedSessionContract.java:1003)
	at org.hibernate.internal.AbstractSharedSessionContract.createNamedQuery(AbstractSharedSessionContract.java:866)
	at org.hibernate.internal.AbstractSharedSessionContract.createNamedQuery(AbstractSharedSessionContract.java:126)
	at java.base/jdk.internal.reflect.NativeMethodAccessorImpl.invoke0(Native Method)
	at java.base/jdk.internal.reflect.NativeMethodAccessorImpl.invoke(NativeMethodAccessorImpl.java:77)
	at java.base/jdk.internal.reflect.DelegatingMethodAccessorImpl.invoke(DelegatingMethodAccessorImpl.java:43)
	at java.base/java.lang.reflect.Method.invoke(Method.java:568)
	at org.springframework.orm.jpa.ExtendedEntityManagerCreator$ExtendedEntityManagerInvocationHandler.invoke(ExtendedEntityManagerCreator.java:360)
	at jdk.proxy3/jdk.proxy3.$Proxy118.createNamedQuery(Unknown Source)
	at org.springframework.data.jpa.repository.query.NamedQuery.hasNamedQuery(NamedQuery.java:115)
	at org.springframework.data.jpa.repository.query.NamedQuery.lookupFrom(NamedQuery.java:144)
	at org.springframework.data.jpa.repository.query.JpaQueryLookupStrategy$DeclaredQueryLookupStrategy.resolveQuery(JpaQueryLookupStrategy.java:180)
	at org.springframework.data.jpa.repository.query.JpaQueryLookupStrategy$CreateIfNotFoundQueryLookupStrategy.resolveQuery(JpaQueryLookupStrategy.java:252)
	at org.springframework.data.jpa.repository.query.JpaQueryLookupStrategy$AbstractQueryLookupStrategy.resolveQuery(JpaQueryLookupStrategy.java:95)
	at org.springframework.data.repository.core.support.QueryExecutorMethodInterceptor.lookupQuery(QueryExecutorMethodInterceptor.java:111)
	at org.springframework.data.repository.core.support.QueryExecutorMethodInterceptor.mapMethodsToQuery(QueryExecutorMethodInterceptor.java:99)
	at org.springframework.data.repository.core.support.QueryExecutorMethodInterceptor.lambda$new$0(QueryExecutorMethodInterceptor.java:88)
	at java.base/java.util.Optional.map(Optional.java:260)
	at org.springframework.data.repository.core.support.QueryExecutorMethodInterceptor.<init>(QueryExecutorMethodInterceptor.java:88)
	at org.springframework.data.repository.core.support.RepositoryFactorySupport.getRepository(RepositoryFactorySupport.java:357)
	at org.springframework.data.repository.core.support.RepositoryFactoryBeanSupport.lambda$afterPropertiesSet$5(RepositoryFactoryBeanSupport.java:279)
	at org.springframework.data.util.Lazy.getNullable(Lazy.java:229)
	at org.springframework.data.util.Lazy.get(Lazy.java:113)
	at org.springframework.data.repository.core.support.RepositoryFactoryBeanSupport.afterPropertiesSet(RepositoryFactoryBeanSupport.java:285)
	at org.springframework.data.jpa.repository.support.JpaRepositoryFactoryBean.afterPropertiesSet(JpaRepositoryFactoryBean.java:132)
	at org.springframework.beans.factory.support.AbstractAutowireCapableBeanFactory.invokeInitMethods(AbstractAutowireCapableBeanFactory.java:1797)
	at org.springframework.beans.factory.support.AbstractAutowireCapableBeanFactory.initializeBean(AbstractAutowireCapableBeanFactory.java:1747)
	at org.springframework.beans.factory.support.AbstractAutowireCapableBeanFactory.doCreateBean(AbstractAutowireCapableBeanFactory.java:599)
	at org.springframework.beans.factory.support.AbstractAutowireCapableBeanFactory.createBean(AbstractAutowireCapableBeanFactory.java:521)
	at org.springframework.beans.factory.support.AbstractBeanFactory.lambda$doGetBean$0(AbstractBeanFactory.java:326)
	at org.springframework.beans.factory.support.DefaultSingletonBeanRegistry.getSingleton(DefaultSingletonBeanRegistry.java:234)
	at org.springframework.beans.factory.support.AbstractBeanFactory.doGetBean(AbstractBeanFactory.java:324)
	at org.springframework.beans.factory.support.AbstractBeanFactory.getBean(AbstractBeanFactory.java:200)
	at org.springframework.beans.factory.config.DependencyDescriptor.resolveCandidate(DependencyDescriptor.java:254)
	at org.springframework.beans.factory.support.DefaultListableBeanFactory.doResolveDependency(DefaultListableBeanFactory.java:1405)
	at org.springframework.beans.factory.support.DefaultListableBeanFactory.resolveDependency(DefaultListableBeanFactory.java:1325)
	at org.springframework.beans.factory.annotation.AutowiredAnnotationBeanPostProcessor$AutowiredFieldElement.resolveFieldValue(AutowiredAnnotationBeanPostProcessor.java:709)
	at org.springframework.beans.factory.annotation.AutowiredAnnotationBeanPostProcessor$AutowiredFieldElement.inject(AutowiredAnnotationBeanPostProcessor.java:692)
	at org.springframework.beans.factory.annotation.InjectionMetadata.inject(InjectionMetadata.java:127)
	at org.springframework.beans.factory.annotation.AutowiredAnnotationBeanPostProcessor.postProcessProperties(AutowiredAnnotationBeanPostProcessor.java:481)
	at org.springframework.beans.factory.support.AbstractAutowireCapableBeanFactory.populateBean(AbstractAutowireCapableBeanFactory.java:1397)
	at org.springframework.beans.factory.support.AbstractAutowireCapableBeanFactory.doCreateBean(AbstractAutowireCapableBeanFactory.java:598)
	at org.springframework.beans.factory.support.AbstractAutowireCapableBeanFactory.createBean(AbstractAutowireCapableBeanFactory.java:521)
	at org.springframework.beans.factory.support.AbstractBeanFactory.lambda$doGetBean$0(AbstractBeanFactory.java:326)
	at org.springframework.beans.factory.support.DefaultSingletonBeanRegistry.getSingleton(DefaultSingletonBeanRegistry.java:234)
	at org.springframework.beans.factory.support.AbstractBeanFactory.doGetBean(AbstractBeanFactory.java:324)
	at org.springframework.beans.factory.support.AbstractBeanFactory.getBean(AbstractBeanFactory.java:200)
	at org.springframework.beans.factory.config.DependencyDescriptor.resolveCandidate(DependencyDescriptor.java:254)
	at org.springframework.beans.factory.support.DefaultListableBeanFactory.doResolveDependency(DefaultListableBeanFactory.java:1405)
	at org.springframework.beans.factory.support.DefaultListableBeanFactory.resolveDependency(DefaultListableBeanFactory.java:1325)
	at org.springframework.beans.factory.support.ConstructorResolver.resolveAutowiredArgument(ConstructorResolver.java:885)
	at org.springframework.beans.factory.support.ConstructorResolver.createArgumentArray(ConstructorResolver.java:789)
	at org.springframework.beans.factory.support.ConstructorResolver.autowireConstructor(ConstructorResolver.java:245)
	at org.springframework.beans.factory.support.AbstractAutowireCapableBeanFactory.autowireConstructor(AbstractAutowireCapableBeanFactory.java:1344)
	at org.springframework.beans.factory.support.AbstractAutowireCapableBeanFactory.createBeanInstance(AbstractAutowireCapableBeanFactory.java:1188)
	at org.springframework.beans.factory.support.AbstractAutowireCapableBeanFactory.doCreateBean(AbstractAutowireCapableBeanFactory.java:561)
	at org.springframework.beans.factory.support.AbstractAutowireCapableBeanFactory.createBean(AbstractAutowireCapableBeanFactory.java:521)
	at org.springframework.beans.factory.support.AbstractBeanFactory.lambda$doGetBean$0(AbstractBeanFactory.java:326)
	at org.springframework.beans.factory.support.DefaultSingletonBeanRegistry.getSingleton(DefaultSingletonBeanRegistry.java:234)
	at org.springframework.beans.factory.support.AbstractBeanFactory.doGetBean(AbstractBeanFactory.java:324)
	at org.springframework.beans.factory.support.AbstractBeanFactory.getBean(AbstractBeanFactory.java:200)
	at org.springframework.beans.factory.config.DependencyDescriptor.resolveCandidate(DependencyDescriptor.java:254)
	at org.springframework.beans.factory.support.DefaultListableBeanFactory.doResolveDependency(DefaultListableBeanFactory.java:1405)
	at org.springframework.beans.factory.support.DefaultListableBeanFactory.resolveDependency(DefaultListableBeanFactory.java:1325)
	at org.springframework.beans.factory.annotation.AutowiredAnnotationBeanPostProcessor$AutowiredFieldElement.resolveFieldValue(AutowiredAnnotationBeanPostProcessor.java:709)
	at org.springframework.beans.factory.annotation.AutowiredAnnotationBeanPostProcessor$AutowiredFieldElement.inject(AutowiredAnnotationBeanPostProcessor.java:692)
	at org.springframework.beans.factory.annotation.InjectionMetadata.inject(InjectionMetadata.java:127)
	at org.springframework.beans.factory.annotation.AutowiredAnnotationBeanPostProcessor.postProcessProperties(AutowiredAnnotationBeanPostProcessor.java:481)
	at org.springframework.beans.factory.support.AbstractAutowireCapableBeanFactory.populateBean(AbstractAutowireCapableBeanFactory.java:1397)
	at org.springframework.beans.factory.support.AbstractAutowireCapableBeanFactory.doCreateBean(AbstractAutowireCapableBeanFactory.java:598)
	at org.springframework.beans.factory.support.AbstractAutowireCapableBeanFactory.createBean(AbstractAutowireCapableBeanFactory.java:521)
	at org.springframework.beans.factory.support.AbstractBeanFactory.lambda$doGetBean$0(AbstractBeanFactory.java:326)
	at org.springframework.beans.factory.support.DefaultSingletonBeanRegistry.getSingleton(DefaultSingletonBeanRegistry.java:234)
	at org.springframework.beans.factory.support.AbstractBeanFactory.doGetBean(AbstractBeanFactory.java:324)
	at org.springframework.beans.factory.support.AbstractBeanFactory.getBean(AbstractBeanFactory.java:200)
	at org.springframework.beans.factory.support.DefaultListableBeanFactory.preInstantiateSingletons(DefaultListableBeanFactory.java:961)
	at org.springframework.context.support.AbstractApplicationContext.finishBeanFactoryInitialization(AbstractApplicationContext.java:915)
	at org.springframework.context.support.AbstractApplicationContext.refresh(AbstractApplicationContext.java:584)
	at org.springframework.test.context.support.AbstractGenericContextLoader.loadContext(AbstractGenericContextLoader.java:221)
	at org.springframework.test.context.support.AbstractGenericContextLoader.loadContext(AbstractGenericContextLoader.java:110)
	at org.springframework.test.context.cache.DefaultCacheAwareContextLoaderDelegate.loadContextInternal(DefaultCacheAwareContextLoaderDelegate.java:184)
	at org.springframework.test.context.cache.DefaultCacheAwareContextLoaderDelegate.loadContext(DefaultCacheAwareContextLoaderDelegate.java:118)
	at org.springframework.test.context.support.DefaultTestContext.getApplicationContext(DefaultTestContext.java:127)
	at org.springframework.test.context.web.ServletTestExecutionListener.setUpRequestContextIfNecessary(ServletTestExecutionListener.java:191)
	at org.springframework.test.context.web.ServletTestExecutionListener.prepareTestInstance(ServletTestExecutionListener.java:130)
	at org.springframework.test.context.TestContextManager.prepareTestInstance(TestContextManager.java:241)
	at org.springframework.test.context.junit.jupiter.SpringExtension.postProcessTestInstance(SpringExtension.java:138)
	at org.junit.jupiter.engine.descriptor.ClassBasedTestDescriptor.lambda$invokeTestInstancePostProcessors$10(ClassBasedTestDescriptor.java:377)
	at org.junit.jupiter.engine.descriptor.ClassBasedTestDescriptor.executeAndMaskThrowable(ClassBasedTestDescriptor.java:382)
	at org.junit.jupiter.engine.descriptor.ClassBasedTestDescriptor.lambda$invokeTestInstancePostProcessors$11(ClassBasedTestDescriptor.java:377)
	at java.base/java.util.stream.ReferencePipeline$3$1.accept(ReferencePipeline.java:197)
	at java.base/java.util.stream.ReferencePipeline$2$1.accept(ReferencePipeline.java:179)
	at java.base/java.util.ArrayList$ArrayListSpliterator.forEachRemaining(ArrayList.java:1625)
	at java.base/java.util.stream.AbstractPipeline.copyInto(AbstractPipeline.java:509)
	at java.base/java.util.stream.AbstractPipeline.wrapAndCopyInto(AbstractPipeline.java:499)
	at java.base/java.util.stream.StreamSpliterators$WrappingSpliterator.forEachRemaining(StreamSpliterators.java:310)
	at java.base/java.util.stream.Streams$ConcatSpliterator.forEachRemaining(Streams.java:735)
	at java.base/java.util.stream.Streams$ConcatSpliterator.forEachRemaining(Streams.java:734)
	at java.base/java.util.stream.ReferencePipeline$Head.forEach(ReferencePipeline.java:762)
	at org.junit.jupiter.engine.descriptor.ClassBasedTestDescriptor.invokeTestInstancePostProcessors(ClassBasedTestDescriptor.java:376)
	at org.junit.jupiter.engine.descriptor.ClassBasedTestDescriptor.lambda$instantiateAndPostProcessTestInstance$6(ClassBasedTestDescriptor.java:289)
	at org.junit.platform.engine.support.hierarchical.ThrowableCollector.execute(ThrowableCollector.java:73)
	at org.junit.jupiter.engine.descriptor.ClassBasedTestDescriptor.instantiateAndPostProcessTestInstance(ClassBasedTestDescriptor.java:288)
	at org.junit.jupiter.engine.descriptor.ClassBasedTestDescriptor.lambda$testInstancesProvider$4(ClassBasedTestDescriptor.java:278)
	at java.base/java.util.Optional.orElseGet(Optional.java:364)
	at org.junit.jupiter.engine.descriptor.ClassBasedTestDescriptor.lambda$testInstancesProvider$5(ClassBasedTestDescriptor.java:277)
	at org.junit.jupiter.engine.execution.TestInstancesProvider.getTestInstances(TestInstancesProvider.java:31)
	at org.junit.jupiter.engine.descriptor.TestMethodTestDescriptor.lambda$prepare$0(TestMethodTestDescriptor.java:105)
	at org.junit.platform.engine.support.hierarchical.ThrowableCollector.execute(ThrowableCollector.java:73)
	at org.junit.jupiter.engine.descriptor.TestMethodTestDescriptor.prepare(TestMethodTestDescriptor.java:104)
	at org.junit.jupiter.engine.descriptor.TestMethodTestDescriptor.prepare(TestMethodTestDescriptor.java:68)
	at org.junit.platform.engine.support.hierarchical.NodeTestTask.lambda$prepare$2(NodeTestTask.java:123)
	at org.junit.platform.engine.support.hierarchical.ThrowableCollector.execute(ThrowableCollector.java:73)
	at org.junit.platform.engine.support.hierarchical.NodeTestTask.prepare(NodeTestTask.java:123)
	at org.junit.platform.engine.support.hierarchical.NodeTestTask.execute(NodeTestTask.java:90)
	at java.base/java.util.ArrayList.forEach(ArrayList.java:1511)
	at org.junit.platform.engine.support.hierarchical.SameThreadHierarchicalTestExecutorService.invokeAll(SameThreadHierarchicalTestExecutorService.java:41)
	at org.junit.platform.engine.support.hierarchical.NodeTestTask.lambda$executeRecursively$6(NodeTestTask.java:155)
	at org.junit.platform.engine.support.hierarchical.ThrowableCollector.execute(ThrowableCollector.java:73)
	at org.junit.platform.engine.support.hierarchical.NodeTestTask.lambda$executeRecursively$8(NodeTestTask.java:141)
	at org.junit.platform.engine.support.hierarchical.Node.around(Node.java:137)
	at org.junit.platform.engine.support.hierarchical.NodeTestTask.lambda$executeRecursively$9(NodeTestTask.java:139)
	at org.junit.platform.engine.support.hierarchical.ThrowableCollector.execute(ThrowableCollector.java:73)
	at org.junit.platform.engine.support.hierarchical.NodeTestTask.executeRecursively(NodeTestTask.java:138)
	at org.junit.platform.engine.support.hierarchical.NodeTestTask.execute(NodeTestTask.java:95)
	at java.base/java.util.ArrayList.forEach(ArrayList.java:1511)
	at org.junit.platform.engine.support.hierarchical.SameThreadHierarchicalTestExecutorService.invokeAll(SameThreadHierarchicalTestExecutorService.java:41)
	at org.junit.platform.engine.support.hierarchical.NodeTestTask.lambda$executeRecursively$6(NodeTestTask.java:155)
	at org.junit.platform.engine.support.hierarchical.ThrowableCollector.execute(ThrowableCollector.java:73)
	at org.junit.platform.engine.support.hierarchical.NodeTestTask.lambda$executeRecursively$8(NodeTestTask.java:141)
	at org.junit.platform.engine.support.hierarchical.Node.around(Node.java:137)
	at org.junit.platform.engine.support.hierarchical.NodeTestTask.lambda$executeRecursively$9(NodeTestTask.java:139)
	at org.junit.platform.engine.support.hierarchical.ThrowableCollector.execute(ThrowableCollector.java:73)
	at org.junit.platform.engine.support.hierarchical.NodeTestTask.executeRecursively(NodeTestTask.java:138)
	at org.junit.platform.engine.support.hierarchical.NodeTestTask.execute(NodeTestTask.java:95)
	at org.junit.platform.engine.support.hierarchical.SameThreadHierarchicalTestExecutorService.submit(SameThreadHierarchicalTestExecutorService.java:35)
	at org.junit.platform.engine.support.hierarchical.HierarchicalTestExecutor.execute(HierarchicalTestExecutor.java:57)
	at org.junit.platform.engine.support.hierarchical.HierarchicalTestEngine.execute(HierarchicalTestEngine.java:54)
	at org.junit.platform.launcher.core.EngineExecutionOrchestrator.execute(EngineExecutionOrchestrator.java:147)
	at org.junit.platform.launcher.core.EngineExecutionOrchestrator.execute(EngineExecutionOrchestrator.java:127)
	at org.junit.platform.launcher.core.EngineExecutionOrchestrator.execute(EngineExecutionOrchestrator.java:90)
	at org.junit.platform.launcher.core.EngineExecutionOrchestrator.lambda$execute$0(EngineExecutionOrchestrator.java:55)
	at org.junit.platform.launcher.core.EngineExecutionOrchestrator.withInterceptedStreams(EngineExecutionOrchestrator.java:102)
	at org.junit.platform.launcher.core.EngineExecutionOrchestrator.execute(EngineExecutionOrchestrator.java:54)
	at org.junit.platform.launcher.core.DefaultLauncher.execute(DefaultLauncher.java:114)
	at org.junit.platform.launcher.core.DefaultLauncher.execute(DefaultLauncher.java:86)
	at org.junit.platform.launcher.core.DefaultLauncherSession$DelegatingLauncher.execute(DefaultLauncherSession.java:86)
	at org.junit.platform.launcher.core.SessionPerRequestLauncher.execute(SessionPerRequestLauncher.java:53)
	at org.gradle.api.internal.tasks.testing.junitplatform.JUnitPlatformTestClassProcessor$CollectAllTestClassesExecutor.processAllTestClasses(JUnitPlatformTestClassProcessor.java:99)
	at org.gradle.api.internal.tasks.testing.junitplatform.JUnitPlatformTestClassProcessor$CollectAllTestClassesExecutor.access$000(JUnitPlatformTestClassProcessor.java:79)
	at org.gradle.api.internal.tasks.testing.junitplatform.JUnitPlatformTestClassProcessor.stop(JUnitPlatformTestClassProcessor.java:75)
	at org.gradle.api.internal.tasks.testing.SuiteTestClassProcessor.stop(SuiteTestClassProcessor.java:61)
	at java.base/jdk.internal.reflect.NativeMethodAccessorImpl.invoke0(Native Method)
	at java.base/jdk.internal.reflect.NativeMethodAccessorImpl.invoke(NativeMethodAccessorImpl.java:77)
	at java.base/jdk.internal.reflect.DelegatingMethodAccessorImpl.invoke(DelegatingMethodAccessorImpl.java:43)
	at java.base/java.lang.reflect.Method.invoke(Method.java:568)
	at org.gradle.internal.dispatch.ReflectionDispatch.dispatch(ReflectionDispatch.java:36)
	at org.gradle.internal.dispatch.ReflectionDispatch.dispatch(ReflectionDispatch.java:24)
	at org.gradle.internal.dispatch.ContextClassLoaderDispatch.dispatch(ContextClassLoaderDispatch.java:33)
	at org.gradle.internal.dispatch.ProxyDispatchAdapter$DispatchingInvocationHandler.invoke(ProxyDispatchAdapter.java:94)
	at jdk.proxy1/jdk.proxy1.$Proxy2.stop(Unknown Source)
	at org.gradle.api.internal.tasks.testing.worker.TestWorker$3.run(TestWorker.java:193)
	at org.gradle.api.internal.tasks.testing.worker.TestWorker.executeAndMaintainThreadName(TestWorker.java:129)
	at org.gradle.api.internal.tasks.testing.worker.TestWorker.execute(TestWorker.java:100)
	at org.gradle.api.internal.tasks.testing.worker.TestWorker.execute(TestWorker.java:60)
	at org.gradle.process.internal.worker.child.ActionExecutionWorker.execute(ActionExecutionWorker.java:56)
	at org.gradle.process.internal.worker.child.SystemApplicationClassLoaderWorker.call(SystemApplicationClassLoaderWorker.java:133)
	at org.gradle.process.internal.worker.child.SystemApplicationClassLoaderWorker.call(SystemApplicationClassLoaderWorker.java:71)
	at worker.org.gradle.process.internal.worker.GradleWorkerMain.run(GradleWorkerMain.java:69)
	at worker.org.gradle.process.internal.worker.GradleWorkerMain.main(GradleWorkerMain.java:74)
14:49:04.086 [Test worker] DEBUG org.springframework.data.jpa.repository.query.NamedQuery - Did not find named query Event.getEventsByDate
14:49:04.086 [Test worker] DEBUG org.springframework.orm.jpa.SharedEntityManagerCreator$SharedEntityManagerInvocationHandler - Creating new EntityManager for shared EntityManager invocation
14:49:04.088 [Test worker] DEBUG org.springframework.data.repository.core.support.RepositoryFactorySupport - Finished creation of repository instance for com.joango.repository.EventRepository.
14:49:04.089 [Test worker] DEBUG org.springframework.beans.factory.support.DefaultListableBeanFactory - Creating shared instance of singleton bean 'ticketService'
14:49:04.090 [Test worker] DEBUG org.springframework.beans.factory.support.DefaultListableBeanFactory - Creating shared instance of singleton bean 'ticketRepository'
14:49:04.090 [Test worker] DEBUG org.springframework.beans.factory.support.DefaultListableBeanFactory - Creating shared instance of singleton bean 'jpa.named-queries#0'
14:49:04.090 [Test worker] DEBUG org.springframework.beans.factory.support.DefaultListableBeanFactory - Creating shared instance of singleton bean 'jpa.TicketRepository.fragments#0'
14:49:04.091 [Test worker] DEBUG org.springframework.orm.jpa.SharedEntityManagerCreator$SharedEntityManagerInvocationHandler - Creating new EntityManager for shared EntityManager invocation
14:49:04.092 [Test worker] DEBUG org.springframework.data.repository.core.support.RepositoryFactorySupport - Initializing repository instance for com.joango.repository.TicketRepository…
14:49:04.093 [Test worker] DEBUG org.springframework.orm.jpa.SharedEntityManagerCreator$SharedEntityManagerInvocationHandler - Creating new EntityManager for shared EntityManager invocation
14:49:04.103 [Test worker] DEBUG org.springframework.data.jpa.repository.query.NamedQuery - Looking up named query Ticket.getTicketsByEventId
14:49:04.104 [Test worker] DEBUG org.hibernate.resource.transaction.backend.jdbc.internal.JdbcResourceLocalTransactionCoordinatorImpl - JDBC transaction marked for rollback-only (exception provided for stack trace)
java.lang.Exception: exception just for purpose of providing stack trace
	at org.hibernate.resource.transaction.backend.jdbc.internal.JdbcResourceLocalTransactionCoordinatorImpl$TransactionDriverControlImpl.markRollbackOnly(JdbcResourceLocalTransactionCoordinatorImpl.java:324)
	at org.hibernate.internal.AbstractSharedSessionContract.buildNamedQuery(AbstractSharedSessionContract.java:1003)
	at org.hibernate.internal.AbstractSharedSessionContract.createNamedQuery(AbstractSharedSessionContract.java:866)
	at org.hibernate.internal.AbstractSharedSessionContract.createNamedQuery(AbstractSharedSessionContract.java:126)
	at java.base/jdk.internal.reflect.NativeMethodAccessorImpl.invoke0(Native Method)
	at java.base/jdk.internal.reflect.NativeMethodAccessorImpl.invoke(NativeMethodAccessorImpl.java:77)
	at java.base/jdk.internal.reflect.DelegatingMethodAccessorImpl.invoke(DelegatingMethodAccessorImpl.java:43)
	at java.base/java.lang.reflect.Method.invoke(Method.java:568)
	at org.springframework.orm.jpa.ExtendedEntityManagerCreator$ExtendedEntityManagerInvocationHandler.invoke(ExtendedEntityManagerCreator.java:360)
	at jdk.proxy3/jdk.proxy3.$Proxy118.createNamedQuery(Unknown Source)
	at org.springframework.data.jpa.repository.query.NamedQuery.hasNamedQuery(NamedQuery.java:115)
	at org.springframework.data.jpa.repository.query.NamedQuery.lookupFrom(NamedQuery.java:144)
	at org.springframework.data.jpa.repository.query.JpaQueryLookupStrategy$DeclaredQueryLookupStrategy.resolveQuery(JpaQueryLookupStrategy.java:180)
	at org.springframework.data.jpa.repository.query.JpaQueryLookupStrategy$CreateIfNotFoundQueryLookupStrategy.resolveQuery(JpaQueryLookupStrategy.java:252)
	at org.springframework.data.jpa.repository.query.JpaQueryLookupStrategy$AbstractQueryLookupStrategy.resolveQuery(JpaQueryLookupStrategy.java:95)
	at org.springframework.data.repository.core.support.QueryExecutorMethodInterceptor.lookupQuery(QueryExecutorMethodInterceptor.java:111)
	at org.springframework.data.repository.core.support.QueryExecutorMethodInterceptor.mapMethodsToQuery(QueryExecutorMethodInterceptor.java:99)
	at org.springframework.data.repository.core.support.QueryExecutorMethodInterceptor.lambda$new$0(QueryExecutorMethodInterceptor.java:88)
	at java.base/java.util.Optional.map(Optional.java:260)
	at org.springframework.data.repository.core.support.QueryExecutorMethodInterceptor.<init>(QueryExecutorMethodInterceptor.java:88)
	at org.springframework.data.repository.core.support.RepositoryFactorySupport.getRepository(RepositoryFactorySupport.java:357)
	at org.springframework.data.repository.core.support.RepositoryFactoryBeanSupport.lambda$afterPropertiesSet$5(RepositoryFactoryBeanSupport.java:279)
	at org.springframework.data.util.Lazy.getNullable(Lazy.java:229)
	at org.springframework.data.util.Lazy.get(Lazy.java:113)
	at org.springframework.data.repository.core.support.RepositoryFactoryBeanSupport.afterPropertiesSet(RepositoryFactoryBeanSupport.java:285)
	at org.springframework.data.jpa.repository.support.JpaRepositoryFactoryBean.afterPropertiesSet(JpaRepositoryFactoryBean.java:132)
	at org.springframework.beans.factory.support.AbstractAutowireCapableBeanFactory.invokeInitMethods(AbstractAutowireCapableBeanFactory.java:1797)
	at org.springframework.beans.factory.support.AbstractAutowireCapableBeanFactory.initializeBean(AbstractAutowireCapableBeanFactory.java:1747)
	at org.springframework.beans.factory.support.AbstractAutowireCapableBeanFactory.doCreateBean(AbstractAutowireCapableBeanFactory.java:599)
	at org.springframework.beans.factory.support.AbstractAutowireCapableBeanFactory.createBean(AbstractAutowireCapableBeanFactory.java:521)
	at org.springframework.beans.factory.support.AbstractBeanFactory.lambda$doGetBean$0(AbstractBeanFactory.java:326)
	at org.springframework.beans.factory.support.DefaultSingletonBeanRegistry.getSingleton(DefaultSingletonBeanRegistry.java:234)
	at org.springframework.beans.factory.support.AbstractBeanFactory.doGetBean(AbstractBeanFactory.java:324)
	at org.springframework.beans.factory.support.AbstractBeanFactory.getBean(AbstractBeanFactory.java:200)
	at org.springframework.beans.factory.config.DependencyDescriptor.resolveCandidate(DependencyDescriptor.java:254)
	at org.springframework.beans.factory.support.DefaultListableBeanFactory.doResolveDependency(DefaultListableBeanFactory.java:1405)
	at org.springframework.beans.factory.support.DefaultListableBeanFactory.resolveDependency(DefaultListableBeanFactory.java:1325)
	at org.springframework.beans.factory.annotation.AutowiredAnnotationBeanPostProcessor$AutowiredFieldElement.resolveFieldValue(AutowiredAnnotationBeanPostProcessor.java:709)
	at org.springframework.beans.factory.annotation.AutowiredAnnotationBeanPostProcessor$AutowiredFieldElement.inject(AutowiredAnnotationBeanPostProcessor.java:692)
	at org.springframework.beans.factory.annotation.InjectionMetadata.inject(InjectionMetadata.java:127)
	at org.springframework.beans.factory.annotation.AutowiredAnnotationBeanPostProcessor.postProcessProperties(AutowiredAnnotationBeanPostProcessor.java:481)
	at org.springframework.beans.factory.support.AbstractAutowireCapableBeanFactory.populateBean(AbstractAutowireCapableBeanFactory.java:1397)
	at org.springframework.beans.factory.support.AbstractAutowireCapableBeanFactory.doCreateBean(AbstractAutowireCapableBeanFactory.java:598)
	at org.springframework.beans.factory.support.AbstractAutowireCapableBeanFactory.createBean(AbstractAutowireCapableBeanFactory.java:521)
	at org.springframework.beans.factory.support.AbstractBeanFactory.lambda$doGetBean$0(AbstractBeanFactory.java:326)
	at org.springframework.beans.factory.support.DefaultSingletonBeanRegistry.getSingleton(DefaultSingletonBeanRegistry.java:234)
	at org.springframework.beans.factory.support.AbstractBeanFactory.doGetBean(AbstractBeanFactory.java:324)
	at org.springframework.beans.factory.support.AbstractBeanFactory.getBean(AbstractBeanFactory.java:200)
	at org.springframework.beans.factory.config.DependencyDescriptor.resolveCandidate(DependencyDescriptor.java:254)
	at org.springframework.beans.factory.support.DefaultListableBeanFactory.doResolveDependency(DefaultListableBeanFactory.java:1405)
	at org.springframework.beans.factory.support.DefaultListableBeanFactory.resolveDependency(DefaultListableBeanFactory.java:1325)
	at org.springframework.beans.factory.support.ConstructorResolver.resolveAutowiredArgument(ConstructorResolver.java:885)
	at org.springframework.beans.factory.support.ConstructorResolver.createArgumentArray(ConstructorResolver.java:789)
	at org.springframework.beans.factory.support.ConstructorResolver.autowireConstructor(ConstructorResolver.java:245)
	at org.springframework.beans.factory.support.AbstractAutowireCapableBeanFactory.autowireConstructor(AbstractAutowireCapableBeanFactory.java:1344)
	at org.springframework.beans.factory.support.AbstractAutowireCapableBeanFactory.createBeanInstance(AbstractAutowireCapableBeanFactory.java:1188)
	at org.springframework.beans.factory.support.AbstractAutowireCapableBeanFactory.doCreateBean(AbstractAutowireCapableBeanFactory.java:561)
	at org.springframework.beans.factory.support.AbstractAutowireCapableBeanFactory.createBean(AbstractAutowireCapableBeanFactory.java:521)
	at org.springframework.beans.factory.support.AbstractBeanFactory.lambda$doGetBean$0(AbstractBeanFactory.java:326)
	at org.springframework.beans.factory.support.DefaultSingletonBeanRegistry.getSingleton(DefaultSingletonBeanRegistry.java:234)
	at org.springframework.beans.factory.support.AbstractBeanFactory.doGetBean(AbstractBeanFactory.java:324)
	at org.springframework.beans.factory.support.AbstractBeanFactory.getBean(AbstractBeanFactory.java:200)
	at org.springframework.beans.factory.config.DependencyDescriptor.resolveCandidate(DependencyDescriptor.java:254)
	at org.springframework.beans.factory.support.DefaultListableBeanFactory.doResolveDependency(DefaultListableBeanFactory.java:1405)
	at org.springframework.beans.factory.support.DefaultListableBeanFactory.resolveDependency(DefaultListableBeanFactory.java:1325)
	at org.springframework.beans.factory.annotation.AutowiredAnnotationBeanPostProcessor$AutowiredFieldElement.resolveFieldValue(AutowiredAnnotationBeanPostProcessor.java:709)
	at org.springframework.beans.factory.annotation.AutowiredAnnotationBeanPostProcessor$AutowiredFieldElement.inject(AutowiredAnnotationBeanPostProcessor.java:692)
	at org.springframework.beans.factory.annotation.InjectionMetadata.inject(InjectionMetadata.java:127)
	at org.springframework.beans.factory.annotation.AutowiredAnnotationBeanPostProcessor.postProcessProperties(AutowiredAnnotationBeanPostProcessor.java:481)
	at org.springframework.beans.factory.support.AbstractAutowireCapableBeanFactory.populateBean(AbstractAutowireCapableBeanFactory.java:1397)
	at org.springframework.beans.factory.support.AbstractAutowireCapableBeanFactory.doCreateBean(AbstractAutowireCapableBeanFactory.java:598)
	at org.springframework.beans.factory.support.AbstractAutowireCapableBeanFactory.createBean(AbstractAutowireCapableBeanFactory.java:521)
	at org.springframework.beans.factory.support.AbstractBeanFactory.lambda$doGetBean$0(AbstractBeanFactory.java:326)
	at org.springframework.beans.factory.support.DefaultSingletonBeanRegistry.getSingleton(DefaultSingletonBeanRegistry.java:234)
	at org.springframework.beans.factory.support.AbstractBeanFactory.doGetBean(AbstractBeanFactory.java:324)
	at org.springframework.beans.factory.support.AbstractBeanFactory.getBean(AbstractBeanFactory.java:200)
	at org.springframework.beans.factory.support.DefaultListableBeanFactory.preInstantiateSingletons(DefaultListableBeanFactory.java:961)
	at org.springframework.context.support.AbstractApplicationContext.finishBeanFactoryInitialization(AbstractApplicationContext.java:915)
	at org.springframework.context.support.AbstractApplicationContext.refresh(AbstractApplicationContext.java:584)
	at org.springframework.test.context.support.AbstractGenericContextLoader.loadContext(AbstractGenericContextLoader.java:221)
	at org.springframework.test.context.support.AbstractGenericContextLoader.loadContext(AbstractGenericContextLoader.java:110)
	at org.springframework.test.context.cache.DefaultCacheAwareContextLoaderDelegate.loadContextInternal(DefaultCacheAwareContextLoaderDelegate.java:184)
	at org.springframework.test.context.cache.DefaultCacheAwareContextLoaderDelegate.loadContext(DefaultCacheAwareContextLoaderDelegate.java:118)
	at org.springframework.test.context.support.DefaultTestContext.getApplicationContext(DefaultTestContext.java:127)
	at org.springframework.test.context.web.ServletTestExecutionListener.setUpRequestContextIfNecessary(ServletTestExecutionListener.java:191)
	at org.springframework.test.context.web.ServletTestExecutionListener.prepareTestInstance(ServletTestExecutionListener.java:130)
	at org.springframework.test.context.TestContextManager.prepareTestInstance(TestContextManager.java:241)
	at org.springframework.test.context.junit.jupiter.SpringExtension.postProcessTestInstance(SpringExtension.java:138)
	at org.junit.jupiter.engine.descriptor.ClassBasedTestDescriptor.lambda$invokeTestInstancePostProcessors$10(ClassBasedTestDescriptor.java:377)
	at org.junit.jupiter.engine.descriptor.ClassBasedTestDescriptor.executeAndMaskThrowable(ClassBasedTestDescriptor.java:382)
	at org.junit.jupiter.engine.descriptor.ClassBasedTestDescriptor.lambda$invokeTestInstancePostProcessors$11(ClassBasedTestDescriptor.java:377)
	at java.base/java.util.stream.ReferencePipeline$3$1.accept(ReferencePipeline.java:197)
	at java.base/java.util.stream.ReferencePipeline$2$1.accept(ReferencePipeline.java:179)
	at java.base/java.util.ArrayList$ArrayListSpliterator.forEachRemaining(ArrayList.java:1625)
	at java.base/java.util.stream.AbstractPipeline.copyInto(AbstractPipeline.java:509)
	at java.base/java.util.stream.AbstractPipeline.wrapAndCopyInto(AbstractPipeline.java:499)
	at java.base/java.util.stream.StreamSpliterators$WrappingSpliterator.forEachRemaining(StreamSpliterators.java:310)
	at java.base/java.util.stream.Streams$ConcatSpliterator.forEachRemaining(Streams.java:735)
	at java.base/java.util.stream.Streams$ConcatSpliterator.forEachRemaining(Streams.java:734)
	at java.base/java.util.stream.ReferencePipeline$Head.forEach(ReferencePipeline.java:762)
	at org.junit.jupiter.engine.descriptor.ClassBasedTestDescriptor.invokeTestInstancePostProcessors(ClassBasedTestDescriptor.java:376)
	at org.junit.jupiter.engine.descriptor.ClassBasedTestDescriptor.lambda$instantiateAndPostProcessTestInstance$6(ClassBasedTestDescriptor.java:289)
	at org.junit.platform.engine.support.hierarchical.ThrowableCollector.execute(ThrowableCollector.java:73)
	at org.junit.jupiter.engine.descriptor.ClassBasedTestDescriptor.instantiateAndPostProcessTestInstance(ClassBasedTestDescriptor.java:288)
	at org.junit.jupiter.engine.descriptor.ClassBasedTestDescriptor.lambda$testInstancesProvider$4(ClassBasedTestDescriptor.java:278)
	at java.base/java.util.Optional.orElseGet(Optional.java:364)
	at org.junit.jupiter.engine.descriptor.ClassBasedTestDescriptor.lambda$testInstancesProvider$5(ClassBasedTestDescriptor.java:277)
	at org.junit.jupiter.engine.execution.TestInstancesProvider.getTestInstances(TestInstancesProvider.java:31)
	at org.junit.jupiter.engine.descriptor.TestMethodTestDescriptor.lambda$prepare$0(TestMethodTestDescriptor.java:105)
	at org.junit.platform.engine.support.hierarchical.ThrowableCollector.execute(ThrowableCollector.java:73)
	at org.junit.jupiter.engine.descriptor.TestMethodTestDescriptor.prepare(TestMethodTestDescriptor.java:104)
	at org.junit.jupiter.engine.descriptor.TestMethodTestDescriptor.prepare(TestMethodTestDescriptor.java:68)
	at org.junit.platform.engine.support.hierarchical.NodeTestTask.lambda$prepare$2(NodeTestTask.java:123)
	at org.junit.platform.engine.support.hierarchical.ThrowableCollector.execute(ThrowableCollector.java:73)
	at org.junit.platform.engine.support.hierarchical.NodeTestTask.prepare(NodeTestTask.java:123)
	at org.junit.platform.engine.support.hierarchical.NodeTestTask.execute(NodeTestTask.java:90)
	at java.base/java.util.ArrayList.forEach(ArrayList.java:1511)
	at org.junit.platform.engine.support.hierarchical.SameThreadHierarchicalTestExecutorService.invokeAll(SameThreadHierarchicalTestExecutorService.java:41)
	at org.junit.platform.engine.support.hierarchical.NodeTestTask.lambda$executeRecursively$6(NodeTestTask.java:155)
	at org.junit.platform.engine.support.hierarchical.ThrowableCollector.execute(ThrowableCollector.java:73)
	at org.junit.platform.engine.support.hierarchical.NodeTestTask.lambda$executeRecursively$8(NodeTestTask.java:141)
	at org.junit.platform.engine.support.hierarchical.Node.around(Node.java:137)
	at org.junit.platform.engine.support.hierarchical.NodeTestTask.lambda$executeRecursively$9(NodeTestTask.java:139)
	at org.junit.platform.engine.support.hierarchical.ThrowableCollector.execute(ThrowableCollector.java:73)
	at org.junit.platform.engine.support.hierarchical.NodeTestTask.executeRecursively(NodeTestTask.java:138)
	at org.junit.platform.engine.support.hierarchical.NodeTestTask.execute(NodeTestTask.java:95)
	at java.base/java.util.ArrayList.forEach(ArrayList.java:1511)
	at org.junit.platform.engine.support.hierarchical.SameThreadHierarchicalTestExecutorService.invokeAll(SameThreadHierarchicalTestExecutorService.java:41)
	at org.junit.platform.engine.support.hierarchical.NodeTestTask.lambda$executeRecursively$6(NodeTestTask.java:155)
	at org.junit.platform.engine.support.hierarchical.ThrowableCollector.execute(ThrowableCollector.java:73)
	at org.junit.platform.engine.support.hierarchical.NodeTestTask.lambda$executeRecursively$8(NodeTestTask.java:141)
	at org.junit.platform.engine.support.hierarchical.Node.around(Node.java:137)
	at org.junit.platform.engine.support.hierarchical.NodeTestTask.lambda$executeRecursively$9(NodeTestTask.java:139)
	at org.junit.platform.engine.support.hierarchical.ThrowableCollector.execute(ThrowableCollector.java:73)
	at org.junit.platform.engine.support.hierarchical.NodeTestTask.executeRecursively(NodeTestTask.java:138)
	at org.junit.platform.engine.support.hierarchical.NodeTestTask.execute(NodeTestTask.java:95)
	at org.junit.platform.engine.support.hierarchical.SameThreadHierarchicalTestExecutorService.submit(SameThreadHierarchicalTestExecutorService.java:35)
	at org.junit.platform.engine.support.hierarchical.HierarchicalTestExecutor.execute(HierarchicalTestExecutor.java:57)
	at org.junit.platform.engine.support.hierarchical.HierarchicalTestEngine.execute(HierarchicalTestEngine.java:54)
	at org.junit.platform.launcher.core.EngineExecutionOrchestrator.execute(EngineExecutionOrchestrator.java:147)
	at org.junit.platform.launcher.core.EngineExecutionOrchestrator.execute(EngineExecutionOrchestrator.java:127)
	at org.junit.platform.launcher.core.EngineExecutionOrchestrator.execute(EngineExecutionOrchestrator.java:90)
	at org.junit.platform.launcher.core.EngineExecutionOrchestrator.lambda$execute$0(EngineExecutionOrchestrator.java:55)
	at org.junit.platform.launcher.core.EngineExecutionOrchestrator.withInterceptedStreams(EngineExecutionOrchestrator.java:102)
	at org.junit.platform.launcher.core.EngineExecutionOrchestrator.execute(EngineExecutionOrchestrator.java:54)
	at org.junit.platform.launcher.core.DefaultLauncher.execute(DefaultLauncher.java:114)
	at org.junit.platform.launcher.core.DefaultLauncher.execute(DefaultLauncher.java:86)
	at org.junit.platform.launcher.core.DefaultLauncherSession$DelegatingLauncher.execute(DefaultLauncherSession.java:86)
	at org.junit.platform.launcher.core.SessionPerRequestLauncher.execute(SessionPerRequestLauncher.java:53)
	at org.gradle.api.internal.tasks.testing.junitplatform.JUnitPlatformTestClassProcessor$CollectAllTestClassesExecutor.processAllTestClasses(JUnitPlatformTestClassProcessor.java:99)
	at org.gradle.api.internal.tasks.testing.junitplatform.JUnitPlatformTestClassProcessor$CollectAllTestClassesExecutor.access$000(JUnitPlatformTestClassProcessor.java:79)
	at org.gradle.api.internal.tasks.testing.junitplatform.JUnitPlatformTestClassProcessor.stop(JUnitPlatformTestClassProcessor.java:75)
	at org.gradle.api.internal.tasks.testing.SuiteTestClassProcessor.stop(SuiteTestClassProcessor.java:61)
	at java.base/jdk.internal.reflect.NativeMethodAccessorImpl.invoke0(Native Method)
	at java.base/jdk.internal.reflect.NativeMethodAccessorImpl.invoke(NativeMethodAccessorImpl.java:77)
	at java.base/jdk.internal.reflect.DelegatingMethodAccessorImpl.invoke(DelegatingMethodAccessorImpl.java:43)
	at java.base/java.lang.reflect.Method.invoke(Method.java:568)
	at org.gradle.internal.dispatch.ReflectionDispatch.dispatch(ReflectionDispatch.java:36)
	at org.gradle.internal.dispatch.ReflectionDispatch.dispatch(ReflectionDispatch.java:24)
	at org.gradle.internal.dispatch.ContextClassLoaderDispatch.dispatch(ContextClassLoaderDispatch.java:33)
	at org.gradle.internal.dispatch.ProxyDispatchAdapter$DispatchingInvocationHandler.invoke(ProxyDispatchAdapter.java:94)
	at jdk.proxy1/jdk.proxy1.$Proxy2.stop(Unknown Source)
	at org.gradle.api.internal.tasks.testing.worker.TestWorker$3.run(TestWorker.java:193)
	at org.gradle.api.internal.tasks.testing.worker.TestWorker.executeAndMaintainThreadName(TestWorker.java:129)
	at org.gradle.api.internal.tasks.testing.worker.TestWorker.execute(TestWorker.java:100)
	at org.gradle.api.internal.tasks.testing.worker.TestWorker.execute(TestWorker.java:60)
	at org.gradle.process.internal.worker.child.ActionExecutionWorker.execute(ActionExecutionWorker.java:56)
	at org.gradle.process.internal.worker.child.SystemApplicationClassLoaderWorker.call(SystemApplicationClassLoaderWorker.java:133)
	at org.gradle.process.internal.worker.child.SystemApplicationClassLoaderWorker.call(SystemApplicationClassLoaderWorker.java:71)
	at worker.org.gradle.process.internal.worker.GradleWorkerMain.run(GradleWorkerMain.java:69)
	at worker.org.gradle.process.internal.worker.GradleWorkerMain.main(GradleWorkerMain.java:74)
14:49:04.104 [Test worker] DEBUG org.springframework.data.jpa.repository.query.NamedQuery - Did not find named query Ticket.getTicketsByEventId
14:49:04.104 [Test worker] DEBUG org.springframework.orm.jpa.SharedEntityManagerCreator$SharedEntityManagerInvocationHandler - Creating new EntityManager for shared EntityManager invocation
14:49:04.105 [Test worker] DEBUG org.springframework.data.jpa.repository.query.NamedQuery - Looking up named query Ticket.getTicketsByUserId
14:49:04.105 [Test worker] DEBUG org.hibernate.resource.transaction.backend.jdbc.internal.JdbcResourceLocalTransactionCoordinatorImpl - JDBC transaction marked for rollback-only (exception provided for stack trace)
java.lang.Exception: exception just for purpose of providing stack trace
	at org.hibernate.resource.transaction.backend.jdbc.internal.JdbcResourceLocalTransactionCoordinatorImpl$TransactionDriverControlImpl.markRollbackOnly(JdbcResourceLocalTransactionCoordinatorImpl.java:324)
	at org.hibernate.internal.AbstractSharedSessionContract.buildNamedQuery(AbstractSharedSessionContract.java:1003)
	at org.hibernate.internal.AbstractSharedSessionContract.createNamedQuery(AbstractSharedSessionContract.java:866)
	at org.hibernate.internal.AbstractSharedSessionContract.createNamedQuery(AbstractSharedSessionContract.java:126)
	at java.base/jdk.internal.reflect.NativeMethodAccessorImpl.invoke0(Native Method)
	at java.base/jdk.internal.reflect.NativeMethodAccessorImpl.invoke(NativeMethodAccessorImpl.java:77)
	at java.base/jdk.internal.reflect.DelegatingMethodAccessorImpl.invoke(DelegatingMethodAccessorImpl.java:43)
	at java.base/java.lang.reflect.Method.invoke(Method.java:568)
	at org.springframework.orm.jpa.ExtendedEntityManagerCreator$ExtendedEntityManagerInvocationHandler.invoke(ExtendedEntityManagerCreator.java:360)
	at jdk.proxy3/jdk.proxy3.$Proxy118.createNamedQuery(Unknown Source)
	at org.springframework.data.jpa.repository.query.NamedQuery.hasNamedQuery(NamedQuery.java:115)
	at org.springframework.data.jpa.repository.query.NamedQuery.lookupFrom(NamedQuery.java:144)
	at org.springframework.data.jpa.repository.query.JpaQueryLookupStrategy$DeclaredQueryLookupStrategy.resolveQuery(JpaQueryLookupStrategy.java:180)
	at org.springframework.data.jpa.repository.query.JpaQueryLookupStrategy$CreateIfNotFoundQueryLookupStrategy.resolveQuery(JpaQueryLookupStrategy.java:252)
	at org.springframework.data.jpa.repository.query.JpaQueryLookupStrategy$AbstractQueryLookupStrategy.resolveQuery(JpaQueryLookupStrategy.java:95)
	at org.springframework.data.repository.core.support.QueryExecutorMethodInterceptor.lookupQuery(QueryExecutorMethodInterceptor.java:111)
	at org.springframework.data.repository.core.support.QueryExecutorMethodInterceptor.mapMethodsToQuery(QueryExecutorMethodInterceptor.java:99)
	at org.springframework.data.repository.core.support.QueryExecutorMethodInterceptor.lambda$new$0(QueryExecutorMethodInterceptor.java:88)
	at java.base/java.util.Optional.map(Optional.java:260)
	at org.springframework.data.repository.core.support.QueryExecutorMethodInterceptor.<init>(QueryExecutorMethodInterceptor.java:88)
	at org.springframework.data.repository.core.support.RepositoryFactorySupport.getRepository(RepositoryFactorySupport.java:357)
	at org.springframework.data.repository.core.support.RepositoryFactoryBeanSupport.lambda$afterPropertiesSet$5(RepositoryFactoryBeanSupport.java:279)
	at org.springframework.data.util.Lazy.getNullable(Lazy.java:229)
	at org.springframework.data.util.Lazy.get(Lazy.java:113)
	at org.springframework.data.repository.core.support.RepositoryFactoryBeanSupport.afterPropertiesSet(RepositoryFactoryBeanSupport.java:285)
	at org.springframework.data.jpa.repository.support.JpaRepositoryFactoryBean.afterPropertiesSet(JpaRepositoryFactoryBean.java:132)
	at org.springframework.beans.factory.support.AbstractAutowireCapableBeanFactory.invokeInitMethods(AbstractAutowireCapableBeanFactory.java:1797)
	at org.springframework.beans.factory.support.AbstractAutowireCapableBeanFactory.initializeBean(AbstractAutowireCapableBeanFactory.java:1747)
	at org.springframework.beans.factory.support.AbstractAutowireCapableBeanFactory.doCreateBean(AbstractAutowireCapableBeanFactory.java:599)
	at org.springframework.beans.factory.support.AbstractAutowireCapableBeanFactory.createBean(AbstractAutowireCapableBeanFactory.java:521)
	at org.springframework.beans.factory.support.AbstractBeanFactory.lambda$doGetBean$0(AbstractBeanFactory.java:326)
	at org.springframework.beans.factory.support.DefaultSingletonBeanRegistry.getSingleton(DefaultSingletonBeanRegistry.java:234)
	at org.springframework.beans.factory.support.AbstractBeanFactory.doGetBean(AbstractBeanFactory.java:324)
	at org.springframework.beans.factory.support.AbstractBeanFactory.getBean(AbstractBeanFactory.java:200)
	at org.springframework.beans.factory.config.DependencyDescriptor.resolveCandidate(DependencyDescriptor.java:254)
	at org.springframework.beans.factory.support.DefaultListableBeanFactory.doResolveDependency(DefaultListableBeanFactory.java:1405)
	at org.springframework.beans.factory.support.DefaultListableBeanFactory.resolveDependency(DefaultListableBeanFactory.java:1325)
	at org.springframework.beans.factory.annotation.AutowiredAnnotationBeanPostProcessor$AutowiredFieldElement.resolveFieldValue(AutowiredAnnotationBeanPostProcessor.java:709)
	at org.springframework.beans.factory.annotation.AutowiredAnnotationBeanPostProcessor$AutowiredFieldElement.inject(AutowiredAnnotationBeanPostProcessor.java:692)
	at org.springframework.beans.factory.annotation.InjectionMetadata.inject(InjectionMetadata.java:127)
	at org.springframework.beans.factory.annotation.AutowiredAnnotationBeanPostProcessor.postProcessProperties(AutowiredAnnotationBeanPostProcessor.java:481)
	at org.springframework.beans.factory.support.AbstractAutowireCapableBeanFactory.populateBean(AbstractAutowireCapableBeanFactory.java:1397)
	at org.springframework.beans.factory.support.AbstractAutowireCapableBeanFactory.doCreateBean(AbstractAutowireCapableBeanFactory.java:598)
	at org.springframework.beans.factory.support.AbstractAutowireCapableBeanFactory.createBean(AbstractAutowireCapableBeanFactory.java:521)
	at org.springframework.beans.factory.support.AbstractBeanFactory.lambda$doGetBean$0(AbstractBeanFactory.java:326)
	at org.springframework.beans.factory.support.DefaultSingletonBeanRegistry.getSingleton(DefaultSingletonBeanRegistry.java:234)
	at org.springframework.beans.factory.support.AbstractBeanFactory.doGetBean(AbstractBeanFactory.java:324)
	at org.springframework.beans.factory.support.AbstractBeanFactory.getBean(AbstractBeanFactory.java:200)
	at org.springframework.beans.factory.config.DependencyDescriptor.resolveCandidate(DependencyDescriptor.java:254)
	at org.springframework.beans.factory.support.DefaultListableBeanFactory.doResolveDependency(DefaultListableBeanFactory.java:1405)
	at org.springframework.beans.factory.support.DefaultListableBeanFactory.resolveDependency(DefaultListableBeanFactory.java:1325)
	at org.springframework.beans.factory.support.ConstructorResolver.resolveAutowiredArgument(ConstructorResolver.java:885)
	at org.springframework.beans.factory.support.ConstructorResolver.createArgumentArray(ConstructorResolver.java:789)
	at org.springframework.beans.factory.support.ConstructorResolver.autowireConstructor(ConstructorResolver.java:245)
	at org.springframework.beans.factory.support.AbstractAutowireCapableBeanFactory.autowireConstructor(AbstractAutowireCapableBeanFactory.java:1344)
	at org.springframework.beans.factory.support.AbstractAutowireCapableBeanFactory.createBeanInstance(AbstractAutowireCapableBeanFactory.java:1188)
	at org.springframework.beans.factory.support.AbstractAutowireCapableBeanFactory.doCreateBean(AbstractAutowireCapableBeanFactory.java:561)
	at org.springframework.beans.factory.support.AbstractAutowireCapableBeanFactory.createBean(AbstractAutowireCapableBeanFactory.java:521)
	at org.springframework.beans.factory.support.AbstractBeanFactory.lambda$doGetBean$0(AbstractBeanFactory.java:326)
	at org.springframework.beans.factory.support.DefaultSingletonBeanRegistry.getSingleton(DefaultSingletonBeanRegistry.java:234)
	at org.springframework.beans.factory.support.AbstractBeanFactory.doGetBean(AbstractBeanFactory.java:324)
	at org.springframework.beans.factory.support.AbstractBeanFactory.getBean(AbstractBeanFactory.java:200)
	at org.springframework.beans.factory.config.DependencyDescriptor.resolveCandidate(DependencyDescriptor.java:254)
	at org.springframework.beans.factory.support.DefaultListableBeanFactory.doResolveDependency(DefaultListableBeanFactory.java:1405)
	at org.springframework.beans.factory.support.DefaultListableBeanFactory.resolveDependency(DefaultListableBeanFactory.java:1325)
	at org.springframework.beans.factory.annotation.AutowiredAnnotationBeanPostProcessor$AutowiredFieldElement.resolveFieldValue(AutowiredAnnotationBeanPostProcessor.java:709)
	at org.springframework.beans.factory.annotation.AutowiredAnnotationBeanPostProcessor$AutowiredFieldElement.inject(AutowiredAnnotationBeanPostProcessor.java:692)
	at org.springframework.beans.factory.annotation.InjectionMetadata.inject(InjectionMetadata.java:127)
	at org.springframework.beans.factory.annotation.AutowiredAnnotationBeanPostProcessor.postProcessProperties(AutowiredAnnotationBeanPostProcessor.java:481)
	at org.springframework.beans.factory.support.AbstractAutowireCapableBeanFactory.populateBean(AbstractAutowireCapableBeanFactory.java:1397)
	at org.springframework.beans.factory.support.AbstractAutowireCapableBeanFactory.doCreateBean(AbstractAutowireCapableBeanFactory.java:598)
	at org.springframework.beans.factory.support.AbstractAutowireCapableBeanFactory.createBean(AbstractAutowireCapableBeanFactory.java:521)
	at org.springframework.beans.factory.support.AbstractBeanFactory.lambda$doGetBean$0(AbstractBeanFactory.java:326)
	at org.springframework.beans.factory.support.DefaultSingletonBeanRegistry.getSingleton(DefaultSingletonBeanRegistry.java:234)
	at org.springframework.beans.factory.support.AbstractBeanFactory.doGetBean(AbstractBeanFactory.java:324)
	at org.springframework.beans.factory.support.AbstractBeanFactory.getBean(AbstractBeanFactory.java:200)
	at org.springframework.beans.factory.support.DefaultListableBeanFactory.preInstantiateSingletons(DefaultListableBeanFactory.java:961)
	at org.springframework.context.support.AbstractApplicationContext.finishBeanFactoryInitialization(AbstractApplicationContext.java:915)
	at org.springframework.context.support.AbstractApplicationContext.refresh(AbstractApplicationContext.java:584)
	at org.springframework.test.context.support.AbstractGenericContextLoader.loadContext(AbstractGenericContextLoader.java:221)
	at org.springframework.test.context.support.AbstractGenericContextLoader.loadContext(AbstractGenericContextLoader.java:110)
	at org.springframework.test.context.cache.DefaultCacheAwareContextLoaderDelegate.loadContextInternal(DefaultCacheAwareContextLoaderDelegate.java:184)
	at org.springframework.test.context.cache.DefaultCacheAwareContextLoaderDelegate.loadContext(DefaultCacheAwareContextLoaderDelegate.java:118)
	at org.springframework.test.context.support.DefaultTestContext.getApplicationContext(DefaultTestContext.java:127)
	at org.springframework.test.context.web.ServletTestExecutionListener.setUpRequestContextIfNecessary(ServletTestExecutionListener.java:191)
	at org.springframework.test.context.web.ServletTestExecutionListener.prepareTestInstance(ServletTestExecutionListener.java:130)
	at org.springframework.test.context.TestContextManager.prepareTestInstance(TestContextManager.java:241)
	at org.springframework.test.context.junit.jupiter.SpringExtension.postProcessTestInstance(SpringExtension.java:138)
	at org.junit.jupiter.engine.descriptor.ClassBasedTestDescriptor.lambda$invokeTestInstancePostProcessors$10(ClassBasedTestDescriptor.java:377)
	at org.junit.jupiter.engine.descriptor.ClassBasedTestDescriptor.executeAndMaskThrowable(ClassBasedTestDescriptor.java:382)
	at org.junit.jupiter.engine.descriptor.ClassBasedTestDescriptor.lambda$invokeTestInstancePostProcessors$11(ClassBasedTestDescriptor.java:377)
	at java.base/java.util.stream.ReferencePipeline$3$1.accept(ReferencePipeline.java:197)
	at java.base/java.util.stream.ReferencePipeline$2$1.accept(ReferencePipeline.java:179)
	at java.base/java.util.ArrayList$ArrayListSpliterator.forEachRemaining(ArrayList.java:1625)
	at java.base/java.util.stream.AbstractPipeline.copyInto(AbstractPipeline.java:509)
	at java.base/java.util.stream.AbstractPipeline.wrapAndCopyInto(AbstractPipeline.java:499)
	at java.base/java.util.stream.StreamSpliterators$WrappingSpliterator.forEachRemaining(StreamSpliterators.java:310)
	at java.base/java.util.stream.Streams$ConcatSpliterator.forEachRemaining(Streams.java:735)
	at java.base/java.util.stream.Streams$ConcatSpliterator.forEachRemaining(Streams.java:734)
	at java.base/java.util.stream.ReferencePipeline$Head.forEach(ReferencePipeline.java:762)
	at org.junit.jupiter.engine.descriptor.ClassBasedTestDescriptor.invokeTestInstancePostProcessors(ClassBasedTestDescriptor.java:376)
	at org.junit.jupiter.engine.descriptor.ClassBasedTestDescriptor.lambda$instantiateAndPostProcessTestInstance$6(ClassBasedTestDescriptor.java:289)
	at org.junit.platform.engine.support.hierarchical.ThrowableCollector.execute(ThrowableCollector.java:73)
	at org.junit.jupiter.engine.descriptor.ClassBasedTestDescriptor.instantiateAndPostProcessTestInstance(ClassBasedTestDescriptor.java:288)
	at org.junit.jupiter.engine.descriptor.ClassBasedTestDescriptor.lambda$testInstancesProvider$4(ClassBasedTestDescriptor.java:278)
	at java.base/java.util.Optional.orElseGet(Optional.java:364)
	at org.junit.jupiter.engine.descriptor.ClassBasedTestDescriptor.lambda$testInstancesProvider$5(ClassBasedTestDescriptor.java:277)
	at org.junit.jupiter.engine.execution.TestInstancesProvider.getTestInstances(TestInstancesProvider.java:31)
	at org.junit.jupiter.engine.descriptor.TestMethodTestDescriptor.lambda$prepare$0(TestMethodTestDescriptor.java:105)
	at org.junit.platform.engine.support.hierarchical.ThrowableCollector.execute(ThrowableCollector.java:73)
	at org.junit.jupiter.engine.descriptor.TestMethodTestDescriptor.prepare(TestMethodTestDescriptor.java:104)
	at org.junit.jupiter.engine.descriptor.TestMethodTestDescriptor.prepare(TestMethodTestDescriptor.java:68)
	at org.junit.platform.engine.support.hierarchical.NodeTestTask.lambda$prepare$2(NodeTestTask.java:123)
	at org.junit.platform.engine.support.hierarchical.ThrowableCollector.execute(ThrowableCollector.java:73)
	at org.junit.platform.engine.support.hierarchical.NodeTestTask.prepare(NodeTestTask.java:123)
	at org.junit.platform.engine.support.hierarchical.NodeTestTask.execute(NodeTestTask.java:90)
	at java.base/java.util.ArrayList.forEach(ArrayList.java:1511)
	at org.junit.platform.engine.support.hierarchical.SameThreadHierarchicalTestExecutorService.invokeAll(SameThreadHierarchicalTestExecutorService.java:41)
	at org.junit.platform.engine.support.hierarchical.NodeTestTask.lambda$executeRecursively$6(NodeTestTask.java:155)
	at org.junit.platform.engine.support.hierarchical.ThrowableCollector.execute(ThrowableCollector.java:73)
	at org.junit.platform.engine.support.hierarchical.NodeTestTask.lambda$executeRecursively$8(NodeTestTask.java:141)
	at org.junit.platform.engine.support.hierarchical.Node.around(Node.java:137)
	at org.junit.platform.engine.support.hierarchical.NodeTestTask.lambda$executeRecursively$9(NodeTestTask.java:139)
	at org.junit.platform.engine.support.hierarchical.ThrowableCollector.execute(ThrowableCollector.java:73)
	at org.junit.platform.engine.support.hierarchical.NodeTestTask.executeRecursively(NodeTestTask.java:138)
	at org.junit.platform.engine.support.hierarchical.NodeTestTask.execute(NodeTestTask.java:95)
	at java.base/java.util.ArrayList.forEach(ArrayList.java:1511)
	at org.junit.platform.engine.support.hierarchical.SameThreadHierarchicalTestExecutorService.invokeAll(SameThreadHierarchicalTestExecutorService.java:41)
	at org.junit.platform.engine.support.hierarchical.NodeTestTask.lambda$executeRecursively$6(NodeTestTask.java:155)
	at org.junit.platform.engine.support.hierarchical.ThrowableCollector.execute(ThrowableCollector.java:73)
	at org.junit.platform.engine.support.hierarchical.NodeTestTask.lambda$executeRecursively$8(NodeTestTask.java:141)
	at org.junit.platform.engine.support.hierarchical.Node.around(Node.java:137)
	at org.junit.platform.engine.support.hierarchical.NodeTestTask.lambda$executeRecursively$9(NodeTestTask.java:139)
	at org.junit.platform.engine.support.hierarchical.ThrowableCollector.execute(ThrowableCollector.java:73)
	at org.junit.platform.engine.support.hierarchical.NodeTestTask.executeRecursively(NodeTestTask.java:138)
	at org.junit.platform.engine.support.hierarchical.NodeTestTask.execute(NodeTestTask.java:95)
	at org.junit.platform.engine.support.hierarchical.SameThreadHierarchicalTestExecutorService.submit(SameThreadHierarchicalTestExecutorService.java:35)
	at org.junit.platform.engine.support.hierarchical.HierarchicalTestExecutor.execute(HierarchicalTestExecutor.java:57)
	at org.junit.platform.engine.support.hierarchical.HierarchicalTestEngine.execute(HierarchicalTestEngine.java:54)
	at org.junit.platform.launcher.core.EngineExecutionOrchestrator.execute(EngineExecutionOrchestrator.java:147)
	at org.junit.platform.launcher.core.EngineExecutionOrchestrator.execute(EngineExecutionOrchestrator.java:127)
	at org.junit.platform.launcher.core.EngineExecutionOrchestrator.execute(EngineExecutionOrchestrator.java:90)
	at org.junit.platform.launcher.core.EngineExecutionOrchestrator.lambda$execute$0(EngineExecutionOrchestrator.java:55)
	at org.junit.platform.launcher.core.EngineExecutionOrchestrator.withInterceptedStreams(EngineExecutionOrchestrator.java:102)
	at org.junit.platform.launcher.core.EngineExecutionOrchestrator.execute(EngineExecutionOrchestrator.java:54)
	at org.junit.platform.launcher.core.DefaultLauncher.execute(DefaultLauncher.java:114)
	at org.junit.platform.launcher.core.DefaultLauncher.execute(DefaultLauncher.java:86)
	at org.junit.platform.launcher.core.DefaultLauncherSession$DelegatingLauncher.execute(DefaultLauncherSession.java:86)
	at org.junit.platform.launcher.core.SessionPerRequestLauncher.execute(SessionPerRequestLauncher.java:53)
	at org.gradle.api.internal.tasks.testing.junitplatform.JUnitPlatformTestClassProcessor$CollectAllTestClassesExecutor.processAllTestClasses(JUnitPlatformTestClassProcessor.java:99)
	at org.gradle.api.internal.tasks.testing.junitplatform.JUnitPlatformTestClassProcessor$CollectAllTestClassesExecutor.access$000(JUnitPlatformTestClassProcessor.java:79)
	at org.gradle.api.internal.tasks.testing.junitplatform.JUnitPlatformTestClassProcessor.stop(JUnitPlatformTestClassProcessor.java:75)
	at org.gradle.api.internal.tasks.testing.SuiteTestClassProcessor.stop(SuiteTestClassProcessor.java:61)
	at java.base/jdk.internal.reflect.NativeMethodAccessorImpl.invoke0(Native Method)
	at java.base/jdk.internal.reflect.NativeMethodAccessorImpl.invoke(NativeMethodAccessorImpl.java:77)
	at java.base/jdk.internal.reflect.DelegatingMethodAccessorImpl.invoke(DelegatingMethodAccessorImpl.java:43)
	at java.base/java.lang.reflect.Method.invoke(Method.java:568)
	at org.gradle.internal.dispatch.ReflectionDispatch.dispatch(ReflectionDispatch.java:36)
	at org.gradle.internal.dispatch.ReflectionDispatch.dispatch(ReflectionDispatch.java:24)
	at org.gradle.internal.dispatch.ContextClassLoaderDispatch.dispatch(ContextClassLoaderDispatch.java:33)
	at org.gradle.internal.dispatch.ProxyDispatchAdapter$DispatchingInvocationHandler.invoke(ProxyDispatchAdapter.java:94)
	at jdk.proxy1/jdk.proxy1.$Proxy2.stop(Unknown Source)
	at org.gradle.api.internal.tasks.testing.worker.TestWorker$3.run(TestWorker.java:193)
	at org.gradle.api.internal.tasks.testing.worker.TestWorker.executeAndMaintainThreadName(TestWorker.java:129)
	at org.gradle.api.internal.tasks.testing.worker.TestWorker.execute(TestWorker.java:100)
	at org.gradle.api.internal.tasks.testing.worker.TestWorker.execute(TestWorker.java:60)
	at org.gradle.process.internal.worker.child.ActionExecutionWorker.execute(ActionExecutionWorker.java:56)
	at org.gradle.process.internal.worker.child.SystemApplicationClassLoaderWorker.call(SystemApplicationClassLoaderWorker.java:133)
	at org.gradle.process.internal.worker.child.SystemApplicationClassLoaderWorker.call(SystemApplicationClassLoaderWorker.java:71)
	at worker.org.gradle.process.internal.worker.GradleWorkerMain.run(GradleWorkerMain.java:69)
	at worker.org.gradle.process.internal.worker.GradleWorkerMain.main(GradleWorkerMain.java:74)
14:49:04.105 [Test worker] DEBUG org.springframework.data.jpa.repository.query.NamedQuery - Did not find named query Ticket.getTicketsByUserId
14:49:04.105 [Test worker] DEBUG org.springframework.orm.jpa.SharedEntityManagerCreator$SharedEntityManagerInvocationHandler - Creating new EntityManager for shared EntityManager invocation
14:49:04.107 [Test worker] DEBUG org.springframework.data.repository.core.support.RepositoryFactorySupport - Finished creation of repository instance for com.joango.repository.TicketRepository.
14:49:04.107 [Test worker] DEBUG org.springframework.beans.factory.support.DefaultListableBeanFactory - Autowiring by type from bean name 'bookingFacadeImpl' via constructor to bean named 'userService'
14:49:04.107 [Test worker] DEBUG org.springframework.beans.factory.support.DefaultListableBeanFactory - Autowiring by type from bean name 'bookingFacadeImpl' via constructor to bean named 'eventService'
14:49:04.107 [Test worker] DEBUG org.springframework.beans.factory.support.DefaultListableBeanFactory - Autowiring by type from bean name 'bookingFacadeImpl' via constructor to bean named 'ticketService'
14:49:04.114 [Test worker] DEBUG org.springframework.beans.factory.support.DefaultListableBeanFactory - Creating shared instance of singleton bean 'userAccountService'
14:49:04.114 [Test worker] DEBUG org.springframework.beans.factory.support.DefaultListableBeanFactory - Creating shared instance of singleton bean 'userAccountRepository'
14:49:04.115 [Test worker] DEBUG org.springframework.beans.factory.support.DefaultListableBeanFactory - Creating shared instance of singleton bean 'jpa.named-queries#3'
14:49:04.115 [Test worker] DEBUG org.springframework.beans.factory.support.DefaultListableBeanFactory - Creating shared instance of singleton bean 'jpa.UserAccountRepository.fragments#0'
14:49:04.115 [Test worker] DEBUG org.springframework.orm.jpa.SharedEntityManagerCreator$SharedEntityManagerInvocationHandler - Creating new EntityManager for shared EntityManager invocation
14:49:04.115 [Test worker] DEBUG org.springframework.data.repository.core.support.RepositoryFactorySupport - Initializing repository instance for com.joango.repository.UserAccountRepository…
14:49:04.116 [Test worker] DEBUG org.springframework.orm.jpa.SharedEntityManagerCreator$SharedEntityManagerInvocationHandler - Creating new EntityManager for shared EntityManager invocation
14:49:04.126 [Test worker] DEBUG org.springframework.data.jpa.repository.query.NamedQuery - Looking up named query UserAccount.getUserAccountByUserId
14:49:04.126 [Test worker] DEBUG org.hibernate.resource.transaction.backend.jdbc.internal.JdbcResourceLocalTransactionCoordinatorImpl - JDBC transaction marked for rollback-only (exception provided for stack trace)
java.lang.Exception: exception just for purpose of providing stack trace
	at org.hibernate.resource.transaction.backend.jdbc.internal.JdbcResourceLocalTransactionCoordinatorImpl$TransactionDriverControlImpl.markRollbackOnly(JdbcResourceLocalTransactionCoordinatorImpl.java:324)
	at org.hibernate.internal.AbstractSharedSessionContract.buildNamedQuery(AbstractSharedSessionContract.java:1003)
	at org.hibernate.internal.AbstractSharedSessionContract.createNamedQuery(AbstractSharedSessionContract.java:866)
	at org.hibernate.internal.AbstractSharedSessionContract.createNamedQuery(AbstractSharedSessionContract.java:126)
	at java.base/jdk.internal.reflect.NativeMethodAccessorImpl.invoke0(Native Method)
	at java.base/jdk.internal.reflect.NativeMethodAccessorImpl.invoke(NativeMethodAccessorImpl.java:77)
	at java.base/jdk.internal.reflect.DelegatingMethodAccessorImpl.invoke(DelegatingMethodAccessorImpl.java:43)
	at java.base/java.lang.reflect.Method.invoke(Method.java:568)
	at org.springframework.orm.jpa.ExtendedEntityManagerCreator$ExtendedEntityManagerInvocationHandler.invoke(ExtendedEntityManagerCreator.java:360)
	at jdk.proxy3/jdk.proxy3.$Proxy118.createNamedQuery(Unknown Source)
	at org.springframework.data.jpa.repository.query.NamedQuery.hasNamedQuery(NamedQuery.java:115)
	at org.springframework.data.jpa.repository.query.NamedQuery.lookupFrom(NamedQuery.java:144)
	at org.springframework.data.jpa.repository.query.JpaQueryLookupStrategy$DeclaredQueryLookupStrategy.resolveQuery(JpaQueryLookupStrategy.java:180)
	at org.springframework.data.jpa.repository.query.JpaQueryLookupStrategy$CreateIfNotFoundQueryLookupStrategy.resolveQuery(JpaQueryLookupStrategy.java:252)
	at org.springframework.data.jpa.repository.query.JpaQueryLookupStrategy$AbstractQueryLookupStrategy.resolveQuery(JpaQueryLookupStrategy.java:95)
	at org.springframework.data.repository.core.support.QueryExecutorMethodInterceptor.lookupQuery(QueryExecutorMethodInterceptor.java:111)
	at org.springframework.data.repository.core.support.QueryExecutorMethodInterceptor.mapMethodsToQuery(QueryExecutorMethodInterceptor.java:99)
	at org.springframework.data.repository.core.support.QueryExecutorMethodInterceptor.lambda$new$0(QueryExecutorMethodInterceptor.java:88)
	at java.base/java.util.Optional.map(Optional.java:260)
	at org.springframework.data.repository.core.support.QueryExecutorMethodInterceptor.<init>(QueryExecutorMethodInterceptor.java:88)
	at org.springframework.data.repository.core.support.RepositoryFactorySupport.getRepository(RepositoryFactorySupport.java:357)
	at org.springframework.data.repository.core.support.RepositoryFactoryBeanSupport.lambda$afterPropertiesSet$5(RepositoryFactoryBeanSupport.java:279)
	at org.springframework.data.util.Lazy.getNullable(Lazy.java:229)
	at org.springframework.data.util.Lazy.get(Lazy.java:113)
	at org.springframework.data.repository.core.support.RepositoryFactoryBeanSupport.afterPropertiesSet(RepositoryFactoryBeanSupport.java:285)
	at org.springframework.data.jpa.repository.support.JpaRepositoryFactoryBean.afterPropertiesSet(JpaRepositoryFactoryBean.java:132)
	at org.springframework.beans.factory.support.AbstractAutowireCapableBeanFactory.invokeInitMethods(AbstractAutowireCapableBeanFactory.java:1797)
	at org.springframework.beans.factory.support.AbstractAutowireCapableBeanFactory.initializeBean(AbstractAutowireCapableBeanFactory.java:1747)
	at org.springframework.beans.factory.support.AbstractAutowireCapableBeanFactory.doCreateBean(AbstractAutowireCapableBeanFactory.java:599)
	at org.springframework.beans.factory.support.AbstractAutowireCapableBeanFactory.createBean(AbstractAutowireCapableBeanFactory.java:521)
	at org.springframework.beans.factory.support.AbstractBeanFactory.lambda$doGetBean$0(AbstractBeanFactory.java:326)
	at org.springframework.beans.factory.support.DefaultSingletonBeanRegistry.getSingleton(DefaultSingletonBeanRegistry.java:234)
	at org.springframework.beans.factory.support.AbstractBeanFactory.doGetBean(AbstractBeanFactory.java:324)
	at org.springframework.beans.factory.support.AbstractBeanFactory.getBean(AbstractBeanFactory.java:200)
	at org.springframework.beans.factory.config.DependencyDescriptor.resolveCandidate(DependencyDescriptor.java:254)
	at org.springframework.beans.factory.support.DefaultListableBeanFactory.doResolveDependency(DefaultListableBeanFactory.java:1405)
	at org.springframework.beans.factory.support.DefaultListableBeanFactory.resolveDependency(DefaultListableBeanFactory.java:1325)
	at org.springframework.beans.factory.annotation.AutowiredAnnotationBeanPostProcessor$AutowiredFieldElement.resolveFieldValue(AutowiredAnnotationBeanPostProcessor.java:709)
	at org.springframework.beans.factory.annotation.AutowiredAnnotationBeanPostProcessor$AutowiredFieldElement.inject(AutowiredAnnotationBeanPostProcessor.java:692)
	at org.springframework.beans.factory.annotation.InjectionMetadata.inject(InjectionMetadata.java:127)
	at org.springframework.beans.factory.annotation.AutowiredAnnotationBeanPostProcessor.postProcessProperties(AutowiredAnnotationBeanPostProcessor.java:481)
	at org.springframework.beans.factory.support.AbstractAutowireCapableBeanFactory.populateBean(AbstractAutowireCapableBeanFactory.java:1397)
	at org.springframework.beans.factory.support.AbstractAutowireCapableBeanFactory.doCreateBean(AbstractAutowireCapableBeanFactory.java:598)
	at org.springframework.beans.factory.support.AbstractAutowireCapableBeanFactory.createBean(AbstractAutowireCapableBeanFactory.java:521)
	at org.springframework.beans.factory.support.AbstractBeanFactory.lambda$doGetBean$0(AbstractBeanFactory.java:326)
	at org.springframework.beans.factory.support.DefaultSingletonBeanRegistry.getSingleton(DefaultSingletonBeanRegistry.java:234)
	at org.springframework.beans.factory.support.AbstractBeanFactory.doGetBean(AbstractBeanFactory.java:324)
	at org.springframework.beans.factory.support.AbstractBeanFactory.getBean(AbstractBeanFactory.java:200)
	at org.springframework.beans.factory.config.DependencyDescriptor.resolveCandidate(DependencyDescriptor.java:254)
	at org.springframework.beans.factory.support.DefaultListableBeanFactory.doResolveDependency(DefaultListableBeanFactory.java:1405)
	at org.springframework.beans.factory.support.DefaultListableBeanFactory.resolveDependency(DefaultListableBeanFactory.java:1325)
	at org.springframework.beans.factory.annotation.AutowiredAnnotationBeanPostProcessor$AutowiredFieldElement.resolveFieldValue(AutowiredAnnotationBeanPostProcessor.java:709)
	at org.springframework.beans.factory.annotation.AutowiredAnnotationBeanPostProcessor$AutowiredFieldElement.inject(AutowiredAnnotationBeanPostProcessor.java:692)
	at org.springframework.beans.factory.annotation.InjectionMetadata.inject(InjectionMetadata.java:127)
	at org.springframework.beans.factory.annotation.AutowiredAnnotationBeanPostProcessor.postProcessProperties(AutowiredAnnotationBeanPostProcessor.java:481)
	at org.springframework.beans.factory.support.AbstractAutowireCapableBeanFactory.populateBean(AbstractAutowireCapableBeanFactory.java:1397)
	at org.springframework.beans.factory.support.AbstractAutowireCapableBeanFactory.doCreateBean(AbstractAutowireCapableBeanFactory.java:598)
	at org.springframework.beans.factory.support.AbstractAutowireCapableBeanFactory.createBean(AbstractAutowireCapableBeanFactory.java:521)
	at org.springframework.beans.factory.support.AbstractBeanFactory.lambda$doGetBean$0(AbstractBeanFactory.java:326)
	at org.springframework.beans.factory.support.DefaultSingletonBeanRegistry.getSingleton(DefaultSingletonBeanRegistry.java:234)
	at org.springframework.beans.factory.support.AbstractBeanFactory.doGetBean(AbstractBeanFactory.java:324)
	at org.springframework.beans.factory.support.AbstractBeanFactory.getBean(AbstractBeanFactory.java:200)
	at org.springframework.beans.factory.config.DependencyDescriptor.resolveCandidate(DependencyDescriptor.java:254)
	at org.springframework.beans.factory.support.DefaultListableBeanFactory.doResolveDependency(DefaultListableBeanFactory.java:1405)
	at org.springframework.beans.factory.support.DefaultListableBeanFactory.resolveDependency(DefaultListableBeanFactory.java:1325)
	at org.springframework.beans.factory.annotation.AutowiredAnnotationBeanPostProcessor$AutowiredFieldElement.resolveFieldValue(AutowiredAnnotationBeanPostProcessor.java:709)
	at org.springframework.beans.factory.annotation.AutowiredAnnotationBeanPostProcessor$AutowiredFieldElement.inject(AutowiredAnnotationBeanPostProcessor.java:692)
	at org.springframework.beans.factory.annotation.InjectionMetadata.inject(InjectionMetadata.java:127)
	at org.springframework.beans.factory.annotation.AutowiredAnnotationBeanPostProcessor.postProcessProperties(AutowiredAnnotationBeanPostProcessor.java:481)
	at org.springframework.beans.factory.support.AbstractAutowireCapableBeanFactory.populateBean(AbstractAutowireCapableBeanFactory.java:1397)
	at org.springframework.beans.factory.support.AbstractAutowireCapableBeanFactory.doCreateBean(AbstractAutowireCapableBeanFactory.java:598)
	at org.springframework.beans.factory.support.AbstractAutowireCapableBeanFactory.createBean(AbstractAutowireCapableBeanFactory.java:521)
	at org.springframework.beans.factory.support.AbstractBeanFactory.lambda$doGetBean$0(AbstractBeanFactory.java:326)
	at org.springframework.beans.factory.support.DefaultSingletonBeanRegistry.getSingleton(DefaultSingletonBeanRegistry.java:234)
	at org.springframework.beans.factory.support.AbstractBeanFactory.doGetBean(AbstractBeanFactory.java:324)
	at org.springframework.beans.factory.support.AbstractBeanFactory.getBean(AbstractBeanFactory.java:200)
	at org.springframework.beans.factory.support.DefaultListableBeanFactory.preInstantiateSingletons(DefaultListableBeanFactory.java:961)
	at org.springframework.context.support.AbstractApplicationContext.finishBeanFactoryInitialization(AbstractApplicationContext.java:915)
	at org.springframework.context.support.AbstractApplicationContext.refresh(AbstractApplicationContext.java:584)
	at org.springframework.test.context.support.AbstractGenericContextLoader.loadContext(AbstractGenericContextLoader.java:221)
	at org.springframework.test.context.support.AbstractGenericContextLoader.loadContext(AbstractGenericContextLoader.java:110)
	at org.springframework.test.context.cache.DefaultCacheAwareContextLoaderDelegate.loadContextInternal(DefaultCacheAwareContextLoaderDelegate.java:184)
	at org.springframework.test.context.cache.DefaultCacheAwareContextLoaderDelegate.loadContext(DefaultCacheAwareContextLoaderDelegate.java:118)
	at org.springframework.test.context.support.DefaultTestContext.getApplicationContext(DefaultTestContext.java:127)
	at org.springframework.test.context.web.ServletTestExecutionListener.setUpRequestContextIfNecessary(ServletTestExecutionListener.java:191)
	at org.springframework.test.context.web.ServletTestExecutionListener.prepareTestInstance(ServletTestExecutionListener.java:130)
	at org.springframework.test.context.TestContextManager.prepareTestInstance(TestContextManager.java:241)
	at org.springframework.test.context.junit.jupiter.SpringExtension.postProcessTestInstance(SpringExtension.java:138)
	at org.junit.jupiter.engine.descriptor.ClassBasedTestDescriptor.lambda$invokeTestInstancePostProcessors$10(ClassBasedTestDescriptor.java:377)
	at org.junit.jupiter.engine.descriptor.ClassBasedTestDescriptor.executeAndMaskThrowable(ClassBasedTestDescriptor.java:382)
	at org.junit.jupiter.engine.descriptor.ClassBasedTestDescriptor.lambda$invokeTestInstancePostProcessors$11(ClassBasedTestDescriptor.java:377)
	at java.base/java.util.stream.ReferencePipeline$3$1.accept(ReferencePipeline.java:197)
	at java.base/java.util.stream.ReferencePipeline$2$1.accept(ReferencePipeline.java:179)
	at java.base/java.util.ArrayList$ArrayListSpliterator.forEachRemaining(ArrayList.java:1625)
	at java.base/java.util.stream.AbstractPipeline.copyInto(AbstractPipeline.java:509)
	at java.base/java.util.stream.AbstractPipeline.wrapAndCopyInto(AbstractPipeline.java:499)
	at java.base/java.util.stream.StreamSpliterators$WrappingSpliterator.forEachRemaining(StreamSpliterators.java:310)
	at java.base/java.util.stream.Streams$ConcatSpliterator.forEachRemaining(Streams.java:735)
	at java.base/java.util.stream.Streams$ConcatSpliterator.forEachRemaining(Streams.java:734)
	at java.base/java.util.stream.ReferencePipeline$Head.forEach(ReferencePipeline.java:762)
	at org.junit.jupiter.engine.descriptor.ClassBasedTestDescriptor.invokeTestInstancePostProcessors(ClassBasedTestDescriptor.java:376)
	at org.junit.jupiter.engine.descriptor.ClassBasedTestDescriptor.lambda$instantiateAndPostProcessTestInstance$6(ClassBasedTestDescriptor.java:289)
	at org.junit.platform.engine.support.hierarchical.ThrowableCollector.execute(ThrowableCollector.java:73)
	at org.junit.jupiter.engine.descriptor.ClassBasedTestDescriptor.instantiateAndPostProcessTestInstance(ClassBasedTestDescriptor.java:288)
	at org.junit.jupiter.engine.descriptor.ClassBasedTestDescriptor.lambda$testInstancesProvider$4(ClassBasedTestDescriptor.java:278)
	at java.base/java.util.Optional.orElseGet(Optional.java:364)
	at org.junit.jupiter.engine.descriptor.ClassBasedTestDescriptor.lambda$testInstancesProvider$5(ClassBasedTestDescriptor.java:277)
	at org.junit.jupiter.engine.execution.TestInstancesProvider.getTestInstances(TestInstancesProvider.java:31)
	at org.junit.jupiter.engine.descriptor.TestMethodTestDescriptor.lambda$prepare$0(TestMethodTestDescriptor.java:105)
	at org.junit.platform.engine.support.hierarchical.ThrowableCollector.execute(ThrowableCollector.java:73)
	at org.junit.jupiter.engine.descriptor.TestMethodTestDescriptor.prepare(TestMethodTestDescriptor.java:104)
	at org.junit.jupiter.engine.descriptor.TestMethodTestDescriptor.prepare(TestMethodTestDescriptor.java:68)
	at org.junit.platform.engine.support.hierarchical.NodeTestTask.lambda$prepare$2(NodeTestTask.java:123)
	at org.junit.platform.engine.support.hierarchical.ThrowableCollector.execute(ThrowableCollector.java:73)
	at org.junit.platform.engine.support.hierarchical.NodeTestTask.prepare(NodeTestTask.java:123)
	at org.junit.platform.engine.support.hierarchical.NodeTestTask.execute(NodeTestTask.java:90)
	at java.base/java.util.ArrayList.forEach(ArrayList.java:1511)
	at org.junit.platform.engine.support.hierarchical.SameThreadHierarchicalTestExecutorService.invokeAll(SameThreadHierarchicalTestExecutorService.java:41)
	at org.junit.platform.engine.support.hierarchical.NodeTestTask.lambda$executeRecursively$6(NodeTestTask.java:155)
	at org.junit.platform.engine.support.hierarchical.ThrowableCollector.execute(ThrowableCollector.java:73)
	at org.junit.platform.engine.support.hierarchical.NodeTestTask.lambda$executeRecursively$8(NodeTestTask.java:141)
	at org.junit.platform.engine.support.hierarchical.Node.around(Node.java:137)
	at org.junit.platform.engine.support.hierarchical.NodeTestTask.lambda$executeRecursively$9(NodeTestTask.java:139)
	at org.junit.platform.engine.support.hierarchical.ThrowableCollector.execute(ThrowableCollector.java:73)
	at org.junit.platform.engine.support.hierarchical.NodeTestTask.executeRecursively(NodeTestTask.java:138)
	at org.junit.platform.engine.support.hierarchical.NodeTestTask.execute(NodeTestTask.java:95)
	at java.base/java.util.ArrayList.forEach(ArrayList.java:1511)
	at org.junit.platform.engine.support.hierarchical.SameThreadHierarchicalTestExecutorService.invokeAll(SameThreadHierarchicalTestExecutorService.java:41)
	at org.junit.platform.engine.support.hierarchical.NodeTestTask.lambda$executeRecursively$6(NodeTestTask.java:155)
	at org.junit.platform.engine.support.hierarchical.ThrowableCollector.execute(ThrowableCollector.java:73)
	at org.junit.platform.engine.support.hierarchical.NodeTestTask.lambda$executeRecursively$8(NodeTestTask.java:141)
	at org.junit.platform.engine.support.hierarchical.Node.around(Node.java:137)
	at org.junit.platform.engine.support.hierarchical.NodeTestTask.lambda$executeRecursively$9(NodeTestTask.java:139)
	at org.junit.platform.engine.support.hierarchical.ThrowableCollector.execute(ThrowableCollector.java:73)
	at org.junit.platform.engine.support.hierarchical.NodeTestTask.executeRecursively(NodeTestTask.java:138)
	at org.junit.platform.engine.support.hierarchical.NodeTestTask.execute(NodeTestTask.java:95)
	at org.junit.platform.engine.support.hierarchical.SameThreadHierarchicalTestExecutorService.submit(SameThreadHierarchicalTestExecutorService.java:35)
	at org.junit.platform.engine.support.hierarchical.HierarchicalTestExecutor.execute(HierarchicalTestExecutor.java:57)
	at org.junit.platform.engine.support.hierarchical.HierarchicalTestEngine.execute(HierarchicalTestEngine.java:54)
	at org.junit.platform.launcher.core.EngineExecutionOrchestrator.execute(EngineExecutionOrchestrator.java:147)
	at org.junit.platform.launcher.core.EngineExecutionOrchestrator.execute(EngineExecutionOrchestrator.java:127)
	at org.junit.platform.launcher.core.EngineExecutionOrchestrator.execute(EngineExecutionOrchestrator.java:90)
	at org.junit.platform.launcher.core.EngineExecutionOrchestrator.lambda$execute$0(EngineExecutionOrchestrator.java:55)
	at org.junit.platform.launcher.core.EngineExecutionOrchestrator.withInterceptedStreams(EngineExecutionOrchestrator.java:102)
	at org.junit.platform.launcher.core.EngineExecutionOrchestrator.execute(EngineExecutionOrchestrator.java:54)
	at org.junit.platform.launcher.core.DefaultLauncher.execute(DefaultLauncher.java:114)
	at org.junit.platform.launcher.core.DefaultLauncher.execute(DefaultLauncher.java:86)
	at org.junit.platform.launcher.core.DefaultLauncherSession$DelegatingLauncher.execute(DefaultLauncherSession.java:86)
	at org.junit.platform.launcher.core.SessionPerRequestLauncher.execute(SessionPerRequestLauncher.java:53)
	at org.gradle.api.internal.tasks.testing.junitplatform.JUnitPlatformTestClassProcessor$CollectAllTestClassesExecutor.processAllTestClasses(JUnitPlatformTestClassProcessor.java:99)
	at org.gradle.api.internal.tasks.testing.junitplatform.JUnitPlatformTestClassProcessor$CollectAllTestClassesExecutor.access$000(JUnitPlatformTestClassProcessor.java:79)
	at org.gradle.api.internal.tasks.testing.junitplatform.JUnitPlatformTestClassProcessor.stop(JUnitPlatformTestClassProcessor.java:75)
	at org.gradle.api.internal.tasks.testing.SuiteTestClassProcessor.stop(SuiteTestClassProcessor.java:61)
	at java.base/jdk.internal.reflect.NativeMethodAccessorImpl.invoke0(Native Method)
	at java.base/jdk.internal.reflect.NativeMethodAccessorImpl.invoke(NativeMethodAccessorImpl.java:77)
	at java.base/jdk.internal.reflect.DelegatingMethodAccessorImpl.invoke(DelegatingMethodAccessorImpl.java:43)
	at java.base/java.lang.reflect.Method.invoke(Method.java:568)
	at org.gradle.internal.dispatch.ReflectionDispatch.dispatch(ReflectionDispatch.java:36)
	at org.gradle.internal.dispatch.ReflectionDispatch.dispatch(ReflectionDispatch.java:24)
	at org.gradle.internal.dispatch.ContextClassLoaderDispatch.dispatch(ContextClassLoaderDispatch.java:33)
	at org.gradle.internal.dispatch.ProxyDispatchAdapter$DispatchingInvocationHandler.invoke(ProxyDispatchAdapter.java:94)
	at jdk.proxy1/jdk.proxy1.$Proxy2.stop(Unknown Source)
	at org.gradle.api.internal.tasks.testing.worker.TestWorker$3.run(TestWorker.java:193)
	at org.gradle.api.internal.tasks.testing.worker.TestWorker.executeAndMaintainThreadName(TestWorker.java:129)
	at org.gradle.api.internal.tasks.testing.worker.TestWorker.execute(TestWorker.java:100)
	at org.gradle.api.internal.tasks.testing.worker.TestWorker.execute(TestWorker.java:60)
	at org.gradle.process.internal.worker.child.ActionExecutionWorker.execute(ActionExecutionWorker.java:56)
	at org.gradle.process.internal.worker.child.SystemApplicationClassLoaderWorker.call(SystemApplicationClassLoaderWorker.java:133)
	at org.gradle.process.internal.worker.child.SystemApplicationClassLoaderWorker.call(SystemApplicationClassLoaderWorker.java:71)
	at worker.org.gradle.process.internal.worker.GradleWorkerMain.run(GradleWorkerMain.java:69)
	at worker.org.gradle.process.internal.worker.GradleWorkerMain.main(GradleWorkerMain.java:74)
14:49:04.127 [Test worker] DEBUG org.springframework.data.jpa.repository.query.NamedQuery - Did not find named query UserAccount.getUserAccountByUserId
14:49:04.127 [Test worker] DEBUG org.springframework.orm.jpa.SharedEntityManagerCreator$SharedEntityManagerInvocationHandler - Creating new EntityManager for shared EntityManager invocation
14:49:04.130 [Test worker] DEBUG org.springframework.data.repository.core.support.RepositoryFactorySupport - Finished creation of repository instance for com.joango.repository.UserAccountRepository.
14:49:04.143 [Test worker] DEBUG org.springframework.beans.factory.support.DefaultListableBeanFactory - Creating shared instance of singleton bean 'exceptionController'
14:49:04.144 [Test worker] DEBUG org.springframework.beans.factory.support.DefaultListableBeanFactory - Creating shared instance of singleton bean 'PDFController'
14:49:04.145 [Test worker] DEBUG org.springframework.beans.factory.support.DefaultListableBeanFactory - Creating shared instance of singleton bean 'ticketController'
14:49:04.145 [Test worker] DEBUG org.springframework.beans.factory.support.DefaultListableBeanFactory - Creating shared instance of singleton bean 'userController'
14:49:04.145 [Test worker] DEBUG org.springframework.beans.factory.support.DefaultListableBeanFactory - Creating shared instance of singleton bean 'userAccountFacadeImpl'
14:49:04.146 [Test worker] DEBUG org.springframework.beans.factory.support.DefaultListableBeanFactory - Creating shared instance of singleton bean 'org.springframework.boot.autoconfigure.context.PropertyPlaceholderAutoConfiguration'
14:49:04.146 [Test worker] DEBUG org.springframework.beans.factory.support.DefaultListableBeanFactory - Creating shared instance of singleton bean 'org.springframework.boot.autoconfigure.task.TaskExecutionAutoConfiguration'
14:49:04.146 [Test worker] DEBUG org.springframework.beans.factory.support.DefaultListableBeanFactory - Creating shared instance of singleton bean 'taskExecutorBuilder'
14:49:04.146 [Test worker] DEBUG org.springframework.beans.factory.support.DefaultListableBeanFactory - Creating shared instance of singleton bean 'spring.task.execution-org.springframework.boot.autoconfigure.task.TaskExecutionProperties'
14:49:04.147 [Test worker] DEBUG org.springframework.beans.factory.support.DefaultListableBeanFactory - Autowiring by type from bean name 'taskExecutorBuilder' via factory method to bean named 'spring.task.execution-org.springframework.boot.autoconfigure.task.TaskExecutionProperties'
14:49:04.148 [Test worker] DEBUG org.springframework.beans.factory.support.DefaultListableBeanFactory - Creating shared instance of singleton bean 'org.springframework.boot.context.properties.EnableConfigurationPropertiesRegistrar.methodValidationExcludeFilter'
14:49:04.149 [Test worker] DEBUG org.springframework.beans.factory.support.DefaultListableBeanFactory - Creating shared instance of singleton bean 'org.springframework.boot.autoconfigure.aop.AopAutoConfiguration$AspectJAutoProxyingConfiguration$CglibAutoProxyConfiguration'
14:49:04.149 [Test worker] DEBUG org.springframework.beans.factory.support.DefaultListableBeanFactory - Creating shared instance of singleton bean 'org.springframework.boot.autoconfigure.aop.AopAutoConfiguration$AspectJAutoProxyingConfiguration'
14:49:04.149 [Test worker] DEBUG org.springframework.beans.factory.support.DefaultListableBeanFactory - Creating shared instance of singleton bean 'org.springframework.boot.autoconfigure.aop.AopAutoConfiguration'
14:49:04.149 [Test worker] DEBUG org.springframework.beans.factory.support.DefaultListableBeanFactory - Creating shared instance of singleton bean 'org.springframework.boot.autoconfigure.availability.ApplicationAvailabilityAutoConfiguration'
14:49:04.149 [Test worker] DEBUG org.springframework.beans.factory.support.DefaultListableBeanFactory - Creating shared instance of singleton bean 'applicationAvailability'
14:49:04.150 [Test worker] DEBUG org.springframework.beans.factory.support.DefaultListableBeanFactory - Creating shared instance of singleton bean 'org.springframework.boot.autoconfigure.jackson.JacksonAutoConfiguration$Jackson2ObjectMapperBuilderCustomizerConfiguration'
14:49:04.150 [Test worker] DEBUG org.springframework.beans.factory.support.DefaultListableBeanFactory - Creating shared instance of singleton bean 'standardJacksonObjectMapperBuilderCustomizer'
14:49:04.151 [Test worker] DEBUG org.springframework.beans.factory.support.DefaultListableBeanFactory - Creating shared instance of singleton bean 'spring.jackson-org.springframework.boot.autoconfigure.jackson.JacksonProperties'
14:49:04.153 [Test worker] DEBUG org.springframework.beans.factory.support.DefaultListableBeanFactory - Autowiring by type from bean name 'standardJacksonObjectMapperBuilderCustomizer' via factory method to bean named 'spring.jackson-org.springframework.boot.autoconfigure.jackson.JacksonProperties'
14:49:04.153 [Test worker] DEBUG org.springframework.beans.factory.support.DefaultListableBeanFactory - Creating shared instance of singleton bean 'parameterNamesModule'
14:49:04.153 [Test worker] DEBUG org.springframework.beans.factory.support.DefaultListableBeanFactory - Creating shared instance of singleton bean 'org.springframework.boot.autoconfigure.jackson.JacksonAutoConfiguration$ParameterNamesModuleConfiguration'
14:49:04.155 [Test worker] DEBUG org.springframework.beans.factory.support.DefaultListableBeanFactory - Creating shared instance of singleton bean 'jsonMixinModule'
14:49:04.155 [Test worker] DEBUG org.springframework.beans.factory.support.DefaultListableBeanFactory - Creating shared instance of singleton bean 'org.springframework.boot.autoconfigure.jackson.JacksonAutoConfiguration$JacksonMixinConfiguration'
14:49:04.156 [Test worker] DEBUG org.springframework.beans.factory.support.DefaultListableBeanFactory - Creating shared instance of singleton bean 'jsonMixinModuleEntries'
14:49:04.156 [Test worker] DEBUG org.springframework.beans.factory.support.DefaultListableBeanFactory - Autowiring by type from bean name 'jsonMixinModuleEntries' via factory method to bean named 'org.springframework.context.support.GenericApplicationContext@2ec99035'
14:49:04.158 [Test worker] DEBUG org.springframework.beans.factory.support.DefaultListableBeanFactory - Autowiring by type from bean name 'jsonMixinModule' via factory method to bean named 'org.springframework.context.support.GenericApplicationContext@2ec99035'
14:49:04.159 [Test worker] DEBUG org.springframework.beans.factory.support.DefaultListableBeanFactory - Autowiring by type from bean name 'jsonMixinModule' via factory method to bean named 'jsonMixinModuleEntries'
14:49:04.159 [Test worker] DEBUG org.springframework.beans.factory.support.DefaultListableBeanFactory - Creating shared instance of singleton bean 'jsonComponentModule'
14:49:04.159 [Test worker] DEBUG org.springframework.beans.factory.support.DefaultListableBeanFactory - Creating shared instance of singleton bean 'org.springframework.boot.autoconfigure.jackson.JacksonAutoConfiguration'
14:49:04.161 [Test worker] DEBUG org.springframework.beans.factory.support.DefaultListableBeanFactory - Creating shared instance of singleton bean 'org.springframework.boot.autoconfigure.jackson.JacksonAutoConfiguration$JacksonObjectMapperBuilderConfiguration'
14:49:04.161 [Test worker] DEBUG org.springframework.beans.factory.support.DefaultListableBeanFactory - Creating shared instance of singleton bean 'org.springframework.boot.autoconfigure.jackson.JacksonAutoConfiguration$JacksonObjectMapperConfiguration'
14:49:04.161 [Test worker] DEBUG org.springframework.beans.factory.support.DefaultListableBeanFactory - Creating shared instance of singleton bean 'jacksonObjectMapper'
14:49:04.162 [Test worker] DEBUG org.springframework.beans.factory.support.DefaultListableBeanFactory - Autowiring by type from bean name 'jacksonObjectMapperBuilder' via factory method to bean named 'org.springframework.context.support.GenericApplicationContext@2ec99035'
14:49:04.162 [Test worker] DEBUG org.springframework.beans.factory.support.DefaultListableBeanFactory - Autowiring by type from bean name 'jacksonObjectMapperBuilder' via factory method to bean named 'standardJacksonObjectMapperBuilderCustomizer'
14:49:04.163 [Test worker] DEBUG org.springframework.beans.factory.support.DefaultListableBeanFactory - Autowiring by type from bean name 'jacksonObjectMapper' via factory method to bean named 'jacksonObjectMapperBuilder'
14:49:04.174 [Test worker] DEBUG org.springframework.beans.factory.support.DefaultListableBeanFactory - Creating shared instance of singleton bean 'org.springframework.boot.autoconfigure.transaction.jta.JtaAutoConfiguration'
14:49:04.174 [Test worker] DEBUG org.springframework.beans.factory.support.DefaultListableBeanFactory - Creating shared instance of singleton bean 'org.springframework.boot.autoconfigure.jdbc.DataSourceJmxConfiguration$Hikari'
14:49:04.174 [Test worker] DEBUG org.springframework.beans.factory.support.DefaultListableBeanFactory - Autowiring by type from bean name 'org.springframework.boot.autoconfigure.jdbc.DataSourceJmxConfiguration$Hikari' via constructor to bean named 'dataSource'
14:49:04.174 [Test worker] DEBUG org.springframework.beans.factory.support.DefaultListableBeanFactory - Creating shared instance of singleton bean 'org.springframework.boot.autoconfigure.jdbc.DataSourceJmxConfiguration'
14:49:04.174 [Test worker] DEBUG org.springframework.beans.factory.support.DefaultListableBeanFactory - Creating shared instance of singleton bean 'org.springframework.boot.autoconfigure.jdbc.DataSourceAutoConfiguration$PooledDataSourceConfiguration'
14:49:04.174 [Test worker] DEBUG org.springframework.beans.factory.support.DefaultListableBeanFactory - Creating shared instance of singleton bean 'org.springframework.boot.autoconfigure.jdbc.metadata.DataSourcePoolMetadataProvidersConfiguration'
14:49:04.175 [Test worker] DEBUG org.springframework.beans.factory.support.DefaultListableBeanFactory - Creating shared instance of singleton bean 'org.springframework.boot.autoconfigure.jdbc.DataSourceAutoConfiguration'
14:49:04.175 [Test worker] DEBUG org.springframework.beans.factory.support.DefaultListableBeanFactory - Creating shared instance of singleton bean 'org.springframework.boot.autoconfigure.orm.jpa.JpaBaseConfiguration$PersistenceManagedTypesConfiguration'
14:49:04.175 [Test worker] DEBUG org.springframework.beans.factory.support.DefaultListableBeanFactory - Creating shared instance of singleton bean 'transactionManager'
14:49:04.176 [Test worker] DEBUG org.springframework.beans.factory.support.DefaultListableBeanFactory - Creating shared instance of singleton bean 'platformTransactionManagerCustomizers'
14:49:04.176 [Test worker] DEBUG org.springframework.beans.factory.support.DefaultListableBeanFactory - Creating shared instance of singleton bean 'org.springframework.boot.autoconfigure.transaction.TransactionAutoConfiguration'
14:49:04.177 [Test worker] DEBUG org.springframework.beans.factory.support.DefaultListableBeanFactory - Creating shared instance of singleton bean 'spring.transaction-org.springframework.boot.autoconfigure.transaction.TransactionProperties'
14:49:04.180 [Test worker] DEBUG org.springframework.beans.factory.support.DefaultListableBeanFactory - Creating shared instance of singleton bean 'org.springframework.boot.autoconfigure.orm.jpa.HibernateJpaAutoConfiguration'
14:49:04.181 [Test worker] DEBUG org.springframework.beans.factory.support.DefaultListableBeanFactory - Creating shared instance of singleton bean 'org.springframework.boot.autoconfigure.context.ConfigurationPropertiesAutoConfiguration'
14:49:04.181 [Test worker] DEBUG org.springframework.beans.factory.support.DefaultListableBeanFactory - Creating shared instance of singleton bean 'org.springframework.boot.autoconfigure.context.LifecycleAutoConfiguration'
14:49:04.181 [Test worker] DEBUG org.springframework.beans.factory.support.DefaultListableBeanFactory - Creating shared instance of singleton bean 'lifecycleProcessor'
14:49:04.181 [Test worker] DEBUG org.springframework.beans.factory.support.DefaultListableBeanFactory - Creating shared instance of singleton bean 'spring.lifecycle-org.springframework.boot.autoconfigure.context.LifecycleProperties'
14:49:04.182 [Test worker] DEBUG org.springframework.beans.factory.support.DefaultListableBeanFactory - Autowiring by type from bean name 'lifecycleProcessor' via factory method to bean named 'spring.lifecycle-org.springframework.boot.autoconfigure.context.LifecycleProperties'
14:49:04.182 [Test worker] DEBUG org.springframework.beans.factory.support.DefaultListableBeanFactory - Creating shared instance of singleton bean 'org.springframework.boot.autoconfigure.dao.PersistenceExceptionTranslationAutoConfiguration'
14:49:04.182 [Test worker] DEBUG org.springframework.beans.factory.support.DefaultListableBeanFactory - Creating shared instance of singleton bean 'org.springframework.boot.autoconfigure.data.jpa.JpaRepositoriesAutoConfiguration'
14:49:04.182 [Test worker] DEBUG org.springframework.beans.factory.support.DefaultListableBeanFactory - Creating shared instance of singleton bean 'org.springframework.data.jpa.util.JpaMetamodelCacheCleanup'
14:49:04.183 [Test worker] DEBUG org.springframework.beans.factory.support.DefaultListableBeanFactory - Creating shared instance of singleton bean 'org.springframework.data.jpa.repository.support.JpaEvaluationContextExtension'
14:49:04.183 [Test worker] DEBUG org.springframework.beans.factory.support.DefaultListableBeanFactory - Creating shared instance of singleton bean 'data-jpa.repository-aot-processor'
14:49:04.184 [Test worker] DEBUG org.springframework.beans.factory.support.DefaultListableBeanFactory - Creating shared instance of singleton bean 'org.springframework.boot.autoconfigure.http.HttpMessageConvertersAutoConfiguration$StringHttpMessageConverterConfiguration'
14:49:04.185 [Test worker] DEBUG org.springframework.beans.factory.support.DefaultListableBeanFactory - Creating shared instance of singleton bean 'stringHttpMessageConverter'
14:49:04.185 [Test worker] DEBUG org.springframework.beans.factory.support.DefaultListableBeanFactory - Autowiring by type from bean name 'stringHttpMessageConverter' via factory method to bean named 'environment'
14:49:04.191 [Test worker] DEBUG org.springframework.beans.factory.support.DefaultListableBeanFactory - Creating shared instance of singleton bean 'org.springframework.boot.autoconfigure.http.JacksonHttpMessageConvertersConfiguration$MappingJackson2XmlHttpMessageConverterConfiguration'
14:49:04.191 [Test worker] DEBUG org.springframework.beans.factory.support.DefaultListableBeanFactory - Creating shared instance of singleton bean 'mappingJackson2XmlHttpMessageConverter'
14:49:04.192 [Test worker] DEBUG org.springframework.beans.factory.support.DefaultListableBeanFactory - Autowiring by type from bean name 'mappingJackson2XmlHttpMessageConverter' via factory method to bean named 'jacksonObjectMapperBuilder'
14:49:04.194 [Test worker] DEBUG org.springframework.beans.factory.support.DefaultListableBeanFactory - Creating shared instance of singleton bean 'org.springframework.boot.autoconfigure.http.JacksonHttpMessageConvertersConfiguration$MappingJackson2HttpMessageConverterConfiguration'
14:49:04.195 [Test worker] DEBUG org.springframework.beans.factory.support.DefaultListableBeanFactory - Creating shared instance of singleton bean 'mappingJackson2HttpMessageConverter'
14:49:04.195 [Test worker] DEBUG org.springframework.beans.factory.support.DefaultListableBeanFactory - Autowiring by type from bean name 'mappingJackson2HttpMessageConverter' via factory method to bean named 'jacksonObjectMapper'
14:49:04.196 [Test worker] DEBUG org.springframework.beans.factory.support.DefaultListableBeanFactory - Creating shared instance of singleton bean 'org.springframework.boot.autoconfigure.http.JacksonHttpMessageConvertersConfiguration'
14:49:04.196 [Test worker] DEBUG org.springframework.beans.factory.support.DefaultListableBeanFactory - Creating shared instance of singleton bean 'org.springframework.boot.autoconfigure.http.HttpMessageConvertersAutoConfiguration'
14:49:04.196 [Test worker] DEBUG org.springframework.beans.factory.support.DefaultListableBeanFactory - Creating shared instance of singleton bean 'messageConverters'
14:49:04.206 [Test worker] DEBUG org.springframework.beans.factory.support.DefaultListableBeanFactory - Creating shared instance of singleton bean 'org.springframework.boot.autoconfigure.info.ProjectInfoAutoConfiguration'
14:49:04.207 [Test worker] DEBUG org.springframework.beans.factory.support.DefaultListableBeanFactory - Creating shared instance of singleton bean 'spring.info-org.springframework.boot.autoconfigure.info.ProjectInfoProperties'
14:49:04.208 [Test worker] DEBUG org.springframework.beans.factory.support.DefaultListableBeanFactory - Autowiring by type from bean name 'org.springframework.boot.autoconfigure.info.ProjectInfoAutoConfiguration' via constructor to bean named 'spring.info-org.springframework.boot.autoconfigure.info.ProjectInfoProperties'
14:49:04.208 [Test worker] DEBUG org.springframework.beans.factory.support.DefaultListableBeanFactory - Creating shared instance of singleton bean 'org.springframework.boot.autoconfigure.jdbc.JdbcTemplateConfiguration'
14:49:04.208 [Test worker] DEBUG org.springframework.beans.factory.support.DefaultListableBeanFactory - Creating shared instance of singleton bean 'dataSourceScriptDatabaseInitializer'
14:49:04.208 [Test worker] DEBUG org.springframework.beans.factory.support.DefaultListableBeanFactory - Creating shared instance of singleton bean 'org.springframework.boot.autoconfigure.sql.init.DataSourceInitializationConfiguration'
14:49:04.209 [Test worker] DEBUG org.springframework.beans.factory.support.DefaultListableBeanFactory - Creating shared instance of singleton bean 'spring.sql.init-org.springframework.boot.autoconfigure.sql.init.SqlInitializationProperties'
14:49:04.212 [Test worker] DEBUG org.springframework.beans.factory.support.DefaultListableBeanFactory - Autowiring by type from bean name 'dataSourceScriptDatabaseInitializer' via factory method to bean named 'dataSource'
14:49:04.212 [Test worker] DEBUG org.springframework.beans.factory.support.DefaultListableBeanFactory - Autowiring by type from bean name 'dataSourceScriptDatabaseInitializer' via factory method to bean named 'spring.sql.init-org.springframework.boot.autoconfigure.sql.init.SqlInitializationProperties'
14:49:04.216 [Test worker] DEBUG org.springframework.jdbc.datasource.DataSourceUtils - Fetching JDBC Connection from DataSource
14:49:04.218 [Test worker] DEBUG org.springframework.jdbc.datasource.DataSourceUtils - Fetching JDBC Connection from DataSource
14:49:04.219 [Test worker] DEBUG org.springframework.jdbc.datasource.init.ScriptUtils - Executing SQL script from class path resource [data-integration-testing.sql]
14:49:04.223 [Test worker] DEBUG org.springframework.jdbc.datasource.init.ScriptUtils - 11 returned as update count for SQL: INSERT INTO `USER` (`name`,`email`) VALUES ('Lewis Burton','dictum@icloud.com'), ('Lewis Burton','lewis@gmail.com'), ('Zahir Workman','lorem@aol.net'), ('Scarlett Hood','taciti@protonmail.com'), ('Sage Conrad','parturient.montes.nascetur@aol.net'), ('Jaden Harrison','tellus.aenean@outlook.couk'), ('Kameko Camacho','enim.consequat@hotmail.edu'), ('Harlan Jackson','lorem@protonmail.com'), ('Branden Frye','pede.malesuada.vel@icloud.couk'), ('Xantha Buck','maecenas@google.ca'), ('Oleg Galloway','augue@hotmail.ca')
14:49:04.225 [Test worker] DEBUG org.springframework.jdbc.datasource.init.ScriptUtils - 10 returned as update count for SQL: INSERT INTO `USER` (`name`,`email`) VALUES ('Alexandra Moreno','rutrum.urna.nec@icloud.com'), ('Palmer Gray','fusce.diam.nunc@hotmail.org'), ('Kuame Patel','sed.nunc@icloud.net'), ('Kadeem Clark','ornare.elit.elit@outlook.org'), ('Luke Dotson','nunc@hotmail.edu'), ('Ava Flowers','ac.nulla@icloud.edu'), ('Kirestin Rose','et.rutrum@icloud.couk'), ('Vanna Curtis','risus.quisque@protonmail.edu'), ('Maxwell Hampton','sagittis.lobortis@icloud.edu'), ('Ayanna Marks','in.scelerisque@aol.net')
14:49:04.228 [Test worker] DEBUG org.springframework.jdbc.datasource.init.ScriptUtils - 21 returned as update count for SQL: INSERT INTO USER_ACCOUNT (user_balance, user_id) VALUES (10000,1), (15000,2), (20000,3), (25000,4), (30000,5), (35000,6), (40000,7), (45000,8), (50000,9), (55000,10), (60000,11), (65000,12), (70000,13), (75000,14), (80000,15), (85000,16), (90000,17), (95000,18), (85000,19), (65000,20), (15000,21)
14:49:04.228 [Test worker] DEBUG org.springframework.jdbc.datasource.init.ScriptUtils - 1 returned as update count for SQL: insert into ticket (event_id, user_id, category, place) values (3, 20, 'STANDARD', 39)
14:49:04.229 [Test worker] DEBUG org.springframework.jdbc.datasource.init.ScriptUtils - 1 returned as update count for SQL: insert into ticket (event_id, user_id, category, place) values (3, 20, 'STANDARD', 42)
14:49:04.229 [Test worker] DEBUG org.springframework.jdbc.datasource.init.ScriptUtils - 1 returned as update count for SQL: insert into ticket (event_id, user_id, category, place) values (1, 16, 'STANDARD', 18)
14:49:04.229 [Test worker] DEBUG org.springframework.jdbc.datasource.init.ScriptUtils - 1 returned as update count for SQL: insert into ticket (event_id, user_id, category, place) values (1, 19, 'STANDARD', 26)
14:49:04.229 [Test worker] DEBUG org.springframework.jdbc.datasource.init.ScriptUtils - 1 returned as update count for SQL: insert into ticket (event_id, user_id, category, place) values (1, 12, 'STANDARD', 11)
14:49:04.230 [Test worker] DEBUG org.springframework.jdbc.datasource.init.ScriptUtils - 1 returned as update count for SQL: insert into ticket (event_id, user_id, category, place) values (2, 12, 'STANDARD', 30)
14:49:04.230 [Test worker] DEBUG org.springframework.jdbc.datasource.init.ScriptUtils - 1 returned as update count for SQL: insert into ticket (event_id, user_id, category, place) values (5, 9, 'STANDARD', 4)
14:49:04.230 [Test worker] DEBUG org.springframework.jdbc.datasource.init.ScriptUtils - 1 returned as update count for SQL: insert into ticket (event_id, user_id, category, place) values (5, 4, 'STANDARD', 13)
14:49:04.230 [Test worker] DEBUG org.springframework.jdbc.datasource.init.ScriptUtils - 1 returned as update count for SQL: insert into ticket (event_id, user_id, category, place) values (3, 2, 'STANDARD', 15)
14:49:04.230 [Test worker] DEBUG org.springframework.jdbc.datasource.init.ScriptUtils - 1 returned as update count for SQL: insert into ticket (event_id, user_id, category, place) values (4, 13, 'STANDARD', 35)
14:49:04.231 [Test worker] DEBUG org.springframework.jdbc.datasource.init.ScriptUtils - 1 returned as update count for SQL: insert into ticket (event_id, user_id, category, place) values (4, 19, 'PREMIUM', 47)
14:49:04.231 [Test worker] DEBUG org.springframework.jdbc.datasource.init.ScriptUtils - 1 returned as update count for SQL: insert into ticket (event_id, user_id, category, place) values (1, 19, 'PREMIUM', 39)
14:49:04.231 [Test worker] DEBUG org.springframework.jdbc.datasource.init.ScriptUtils - 1 returned as update count for SQL: insert into ticket (event_id, user_id, category, place) values (1, 14, 'PREMIUM', 3)
14:49:04.231 [Test worker] DEBUG org.springframework.jdbc.datasource.init.ScriptUtils - 1 returned as update count for SQL: insert into ticket (event_id, user_id, category, place) values (2, 14, 'PREMIUM', 27)
14:49:04.231 [Test worker] DEBUG org.springframework.jdbc.datasource.init.ScriptUtils - 1 returned as update count for SQL: insert into ticket (event_id, user_id, category, place) values (4, 12, 'PREMIUM', 44)
14:49:04.232 [Test worker] DEBUG org.springframework.jdbc.datasource.init.ScriptUtils - 1 returned as update count for SQL: insert into ticket (event_id, user_id, category, place) values (3, 3, 'PREMIUM', 45)
14:49:04.232 [Test worker] DEBUG org.springframework.jdbc.datasource.init.ScriptUtils - 1 returned as update count for SQL: insert into ticket (event_id, user_id, category, place) values (4, 18, 'PREMIUM', 27)
14:49:04.232 [Test worker] DEBUG org.springframework.jdbc.datasource.init.ScriptUtils - 1 returned as update count for SQL: insert into ticket (event_id, user_id, category, place) values (5, 14, 'PREMIUM', 42)
14:49:04.232 [Test worker] DEBUG org.springframework.jdbc.datasource.init.ScriptUtils - 1 returned as update count for SQL: insert into ticket (event_id, user_id, category, place) values (5, 5, 'PREMIUM', 4)
14:49:04.232 [Test worker] DEBUG org.springframework.jdbc.datasource.init.ScriptUtils - 1 returned as update count for SQL: insert into ticket (event_id, user_id, category, place) values (3, 9, 'PREMIUM', 45)
14:49:04.233 [Test worker] DEBUG org.springframework.jdbc.datasource.init.ScriptUtils - 1 returned as update count for SQL: insert into ticket (event_id, user_id, category, place) values (4, 5, 'BAR', 15)
14:49:04.233 [Test worker] DEBUG org.springframework.jdbc.datasource.init.ScriptUtils - 1 returned as update count for SQL: insert into ticket (event_id, user_id, category, place) values (4, 2, 'BAR', 48)
14:49:04.233 [Test worker] DEBUG org.springframework.jdbc.datasource.init.ScriptUtils - 1 returned as update count for SQL: insert into ticket (event_id, user_id, category, place) values (4, 20, 'BAR', 6)
14:49:04.233 [Test worker] DEBUG org.springframework.jdbc.datasource.init.ScriptUtils - 1 returned as update count for SQL: insert into ticket (event_id, user_id, category, place) values (4, 20, 'BAR', 42)
14:49:04.233 [Test worker] DEBUG org.springframework.jdbc.datasource.init.ScriptUtils - 1 returned as update count for SQL: insert into ticket (event_id, user_id, category, place) values (3, 3, 'BAR', 27)
14:49:04.234 [Test worker] DEBUG org.springframework.jdbc.datasource.init.ScriptUtils - 1 returned as update count for SQL: insert into ticket (event_id, user_id, category, place) values (4, 14, 'BAR', 49)
14:49:04.234 [Test worker] DEBUG org.springframework.jdbc.datasource.init.ScriptUtils - 1 returned as update count for SQL: insert into ticket (event_id, user_id, category, place) values (3, 16, 'BAR', 19)
14:49:04.234 [Test worker] DEBUG org.springframework.jdbc.datasource.init.ScriptUtils - 1 returned as update count for SQL: insert into ticket (event_id, user_id, category, place) values (2, 14, 'BAR', 45)
14:49:04.234 [Test worker] DEBUG org.springframework.jdbc.datasource.init.ScriptUtils - 1 returned as update count for SQL: insert into ticket (event_id, user_id, category, place) values (3, 12, 'BAR', 40)
14:49:04.234 [Test worker] DEBUG org.springframework.jdbc.datasource.init.ScriptUtils - 1 returned as update count for SQL: insert into ticket (event_id, user_id, category, place) values (4, 6, 'BAR', 34)
14:49:04.235 [Test worker] DEBUG org.springframework.jdbc.datasource.init.ScriptUtils - 6 returned as update count for SQL: INSERT INTO `event` (`title`,`date`, TICKET_PRICE) VALUES ('posuere, enim','2023-08-10', 5000), ('posuere, enim','2023-07-10', 4000), ('tristique pharetra.','2022-08-10', 3000), ('odio semper','2023-05-06', 100000), ('arcu eu','2023-01-30', 96000), ('elit, pharetra','2023-08-10', 2000)
14:49:04.236 [Test worker] DEBUG org.springframework.jdbc.datasource.init.ScriptUtils - Executed SQL script from class path resource [data-integration-testing.sql] in 16 ms.
14:49:04.237 [Test worker] DEBUG org.springframework.beans.factory.support.DefaultListableBeanFactory - Creating shared instance of singleton bean 'jdbcTemplate'
14:49:04.237 [Test worker] DEBUG org.springframework.beans.factory.support.DefaultListableBeanFactory - Creating shared instance of singleton bean 'spring.jdbc-org.springframework.boot.autoconfigure.jdbc.JdbcProperties'
14:49:04.237 [Test worker] DEBUG org.springframework.beans.factory.support.DefaultListableBeanFactory - Autowiring by type from bean name 'jdbcTemplate' via factory method to bean named 'dataSource'
14:49:04.237 [Test worker] DEBUG org.springframework.beans.factory.support.DefaultListableBeanFactory - Autowiring by type from bean name 'jdbcTemplate' via factory method to bean named 'spring.jdbc-org.springframework.boot.autoconfigure.jdbc.JdbcProperties'
14:49:04.241 [Test worker] DEBUG org.springframework.beans.factory.support.DefaultListableBeanFactory - Creating shared instance of singleton bean 'org.springframework.boot.autoconfigure.jdbc.NamedParameterJdbcTemplateConfiguration'
14:49:04.241 [Test worker] DEBUG org.springframework.beans.factory.support.DefaultListableBeanFactory - Creating shared instance of singleton bean 'namedParameterJdbcTemplate'
14:49:04.241 [Test worker] DEBUG org.springframework.beans.factory.support.DefaultListableBeanFactory - Autowiring by type from bean name 'namedParameterJdbcTemplate' via factory method to bean named 'jdbcTemplate'
14:49:04.243 [Test worker] DEBUG org.springframework.beans.factory.support.DefaultListableBeanFactory - Creating shared instance of singleton bean 'org.springframework.boot.autoconfigure.jdbc.JdbcTemplateAutoConfiguration'
14:49:04.243 [Test worker] DEBUG org.springframework.beans.factory.support.DefaultListableBeanFactory - Creating shared instance of singleton bean 'org.springframework.boot.autoconfigure.kafka.KafkaAnnotationDrivenConfiguration$EnableKafkaConfiguration'
14:49:04.244 [Test worker] DEBUG org.springframework.beans.factory.support.DefaultListableBeanFactory - Creating shared instance of singleton bean 'org.springframework.kafka.config.internalKafkaListenerEndpointRegistry'
14:49:04.244 [Test worker] DEBUG org.springframework.beans.factory.support.DefaultListableBeanFactory - Creating shared instance of singleton bean 'org.springframework.boot.autoconfigure.kafka.KafkaAnnotationDrivenConfiguration'
14:49:04.244 [Test worker] DEBUG org.springframework.beans.factory.support.DefaultListableBeanFactory - Creating shared instance of singleton bean 'spring.kafka-org.springframework.boot.autoconfigure.kafka.KafkaProperties'
14:49:04.247 [Test worker] DEBUG org.springframework.beans.factory.support.DefaultListableBeanFactory - Autowiring by type from bean name 'org.springframework.boot.autoconfigure.kafka.KafkaAnnotationDrivenConfiguration' via constructor to bean named 'spring.kafka-org.springframework.boot.autoconfigure.kafka.KafkaProperties'
14:49:04.251 [Test worker] DEBUG org.springframework.beans.factory.support.DefaultListableBeanFactory - Creating shared instance of singleton bean 'kafkaTemplate'
14:49:04.251 [Test worker] DEBUG org.springframework.beans.factory.support.DefaultListableBeanFactory - Creating shared instance of singleton bean 'org.springframework.boot.autoconfigure.kafka.KafkaAutoConfiguration'
14:49:04.251 [Test worker] DEBUG org.springframework.beans.factory.support.DefaultListableBeanFactory - Autowiring by type from bean name 'org.springframework.boot.autoconfigure.kafka.KafkaAutoConfiguration' via constructor to bean named 'spring.kafka-org.springframework.boot.autoconfigure.kafka.KafkaProperties'
14:49:04.252 [Test worker] DEBUG org.springframework.beans.factory.support.DefaultListableBeanFactory - Creating shared instance of singleton bean 'kafkaProducerFactory'
14:49:04.257 [Test worker] DEBUG org.springframework.beans.factory.support.DefaultListableBeanFactory - Creating shared instance of singleton bean 'kafkaProducerListener'
14:49:04.258 [Test worker] DEBUG org.springframework.beans.factory.support.DefaultListableBeanFactory - Autowiring by type from bean name 'kafkaTemplate' via factory method to bean named 'kafkaProducerFactory'
14:49:04.258 [Test worker] DEBUG org.springframework.beans.factory.support.DefaultListableBeanFactory - Autowiring by type from bean name 'kafkaTemplate' via factory method to bean named 'kafkaProducerListener'
14:49:04.264 [Test worker] DEBUG org.springframework.beans.factory.support.DefaultListableBeanFactory - Creating shared instance of singleton bean 'kafkaListenerContainerFactoryConfigurer'
14:49:04.265 [Test worker] DEBUG org.springframework.beans.factory.support.DefaultListableBeanFactory - Creating shared instance of singleton bean 'kafkaListenerContainerFactory'
14:49:04.266 [Test worker] DEBUG org.springframework.beans.factory.support.DefaultListableBeanFactory - Autowiring by type from bean name 'kafkaListenerContainerFactory' via factory method to bean named 'kafkaListenerContainerFactoryConfigurer'
14:49:04.267 [Test worker] DEBUG org.springframework.beans.factory.support.DefaultListableBeanFactory - Creating shared instance of singleton bean 'kafkaConsumerFactory'
14:49:04.273 [Test worker] DEBUG org.springframework.beans.factory.support.DefaultListableBeanFactory - Creating shared instance of singleton bean 'kafkaAdmin'
14:49:04.275 [Test worker] DEBUG org.springframework.beans.factory.support.DefaultListableBeanFactory - Creating shared instance of singleton bean 'org.springframework.boot.autoconfigure.netty.NettyAutoConfiguration'
14:49:04.276 [Test worker] DEBUG org.springframework.beans.factory.support.DefaultListableBeanFactory - Creating shared instance of singleton bean 'spring.netty-org.springframework.boot.autoconfigure.netty.NettyProperties'
14:49:04.276 [Test worker] DEBUG org.springframework.beans.factory.support.DefaultListableBeanFactory - Autowiring by type from bean name 'org.springframework.boot.autoconfigure.netty.NettyAutoConfiguration' via constructor to bean named 'spring.netty-org.springframework.boot.autoconfigure.netty.NettyProperties'
14:49:04.276 [Test worker] DEBUG org.springframework.beans.factory.support.DefaultListableBeanFactory - Creating shared instance of singleton bean 'org.springframework.boot.autoconfigure.sql.init.SqlInitializationAutoConfiguration'
14:49:04.276 [Test worker] DEBUG org.springframework.beans.factory.support.DefaultListableBeanFactory - Creating shared instance of singleton bean 'org.springframework.boot.autoconfigure.task.TaskSchedulingAutoConfiguration'
14:49:04.277 [Test worker] DEBUG org.springframework.beans.factory.support.DefaultListableBeanFactory - Creating shared instance of singleton bean 'taskSchedulerBuilder'
14:49:04.277 [Test worker] DEBUG org.springframework.beans.factory.support.DefaultListableBeanFactory - Creating shared instance of singleton bean 'spring.task.scheduling-org.springframework.boot.autoconfigure.task.TaskSchedulingProperties'
14:49:04.277 [Test worker] DEBUG org.springframework.beans.factory.support.DefaultListableBeanFactory - Autowiring by type from bean name 'taskSchedulerBuilder' via factory method to bean named 'spring.task.scheduling-org.springframework.boot.autoconfigure.task.TaskSchedulingProperties'
14:49:04.278 [Test worker] DEBUG org.springframework.beans.factory.support.DefaultListableBeanFactory - Creating shared instance of singleton bean 'org.springframework.boot.autoconfigure.thymeleaf.ThymeleafAutoConfiguration$DefaultTemplateResolverConfiguration'
14:49:04.278 [Test worker] DEBUG org.springframework.beans.factory.support.DefaultListableBeanFactory - Creating shared instance of singleton bean 'spring.thymeleaf-org.springframework.boot.autoconfigure.thymeleaf.ThymeleafProperties'
14:49:04.280 [Test worker] DEBUG org.springframework.beans.factory.support.DefaultListableBeanFactory - Autowiring by type from bean name 'org.springframework.boot.autoconfigure.thymeleaf.ThymeleafAutoConfiguration$DefaultTemplateResolverConfiguration' via constructor to bean named 'spring.thymeleaf-org.springframework.boot.autoconfigure.thymeleaf.ThymeleafProperties'
14:49:04.280 [Test worker] DEBUG org.springframework.beans.factory.support.DefaultListableBeanFactory - Autowiring by type from bean name 'org.springframework.boot.autoconfigure.thymeleaf.ThymeleafAutoConfiguration$DefaultTemplateResolverConfiguration' via constructor to bean named 'org.springframework.context.support.GenericApplicationContext@2ec99035'
14:49:04.280 [Test worker] DEBUG org.springframework.beans.factory.support.DefaultListableBeanFactory - Creating shared instance of singleton bean 'defaultTemplateResolver'
14:49:04.282 [Test worker] DEBUG org.springframework.beans.factory.support.DefaultListableBeanFactory - Creating shared instance of singleton bean 'org.springframework.boot.autoconfigure.thymeleaf.TemplateEngineConfigurations$DefaultTemplateEngineConfiguration'
14:49:04.282 [Test worker] DEBUG org.springframework.beans.factory.support.DefaultListableBeanFactory - Creating shared instance of singleton bean 'templateEngine'
14:49:04.282 [Test worker] DEBUG org.springframework.beans.factory.support.DefaultListableBeanFactory - Autowiring by type from bean name 'templateEngine' via factory method to bean named 'spring.thymeleaf-org.springframework.boot.autoconfigure.thymeleaf.ThymeleafProperties'
14:49:04.284 [Test worker] DEBUG org.springframework.beans.factory.support.DefaultListableBeanFactory - Creating shared instance of singleton bean 'org.springframework.boot.autoconfigure.thymeleaf.ThymeleafAutoConfiguration'
14:49:04.284 [Test worker] DEBUG org.springframework.beans.factory.support.DefaultListableBeanFactory - Creating shared instance of singleton bean 'org.springframework.boot.autoconfigure.jdbc.DataSourceTransactionManagerAutoConfiguration$JdbcTransactionManagerConfiguration'
14:49:04.285 [Test worker] DEBUG org.springframework.beans.factory.support.DefaultListableBeanFactory - Creating shared instance of singleton bean 'org.springframework.boot.autoconfigure.jdbc.DataSourceTransactionManagerAutoConfiguration'
14:49:04.285 [Test worker] DEBUG org.springframework.beans.factory.support.DefaultListableBeanFactory - Creating shared instance of singleton bean 'org.springframework.boot.autoconfigure.transaction.TransactionAutoConfiguration$TransactionTemplateConfiguration'
14:49:04.285 [Test worker] DEBUG org.springframework.beans.factory.support.DefaultListableBeanFactory - Creating shared instance of singleton bean 'transactionTemplate'
14:49:04.285 [Test worker] DEBUG org.springframework.beans.factory.support.DefaultListableBeanFactory - Autowiring by type from bean name 'transactionTemplate' via factory method to bean named 'transactionManager'
14:49:04.286 [Test worker] DEBUG org.springframework.beans.factory.support.DefaultListableBeanFactory - Creating shared instance of singleton bean 'org.springframework.boot.autoconfigure.web.client.RestTemplateAutoConfiguration'
14:49:04.290 [Test worker] DEBUG org.springframework.context.support.DefaultLifecycleProcessor - Starting beans in phase 2147483547
14:49:04.290 [Test worker] DEBUG org.springframework.context.support.DefaultLifecycleProcessor - Successfully started bean 'org.springframework.kafka.config.internalKafkaListenerEndpointRegistry'
14:49:04.292 [Test worker] DEBUG org.springframework.test.context.cache - Spring test ApplicationContext cache statistics: [DefaultContextCache@329b4b8b size = 1, maxSize = 32, parentContextCount = 0, hitCount = 0, missCount = 1]
14:49:04.293 [Test worker] DEBUG org.springframework.test.context.support.DependencyInjectionTestExecutionListener - Performing dependency injection for test class com.joango.BookingServiceIntegrationTest
14:49:04.293 [Test worker] DEBUG org.springframework.test.context.cache - Spring test ApplicationContext cache statistics: [DefaultContextCache@329b4b8b size = 1, maxSize = 32, parentContextCount = 0, hitCount = 1, missCount = 1]
14:49:04.294 [Test worker] DEBUG org.springframework.test.context.cache - Spring test ApplicationContext cache statistics: [DefaultContextCache@329b4b8b size = 1, maxSize = 32, parentContextCount = 0, hitCount = 2, missCount = 1]
14:49:04.295 [Test worker] DEBUG org.springframework.test.context.cache - Spring test ApplicationContext cache statistics: [DefaultContextCache@329b4b8b size = 1, maxSize = 32, parentContextCount = 0, hitCount = 3, missCount = 1]
14:49:04.295 [Test worker] DEBUG org.springframework.test.context.support.AbstractDirtiesContextTestExecutionListener - Before test method: class [BookingServiceIntegrationTest], method [getEventByIdException], class annotated with @DirtiesContext [false] with mode [null], method annotated with @DirtiesContext [false] with mode [null]
14:49:04.297 [Test worker] DEBUG org.springframework.test.context.cache - Spring test ApplicationContext cache statistics: [DefaultContextCache@329b4b8b size = 1, maxSize = 32, parentContextCount = 0, hitCount = 4, missCount = 1]
14:49:04.297 [Test worker] DEBUG org.springframework.test.context.cache - Spring test ApplicationContext cache statistics: [DefaultContextCache@329b4b8b size = 1, maxSize = 32, parentContextCount = 0, hitCount = 5, missCount = 1]
14:49:04.360 [Test worker] DEBUG org.springframework.test.context.cache - Spring test ApplicationContext cache statistics: [DefaultContextCache@329b4b8b size = 1, maxSize = 32, parentContextCount = 0, hitCount = 6, missCount = 1]
14:49:04.362 [Test worker] DEBUG org.springframework.orm.jpa.JpaTransactionManager - Creating new transaction with name [org.springframework.data.jpa.repository.support.SimpleJpaRepository.findById]: PROPAGATION_REQUIRED,ISOLATION_DEFAULT,readOnly
14:49:04.363 [Test worker] DEBUG org.springframework.orm.jpa.JpaTransactionManager - Opened new EntityManager [SessionImpl(1323572326<open>)] for JPA transaction
14:49:04.364 [Test worker] DEBUG org.springframework.jdbc.datasource.DataSourceUtils - Setting JDBC Connection [HikariProxyConnection@1891006529 wrapping conn0: url=jdbc:h2:mem:testdb user=SA] read-only
14:49:04.365 [Test worker] DEBUG org.hibernate.engine.transaction.internal.TransactionImpl - On TransactionImpl creation, JpaCompliance#isJpaTransactionComplianceEnabled == false
14:49:04.365 [Test worker] DEBUG org.hibernate.engine.transaction.internal.TransactionImpl - begin
14:49:04.365 [Test worker] DEBUG org.springframework.orm.jpa.JpaTransactionManager - Exposing JPA transaction as JDBC [org.springframework.orm.jpa.vendor.HibernateJpaDialect$HibernateConnectionHandle@47ccbbd5]
14:49:04.373 [Test worker] DEBUG org.hibernate.orm.sql.exec - Skipping reading Query result cache data: cache-enabled = false, cache-mode = IGNORE
14:49:04.376 [Test worker] DEBUG org.hibernate.orm.results - Initializer list
14:49:04.376 [Test worker] DEBUG org.hibernate.orm.results -     com.joango.model.Event -> EntityResultInitializer(com.joango.model.Event)@1561770759 (SingleTableEntityPersister(com.joango.model.Event))
14:49:04.378 [Test worker] DEBUG org.hibernate.SQL - select e1_0.id,e1_0.date,e1_0.ticket_price,e1_0.title from event e1_0 where e1_0.id=?
Hibernate: select e1_0.id,e1_0.date,e1_0.ticket_price,e1_0.title from event e1_0 where e1_0.id=?
14:49:04.386 [Test worker] DEBUG org.springframework.orm.jpa.JpaTransactionManager - Initiating transaction commit
14:49:04.386 [Test worker] DEBUG org.springframework.orm.jpa.JpaTransactionManager - Committing JPA transaction on EntityManager [SessionImpl(1323572326<open>)]
14:49:04.386 [Test worker] DEBUG org.hibernate.engine.transaction.internal.TransactionImpl - committing
14:49:04.387 [Test worker] DEBUG org.springframework.jdbc.datasource.DataSourceUtils - Resetting read-only flag of JDBC Connection [HikariProxyConnection@1891006529 wrapping conn0: url=jdbc:h2:mem:testdb user=SA]
14:49:04.387 [Test worker] DEBUG org.springframework.orm.jpa.JpaTransactionManager - Closing JPA EntityManager [SessionImpl(1323572326<open>)] after transaction
14:49:04.387 [Test worker] DEBUG org.springframework.test.context.cache - Spring test ApplicationContext cache statistics: [DefaultContextCache@329b4b8b size = 1, maxSize = 32, parentContextCount = 0, hitCount = 7, missCount = 1]
14:49:04.387 [Test worker] DEBUG org.springframework.test.context.cache - Spring test ApplicationContext cache statistics: [DefaultContextCache@329b4b8b size = 1, maxSize = 32, parentContextCount = 0, hitCount = 8, missCount = 1]
14:49:04.388 [Test worker] DEBUG org.springframework.test.context.cache - Spring test ApplicationContext cache statistics: [DefaultContextCache@329b4b8b size = 1, maxSize = 32, parentContextCount = 0, hitCount = 9, missCount = 1]
14:49:04.388 [Test worker] DEBUG org.springframework.test.context.cache - Spring test ApplicationContext cache statistics: [DefaultContextCache@329b4b8b size = 1, maxSize = 32, parentContextCount = 0, hitCount = 10, missCount = 1]
14:49:04.388 [Test worker] DEBUG org.springframework.test.context.cache - Spring test ApplicationContext cache statistics: [DefaultContextCache@329b4b8b size = 1, maxSize = 32, parentContextCount = 0, hitCount = 11, missCount = 1]
14:49:04.389 [Test worker] DEBUG org.springframework.test.context.cache - Spring test ApplicationContext cache statistics: [DefaultContextCache@329b4b8b size = 1, maxSize = 32, parentContextCount = 0, hitCount = 12, missCount = 1]
14:49:04.389 [Test worker] DEBUG org.springframework.test.context.support.AbstractDirtiesContextTestExecutionListener - After test method: class [BookingServiceIntegrationTest], method [getEventByIdException], class annotated with @DirtiesContext [false] with mode [null], method annotated with @DirtiesContext [false] with mode [null]
14:49:04.389 [Test worker] DEBUG org.springframework.test.context.cache - Spring test ApplicationContext cache statistics: [DefaultContextCache@329b4b8b size = 1, maxSize = 32, parentContextCount = 0, hitCount = 13, missCount = 1]
14:49:04.389 [Test worker] DEBUG org.springframework.test.context.support.DependencyInjectionTestExecutionListener - Performing dependency injection for test class com.joango.BookingServiceIntegrationTest
14:49:04.389 [Test worker] DEBUG org.springframework.test.context.cache - Spring test ApplicationContext cache statistics: [DefaultContextCache@329b4b8b size = 1, maxSize = 32, parentContextCount = 0, hitCount = 14, missCount = 1]
14:49:04.390 [Test worker] DEBUG org.springframework.test.context.cache - Spring test ApplicationContext cache statistics: [DefaultContextCache@329b4b8b size = 1, maxSize = 32, parentContextCount = 0, hitCount = 15, missCount = 1]
14:49:04.390 [Test worker] DEBUG org.springframework.test.context.cache - Spring test ApplicationContext cache statistics: [DefaultContextCache@329b4b8b size = 1, maxSize = 32, parentContextCount = 0, hitCount = 16, missCount = 1]
14:49:04.390 [Test worker] DEBUG org.springframework.test.context.support.AbstractDirtiesContextTestExecutionListener - Before test method: class [BookingServiceIntegrationTest], method [getUsersByName], class annotated with @DirtiesContext [false] with mode [null], method annotated with @DirtiesContext [false] with mode [null]
14:49:04.390 [Test worker] DEBUG org.springframework.test.context.cache - Spring test ApplicationContext cache statistics: [DefaultContextCache@329b4b8b size = 1, maxSize = 32, parentContextCount = 0, hitCount = 17, missCount = 1]
14:49:04.390 [Test worker] DEBUG org.springframework.test.context.cache - Spring test ApplicationContext cache statistics: [DefaultContextCache@329b4b8b size = 1, maxSize = 32, parentContextCount = 0, hitCount = 18, missCount = 1]
14:49:04.390 [Test worker] DEBUG org.springframework.test.context.cache - Spring test ApplicationContext cache statistics: [DefaultContextCache@329b4b8b size = 1, maxSize = 32, parentContextCount = 0, hitCount = 19, missCount = 1]
14:49:04.392 [Test worker] DEBUG org.springframework.orm.jpa.SharedEntityManagerCreator$SharedEntityManagerInvocationHandler - Creating new EntityManager for shared EntityManager invocation
14:49:04.425 [Test worker] DEBUG org.hibernate.orm.sql.ast.create - Created new SQL alias : u1_0
14:49:04.425 [Test worker] DEBUG org.hibernate.orm.sql.ast.create - Registration of TableGroup [StandardTableGroup(com.joango.model.User(320503959282166))] with identifierForTableGroup [com.joango.model.User] for NavigablePath [com.joango.model.User] 
14:49:04.428 [Test worker] DEBUG org.hibernate.query.sqm.sql.BaseSqmToSqlAstConverter - Determining mapping-model type for SqmParameter : org.hibernate.query.sqm.tree.expression.SqmJpaCriteriaParameterWrapper@5037f491
14:49:04.429 [Test worker] DEBUG org.hibernate.query.sqm.sql.BaseSqmToSqlAstConverter - Determining mapping-model type for SqmPath : SqmBasicValuedSimplePath(com.joango.model.User(320503959282166).name) 
14:49:04.431 [Test worker] DEBUG org.hibernate.orm.results.graph.AST - DomainResult Graph:
 \-EntityResultImpl [com.joango.model.User(320503959282166)]
 |  +-BasicFetch [com.joango.model.User(320503959282166).email]
 |  +-BasicFetch [com.joango.model.User(320503959282166).name]
 |  \-CircularFetchImpl [com.joango.model.User(320503959282166).userAccount]

14:49:04.431 [Test worker] DEBUG org.hibernate.orm.sql.ast.tree - SQL AST Tree:%n    SelectStatement {
      FromClause {
        StandardTableGroup (u1 : com.joango.model.User(320503959282166)) {
          primaryTableReference : user as u1_0
        }
      }
    }

14:49:04.432 [Test worker] DEBUG org.hibernate.orm.sql.exec - Skipping reading Query result cache data: cache-enabled = false, cache-mode = NORMAL
14:49:04.433 [Test worker] DEBUG org.hibernate.orm.results - Initializer list
14:49:04.433 [Test worker] DEBUG org.hibernate.orm.results -     com.joango.model.User(320503959282166).userAccount -> EntitySelectFetchInitializer(com.joango.model.User(320503959282166).userAccount)@1235513129 (ToOneAttributeMapping(NavigableRole[com.joango.model.User.userAccount])@1494592361)
14:49:04.433 [Test worker] DEBUG org.hibernate.orm.results -     com.joango.model.User(320503959282166) -> EntityResultInitializer(com.joango.model.User(320503959282166))@493090494 (SingleTableEntityPersister(com.joango.model.User))
14:49:04.433 [Test worker] DEBUG org.hibernate.SQL - select u1_0.id,u1_0.email,u1_0.name from user u1_0 where u1_0.name=?
Hibernate: select u1_0.id,u1_0.email,u1_0.name from user u1_0 where u1_0.name=?
14:49:04.435 [Test worker] DEBUG org.hibernate.orm.results - Extracted JDBC value [0] - [1]
14:49:04.435 [Test worker] DEBUG org.hibernate.orm.results.loading.entity - (EntityResultInitializer) Hydrated EntityKey (com.joango.model.User(320503959282166)): 1
14:49:04.436 [Test worker] DEBUG org.hibernate.orm.results.loading.entity - (EntityResultInitializer) Created new entity instance [com.joango.model.User(320503959282166)#1] : User(id=1, name=null, email=null, userAccount=null)
14:49:04.436 [Test worker] DEBUG org.hibernate.orm.results - Extracted JDBC value [0] - [1]
14:49:04.437 [Test worker] DEBUG org.hibernate.orm.sql.ast.create - Created new SQL alias : u1_0
14:49:04.437 [Test worker] DEBUG org.hibernate.orm.sql.ast.create - Registration of TableGroup [StandardTableGroup(com.joango.model.UserAccount)] with identifierForTableGroup [com.joango.model.UserAccount] for NavigablePath [com.joango.model.UserAccount] 
14:49:04.437 [Test worker] DEBUG org.hibernate.orm.sql.ast.create - Registration of TableGroup [org.hibernate.sql.ast.tree.from.LazyTableGroup@1469015e] with identifierForTableGroup [com.joango.model.UserAccount.user] for NavigablePath [com.joango.model.UserAccount.user] 
14:49:04.437 [Test worker] DEBUG org.hibernate.orm.sql.ast.create - Created new SQL alias : u2_0
14:49:04.437 [Test worker] DEBUG org.hibernate.orm.results.graph.AST - DomainResult Graph:
 \-EntityResultImpl [com.joango.model.UserAccount]
 |  +-EntityFetchJoinedImpl [com.joango.model.UserAccount.user]
 |  \-BasicFetch [com.joango.model.UserAccount.userBalance]

14:49:04.437 [Test worker] DEBUG org.hibernate.orm.sql.ast.tree - SQL AST Tree:%n    SelectStatement {
      FromClause {
        StandardTableGroup (u1 : com.joango.model.UserAccount) {
          primaryTableReference : user_account as u1_0
          TableGroupJoins {
            left  join LazyTableGroup (u2 : com.joango.model.UserAccount.user) {
              primaryTableReference : user as u2_0
            }
          }
        }
      }
    }

14:49:04.438 [Test worker] DEBUG org.hibernate.orm.sql.exec - Skipping reading Query result cache data: cache-enabled = false, cache-mode = IGNORE
14:49:04.438 [Test worker] DEBUG org.hibernate.orm.results - Initializer list
14:49:04.438 [Test worker] DEBUG org.hibernate.orm.results -     com.joango.model.UserAccount.user -> EntityJoinedFetchInitializer(com.joango.model.UserAccount.user)@1114740236 (ToOneAttributeMapping(NavigableRole[com.joango.model.UserAccount.user])@696104621)
14:49:04.438 [Test worker] DEBUG org.hibernate.orm.results -     com.joango.model.UserAccount -> EntityResultInitializer(com.joango.model.UserAccount)@2092749438 (SingleTableEntityPersister(com.joango.model.UserAccount))
14:49:04.438 [Test worker] DEBUG org.hibernate.SQL - select u1_0.id,u2_0.id,u2_0.email,u2_0.name,u1_0.user_balance from user_account u1_0 left join user u2_0 on u2_0.id=u1_0.user_id where u1_0.user_id=?
Hibernate: select u1_0.id,u2_0.id,u2_0.email,u2_0.name,u1_0.user_balance from user_account u1_0 left join user u2_0 on u2_0.id=u1_0.user_id where u1_0.user_id=?
14:49:04.439 [Test worker] DEBUG org.hibernate.orm.results - Extracted JDBC value [1] - [1]
14:49:04.439 [Test worker] DEBUG org.hibernate.orm.results.loading.entity - (EntityJoinedFetchInitializer) Hydrated EntityKey (com.joango.model.UserAccount.user): 1
14:49:04.439 [Test worker] DEBUG org.hibernate.orm.results - Extracted JDBC value [0] - [1]
14:49:04.439 [Test worker] DEBUG org.hibernate.orm.results.loading.entity - (EntityResultInitializer) Hydrated EntityKey (com.joango.model.UserAccount): 1
14:49:04.439 [Test worker] DEBUG org.hibernate.orm.results.loading.entity - (EntityJoinedFetchInitializer) Found existing loading entry [com.joango.model.UserAccount.user#1] - using loading instance
14:49:04.439 [Test worker] DEBUG org.hibernate.orm.results.loading.entity - (EntityJoinedFetchInitializer) Entity [com.joango.model.UserAccount.user#1] being loaded by another initializer [EntityResultInitializer(com.joango.model.User(320503959282166))] - skipping processing
14:49:04.439 [Test worker] DEBUG org.hibernate.orm.results.loading.entity - (EntityResultInitializer) Created new entity instance [com.joango.model.UserAccount#1] : UserAccount(id=1, userBalance=null, user=null)
14:49:04.439 [Test worker] DEBUG org.hibernate.orm.results - Extracted JDBC value [2] - [dictum@icloud.com]
14:49:04.439 [Test worker] DEBUG org.hibernate.orm.results - Extracted JDBC value [3] - [Lewis Burton]
14:49:04.441 [Test worker] DEBUG org.hibernate.orm.results.loading.entity - (EntityJoinedFetchInitializer) Done materializing entityInstance : com.joango.model.UserAccount.user#1
14:49:04.441 [Test worker] DEBUG org.hibernate.orm.results.loading.entity - (EntityJoinedFetchInitializer) Found existing loading entry [com.joango.model.UserAccount.user#1] - using loading instance
14:49:04.441 [Test worker] DEBUG org.hibernate.orm.results - Extracted JDBC value [4] - [10000]
14:49:04.441 [Test worker] DEBUG org.hibernate.orm.results.loading.entity - (EntityResultInitializer) Done materializing entityInstance : com.joango.model.UserAccount#1
14:49:04.441 [Test worker] DEBUG org.hibernate.orm.results.loading - Calling top-level assembler (0 / 1) : org.hibernate.sql.results.graph.entity.internal.EntityAssembler@5e18a6a7
14:49:04.441 [Test worker] DEBUG org.hibernate.orm.results.loading.entity - (EntityResultInitializer) Found existing loading entry [com.joango.model.UserAccount#1] - using loading instance
14:49:04.442 [Test worker] DEBUG org.hibernate.orm.results.loading - Calling top-level assembler (0 / 1) : org.hibernate.sql.results.graph.entity.internal.EntityAssembler@545e200b
14:49:04.442 [Test worker] DEBUG org.hibernate.orm.results.loading.entity - (EntityResultInitializer) Found existing loading entry [com.joango.model.User(320503959282166)#1] - using loading instance
14:49:04.442 [Test worker] DEBUG org.hibernate.orm.results - Extracted JDBC value [0] - [2]
14:49:04.442 [Test worker] DEBUG org.hibernate.orm.results.loading.entity - (EntityResultInitializer) Hydrated EntityKey (com.joango.model.User(320503959282166)): 2
14:49:04.442 [Test worker] DEBUG org.hibernate.orm.results.loading.entity - (EntityResultInitializer) Created new entity instance [com.joango.model.User(320503959282166)#2] : User(id=2, name=null, email=null, userAccount=null)
14:49:04.442 [Test worker] DEBUG org.hibernate.orm.results - Extracted JDBC value [0] - [2]
14:49:04.442 [Test worker] DEBUG org.hibernate.orm.sql.ast.create - Created new SQL alias : u1_0
14:49:04.442 [Test worker] DEBUG org.hibernate.orm.sql.ast.create - Registration of TableGroup [StandardTableGroup(com.joango.model.UserAccount)] with identifierForTableGroup [com.joango.model.UserAccount] for NavigablePath [com.joango.model.UserAccount] 
14:49:04.442 [Test worker] DEBUG org.hibernate.orm.sql.ast.create - Registration of TableGroup [org.hibernate.sql.ast.tree.from.LazyTableGroup@3a22c944] with identifierForTableGroup [com.joango.model.UserAccount.user] for NavigablePath [com.joango.model.UserAccount.user] 
14:49:04.442 [Test worker] DEBUG org.hibernate.orm.sql.ast.create - Created new SQL alias : u2_0
14:49:04.442 [Test worker] DEBUG org.hibernate.orm.results.graph.AST - DomainResult Graph:
 \-EntityResultImpl [com.joango.model.UserAccount]
 |  +-EntityFetchJoinedImpl [com.joango.model.UserAccount.user]
 |  \-BasicFetch [com.joango.model.UserAccount.userBalance]

14:49:04.442 [Test worker] DEBUG org.hibernate.orm.sql.ast.tree - SQL AST Tree:%n    SelectStatement {
      FromClause {
        StandardTableGroup (u1 : com.joango.model.UserAccount) {
          primaryTableReference : user_account as u1_0
          TableGroupJoins {
            left  join LazyTableGroup (u2 : com.joango.model.UserAccount.user) {
              primaryTableReference : user as u2_0
            }
          }
        }
      }
    }

14:49:04.442 [Test worker] DEBUG org.hibernate.orm.sql.exec - Skipping reading Query result cache data: cache-enabled = false, cache-mode = IGNORE
14:49:04.442 [Test worker] DEBUG org.hibernate.orm.results - Initializer list
14:49:04.442 [Test worker] DEBUG org.hibernate.orm.results -     com.joango.model.UserAccount.user -> EntityJoinedFetchInitializer(com.joango.model.UserAccount.user)@1839644942 (ToOneAttributeMapping(NavigableRole[com.joango.model.UserAccount.user])@696104621)
14:49:04.442 [Test worker] DEBUG org.hibernate.orm.results -     com.joango.model.UserAccount -> EntityResultInitializer(com.joango.model.UserAccount)@1214118601 (SingleTableEntityPersister(com.joango.model.UserAccount))
14:49:04.442 [Test worker] DEBUG org.hibernate.SQL - select u1_0.id,u2_0.id,u2_0.email,u2_0.name,u1_0.user_balance from user_account u1_0 left join user u2_0 on u2_0.id=u1_0.user_id where u1_0.user_id=?
Hibernate: select u1_0.id,u2_0.id,u2_0.email,u2_0.name,u1_0.user_balance from user_account u1_0 left join user u2_0 on u2_0.id=u1_0.user_id where u1_0.user_id=?
14:49:04.443 [Test worker] DEBUG org.hibernate.orm.results - Extracted JDBC value [1] - [2]
14:49:04.443 [Test worker] DEBUG org.hibernate.orm.results.loading.entity - (EntityJoinedFetchInitializer) Hydrated EntityKey (com.joango.model.UserAccount.user): 2
14:49:04.443 [Test worker] DEBUG org.hibernate.orm.results - Extracted JDBC value [0] - [2]
14:49:04.443 [Test worker] DEBUG org.hibernate.orm.results.loading.entity - (EntityResultInitializer) Hydrated EntityKey (com.joango.model.UserAccount): 2
14:49:04.443 [Test worker] DEBUG org.hibernate.orm.results.loading.entity - (EntityJoinedFetchInitializer) Found existing loading entry [com.joango.model.UserAccount.user#2] - using loading instance
14:49:04.443 [Test worker] DEBUG org.hibernate.orm.results.loading.entity - (EntityJoinedFetchInitializer) Entity [com.joango.model.UserAccount.user#2] being loaded by another initializer [EntityResultInitializer(com.joango.model.User(320503959282166))] - skipping processing
14:49:04.443 [Test worker] DEBUG org.hibernate.orm.results.loading.entity - (EntityResultInitializer) Created new entity instance [com.joango.model.UserAccount#2] : UserAccount(id=2, userBalance=null, user=null)
14:49:04.443 [Test worker] DEBUG org.hibernate.orm.results - Extracted JDBC value [2] - [lewis@gmail.com]
14:49:04.443 [Test worker] DEBUG org.hibernate.orm.results - Extracted JDBC value [3] - [Lewis Burton]
14:49:04.443 [Test worker] DEBUG org.hibernate.orm.results.loading.entity - (EntityJoinedFetchInitializer) Done materializing entityInstance : com.joango.model.UserAccount.user#2
14:49:04.443 [Test worker] DEBUG org.hibernate.orm.results.loading.entity - (EntityJoinedFetchInitializer) Found existing loading entry [com.joango.model.UserAccount.user#2] - using loading instance
14:49:04.443 [Test worker] DEBUG org.hibernate.orm.results - Extracted JDBC value [4] - [15000]
14:49:04.443 [Test worker] DEBUG org.hibernate.orm.results.loading.entity - (EntityResultInitializer) Done materializing entityInstance : com.joango.model.UserAccount#2
14:49:04.443 [Test worker] DEBUG org.hibernate.orm.results.loading - Calling top-level assembler (0 / 1) : org.hibernate.sql.results.graph.entity.internal.EntityAssembler@e36a4c1
14:49:04.443 [Test worker] DEBUG org.hibernate.orm.results.loading.entity - (EntityResultInitializer) Found existing loading entry [com.joango.model.UserAccount#2] - using loading instance
14:49:04.443 [Test worker] DEBUG org.hibernate.orm.results.loading - Calling top-level assembler (0 / 1) : org.hibernate.sql.results.graph.entity.internal.EntityAssembler@545e200b
14:49:04.443 [Test worker] DEBUG org.hibernate.orm.results.loading.entity - (EntityResultInitializer) Found existing loading entry [com.joango.model.User(320503959282166)#2] - using loading instance
14:49:04.453 [Test worker] DEBUG org.springframework.test.context.cache - Spring test ApplicationContext cache statistics: [DefaultContextCache@329b4b8b size = 1, maxSize = 32, parentContextCount = 0, hitCount = 20, missCount = 1]
14:49:04.453 [Test worker] DEBUG org.springframework.test.context.cache - Spring test ApplicationContext cache statistics: [DefaultContextCache@329b4b8b size = 1, maxSize = 32, parentContextCount = 0, hitCount = 21, missCount = 1]
14:49:04.454 [Test worker] DEBUG org.springframework.test.context.cache - Spring test ApplicationContext cache statistics: [DefaultContextCache@329b4b8b size = 1, maxSize = 32, parentContextCount = 0, hitCount = 22, missCount = 1]
14:49:04.454 [Test worker] DEBUG org.springframework.test.context.cache - Spring test ApplicationContext cache statistics: [DefaultContextCache@329b4b8b size = 1, maxSize = 32, parentContextCount = 0, hitCount = 23, missCount = 1]
14:49:04.454 [Test worker] DEBUG org.springframework.test.context.cache - Spring test ApplicationContext cache statistics: [DefaultContextCache@329b4b8b size = 1, maxSize = 32, parentContextCount = 0, hitCount = 24, missCount = 1]
14:49:04.454 [Test worker] DEBUG org.springframework.test.context.cache - Spring test ApplicationContext cache statistics: [DefaultContextCache@329b4b8b size = 1, maxSize = 32, parentContextCount = 0, hitCount = 25, missCount = 1]
14:49:04.454 [Test worker] DEBUG org.springframework.test.context.support.AbstractDirtiesContextTestExecutionListener - After test method: class [BookingServiceIntegrationTest], method [getUsersByName], class annotated with @DirtiesContext [false] with mode [null], method annotated with @DirtiesContext [false] with mode [null]
14:49:04.454 [Test worker] DEBUG org.springframework.test.context.cache - Spring test ApplicationContext cache statistics: [DefaultContextCache@329b4b8b size = 1, maxSize = 32, parentContextCount = 0, hitCount = 26, missCount = 1]
14:49:04.454 [Test worker] DEBUG org.springframework.test.context.support.DependencyInjectionTestExecutionListener - Performing dependency injection for test class com.joango.BookingServiceIntegrationTest
14:49:04.454 [Test worker] DEBUG org.springframework.test.context.cache - Spring test ApplicationContext cache statistics: [DefaultContextCache@329b4b8b size = 1, maxSize = 32, parentContextCount = 0, hitCount = 27, missCount = 1]
14:49:04.455 [Test worker] DEBUG org.springframework.test.context.cache - Spring test ApplicationContext cache statistics: [DefaultContextCache@329b4b8b size = 1, maxSize = 32, parentContextCount = 0, hitCount = 28, missCount = 1]
14:49:04.455 [Test worker] DEBUG org.springframework.test.context.cache - Spring test ApplicationContext cache statistics: [DefaultContextCache@329b4b8b size = 1, maxSize = 32, parentContextCount = 0, hitCount = 29, missCount = 1]
14:49:04.455 [Test worker] DEBUG org.springframework.test.context.support.AbstractDirtiesContextTestExecutionListener - Before test method: class [BookingServiceIntegrationTest], method [deleteEvent], class annotated with @DirtiesContext [false] with mode [null], method annotated with @DirtiesContext [false] with mode [null]
14:49:04.455 [Test worker] DEBUG org.springframework.test.context.cache - Spring test ApplicationContext cache statistics: [DefaultContextCache@329b4b8b size = 1, maxSize = 32, parentContextCount = 0, hitCount = 30, missCount = 1]
14:49:04.455 [Test worker] DEBUG org.springframework.test.context.cache - Spring test ApplicationContext cache statistics: [DefaultContextCache@329b4b8b size = 1, maxSize = 32, parentContextCount = 0, hitCount = 31, missCount = 1]
14:49:04.455 [Test worker] DEBUG org.springframework.test.context.cache - Spring test ApplicationContext cache statistics: [DefaultContextCache@329b4b8b size = 1, maxSize = 32, parentContextCount = 0, hitCount = 32, missCount = 1]
14:49:04.456 [Test worker] DEBUG org.springframework.orm.jpa.JpaTransactionManager - Creating new transaction with name [org.springframework.data.jpa.repository.support.SimpleJpaRepository.deleteById]: PROPAGATION_REQUIRED,ISOLATION_DEFAULT
14:49:04.456 [Test worker] DEBUG org.springframework.orm.jpa.JpaTransactionManager - Opened new EntityManager [SessionImpl(1688908797<open>)] for JPA transaction
14:49:04.456 [Test worker] DEBUG org.hibernate.engine.transaction.internal.TransactionImpl - On TransactionImpl creation, JpaCompliance#isJpaTransactionComplianceEnabled == false
14:49:04.456 [Test worker] DEBUG org.hibernate.engine.transaction.internal.TransactionImpl - begin
14:49:04.456 [Test worker] DEBUG org.springframework.orm.jpa.JpaTransactionManager - Exposing JPA transaction as JDBC [org.springframework.orm.jpa.vendor.HibernateJpaDialect$HibernateConnectionHandle@6e6c723b]
14:49:04.456 [Test worker] DEBUG org.hibernate.orm.sql.exec - Skipping reading Query result cache data: cache-enabled = false, cache-mode = IGNORE
14:49:04.456 [Test worker] DEBUG org.hibernate.orm.results - Initializer list
14:49:04.456 [Test worker] DEBUG org.hibernate.orm.results -     com.joango.model.Event -> EntityResultInitializer(com.joango.model.Event)@1720030825 (SingleTableEntityPersister(com.joango.model.Event))
14:49:04.456 [Test worker] DEBUG org.hibernate.SQL - select e1_0.id,e1_0.date,e1_0.ticket_price,e1_0.title from event e1_0 where e1_0.id=?
Hibernate: select e1_0.id,e1_0.date,e1_0.ticket_price,e1_0.title from event e1_0 where e1_0.id=?
14:49:04.457 [Test worker] DEBUG org.hibernate.orm.results.loading.entity - (EntityResultInitializer) Hydrated EntityKey (com.joango.model.Event): 5
14:49:04.457 [Test worker] DEBUG org.hibernate.orm.results.loading.entity - (EntityResultInitializer) Created new entity instance [com.joango.model.Event#5] : Event(id=5, title=null, date=null, ticketPrice=null)
14:49:04.457 [Test worker] DEBUG org.hibernate.orm.results - Extracted JDBC value [1] - [2023-01-30 00:00:00.0]
14:49:04.457 [Test worker] DEBUG org.hibernate.orm.results - Extracted JDBC value [2] - [96000]
14:49:04.457 [Test worker] DEBUG org.hibernate.orm.results - Extracted JDBC value [3] - [arcu eu]
14:49:04.457 [Test worker] DEBUG org.hibernate.orm.results.loading.entity - (EntityResultInitializer) Done materializing entityInstance : com.joango.model.Event#5
14:49:04.457 [Test worker] DEBUG org.hibernate.orm.results.loading - Calling top-level assembler (0 / 1) : org.hibernate.sql.results.graph.entity.internal.EntityAssembler@1fb4377d
14:49:04.457 [Test worker] DEBUG org.hibernate.orm.results.loading.entity - (EntityResultInitializer) Found existing loading entry [com.joango.model.Event#5] - using loading instance
14:49:04.457 [Test worker] DEBUG org.hibernate.jpa.internal.PersistenceUnitUtilImpl - jakarta.persistence.PersistenceUnitUtil.getIdentifier is only intended to work with enhanced entities (although Hibernate also adapts this support to its proxies); however the passed entity was not enhanced (nor a proxy).. may not be able to read identifier
14:49:04.458 [Test worker] DEBUG org.hibernate.jpa.internal.PersistenceUnitUtilImpl - jakarta.persistence.PersistenceUnitUtil.getIdentifier is only intended to work with enhanced entities (although Hibernate also adapts this support to its proxies); however the passed entity was not enhanced (nor a proxy).. may not be able to read identifier
14:49:04.462 [Test worker] DEBUG org.springframework.orm.jpa.JpaTransactionManager - Initiating transaction commit
14:49:04.462 [Test worker] DEBUG org.springframework.orm.jpa.JpaTransactionManager - Committing JPA transaction on EntityManager [SessionImpl(1688908797<open>)]
14:49:04.462 [Test worker] DEBUG org.hibernate.engine.transaction.internal.TransactionImpl - committing
14:49:04.462 [Test worker] DEBUG org.hibernate.event.internal.AbstractFlushingEventListener - Processing flush-time cascades
14:49:04.463 [Test worker] DEBUG org.hibernate.event.internal.AbstractFlushingEventListener - Dirty checking collections
14:49:04.464 [Test worker] DEBUG org.hibernate.event.internal.AbstractFlushingEventListener - Flushed: 0 insertions, 0 updates, 1 deletions to 1 objects
14:49:04.464 [Test worker] DEBUG org.hibernate.event.internal.AbstractFlushingEventListener - Flushed: 0 (re)creations, 0 updates, 0 removals to 0 collections
14:49:04.465 [Test worker] DEBUG org.hibernate.internal.util.EntityPrinter - Listing entities:
14:49:04.465 [Test worker] DEBUG org.hibernate.internal.util.EntityPrinter - com.joango.model.Event{date=2023-01-30 00:00:00.0, ticketPrice=96000, id=5, title=arcu eu}
14:49:04.467 [Test worker] DEBUG org.hibernate.SQL - delete from event where id=?
Hibernate: delete from event where id=?
14:49:04.468 [Test worker] DEBUG org.springframework.orm.jpa.JpaTransactionManager - Closing JPA EntityManager [SessionImpl(1688908797<open>)] after transaction
14:49:04.468 [Test worker] DEBUG org.hibernate.engine.jdbc.internal.JdbcCoordinatorImpl - HHH000420: Closing un-released batch
14:49:04.468 [Test worker] DEBUG org.springframework.orm.jpa.SharedEntityManagerCreator$SharedEntityManagerInvocationHandler - Creating new EntityManager for shared EntityManager invocation
14:49:04.469 [Test worker] DEBUG org.hibernate.orm.sql.ast.create - Created new SQL alias : e1_0
14:49:04.469 [Test worker] DEBUG org.hibernate.orm.sql.ast.create - Registration of TableGroup [StandardTableGroup(com.joango.model.Event(320503982041833))] with identifierForTableGroup [com.joango.model.Event] for NavigablePath [com.joango.model.Event] 
14:49:04.469 [Test worker] DEBUG org.hibernate.query.sqm.sql.BaseSqmToSqlAstConverter - Determining mapping-model type for SqmParameter : org.hibernate.query.sqm.tree.expression.SqmJpaCriteriaParameterWrapper@2080ee70
14:49:04.469 [Test worker] DEBUG org.hibernate.query.sqm.sql.BaseSqmToSqlAstConverter - Determining mapping-model type for SqmPath : SqmBasicValuedSimplePath(com.joango.model.Event(320503982041833).title) 
14:49:04.469 [Test worker] DEBUG org.hibernate.orm.results.graph.AST - DomainResult Graph:
 \-EntityResultImpl [com.joango.model.Event(320503982041833)]
 |  +-BasicFetch [com.joango.model.Event(320503982041833).date]
 |  +-BasicFetch [com.joango.model.Event(320503982041833).ticketPrice]
 |  \-BasicFetch [com.joango.model.Event(320503982041833).title]

14:49:04.469 [Test worker] DEBUG org.hibernate.orm.sql.ast.tree - SQL AST Tree:%n    SelectStatement {
      FromClause {
        StandardTableGroup (e1 : com.joango.model.Event(320503982041833)) {
          primaryTableReference : event as e1_0
        }
      }
    }

14:49:04.469 [Test worker] DEBUG org.hibernate.orm.sql.exec - Skipping reading Query result cache data: cache-enabled = false, cache-mode = NORMAL
14:49:04.469 [Test worker] DEBUG org.hibernate.orm.results - Initializer list
14:49:04.469 [Test worker] DEBUG org.hibernate.orm.results -     com.joango.model.Event(320503982041833) -> EntityResultInitializer(com.joango.model.Event(320503982041833))@1564215093 (SingleTableEntityPersister(com.joango.model.Event))
14:49:04.469 [Test worker] DEBUG org.hibernate.SQL - select e1_0.id,e1_0.date,e1_0.ticket_price,e1_0.title from event e1_0 where e1_0.title=?
Hibernate: select e1_0.id,e1_0.date,e1_0.ticket_price,e1_0.title from event e1_0 where e1_0.title=?
14:49:04.469 [Test worker] DEBUG org.springframework.test.context.cache - Spring test ApplicationContext cache statistics: [DefaultContextCache@329b4b8b size = 1, maxSize = 32, parentContextCount = 0, hitCount = 33, missCount = 1]
14:49:04.470 [Test worker] DEBUG org.springframework.test.context.cache - Spring test ApplicationContext cache statistics: [DefaultContextCache@329b4b8b size = 1, maxSize = 32, parentContextCount = 0, hitCount = 34, missCount = 1]
14:49:04.470 [Test worker] DEBUG org.springframework.test.context.cache - Spring test ApplicationContext cache statistics: [DefaultContextCache@329b4b8b size = 1, maxSize = 32, parentContextCount = 0, hitCount = 35, missCount = 1]
14:49:04.470 [Test worker] DEBUG org.springframework.test.context.cache - Spring test ApplicationContext cache statistics: [DefaultContextCache@329b4b8b size = 1, maxSize = 32, parentContextCount = 0, hitCount = 36, missCount = 1]
14:49:04.470 [Test worker] DEBUG org.springframework.test.context.cache - Spring test ApplicationContext cache statistics: [DefaultContextCache@329b4b8b size = 1, maxSize = 32, parentContextCount = 0, hitCount = 37, missCount = 1]
14:49:04.470 [Test worker] DEBUG org.springframework.test.context.cache - Spring test ApplicationContext cache statistics: [DefaultContextCache@329b4b8b size = 1, maxSize = 32, parentContextCount = 0, hitCount = 38, missCount = 1]
14:49:04.470 [Test worker] DEBUG org.springframework.test.context.support.AbstractDirtiesContextTestExecutionListener - After test method: class [BookingServiceIntegrationTest], method [deleteEvent], class annotated with @DirtiesContext [false] with mode [null], method annotated with @DirtiesContext [false] with mode [null]
14:49:04.471 [Test worker] DEBUG org.springframework.test.context.cache - Spring test ApplicationContext cache statistics: [DefaultContextCache@329b4b8b size = 1, maxSize = 32, parentContextCount = 0, hitCount = 39, missCount = 1]
14:49:04.471 [Test worker] DEBUG org.springframework.test.context.support.DependencyInjectionTestExecutionListener - Performing dependency injection for test class com.joango.BookingServiceIntegrationTest
14:49:04.471 [Test worker] DEBUG org.springframework.test.context.cache - Spring test ApplicationContext cache statistics: [DefaultContextCache@329b4b8b size = 1, maxSize = 32, parentContextCount = 0, hitCount = 40, missCount = 1]
14:49:04.471 [Test worker] DEBUG org.springframework.test.context.cache - Spring test ApplicationContext cache statistics: [DefaultContextCache@329b4b8b size = 1, maxSize = 32, parentContextCount = 0, hitCount = 41, missCount = 1]
14:49:04.471 [Test worker] DEBUG org.springframework.test.context.cache - Spring test ApplicationContext cache statistics: [DefaultContextCache@329b4b8b size = 1, maxSize = 32, parentContextCount = 0, hitCount = 42, missCount = 1]
14:49:04.471 [Test worker] DEBUG org.springframework.test.context.support.AbstractDirtiesContextTestExecutionListener - Before test method: class [BookingServiceIntegrationTest], method [getUserByEmail], class annotated with @DirtiesContext [false] with mode [null], method annotated with @DirtiesContext [false] with mode [null]
14:49:04.471 [Test worker] DEBUG org.springframework.test.context.cache - Spring test ApplicationContext cache statistics: [DefaultContextCache@329b4b8b size = 1, maxSize = 32, parentContextCount = 0, hitCount = 43, missCount = 1]
14:49:04.471 [Test worker] DEBUG org.springframework.test.context.cache - Spring test ApplicationContext cache statistics: [DefaultContextCache@329b4b8b size = 1, maxSize = 32, parentContextCount = 0, hitCount = 44, missCount = 1]
14:49:04.471 [Test worker] DEBUG org.springframework.test.context.cache - Spring test ApplicationContext cache statistics: [DefaultContextCache@329b4b8b size = 1, maxSize = 32, parentContextCount = 0, hitCount = 45, missCount = 1]
14:49:04.472 [Test worker] DEBUG org.springframework.orm.jpa.SharedEntityManagerCreator$SharedEntityManagerInvocationHandler - Creating new EntityManager for shared EntityManager invocation
14:49:04.472 [Test worker] DEBUG org.hibernate.orm.sql.ast.create - Created new SQL alias : u1_0
14:49:04.472 [Test worker] DEBUG org.hibernate.orm.sql.ast.create - Registration of TableGroup [StandardTableGroup(com.joango.model.User(320503957158333))] with identifierForTableGroup [com.joango.model.User] for NavigablePath [com.joango.model.User] 
14:49:04.472 [Test worker] DEBUG org.hibernate.query.sqm.sql.BaseSqmToSqlAstConverter - Determining mapping-model type for SqmParameter : org.hibernate.query.sqm.tree.expression.SqmJpaCriteriaParameterWrapper@1633962a
14:49:04.472 [Test worker] DEBUG org.hibernate.query.sqm.sql.BaseSqmToSqlAstConverter - Determining mapping-model type for SqmPath : SqmBasicValuedSimplePath(com.joango.model.User(320503957158333).email) 
14:49:04.472 [Test worker] DEBUG org.hibernate.orm.results.graph.AST - DomainResult Graph:
 \-EntityResultImpl [com.joango.model.User(320503957158333)]
 |  +-BasicFetch [com.joango.model.User(320503957158333).email]
 |  +-BasicFetch [com.joango.model.User(320503957158333).name]
 |  \-CircularFetchImpl [com.joango.model.User(320503957158333).userAccount]

14:49:04.472 [Test worker] DEBUG org.hibernate.orm.sql.ast.tree - SQL AST Tree:%n    SelectStatement {
      FromClause {
        StandardTableGroup (u1 : com.joango.model.User(320503957158333)) {
          primaryTableReference : user as u1_0
        }
      }
    }

14:49:04.472 [Test worker] DEBUG org.hibernate.orm.sql.exec - Skipping reading Query result cache data: cache-enabled = false, cache-mode = NORMAL
14:49:04.472 [Test worker] DEBUG org.hibernate.orm.results - Initializer list
14:49:04.472 [Test worker] DEBUG org.hibernate.orm.results -     com.joango.model.User(320503957158333).userAccount -> EntitySelectFetchInitializer(com.joango.model.User(320503957158333).userAccount)@1468331705 (ToOneAttributeMapping(NavigableRole[com.joango.model.User.userAccount])@1494592361)
14:49:04.472 [Test worker] DEBUG org.hibernate.orm.results -     com.joango.model.User(320503957158333) -> EntityResultInitializer(com.joango.model.User(320503957158333))@1561110693 (SingleTableEntityPersister(com.joango.model.User))
14:49:04.472 [Test worker] DEBUG org.hibernate.SQL - select u1_0.id,u1_0.email,u1_0.name from user u1_0 where u1_0.email=?
Hibernate: select u1_0.id,u1_0.email,u1_0.name from user u1_0 where u1_0.email=?
14:49:04.473 [Test worker] DEBUG org.hibernate.orm.results - Extracted JDBC value [0] - [6]
14:49:04.473 [Test worker] DEBUG org.hibernate.orm.results.loading.entity - (EntityResultInitializer) Hydrated EntityKey (com.joango.model.User(320503957158333)): 6
14:49:04.473 [Test worker] DEBUG org.hibernate.orm.results.loading.entity - (EntityResultInitializer) Created new entity instance [com.joango.model.User(320503957158333)#6] : User(id=6, name=null, email=null, userAccount=null)
14:49:04.473 [Test worker] DEBUG org.hibernate.orm.results - Extracted JDBC value [0] - [6]
14:49:04.473 [Test worker] DEBUG org.hibernate.orm.sql.ast.create - Created new SQL alias : u1_0
14:49:04.473 [Test worker] DEBUG org.hibernate.orm.sql.ast.create - Registration of TableGroup [StandardTableGroup(com.joango.model.UserAccount)] with identifierForTableGroup [com.joango.model.UserAccount] for NavigablePath [com.joango.model.UserAccount] 
14:49:04.473 [Test worker] DEBUG org.hibernate.orm.sql.ast.create - Registration of TableGroup [org.hibernate.sql.ast.tree.from.LazyTableGroup@2f5a23c1] with identifierForTableGroup [com.joango.model.UserAccount.user] for NavigablePath [com.joango.model.UserAccount.user] 
14:49:04.473 [Test worker] DEBUG org.hibernate.orm.sql.ast.create - Created new SQL alias : u2_0
14:49:04.473 [Test worker] DEBUG org.hibernate.orm.results.graph.AST - DomainResult Graph:
 \-EntityResultImpl [com.joango.model.UserAccount]
 |  +-EntityFetchJoinedImpl [com.joango.model.UserAccount.user]
 |  \-BasicFetch [com.joango.model.UserAccount.userBalance]

14:49:04.473 [Test worker] DEBUG org.hibernate.orm.sql.ast.tree - SQL AST Tree:%n    SelectStatement {
      FromClause {
        StandardTableGroup (u1 : com.joango.model.UserAccount) {
          primaryTableReference : user_account as u1_0
          TableGroupJoins {
            left  join LazyTableGroup (u2 : com.joango.model.UserAccount.user) {
              primaryTableReference : user as u2_0
            }
          }
        }
      }
    }

14:49:04.473 [Test worker] DEBUG org.hibernate.orm.sql.exec - Skipping reading Query result cache data: cache-enabled = false, cache-mode = IGNORE
14:49:04.473 [Test worker] DEBUG org.hibernate.orm.results - Initializer list
14:49:04.473 [Test worker] DEBUG org.hibernate.orm.results -     com.joango.model.UserAccount.user -> EntityJoinedFetchInitializer(com.joango.model.UserAccount.user)@1825507057 (ToOneAttributeMapping(NavigableRole[com.joango.model.UserAccount.user])@696104621)
14:49:04.473 [Test worker] DEBUG org.hibernate.orm.results -     com.joango.model.UserAccount -> EntityResultInitializer(com.joango.model.UserAccount)@1794093634 (SingleTableEntityPersister(com.joango.model.UserAccount))
14:49:04.473 [Test worker] DEBUG org.hibernate.SQL - select u1_0.id,u2_0.id,u2_0.email,u2_0.name,u1_0.user_balance from user_account u1_0 left join user u2_0 on u2_0.id=u1_0.user_id where u1_0.user_id=?
Hibernate: select u1_0.id,u2_0.id,u2_0.email,u2_0.name,u1_0.user_balance from user_account u1_0 left join user u2_0 on u2_0.id=u1_0.user_id where u1_0.user_id=?
14:49:04.473 [Test worker] DEBUG org.hibernate.orm.results - Extracted JDBC value [1] - [6]
14:49:04.473 [Test worker] DEBUG org.hibernate.orm.results.loading.entity - (EntityJoinedFetchInitializer) Hydrated EntityKey (com.joango.model.UserAccount.user): 6
14:49:04.473 [Test worker] DEBUG org.hibernate.orm.results - Extracted JDBC value [0] - [6]
14:49:04.473 [Test worker] DEBUG org.hibernate.orm.results.loading.entity - (EntityResultInitializer) Hydrated EntityKey (com.joango.model.UserAccount): 6
14:49:04.473 [Test worker] DEBUG org.hibernate.orm.results.loading.entity - (EntityJoinedFetchInitializer) Found existing loading entry [com.joango.model.UserAccount.user#6] - using loading instance
14:49:04.473 [Test worker] DEBUG org.hibernate.orm.results.loading.entity - (EntityJoinedFetchInitializer) Entity [com.joango.model.UserAccount.user#6] being loaded by another initializer [EntityResultInitializer(com.joango.model.User(320503957158333))] - skipping processing
14:49:04.473 [Test worker] DEBUG org.hibernate.orm.results.loading.entity - (EntityResultInitializer) Created new entity instance [com.joango.model.UserAccount#6] : UserAccount(id=6, userBalance=null, user=null)
14:49:04.473 [Test worker] DEBUG org.hibernate.orm.results - Extracted JDBC value [2] - [tellus.aenean@outlook.couk]
14:49:04.473 [Test worker] DEBUG org.hibernate.orm.results - Extracted JDBC value [3] - [Jaden Harrison]
14:49:04.474 [Test worker] DEBUG org.hibernate.orm.results.loading.entity - (EntityJoinedFetchInitializer) Done materializing entityInstance : com.joango.model.UserAccount.user#6
14:49:04.474 [Test worker] DEBUG org.hibernate.orm.results.loading.entity - (EntityJoinedFetchInitializer) Found existing loading entry [com.joango.model.UserAccount.user#6] - using loading instance
14:49:04.474 [Test worker] DEBUG org.hibernate.orm.results - Extracted JDBC value [4] - [35000]
14:49:04.474 [Test worker] DEBUG org.hibernate.orm.results.loading.entity - (EntityResultInitializer) Done materializing entityInstance : com.joango.model.UserAccount#6
14:49:04.474 [Test worker] DEBUG org.hibernate.orm.results.loading - Calling top-level assembler (0 / 1) : org.hibernate.sql.results.graph.entity.internal.EntityAssembler@65208c91
14:49:04.474 [Test worker] DEBUG org.hibernate.orm.results.loading.entity - (EntityResultInitializer) Found existing loading entry [com.joango.model.UserAccount#6] - using loading instance
14:49:04.474 [Test worker] DEBUG org.hibernate.orm.results.loading - Calling top-level assembler (0 / 1) : org.hibernate.sql.results.graph.entity.internal.EntityAssembler@4d71476c
14:49:04.474 [Test worker] DEBUG org.hibernate.orm.results.loading.entity - (EntityResultInitializer) Found existing loading entry [com.joango.model.User(320503957158333)#6] - using loading instance
14:49:04.474 [Test worker] DEBUG org.springframework.test.context.cache - Spring test ApplicationContext cache statistics: [DefaultContextCache@329b4b8b size = 1, maxSize = 32, parentContextCount = 0, hitCount = 46, missCount = 1]
14:49:04.474 [Test worker] DEBUG org.springframework.test.context.cache - Spring test ApplicationContext cache statistics: [DefaultContextCache@329b4b8b size = 1, maxSize = 32, parentContextCount = 0, hitCount = 47, missCount = 1]
14:49:04.475 [Test worker] DEBUG org.springframework.test.context.cache - Spring test ApplicationContext cache statistics: [DefaultContextCache@329b4b8b size = 1, maxSize = 32, parentContextCount = 0, hitCount = 48, missCount = 1]
14:49:04.475 [Test worker] DEBUG org.springframework.test.context.cache - Spring test ApplicationContext cache statistics: [DefaultContextCache@329b4b8b size = 1, maxSize = 32, parentContextCount = 0, hitCount = 49, missCount = 1]
14:49:04.475 [Test worker] DEBUG org.springframework.test.context.cache - Spring test ApplicationContext cache statistics: [DefaultContextCache@329b4b8b size = 1, maxSize = 32, parentContextCount = 0, hitCount = 50, missCount = 1]
14:49:04.475 [Test worker] DEBUG org.springframework.test.context.cache - Spring test ApplicationContext cache statistics: [DefaultContextCache@329b4b8b size = 1, maxSize = 32, parentContextCount = 0, hitCount = 51, missCount = 1]
14:49:04.475 [Test worker] DEBUG org.springframework.test.context.support.AbstractDirtiesContextTestExecutionListener - After test method: class [BookingServiceIntegrationTest], method [getUserByEmail], class annotated with @DirtiesContext [false] with mode [null], method annotated with @DirtiesContext [false] with mode [null]
14:49:04.475 [Test worker] DEBUG org.springframework.test.context.cache - Spring test ApplicationContext cache statistics: [DefaultContextCache@329b4b8b size = 1, maxSize = 32, parentContextCount = 0, hitCount = 52, missCount = 1]
14:49:04.475 [Test worker] DEBUG org.springframework.test.context.support.DependencyInjectionTestExecutionListener - Performing dependency injection for test class com.joango.BookingServiceIntegrationTest
14:49:04.475 [Test worker] DEBUG org.springframework.test.context.cache - Spring test ApplicationContext cache statistics: [DefaultContextCache@329b4b8b size = 1, maxSize = 32, parentContextCount = 0, hitCount = 53, missCount = 1]
14:49:04.475 [Test worker] DEBUG org.springframework.test.context.cache - Spring test ApplicationContext cache statistics: [DefaultContextCache@329b4b8b size = 1, maxSize = 32, parentContextCount = 0, hitCount = 54, missCount = 1]
14:49:04.476 [Test worker] DEBUG org.springframework.test.context.cache - Spring test ApplicationContext cache statistics: [DefaultContextCache@329b4b8b size = 1, maxSize = 32, parentContextCount = 0, hitCount = 55, missCount = 1]
14:49:04.476 [Test worker] DEBUG org.springframework.test.context.support.AbstractDirtiesContextTestExecutionListener - Before test method: class [BookingServiceIntegrationTest], method [updateEvent], class annotated with @DirtiesContext [false] with mode [null], method annotated with @DirtiesContext [false] with mode [null]
14:49:04.476 [Test worker] DEBUG org.springframework.test.context.cache - Spring test ApplicationContext cache statistics: [DefaultContextCache@329b4b8b size = 1, maxSize = 32, parentContextCount = 0, hitCount = 56, missCount = 1]
14:49:04.476 [Test worker] DEBUG org.springframework.test.context.cache - Spring test ApplicationContext cache statistics: [DefaultContextCache@329b4b8b size = 1, maxSize = 32, parentContextCount = 0, hitCount = 57, missCount = 1]
14:49:04.476 [Test worker] DEBUG org.springframework.test.context.cache - Spring test ApplicationContext cache statistics: [DefaultContextCache@329b4b8b size = 1, maxSize = 32, parentContextCount = 0, hitCount = 58, missCount = 1]
14:49:04.476 [Test worker] DEBUG org.springframework.orm.jpa.JpaTransactionManager - Creating new transaction with name [org.springframework.data.jpa.repository.support.SimpleJpaRepository.findById]: PROPAGATION_REQUIRED,ISOLATION_DEFAULT,readOnly
14:49:04.476 [Test worker] DEBUG org.springframework.orm.jpa.JpaTransactionManager - Opened new EntityManager [SessionImpl(446496095<open>)] for JPA transaction
14:49:04.476 [Test worker] DEBUG org.springframework.jdbc.datasource.DataSourceUtils - Setting JDBC Connection [HikariProxyConnection@2032835761 wrapping conn0: url=jdbc:h2:mem:testdb user=SA] read-only
14:49:04.476 [Test worker] DEBUG org.hibernate.engine.transaction.internal.TransactionImpl - On TransactionImpl creation, JpaCompliance#isJpaTransactionComplianceEnabled == false
14:49:04.476 [Test worker] DEBUG org.hibernate.engine.transaction.internal.TransactionImpl - begin
14:49:04.476 [Test worker] DEBUG org.springframework.orm.jpa.JpaTransactionManager - Exposing JPA transaction as JDBC [org.springframework.orm.jpa.vendor.HibernateJpaDialect$HibernateConnectionHandle@51fadd20]
14:49:04.476 [Test worker] DEBUG org.hibernate.orm.sql.exec - Skipping reading Query result cache data: cache-enabled = false, cache-mode = IGNORE
14:49:04.476 [Test worker] DEBUG org.hibernate.orm.results - Initializer list
14:49:04.476 [Test worker] DEBUG org.hibernate.orm.results -     com.joango.model.Event -> EntityResultInitializer(com.joango.model.Event)@1426908073 (SingleTableEntityPersister(com.joango.model.Event))
14:49:04.476 [Test worker] DEBUG org.hibernate.SQL - select e1_0.id,e1_0.date,e1_0.ticket_price,e1_0.title from event e1_0 where e1_0.id=?
Hibernate: select e1_0.id,e1_0.date,e1_0.ticket_price,e1_0.title from event e1_0 where e1_0.id=?
14:49:04.477 [Test worker] DEBUG org.hibernate.orm.results.loading.entity - (EntityResultInitializer) Hydrated EntityKey (com.joango.model.Event): 6
14:49:04.477 [Test worker] DEBUG org.hibernate.orm.results.loading.entity - (EntityResultInitializer) Created new entity instance [com.joango.model.Event#6] : Event(id=6, title=null, date=null, ticketPrice=null)
14:49:04.477 [Test worker] DEBUG org.hibernate.orm.results - Extracted JDBC value [1] - [2023-08-10 00:00:00.0]
14:49:04.477 [Test worker] DEBUG org.hibernate.orm.results - Extracted JDBC value [2] - [2000]
14:49:04.477 [Test worker] DEBUG org.hibernate.orm.results - Extracted JDBC value [3] - [elit, pharetra]
14:49:04.477 [Test worker] DEBUG org.hibernate.orm.results.loading.entity - (EntityResultInitializer) Done materializing entityInstance : com.joango.model.Event#6
14:49:04.477 [Test worker] DEBUG org.hibernate.orm.results.loading - Calling top-level assembler (0 / 1) : org.hibernate.sql.results.graph.entity.internal.EntityAssembler@305230ea
14:49:04.477 [Test worker] DEBUG org.hibernate.orm.results.loading.entity - (EntityResultInitializer) Found existing loading entry [com.joango.model.Event#6] - using loading instance
14:49:04.477 [Test worker] DEBUG org.springframework.orm.jpa.JpaTransactionManager - Initiating transaction commit
14:49:04.477 [Test worker] DEBUG org.springframework.orm.jpa.JpaTransactionManager - Committing JPA transaction on EntityManager [SessionImpl(446496095<open>)]
14:49:04.477 [Test worker] DEBUG org.hibernate.engine.transaction.internal.TransactionImpl - committing
14:49:04.477 [Test worker] DEBUG org.springframework.jdbc.datasource.DataSourceUtils - Resetting read-only flag of JDBC Connection [HikariProxyConnection@2032835761 wrapping conn0: url=jdbc:h2:mem:testdb user=SA]
14:49:04.477 [Test worker] DEBUG org.springframework.orm.jpa.JpaTransactionManager - Closing JPA EntityManager [SessionImpl(446496095<open>)] after transaction
14:49:04.480 [Test worker] DEBUG org.springframework.orm.jpa.JpaTransactionManager - Creating new transaction with name [org.springframework.data.jpa.repository.support.SimpleJpaRepository.save]: PROPAGATION_REQUIRED,ISOLATION_DEFAULT
14:49:04.480 [Test worker] DEBUG org.springframework.orm.jpa.JpaTransactionManager - Opened new EntityManager [SessionImpl(1644584210<open>)] for JPA transaction
14:49:04.480 [Test worker] DEBUG org.hibernate.engine.transaction.internal.TransactionImpl - On TransactionImpl creation, JpaCompliance#isJpaTransactionComplianceEnabled == false
14:49:04.480 [Test worker] DEBUG org.hibernate.engine.transaction.internal.TransactionImpl - begin
14:49:04.480 [Test worker] DEBUG org.springframework.orm.jpa.JpaTransactionManager - Exposing JPA transaction as JDBC [org.springframework.orm.jpa.vendor.HibernateJpaDialect$HibernateConnectionHandle@5523f107]
14:49:04.480 [Test worker] DEBUG org.hibernate.jpa.internal.PersistenceUnitUtilImpl - jakarta.persistence.PersistenceUnitUtil.getIdentifier is only intended to work with enhanced entities (although Hibernate also adapts this support to its proxies); however the passed entity was not enhanced (nor a proxy).. may not be able to read identifier
14:49:04.481 [Test worker] DEBUG org.hibernate.orm.sql.ast.create - Created new SQL alias : e1_0
14:49:04.481 [Test worker] DEBUG org.hibernate.orm.sql.ast.create - Registration of TableGroup [StandardTableGroup(com.joango.model.Event)] with identifierForTableGroup [com.joango.model.Event] for NavigablePath [com.joango.model.Event] 
14:49:04.481 [Test worker] DEBUG org.hibernate.orm.results.graph.AST - DomainResult Graph:
 \-EntityResultImpl [com.joango.model.Event]
 |  +-BasicFetch [com.joango.model.Event.date]
 |  +-BasicFetch [com.joango.model.Event.ticketPrice]
 |  \-BasicFetch [com.joango.model.Event.title]

14:49:04.482 [Test worker] DEBUG org.hibernate.orm.sql.ast.tree - SQL AST Tree:%n    SelectStatement {
      FromClause {
        StandardTableGroup (e1 : com.joango.model.Event) {
          primaryTableReference : event as e1_0
        }
      }
    }

14:49:04.482 [Test worker] DEBUG org.hibernate.orm.sql.exec - Skipping reading Query result cache data: cache-enabled = false, cache-mode = IGNORE
14:49:04.482 [Test worker] DEBUG org.hibernate.orm.results - Initializer list
14:49:04.482 [Test worker] DEBUG org.hibernate.orm.results -     com.joango.model.Event -> EntityResultInitializer(com.joango.model.Event)@747719331 (SingleTableEntityPersister(com.joango.model.Event))
14:49:04.482 [Test worker] DEBUG org.hibernate.SQL - select e1_0.id,e1_0.date,e1_0.ticket_price,e1_0.title from event e1_0 where e1_0.id=?
Hibernate: select e1_0.id,e1_0.date,e1_0.ticket_price,e1_0.title from event e1_0 where e1_0.id=?
14:49:04.482 [Test worker] DEBUG org.hibernate.orm.results.loading.entity - (EntityResultInitializer) Hydrated EntityKey (com.joango.model.Event): 6
14:49:04.482 [Test worker] DEBUG org.hibernate.orm.results.loading.entity - (EntityResultInitializer) Created new entity instance [com.joango.model.Event#6] : Event(id=6, title=null, date=null, ticketPrice=null)
14:49:04.482 [Test worker] DEBUG org.hibernate.orm.results - Extracted JDBC value [1] - [2023-08-10 00:00:00.0]
14:49:04.482 [Test worker] DEBUG org.hibernate.orm.results - Extracted JDBC value [2] - [2000]
14:49:04.482 [Test worker] DEBUG org.hibernate.orm.results - Extracted JDBC value [3] - [elit, pharetra]
14:49:04.482 [Test worker] DEBUG org.hibernate.orm.results.loading.entity - (EntityResultInitializer) Done materializing entityInstance : com.joango.model.Event#6
14:49:04.482 [Test worker] DEBUG org.hibernate.orm.results.loading - Calling top-level assembler (0 / 1) : org.hibernate.sql.results.graph.entity.internal.EntityAssembler@295e9aef
14:49:04.482 [Test worker] DEBUG org.hibernate.orm.results.loading.entity - (EntityResultInitializer) Found existing loading entry [com.joango.model.Event#6] - using loading instance
14:49:04.482 [Test worker] DEBUG org.springframework.orm.jpa.JpaTransactionManager - Initiating transaction commit
14:49:04.482 [Test worker] DEBUG org.springframework.orm.jpa.JpaTransactionManager - Committing JPA transaction on EntityManager [SessionImpl(1644584210<open>)]
14:49:04.482 [Test worker] DEBUG org.hibernate.engine.transaction.internal.TransactionImpl - committing
14:49:04.482 [Test worker] DEBUG org.hibernate.event.internal.AbstractFlushingEventListener - Processing flush-time cascades
14:49:04.482 [Test worker] DEBUG org.hibernate.event.internal.AbstractFlushingEventListener - Dirty checking collections
14:49:04.482 [Test worker] DEBUG org.hibernate.event.internal.AbstractFlushingEventListener - Flushed: 0 insertions, 1 updates, 0 deletions to 1 objects
14:49:04.482 [Test worker] DEBUG org.hibernate.event.internal.AbstractFlushingEventListener - Flushed: 0 (re)creations, 0 updates, 0 removals to 0 collections
14:49:04.482 [Test worker] DEBUG org.hibernate.internal.util.EntityPrinter - Listing entities:
14:49:04.482 [Test worker] DEBUG org.hibernate.internal.util.EntityPrinter - com.joango.model.Event{date=2023-08-10 00:00:00.0, ticketPrice=2000, id=6, title=World cup final}
14:49:04.483 [Test worker] DEBUG org.hibernate.SQL - update event set date=?, ticket_price=?, title=? where id=?
Hibernate: update event set date=?, ticket_price=?, title=? where id=?
14:49:04.484 [Test worker] DEBUG org.springframework.orm.jpa.JpaTransactionManager - Closing JPA EntityManager [SessionImpl(1644584210<open>)] after transaction
14:49:04.484 [Test worker] DEBUG org.hibernate.engine.jdbc.internal.JdbcCoordinatorImpl - HHH000420: Closing un-released batch
14:49:04.484 [Test worker] DEBUG org.springframework.test.context.cache - Spring test ApplicationContext cache statistics: [DefaultContextCache@329b4b8b size = 1, maxSize = 32, parentContextCount = 0, hitCount = 59, missCount = 1]
14:49:04.484 [Test worker] DEBUG org.springframework.test.context.cache - Spring test ApplicationContext cache statistics: [DefaultContextCache@329b4b8b size = 1, maxSize = 32, parentContextCount = 0, hitCount = 60, missCount = 1]
14:49:04.485 [Test worker] DEBUG org.springframework.test.context.cache - Spring test ApplicationContext cache statistics: [DefaultContextCache@329b4b8b size = 1, maxSize = 32, parentContextCount = 0, hitCount = 61, missCount = 1]
14:49:04.485 [Test worker] DEBUG org.springframework.test.context.cache - Spring test ApplicationContext cache statistics: [DefaultContextCache@329b4b8b size = 1, maxSize = 32, parentContextCount = 0, hitCount = 62, missCount = 1]
14:49:04.485 [Test worker] DEBUG org.springframework.test.context.cache - Spring test ApplicationContext cache statistics: [DefaultContextCache@329b4b8b size = 1, maxSize = 32, parentContextCount = 0, hitCount = 63, missCount = 1]
14:49:04.485 [Test worker] DEBUG org.springframework.test.context.cache - Spring test ApplicationContext cache statistics: [DefaultContextCache@329b4b8b size = 1, maxSize = 32, parentContextCount = 0, hitCount = 64, missCount = 1]
14:49:04.485 [Test worker] DEBUG org.springframework.test.context.support.AbstractDirtiesContextTestExecutionListener - After test method: class [BookingServiceIntegrationTest], method [updateEvent], class annotated with @DirtiesContext [false] with mode [null], method annotated with @DirtiesContext [false] with mode [null]
14:49:04.485 [Test worker] DEBUG org.springframework.test.context.cache - Spring test ApplicationContext cache statistics: [DefaultContextCache@329b4b8b size = 1, maxSize = 32, parentContextCount = 0, hitCount = 65, missCount = 1]
14:49:04.485 [Test worker] DEBUG org.springframework.test.context.support.DependencyInjectionTestExecutionListener - Performing dependency injection for test class com.joango.BookingServiceIntegrationTest
14:49:04.485 [Test worker] DEBUG org.springframework.test.context.cache - Spring test ApplicationContext cache statistics: [DefaultContextCache@329b4b8b size = 1, maxSize = 32, parentContextCount = 0, hitCount = 66, missCount = 1]
14:49:04.485 [Test worker] DEBUG org.springframework.test.context.cache - Spring test ApplicationContext cache statistics: [DefaultContextCache@329b4b8b size = 1, maxSize = 32, parentContextCount = 0, hitCount = 67, missCount = 1]
14:49:04.486 [Test worker] DEBUG org.springframework.test.context.cache - Spring test ApplicationContext cache statistics: [DefaultContextCache@329b4b8b size = 1, maxSize = 32, parentContextCount = 0, hitCount = 68, missCount = 1]
14:49:04.486 [Test worker] DEBUG org.springframework.test.context.support.AbstractDirtiesContextTestExecutionListener - Before test method: class [BookingServiceIntegrationTest], method [createEvent], class annotated with @DirtiesContext [false] with mode [null], method annotated with @DirtiesContext [false] with mode [null]
14:49:04.486 [Test worker] DEBUG org.springframework.test.context.cache - Spring test ApplicationContext cache statistics: [DefaultContextCache@329b4b8b size = 1, maxSize = 32, parentContextCount = 0, hitCount = 69, missCount = 1]
14:49:04.486 [Test worker] DEBUG org.springframework.test.context.cache - Spring test ApplicationContext cache statistics: [DefaultContextCache@329b4b8b size = 1, maxSize = 32, parentContextCount = 0, hitCount = 70, missCount = 1]
14:49:04.486 [Test worker] DEBUG org.springframework.test.context.cache - Spring test ApplicationContext cache statistics: [DefaultContextCache@329b4b8b size = 1, maxSize = 32, parentContextCount = 0, hitCount = 71, missCount = 1]
14:49:04.486 [Test worker] DEBUG org.springframework.orm.jpa.JpaTransactionManager - Creating new transaction with name [org.springframework.data.jpa.repository.support.SimpleJpaRepository.save]: PROPAGATION_REQUIRED,ISOLATION_DEFAULT
14:49:04.486 [Test worker] DEBUG org.springframework.orm.jpa.JpaTransactionManager - Opened new EntityManager [SessionImpl(369851597<open>)] for JPA transaction
14:49:04.486 [Test worker] DEBUG org.hibernate.engine.transaction.internal.TransactionImpl - On TransactionImpl creation, JpaCompliance#isJpaTransactionComplianceEnabled == false
14:49:04.486 [Test worker] DEBUG org.hibernate.engine.transaction.internal.TransactionImpl - begin
14:49:04.486 [Test worker] DEBUG org.springframework.orm.jpa.JpaTransactionManager - Exposing JPA transaction as JDBC [org.springframework.orm.jpa.vendor.HibernateJpaDialect$HibernateConnectionHandle@7c27ed2f]
14:49:04.486 [Test worker] DEBUG org.hibernate.jpa.internal.PersistenceUnitUtilImpl - jakarta.persistence.PersistenceUnitUtil.getIdentifier is only intended to work with enhanced entities (although Hibernate also adapts this support to its proxies); however the passed entity was not enhanced (nor a proxy).. may not be able to read identifier
14:49:04.491 [Test worker] DEBUG org.hibernate.engine.spi.ActionQueue - Executing identity-insert immediately
14:49:04.491 [Test worker] DEBUG org.hibernate.SQL - insert into event (id, date, ticket_price, title) values (default, ?, ?, ?)
Hibernate: insert into event (id, date, ticket_price, title) values (default, ?, ?, ?)
14:49:04.492 [Test worker] DEBUG org.hibernate.id.IdentifierGeneratorHelper - Natively generated identity: 7
14:49:04.493 [Test worker] DEBUG org.springframework.orm.jpa.JpaTransactionManager - Initiating transaction commit
14:49:04.493 [Test worker] DEBUG org.springframework.orm.jpa.JpaTransactionManager - Committing JPA transaction on EntityManager [SessionImpl(369851597<open>)]
14:49:04.493 [Test worker] DEBUG org.hibernate.engine.transaction.internal.TransactionImpl - committing
14:49:04.493 [Test worker] DEBUG org.hibernate.event.internal.AbstractFlushingEventListener - Processing flush-time cascades
14:49:04.493 [Test worker] DEBUG org.hibernate.event.internal.AbstractFlushingEventListener - Dirty checking collections
14:49:04.493 [Test worker] DEBUG org.hibernate.event.internal.AbstractFlushingEventListener - Flushed: 0 insertions, 0 updates, 0 deletions to 1 objects
14:49:04.493 [Test worker] DEBUG org.hibernate.event.internal.AbstractFlushingEventListener - Flushed: 0 (re)creations, 0 updates, 0 removals to 0 collections
14:49:04.493 [Test worker] DEBUG org.hibernate.internal.util.EntityPrinter - Listing entities:
14:49:04.493 [Test worker] DEBUG org.hibernate.internal.util.EntityPrinter - com.joango.model.Event{date=2023-10-10, ticketPrice=1234, id=7, title=World cup quarters}
14:49:04.493 [Test worker] DEBUG org.springframework.orm.jpa.JpaTransactionManager - Closing JPA EntityManager [SessionImpl(369851597<open>)] after transaction
14:49:04.493 [Test worker] DEBUG org.springframework.test.context.cache - Spring test ApplicationContext cache statistics: [DefaultContextCache@329b4b8b size = 1, maxSize = 32, parentContextCount = 0, hitCount = 72, missCount = 1]
14:49:04.493 [Test worker] DEBUG org.springframework.test.context.cache - Spring test ApplicationContext cache statistics: [DefaultContextCache@329b4b8b size = 1, maxSize = 32, parentContextCount = 0, hitCount = 73, missCount = 1]
14:49:04.494 [Test worker] DEBUG org.springframework.test.context.cache - Spring test ApplicationContext cache statistics: [DefaultContextCache@329b4b8b size = 1, maxSize = 32, parentContextCount = 0, hitCount = 74, missCount = 1]
14:49:04.494 [Test worker] DEBUG org.springframework.test.context.cache - Spring test ApplicationContext cache statistics: [DefaultContextCache@329b4b8b size = 1, maxSize = 32, parentContextCount = 0, hitCount = 75, missCount = 1]
14:49:04.494 [Test worker] DEBUG org.springframework.test.context.cache - Spring test ApplicationContext cache statistics: [DefaultContextCache@329b4b8b size = 1, maxSize = 32, parentContextCount = 0, hitCount = 76, missCount = 1]
14:49:04.494 [Test worker] DEBUG org.springframework.test.context.cache - Spring test ApplicationContext cache statistics: [DefaultContextCache@329b4b8b size = 1, maxSize = 32, parentContextCount = 0, hitCount = 77, missCount = 1]
14:49:04.494 [Test worker] DEBUG org.springframework.test.context.support.AbstractDirtiesContextTestExecutionListener - After test method: class [BookingServiceIntegrationTest], method [createEvent], class annotated with @DirtiesContext [false] with mode [null], method annotated with @DirtiesContext [false] with mode [null]
14:49:04.494 [Test worker] DEBUG org.springframework.test.context.cache - Spring test ApplicationContext cache statistics: [DefaultContextCache@329b4b8b size = 1, maxSize = 32, parentContextCount = 0, hitCount = 78, missCount = 1]
14:49:04.494 [Test worker] DEBUG org.springframework.test.context.support.DependencyInjectionTestExecutionListener - Performing dependency injection for test class com.joango.BookingServiceIntegrationTest
14:49:04.494 [Test worker] DEBUG org.springframework.test.context.cache - Spring test ApplicationContext cache statistics: [DefaultContextCache@329b4b8b size = 1, maxSize = 32, parentContextCount = 0, hitCount = 79, missCount = 1]
14:49:04.494 [Test worker] DEBUG org.springframework.test.context.cache - Spring test ApplicationContext cache statistics: [DefaultContextCache@329b4b8b size = 1, maxSize = 32, parentContextCount = 0, hitCount = 80, missCount = 1]
14:49:04.495 [Test worker] DEBUG org.springframework.test.context.cache - Spring test ApplicationContext cache statistics: [DefaultContextCache@329b4b8b size = 1, maxSize = 32, parentContextCount = 0, hitCount = 81, missCount = 1]
14:49:04.495 [Test worker] DEBUG org.springframework.test.context.support.AbstractDirtiesContextTestExecutionListener - Before test method: class [BookingServiceIntegrationTest], method [updateUser], class annotated with @DirtiesContext [false] with mode [null], method annotated with @DirtiesContext [false] with mode [null]
14:49:04.495 [Test worker] DEBUG org.springframework.test.context.cache - Spring test ApplicationContext cache statistics: [DefaultContextCache@329b4b8b size = 1, maxSize = 32, parentContextCount = 0, hitCount = 82, missCount = 1]
14:49:04.495 [Test worker] DEBUG org.springframework.test.context.cache - Spring test ApplicationContext cache statistics: [DefaultContextCache@329b4b8b size = 1, maxSize = 32, parentContextCount = 0, hitCount = 83, missCount = 1]
14:49:04.495 [Test worker] DEBUG org.springframework.test.context.cache - Spring test ApplicationContext cache statistics: [DefaultContextCache@329b4b8b size = 1, maxSize = 32, parentContextCount = 0, hitCount = 84, missCount = 1]
14:49:04.495 [Test worker] DEBUG org.springframework.orm.jpa.JpaTransactionManager - Creating new transaction with name [org.springframework.data.jpa.repository.support.SimpleJpaRepository.findById]: PROPAGATION_REQUIRED,ISOLATION_DEFAULT,readOnly
14:49:04.495 [Test worker] DEBUG org.springframework.orm.jpa.JpaTransactionManager - Opened new EntityManager [SessionImpl(935001848<open>)] for JPA transaction
14:49:04.495 [Test worker] DEBUG org.springframework.jdbc.datasource.DataSourceUtils - Setting JDBC Connection [HikariProxyConnection@44480244 wrapping conn0: url=jdbc:h2:mem:testdb user=SA] read-only
14:49:04.495 [Test worker] DEBUG org.hibernate.engine.transaction.internal.TransactionImpl - On TransactionImpl creation, JpaCompliance#isJpaTransactionComplianceEnabled == false
14:49:04.495 [Test worker] DEBUG org.hibernate.engine.transaction.internal.TransactionImpl - begin
14:49:04.495 [Test worker] DEBUG org.springframework.orm.jpa.JpaTransactionManager - Exposing JPA transaction as JDBC [org.springframework.orm.jpa.vendor.HibernateJpaDialect$HibernateConnectionHandle@11636d43]
14:49:04.496 [Test worker] DEBUG org.hibernate.orm.sql.exec - Skipping reading Query result cache data: cache-enabled = false, cache-mode = IGNORE
14:49:04.496 [Test worker] DEBUG org.hibernate.orm.results - Initializer list
14:49:04.496 [Test worker] DEBUG org.hibernate.orm.results -     com.joango.model.User.userAccount -> EntityJoinedFetchInitializer(com.joango.model.User.userAccount)@1966827590 (ToOneAttributeMapping(NavigableRole[com.joango.model.User.userAccount])@1494592361)
14:49:04.496 [Test worker] DEBUG org.hibernate.orm.results -     com.joango.model.User -> EntityResultInitializer(com.joango.model.User)@362157351 (SingleTableEntityPersister(com.joango.model.User))
14:49:04.496 [Test worker] DEBUG org.hibernate.SQL - select u1_0.id,u1_0.email,u1_0.name,u2_0.id,u2_0.user_balance from user u1_0 left join user_account u2_0 on u1_0.id=u2_0.user_id where u1_0.id=?
Hibernate: select u1_0.id,u1_0.email,u1_0.name,u2_0.id,u2_0.user_balance from user u1_0 left join user_account u2_0 on u1_0.id=u2_0.user_id where u1_0.id=?
14:49:04.496 [Test worker] DEBUG org.hibernate.orm.results - Extracted JDBC value [3] - [15]
14:49:04.496 [Test worker] DEBUG org.hibernate.orm.results.loading.entity - (EntityJoinedFetchInitializer) Hydrated EntityKey (com.joango.model.User.userAccount): 15
14:49:04.496 [Test worker] DEBUG org.hibernate.orm.results.loading.entity - (EntityResultInitializer) Hydrated EntityKey (com.joango.model.User): 15
14:49:04.496 [Test worker] DEBUG org.hibernate.orm.results.loading.entity - (EntityJoinedFetchInitializer) Created new entity instance [com.joango.model.User.userAccount#15] : UserAccount(id=15, userBalance=null, user=null)
14:49:04.496 [Test worker] DEBUG org.hibernate.orm.results.loading.entity - (EntityResultInitializer) Created new entity instance [com.joango.model.User#15] : User(id=15, name=null, email=null, userAccount=null)
14:49:04.496 [Test worker] DEBUG org.hibernate.orm.results - Extracted JDBC value [4] - [80000]
14:49:04.496 [Test worker] DEBUG org.hibernate.orm.results.loading.entity - (EntityJoinedFetchInitializer) Done materializing entityInstance : com.joango.model.User.userAccount#15
14:49:04.496 [Test worker] DEBUG org.hibernate.orm.results - Extracted JDBC value [1] - [ornare.elit.elit@outlook.org]
14:49:04.496 [Test worker] DEBUG org.hibernate.orm.results - Extracted JDBC value [2] - [Kadeem Clark]
14:49:04.496 [Test worker] DEBUG org.hibernate.orm.results.loading.entity - (EntityJoinedFetchInitializer) Found existing loading entry [com.joango.model.User.userAccount#15] - using loading instance
14:49:04.496 [Test worker] DEBUG org.hibernate.orm.results.loading.entity - (EntityResultInitializer) Done materializing entityInstance : com.joango.model.User#15
14:49:04.496 [Test worker] DEBUG org.hibernate.orm.results.loading - Calling top-level assembler (0 / 1) : org.hibernate.sql.results.graph.entity.internal.EntityAssembler@1ef4179
14:49:04.496 [Test worker] DEBUG org.hibernate.orm.results.loading.entity - (EntityResultInitializer) Found existing loading entry [com.joango.model.User#15] - using loading instance
14:49:04.496 [Test worker] DEBUG org.springframework.orm.jpa.JpaTransactionManager - Initiating transaction commit
14:49:04.496 [Test worker] DEBUG org.springframework.orm.jpa.JpaTransactionManager - Committing JPA transaction on EntityManager [SessionImpl(935001848<open>)]
14:49:04.496 [Test worker] DEBUG org.hibernate.engine.transaction.internal.TransactionImpl - committing
14:49:04.496 [Test worker] DEBUG org.springframework.jdbc.datasource.DataSourceUtils - Resetting read-only flag of JDBC Connection [HikariProxyConnection@44480244 wrapping conn0: url=jdbc:h2:mem:testdb user=SA]
14:49:04.496 [Test worker] DEBUG org.springframework.orm.jpa.JpaTransactionManager - Closing JPA EntityManager [SessionImpl(935001848<open>)] after transaction
14:49:04.498 [Test worker] DEBUG org.springframework.orm.jpa.JpaTransactionManager - Creating new transaction with name [org.springframework.data.jpa.repository.support.SimpleJpaRepository.save]: PROPAGATION_REQUIRED,ISOLATION_DEFAULT
14:49:04.498 [Test worker] DEBUG org.springframework.orm.jpa.JpaTransactionManager - Opened new EntityManager [SessionImpl(427554287<open>)] for JPA transaction
14:49:04.498 [Test worker] DEBUG org.hibernate.engine.transaction.internal.TransactionImpl - On TransactionImpl creation, JpaCompliance#isJpaTransactionComplianceEnabled == false
14:49:04.498 [Test worker] DEBUG org.hibernate.engine.transaction.internal.TransactionImpl - begin
14:49:04.498 [Test worker] DEBUG org.springframework.orm.jpa.JpaTransactionManager - Exposing JPA transaction as JDBC [org.springframework.orm.jpa.vendor.HibernateJpaDialect$HibernateConnectionHandle@681ba763]
14:49:04.498 [Test worker] DEBUG org.hibernate.jpa.internal.PersistenceUnitUtilImpl - jakarta.persistence.PersistenceUnitUtil.getIdentifier is only intended to work with enhanced entities (although Hibernate also adapts this support to its proxies); however the passed entity was not enhanced (nor a proxy).. may not be able to read identifier
14:49:04.498 [Test worker] DEBUG org.hibernate.orm.sql.ast.create - Created new SQL alias : u1_0
14:49:04.498 [Test worker] DEBUG org.hibernate.orm.sql.ast.create - Registration of TableGroup [StandardTableGroup(com.joango.model.User)] with identifierForTableGroup [com.joango.model.User] for NavigablePath [com.joango.model.User] 
14:49:04.498 [Test worker] DEBUG org.hibernate.orm.sql.ast.create - Registration of TableGroup [org.hibernate.sql.ast.tree.from.LazyTableGroup@33012e6f] with identifierForTableGroup [com.joango.model.User.userAccount] for NavigablePath [com.joango.model.User.userAccount] 
14:49:04.498 [Test worker] DEBUG org.hibernate.orm.sql.ast.create - Created new SQL alias : u2_0
14:49:04.498 [Test worker] DEBUG org.hibernate.orm.results.graph.AST - DomainResult Graph:
 \-EntityResultImpl [com.joango.model.User]
 |  +-BasicFetch [com.joango.model.User.email]
 |  +-BasicFetch [com.joango.model.User.name]
 |  \-EntityFetchJoinedImpl [com.joango.model.User.userAccount]

14:49:04.498 [Test worker] DEBUG org.hibernate.orm.sql.ast.tree - SQL AST Tree:%n    SelectStatement {
      FromClause {
        StandardTableGroup (u1 : com.joango.model.User) {
          primaryTableReference : user as u1_0
          TableGroupJoins {
            left  join LazyTableGroup (u2 : com.joango.model.User.userAccount) {
              primaryTableReference : user_account as u2_0
            }
          }
        }
      }
    }

14:49:04.498 [Test worker] DEBUG org.hibernate.orm.sql.exec - Skipping reading Query result cache data: cache-enabled = false, cache-mode = IGNORE
14:49:04.499 [Test worker] DEBUG org.hibernate.orm.results - Initializer list
14:49:04.499 [Test worker] DEBUG org.hibernate.orm.results -     com.joango.model.User.userAccount -> EntityJoinedFetchInitializer(com.joango.model.User.userAccount)@1082580995 (ToOneAttributeMapping(NavigableRole[com.joango.model.User.userAccount])@1494592361)
14:49:04.499 [Test worker] DEBUG org.hibernate.orm.results -     com.joango.model.User -> EntityResultInitializer(com.joango.model.User)@981198566 (SingleTableEntityPersister(com.joango.model.User))
14:49:04.499 [Test worker] DEBUG org.hibernate.SQL - select u1_0.id,u1_0.email,u1_0.name,u2_0.id,u2_0.user_balance from user u1_0 left join user_account u2_0 on u1_0.id=u2_0.user_id where u1_0.id=?
Hibernate: select u1_0.id,u1_0.email,u1_0.name,u2_0.id,u2_0.user_balance from user u1_0 left join user_account u2_0 on u1_0.id=u2_0.user_id where u1_0.id=?
14:49:04.499 [Test worker] DEBUG org.hibernate.orm.results - Extracted JDBC value [3] - [15]
14:49:04.499 [Test worker] DEBUG org.hibernate.orm.results.loading.entity - (EntityJoinedFetchInitializer) Hydrated EntityKey (com.joango.model.User.userAccount): 15
14:49:04.499 [Test worker] DEBUG org.hibernate.orm.results.loading.entity - (EntityResultInitializer) Hydrated EntityKey (com.joango.model.User): 15
14:49:04.499 [Test worker] DEBUG org.hibernate.orm.results.loading.entity - (EntityJoinedFetchInitializer) Created new entity instance [com.joango.model.User.userAccount#15] : UserAccount(id=15, userBalance=null, user=null)
14:49:04.499 [Test worker] DEBUG org.hibernate.orm.results.loading.entity - (EntityResultInitializer) Created new entity instance [com.joango.model.User#15] : User(id=15, name=null, email=null, userAccount=null)
14:49:04.499 [Test worker] DEBUG org.hibernate.orm.results - Extracted JDBC value [4] - [80000]
14:49:04.499 [Test worker] DEBUG org.hibernate.orm.results.loading.entity - (EntityJoinedFetchInitializer) Done materializing entityInstance : com.joango.model.User.userAccount#15
14:49:04.499 [Test worker] DEBUG org.hibernate.orm.results - Extracted JDBC value [1] - [ornare.elit.elit@outlook.org]
14:49:04.499 [Test worker] DEBUG org.hibernate.orm.results - Extracted JDBC value [2] - [Kadeem Clark]
14:49:04.499 [Test worker] DEBUG org.hibernate.orm.results.loading.entity - (EntityJoinedFetchInitializer) Found existing loading entry [com.joango.model.User.userAccount#15] - using loading instance
14:49:04.499 [Test worker] DEBUG org.hibernate.orm.results.loading.entity - (EntityResultInitializer) Done materializing entityInstance : com.joango.model.User#15
14:49:04.499 [Test worker] DEBUG org.hibernate.orm.results.loading - Calling top-level assembler (0 / 1) : org.hibernate.sql.results.graph.entity.internal.EntityAssembler@621c7b91
14:49:04.499 [Test worker] DEBUG org.hibernate.orm.results.loading.entity - (EntityResultInitializer) Found existing loading entry [com.joango.model.User#15] - using loading instance
14:49:04.499 [Test worker] DEBUG org.springframework.orm.jpa.JpaTransactionManager - Initiating transaction commit
14:49:04.499 [Test worker] DEBUG org.springframework.orm.jpa.JpaTransactionManager - Committing JPA transaction on EntityManager [SessionImpl(427554287<open>)]
14:49:04.499 [Test worker] DEBUG org.hibernate.engine.transaction.internal.TransactionImpl - committing
14:49:04.499 [Test worker] DEBUG org.hibernate.event.internal.AbstractFlushingEventListener - Processing flush-time cascades
14:49:04.499 [Test worker] DEBUG org.hibernate.event.internal.AbstractFlushingEventListener - Dirty checking collections
14:49:04.499 [Test worker] DEBUG org.hibernate.event.internal.AbstractFlushingEventListener - Flushed: 0 insertions, 1 updates, 0 deletions to 2 objects
14:49:04.499 [Test worker] DEBUG org.hibernate.event.internal.AbstractFlushingEventListener - Flushed: 0 (re)creations, 0 updates, 0 removals to 0 collections
14:49:04.499 [Test worker] DEBUG org.hibernate.internal.util.EntityPrinter - Listing entities:
14:49:04.499 [Test worker] DEBUG org.hibernate.internal.util.EntityPrinter - com.joango.model.UserAccount{id=15, userBalance=80000, user=com.joango.model.User#15}
14:49:04.499 [Test worker] DEBUG org.hibernate.internal.util.EntityPrinter - com.joango.model.User{userAccount=null, name=George Gomez, id=15, email=ornare.elit.elit@outlook.org}
14:49:04.500 [Test worker] DEBUG org.hibernate.SQL - update user set email=?, name=? where id=?
Hibernate: update user set email=?, name=? where id=?
14:49:04.500 [Test worker] DEBUG org.springframework.orm.jpa.JpaTransactionManager - Closing JPA EntityManager [SessionImpl(427554287<open>)] after transaction
14:49:04.500 [Test worker] DEBUG org.hibernate.engine.jdbc.internal.JdbcCoordinatorImpl - HHH000420: Closing un-released batch
14:49:04.500 [Test worker] DEBUG org.springframework.test.context.cache - Spring test ApplicationContext cache statistics: [DefaultContextCache@329b4b8b size = 1, maxSize = 32, parentContextCount = 0, hitCount = 85, missCount = 1]
14:49:04.500 [Test worker] DEBUG org.springframework.test.context.cache - Spring test ApplicationContext cache statistics: [DefaultContextCache@329b4b8b size = 1, maxSize = 32, parentContextCount = 0, hitCount = 86, missCount = 1]
14:49:04.501 [Test worker] DEBUG org.springframework.test.context.cache - Spring test ApplicationContext cache statistics: [DefaultContextCache@329b4b8b size = 1, maxSize = 32, parentContextCount = 0, hitCount = 87, missCount = 1]
14:49:04.501 [Test worker] DEBUG org.springframework.test.context.cache - Spring test ApplicationContext cache statistics: [DefaultContextCache@329b4b8b size = 1, maxSize = 32, parentContextCount = 0, hitCount = 88, missCount = 1]
14:49:04.501 [Test worker] DEBUG org.springframework.test.context.cache - Spring test ApplicationContext cache statistics: [DefaultContextCache@329b4b8b size = 1, maxSize = 32, parentContextCount = 0, hitCount = 89, missCount = 1]
14:49:04.501 [Test worker] DEBUG org.springframework.test.context.cache - Spring test ApplicationContext cache statistics: [DefaultContextCache@329b4b8b size = 1, maxSize = 32, parentContextCount = 0, hitCount = 90, missCount = 1]
14:49:04.501 [Test worker] DEBUG org.springframework.test.context.support.AbstractDirtiesContextTestExecutionListener - After test method: class [BookingServiceIntegrationTest], method [updateUser], class annotated with @DirtiesContext [false] with mode [null], method annotated with @DirtiesContext [false] with mode [null]
14:49:04.501 [Test worker] DEBUG org.springframework.test.context.cache - Spring test ApplicationContext cache statistics: [DefaultContextCache@329b4b8b size = 1, maxSize = 32, parentContextCount = 0, hitCount = 91, missCount = 1]
14:49:04.502 [Test worker] DEBUG org.springframework.test.context.support.DependencyInjectionTestExecutionListener - Performing dependency injection for test class com.joango.BookingServiceIntegrationTest
14:49:04.502 [Test worker] DEBUG org.springframework.test.context.cache - Spring test ApplicationContext cache statistics: [DefaultContextCache@329b4b8b size = 1, maxSize = 32, parentContextCount = 0, hitCount = 92, missCount = 1]
14:49:04.502 [Test worker] DEBUG org.springframework.test.context.cache - Spring test ApplicationContext cache statistics: [DefaultContextCache@329b4b8b size = 1, maxSize = 32, parentContextCount = 0, hitCount = 93, missCount = 1]
14:49:04.502 [Test worker] DEBUG org.springframework.test.context.cache - Spring test ApplicationContext cache statistics: [DefaultContextCache@329b4b8b size = 1, maxSize = 32, parentContextCount = 0, hitCount = 94, missCount = 1]
14:49:04.502 [Test worker] DEBUG org.springframework.test.context.support.AbstractDirtiesContextTestExecutionListener - Before test method: class [BookingServiceIntegrationTest], method [getTicketsByEvent], class annotated with @DirtiesContext [false] with mode [null], method annotated with @DirtiesContext [false] with mode [null]
14:49:04.502 [Test worker] DEBUG org.springframework.test.context.cache - Spring test ApplicationContext cache statistics: [DefaultContextCache@329b4b8b size = 1, maxSize = 32, parentContextCount = 0, hitCount = 95, missCount = 1]
14:49:04.502 [Test worker] DEBUG org.springframework.test.context.cache - Spring test ApplicationContext cache statistics: [DefaultContextCache@329b4b8b size = 1, maxSize = 32, parentContextCount = 0, hitCount = 96, missCount = 1]
14:49:04.502 [Test worker] DEBUG org.springframework.test.context.cache - Spring test ApplicationContext cache statistics: [DefaultContextCache@329b4b8b size = 1, maxSize = 32, parentContextCount = 0, hitCount = 97, missCount = 1]
14:49:04.502 [Test worker] DEBUG org.springframework.orm.jpa.JpaTransactionManager - Creating new transaction with name [org.springframework.data.jpa.repository.support.SimpleJpaRepository.findById]: PROPAGATION_REQUIRED,ISOLATION_DEFAULT,readOnly
14:49:04.502 [Test worker] DEBUG org.springframework.orm.jpa.JpaTransactionManager - Opened new EntityManager [SessionImpl(192319053<open>)] for JPA transaction
14:49:04.502 [Test worker] DEBUG org.springframework.jdbc.datasource.DataSourceUtils - Setting JDBC Connection [HikariProxyConnection@179809345 wrapping conn0: url=jdbc:h2:mem:testdb user=SA] read-only
14:49:04.502 [Test worker] DEBUG org.hibernate.engine.transaction.internal.TransactionImpl - On TransactionImpl creation, JpaCompliance#isJpaTransactionComplianceEnabled == false
14:49:04.502 [Test worker] DEBUG org.hibernate.engine.transaction.internal.TransactionImpl - begin
14:49:04.502 [Test worker] DEBUG org.springframework.orm.jpa.JpaTransactionManager - Exposing JPA transaction as JDBC [org.springframework.orm.jpa.vendor.HibernateJpaDialect$HibernateConnectionHandle@5ad67d82]
14:49:04.503 [Test worker] DEBUG org.hibernate.orm.sql.exec - Skipping reading Query result cache data: cache-enabled = false, cache-mode = IGNORE
14:49:04.503 [Test worker] DEBUG org.hibernate.orm.results - Initializer list
14:49:04.503 [Test worker] DEBUG org.hibernate.orm.results -     com.joango.model.Event -> EntityResultInitializer(com.joango.model.Event)@50421901 (SingleTableEntityPersister(com.joango.model.Event))
14:49:04.503 [Test worker] DEBUG org.hibernate.SQL - select e1_0.id,e1_0.date,e1_0.ticket_price,e1_0.title from event e1_0 where e1_0.id=?
Hibernate: select e1_0.id,e1_0.date,e1_0.ticket_price,e1_0.title from event e1_0 where e1_0.id=?
14:49:04.503 [Test worker] DEBUG org.hibernate.orm.results.loading.entity - (EntityResultInitializer) Hydrated EntityKey (com.joango.model.Event): 1
14:49:04.503 [Test worker] DEBUG org.hibernate.orm.results.loading.entity - (EntityResultInitializer) Created new entity instance [com.joango.model.Event#1] : Event(id=1, title=null, date=null, ticketPrice=null)
14:49:04.503 [Test worker] DEBUG org.hibernate.orm.results - Extracted JDBC value [1] - [2023-08-10 00:00:00.0]
14:49:04.503 [Test worker] DEBUG org.hibernate.orm.results - Extracted JDBC value [2] - [5000]
14:49:04.503 [Test worker] DEBUG org.hibernate.orm.results - Extracted JDBC value [3] - [posuere, enim]
14:49:04.503 [Test worker] DEBUG org.hibernate.orm.results.loading.entity - (EntityResultInitializer) Done materializing entityInstance : com.joango.model.Event#1
14:49:04.503 [Test worker] DEBUG org.hibernate.orm.results.loading - Calling top-level assembler (0 / 1) : org.hibernate.sql.results.graph.entity.internal.EntityAssembler@6a06b374
14:49:04.503 [Test worker] DEBUG org.hibernate.orm.results.loading.entity - (EntityResultInitializer) Found existing loading entry [com.joango.model.Event#1] - using loading instance
14:49:04.503 [Test worker] DEBUG org.springframework.orm.jpa.JpaTransactionManager - Initiating transaction commit
14:49:04.503 [Test worker] DEBUG org.springframework.orm.jpa.JpaTransactionManager - Committing JPA transaction on EntityManager [SessionImpl(192319053<open>)]
14:49:04.503 [Test worker] DEBUG org.hibernate.engine.transaction.internal.TransactionImpl - committing
14:49:04.503 [Test worker] DEBUG org.springframework.jdbc.datasource.DataSourceUtils - Resetting read-only flag of JDBC Connection [HikariProxyConnection@179809345 wrapping conn0: url=jdbc:h2:mem:testdb user=SA]
14:49:04.503 [Test worker] DEBUG org.springframework.orm.jpa.JpaTransactionManager - Closing JPA EntityManager [SessionImpl(192319053<open>)] after transaction
14:49:04.503 [Test worker] DEBUG org.springframework.orm.jpa.SharedEntityManagerCreator$SharedEntityManagerInvocationHandler - Creating new EntityManager for shared EntityManager invocation
14:49:04.504 [Test worker] DEBUG org.hibernate.orm.sql.ast.create - Created new SQL alias : t1_0
14:49:04.504 [Test worker] DEBUG org.hibernate.orm.sql.ast.create - Registration of TableGroup [StandardTableGroup(com.joango.model.Ticket(320504001459125))] with identifierForTableGroup [com.joango.model.Ticket] for NavigablePath [com.joango.model.Ticket] 
14:49:04.504 [Test worker] DEBUG org.hibernate.query.sqm.sql.BaseSqmToSqlAstConverter - Determining mapping-model type for SqmParameter : org.hibernate.query.sqm.tree.expression.SqmJpaCriteriaParameterWrapper@2bfe398b
14:49:04.504 [Test worker] DEBUG org.hibernate.query.sqm.sql.BaseSqmToSqlAstConverter - Determining mapping-model type for SqmPath : SqmBasicValuedSimplePath(com.joango.model.Ticket(320504001459125).eventId) 
14:49:04.504 [Test worker] DEBUG org.hibernate.orm.results.graph.AST - DomainResult Graph:
 \-EntityResultImpl [com.joango.model.Ticket(320504001459125)]
 |  +-BasicFetch [com.joango.model.Ticket(320504001459125).category]
 |  +-BasicFetch [com.joango.model.Ticket(320504001459125).eventId]
 |  +-BasicFetch [com.joango.model.Ticket(320504001459125).place]
 |  \-BasicFetch [com.joango.model.Ticket(320504001459125).userId]

14:49:04.504 [Test worker] DEBUG org.hibernate.orm.sql.ast.tree - SQL AST Tree:%n    SelectStatement {
      FromClause {
        StandardTableGroup (t1 : com.joango.model.Ticket(320504001459125)) {
          primaryTableReference : ticket as t1_0
        }
      }
    }

14:49:04.504 [Test worker] DEBUG org.hibernate.orm.sql.exec - Skipping reading Query result cache data: cache-enabled = false, cache-mode = NORMAL
14:49:04.504 [Test worker] DEBUG org.hibernate.orm.results - Initializer list
14:49:04.504 [Test worker] DEBUG org.hibernate.orm.results -     com.joango.model.Ticket(320504001459125) -> EntityResultInitializer(com.joango.model.Ticket(320504001459125))@98134799 (SingleTableEntityPersister(com.joango.model.Ticket))
14:49:04.504 [Test worker] DEBUG org.hibernate.SQL - select t1_0.id,t1_0.category,t1_0.event_id,t1_0.place,t1_0.user_id from ticket t1_0 where t1_0.event_id=?
Hibernate: select t1_0.id,t1_0.category,t1_0.event_id,t1_0.place,t1_0.user_id from ticket t1_0 where t1_0.event_id=?
14:49:04.504 [Test worker] DEBUG org.hibernate.orm.results - Extracted JDBC value [0] - [3]
14:49:04.504 [Test worker] DEBUG org.hibernate.orm.results.loading.entity - (EntityResultInitializer) Hydrated EntityKey (com.joango.model.Ticket(320504001459125)): 3
14:49:04.506 [Test worker] DEBUG org.hibernate.orm.results.loading.entity - (EntityResultInitializer) Created new entity instance [com.joango.model.Ticket(320504001459125)#3] : Ticket(id=3, eventId=null, userId=null, category=null, place=null)
14:49:04.506 [Test worker] DEBUG org.hibernate.orm.results - Extracted JDBC value [1] - [STANDARD]
14:49:04.506 [Test worker] DEBUG org.hibernate.orm.results - Extracted JDBC value [2] - [1]
14:49:04.506 [Test worker] DEBUG org.hibernate.orm.results - Extracted JDBC value [3] - [18]
14:49:04.506 [Test worker] DEBUG org.hibernate.orm.results - Extracted JDBC value [4] - [16]
14:49:04.506 [Test worker] DEBUG org.hibernate.orm.results.loading.entity - (EntityResultInitializer) Done materializing entityInstance : com.joango.model.Ticket(320504001459125)#3
14:49:04.506 [Test worker] DEBUG org.hibernate.orm.results.loading - Calling top-level assembler (0 / 1) : org.hibernate.sql.results.graph.entity.internal.EntityAssembler@106dee26
14:49:04.506 [Test worker] DEBUG org.hibernate.orm.results.loading.entity - (EntityResultInitializer) Found existing loading entry [com.joango.model.Ticket(320504001459125)#3] - using loading instance
14:49:04.506 [Test worker] DEBUG org.hibernate.orm.results - Extracted JDBC value [0] - [4]
14:49:04.506 [Test worker] DEBUG org.hibernate.orm.results.loading.entity - (EntityResultInitializer) Hydrated EntityKey (com.joango.model.Ticket(320504001459125)): 4
14:49:04.506 [Test worker] DEBUG org.hibernate.orm.results.loading.entity - (EntityResultInitializer) Created new entity instance [com.joango.model.Ticket(320504001459125)#4] : Ticket(id=4, eventId=null, userId=null, category=null, place=null)
14:49:04.506 [Test worker] DEBUG org.hibernate.orm.results - Extracted JDBC value [1] - [STANDARD]
14:49:04.506 [Test worker] DEBUG org.hibernate.orm.results - Extracted JDBC value [2] - [1]
14:49:04.506 [Test worker] DEBUG org.hibernate.orm.results - Extracted JDBC value [3] - [26]
14:49:04.506 [Test worker] DEBUG org.hibernate.orm.results - Extracted JDBC value [4] - [19]
14:49:04.506 [Test worker] DEBUG org.hibernate.orm.results.loading.entity - (EntityResultInitializer) Done materializing entityInstance : com.joango.model.Ticket(320504001459125)#4
14:49:04.506 [Test worker] DEBUG org.hibernate.orm.results.loading - Calling top-level assembler (0 / 1) : org.hibernate.sql.results.graph.entity.internal.EntityAssembler@106dee26
14:49:04.506 [Test worker] DEBUG org.hibernate.orm.results.loading.entity - (EntityResultInitializer) Found existing loading entry [com.joango.model.Ticket(320504001459125)#4] - using loading instance
14:49:04.506 [Test worker] DEBUG org.hibernate.orm.results - Extracted JDBC value [0] - [5]
14:49:04.506 [Test worker] DEBUG org.hibernate.orm.results.loading.entity - (EntityResultInitializer) Hydrated EntityKey (com.joango.model.Ticket(320504001459125)): 5
14:49:04.506 [Test worker] DEBUG org.hibernate.orm.results.loading.entity - (EntityResultInitializer) Created new entity instance [com.joango.model.Ticket(320504001459125)#5] : Ticket(id=5, eventId=null, userId=null, category=null, place=null)
14:49:04.506 [Test worker] DEBUG org.hibernate.orm.results - Extracted JDBC value [1] - [STANDARD]
14:49:04.506 [Test worker] DEBUG org.hibernate.orm.results - Extracted JDBC value [2] - [1]
14:49:04.506 [Test worker] DEBUG org.hibernate.orm.results - Extracted JDBC value [3] - [11]
14:49:04.506 [Test worker] DEBUG org.hibernate.orm.results - Extracted JDBC value [4] - [12]
14:49:04.506 [Test worker] DEBUG org.hibernate.orm.results.loading.entity - (EntityResultInitializer) Done materializing entityInstance : com.joango.model.Ticket(320504001459125)#5
14:49:04.506 [Test worker] DEBUG org.hibernate.orm.results.loading - Calling top-level assembler (0 / 1) : org.hibernate.sql.results.graph.entity.internal.EntityAssembler@106dee26
14:49:04.506 [Test worker] DEBUG org.hibernate.orm.results.loading.entity - (EntityResultInitializer) Found existing loading entry [com.joango.model.Ticket(320504001459125)#5] - using loading instance
14:49:04.506 [Test worker] DEBUG org.hibernate.orm.results - Extracted JDBC value [0] - [12]
14:49:04.507 [Test worker] DEBUG org.hibernate.orm.results.loading.entity - (EntityResultInitializer) Hydrated EntityKey (com.joango.model.Ticket(320504001459125)): 12
14:49:04.507 [Test worker] DEBUG org.hibernate.orm.results.loading.entity - (EntityResultInitializer) Created new entity instance [com.joango.model.Ticket(320504001459125)#12] : Ticket(id=12, eventId=null, userId=null, category=null, place=null)
14:49:04.507 [Test worker] DEBUG org.hibernate.orm.results - Extracted JDBC value [1] - [PREMIUM]
14:49:04.507 [Test worker] DEBUG org.hibernate.orm.results - Extracted JDBC value [2] - [1]
14:49:04.507 [Test worker] DEBUG org.hibernate.orm.results - Extracted JDBC value [3] - [39]
14:49:04.507 [Test worker] DEBUG org.hibernate.orm.results - Extracted JDBC value [4] - [19]
14:49:04.507 [Test worker] DEBUG org.hibernate.orm.results.loading.entity - (EntityResultInitializer) Done materializing entityInstance : com.joango.model.Ticket(320504001459125)#12
14:49:04.507 [Test worker] DEBUG org.hibernate.orm.results.loading - Calling top-level assembler (0 / 1) : org.hibernate.sql.results.graph.entity.internal.EntityAssembler@106dee26
14:49:04.507 [Test worker] DEBUG org.hibernate.orm.results.loading.entity - (EntityResultInitializer) Found existing loading entry [com.joango.model.Ticket(320504001459125)#12] - using loading instance
14:49:04.507 [Test worker] DEBUG org.hibernate.orm.results - Extracted JDBC value [0] - [13]
14:49:04.507 [Test worker] DEBUG org.hibernate.orm.results.loading.entity - (EntityResultInitializer) Hydrated EntityKey (com.joango.model.Ticket(320504001459125)): 13
14:49:04.507 [Test worker] DEBUG org.hibernate.orm.results.loading.entity - (EntityResultInitializer) Created new entity instance [com.joango.model.Ticket(320504001459125)#13] : Ticket(id=13, eventId=null, userId=null, category=null, place=null)
14:49:04.507 [Test worker] DEBUG org.hibernate.orm.results - Extracted JDBC value [1] - [PREMIUM]
14:49:04.507 [Test worker] DEBUG org.hibernate.orm.results - Extracted JDBC value [2] - [1]
14:49:04.507 [Test worker] DEBUG org.hibernate.orm.results - Extracted JDBC value [3] - [3]
14:49:04.507 [Test worker] DEBUG org.hibernate.orm.results - Extracted JDBC value [4] - [14]
14:49:04.507 [Test worker] DEBUG org.hibernate.orm.results.loading.entity - (EntityResultInitializer) Done materializing entityInstance : com.joango.model.Ticket(320504001459125)#13
14:49:04.507 [Test worker] DEBUG org.hibernate.orm.results.loading - Calling top-level assembler (0 / 1) : org.hibernate.sql.results.graph.entity.internal.EntityAssembler@106dee26
14:49:04.507 [Test worker] DEBUG org.hibernate.orm.results.loading.entity - (EntityResultInitializer) Found existing loading entry [com.joango.model.Ticket(320504001459125)#13] - using loading instance
14:49:04.510 [Test worker] DEBUG org.springframework.test.context.cache - Spring test ApplicationContext cache statistics: [DefaultContextCache@329b4b8b size = 1, maxSize = 32, parentContextCount = 0, hitCount = 98, missCount = 1]
14:49:04.510 [Test worker] DEBUG org.springframework.test.context.cache - Spring test ApplicationContext cache statistics: [DefaultContextCache@329b4b8b size = 1, maxSize = 32, parentContextCount = 0, hitCount = 99, missCount = 1]
14:49:04.510 [Test worker] DEBUG org.springframework.test.context.cache - Spring test ApplicationContext cache statistics: [DefaultContextCache@329b4b8b size = 1, maxSize = 32, parentContextCount = 0, hitCount = 100, missCount = 1]
14:49:04.510 [Test worker] DEBUG org.springframework.test.context.cache - Spring test ApplicationContext cache statistics: [DefaultContextCache@329b4b8b size = 1, maxSize = 32, parentContextCount = 0, hitCount = 101, missCount = 1]
14:49:04.510 [Test worker] DEBUG org.springframework.test.context.cache - Spring test ApplicationContext cache statistics: [DefaultContextCache@329b4b8b size = 1, maxSize = 32, parentContextCount = 0, hitCount = 102, missCount = 1]
14:49:04.511 [Test worker] DEBUG org.springframework.test.context.cache - Spring test ApplicationContext cache statistics: [DefaultContextCache@329b4b8b size = 1, maxSize = 32, parentContextCount = 0, hitCount = 103, missCount = 1]
14:49:04.511 [Test worker] DEBUG org.springframework.test.context.support.AbstractDirtiesContextTestExecutionListener - After test method: class [BookingServiceIntegrationTest], method [getTicketsByEvent], class annotated with @DirtiesContext [false] with mode [null], method annotated with @DirtiesContext [false] with mode [null]
14:49:04.511 [Test worker] DEBUG org.springframework.test.context.cache - Spring test ApplicationContext cache statistics: [DefaultContextCache@329b4b8b size = 1, maxSize = 32, parentContextCount = 0, hitCount = 104, missCount = 1]
14:49:04.511 [Test worker] DEBUG org.springframework.test.context.support.DependencyInjectionTestExecutionListener - Performing dependency injection for test class com.joango.BookingServiceIntegrationTest
14:49:04.511 [Test worker] DEBUG org.springframework.test.context.cache - Spring test ApplicationContext cache statistics: [DefaultContextCache@329b4b8b size = 1, maxSize = 32, parentContextCount = 0, hitCount = 105, missCount = 1]
14:49:04.511 [Test worker] DEBUG org.springframework.test.context.cache - Spring test ApplicationContext cache statistics: [DefaultContextCache@329b4b8b size = 1, maxSize = 32, parentContextCount = 0, hitCount = 106, missCount = 1]
14:49:04.511 [Test worker] DEBUG org.springframework.test.context.cache - Spring test ApplicationContext cache statistics: [DefaultContextCache@329b4b8b size = 1, maxSize = 32, parentContextCount = 0, hitCount = 107, missCount = 1]
14:49:04.511 [Test worker] DEBUG org.springframework.test.context.support.AbstractDirtiesContextTestExecutionListener - Before test method: class [BookingServiceIntegrationTest], method [getEventById], class annotated with @DirtiesContext [false] with mode [null], method annotated with @DirtiesContext [false] with mode [null]
14:49:04.511 [Test worker] DEBUG org.springframework.test.context.cache - Spring test ApplicationContext cache statistics: [DefaultContextCache@329b4b8b size = 1, maxSize = 32, parentContextCount = 0, hitCount = 108, missCount = 1]
14:49:04.512 [Test worker] DEBUG org.springframework.test.context.cache - Spring test ApplicationContext cache statistics: [DefaultContextCache@329b4b8b size = 1, maxSize = 32, parentContextCount = 0, hitCount = 109, missCount = 1]
14:49:04.512 [Test worker] DEBUG org.springframework.test.context.cache - Spring test ApplicationContext cache statistics: [DefaultContextCache@329b4b8b size = 1, maxSize = 32, parentContextCount = 0, hitCount = 110, missCount = 1]
14:49:04.512 [Test worker] DEBUG org.springframework.orm.jpa.JpaTransactionManager - Creating new transaction with name [org.springframework.data.jpa.repository.support.SimpleJpaRepository.findById]: PROPAGATION_REQUIRED,ISOLATION_DEFAULT,readOnly
14:49:04.512 [Test worker] DEBUG org.springframework.orm.jpa.JpaTransactionManager - Opened new EntityManager [SessionImpl(1841195153<open>)] for JPA transaction
14:49:04.512 [Test worker] DEBUG org.springframework.jdbc.datasource.DataSourceUtils - Setting JDBC Connection [HikariProxyConnection@817788877 wrapping conn0: url=jdbc:h2:mem:testdb user=SA] read-only
14:49:04.512 [Test worker] DEBUG org.hibernate.engine.transaction.internal.TransactionImpl - On TransactionImpl creation, JpaCompliance#isJpaTransactionComplianceEnabled == false
14:49:04.512 [Test worker] DEBUG org.hibernate.engine.transaction.internal.TransactionImpl - begin
14:49:04.512 [Test worker] DEBUG org.springframework.orm.jpa.JpaTransactionManager - Exposing JPA transaction as JDBC [org.springframework.orm.jpa.vendor.HibernateJpaDialect$HibernateConnectionHandle@71c9c7f3]
14:49:04.512 [Test worker] DEBUG org.hibernate.orm.sql.exec - Skipping reading Query result cache data: cache-enabled = false, cache-mode = IGNORE
14:49:04.512 [Test worker] DEBUG org.hibernate.orm.results - Initializer list
14:49:04.512 [Test worker] DEBUG org.hibernate.orm.results -     com.joango.model.Event -> EntityResultInitializer(com.joango.model.Event)@1769597368 (SingleTableEntityPersister(com.joango.model.Event))
14:49:04.512 [Test worker] DEBUG org.hibernate.SQL - select e1_0.id,e1_0.date,e1_0.ticket_price,e1_0.title from event e1_0 where e1_0.id=?
Hibernate: select e1_0.id,e1_0.date,e1_0.ticket_price,e1_0.title from event e1_0 where e1_0.id=?
14:49:04.512 [Test worker] DEBUG org.hibernate.orm.results.loading.entity - (EntityResultInitializer) Hydrated EntityKey (com.joango.model.Event): 1
14:49:04.512 [Test worker] DEBUG org.hibernate.orm.results.loading.entity - (EntityResultInitializer) Created new entity instance [com.joango.model.Event#1] : Event(id=1, title=null, date=null, ticketPrice=null)
14:49:04.512 [Test worker] DEBUG org.hibernate.orm.results - Extracted JDBC value [1] - [2023-08-10 00:00:00.0]
14:49:04.512 [Test worker] DEBUG org.hibernate.orm.results - Extracted JDBC value [2] - [5000]
14:49:04.512 [Test worker] DEBUG org.hibernate.orm.results - Extracted JDBC value [3] - [posuere, enim]
14:49:04.512 [Test worker] DEBUG org.hibernate.orm.results.loading.entity - (EntityResultInitializer) Done materializing entityInstance : com.joango.model.Event#1
14:49:04.512 [Test worker] DEBUG org.hibernate.orm.results.loading - Calling top-level assembler (0 / 1) : org.hibernate.sql.results.graph.entity.internal.EntityAssembler@2d854c13
14:49:04.512 [Test worker] DEBUG org.hibernate.orm.results.loading.entity - (EntityResultInitializer) Found existing loading entry [com.joango.model.Event#1] - using loading instance
14:49:04.512 [Test worker] DEBUG org.springframework.orm.jpa.JpaTransactionManager - Initiating transaction commit
14:49:04.512 [Test worker] DEBUG org.springframework.orm.jpa.JpaTransactionManager - Committing JPA transaction on EntityManager [SessionImpl(1841195153<open>)]
14:49:04.512 [Test worker] DEBUG org.hibernate.engine.transaction.internal.TransactionImpl - committing
14:49:04.513 [Test worker] DEBUG org.springframework.jdbc.datasource.DataSourceUtils - Resetting read-only flag of JDBC Connection [HikariProxyConnection@817788877 wrapping conn0: url=jdbc:h2:mem:testdb user=SA]
14:49:04.513 [Test worker] DEBUG org.springframework.orm.jpa.JpaTransactionManager - Closing JPA EntityManager [SessionImpl(1841195153<open>)] after transaction
14:49:04.513 [Test worker] DEBUG org.springframework.test.context.cache - Spring test ApplicationContext cache statistics: [DefaultContextCache@329b4b8b size = 1, maxSize = 32, parentContextCount = 0, hitCount = 111, missCount = 1]
14:49:04.513 [Test worker] DEBUG org.springframework.test.context.cache - Spring test ApplicationContext cache statistics: [DefaultContextCache@329b4b8b size = 1, maxSize = 32, parentContextCount = 0, hitCount = 112, missCount = 1]
14:49:04.513 [Test worker] DEBUG org.springframework.test.context.cache - Spring test ApplicationContext cache statistics: [DefaultContextCache@329b4b8b size = 1, maxSize = 32, parentContextCount = 0, hitCount = 113, missCount = 1]
14:49:04.513 [Test worker] DEBUG org.springframework.test.context.cache - Spring test ApplicationContext cache statistics: [DefaultContextCache@329b4b8b size = 1, maxSize = 32, parentContextCount = 0, hitCount = 114, missCount = 1]
14:49:04.513 [Test worker] DEBUG org.springframework.test.context.cache - Spring test ApplicationContext cache statistics: [DefaultContextCache@329b4b8b size = 1, maxSize = 32, parentContextCount = 0, hitCount = 115, missCount = 1]
14:49:04.513 [Test worker] DEBUG org.springframework.test.context.cache - Spring test ApplicationContext cache statistics: [DefaultContextCache@329b4b8b size = 1, maxSize = 32, parentContextCount = 0, hitCount = 116, missCount = 1]
14:49:04.513 [Test worker] DEBUG org.springframework.test.context.support.AbstractDirtiesContextTestExecutionListener - After test method: class [BookingServiceIntegrationTest], method [getEventById], class annotated with @DirtiesContext [false] with mode [null], method annotated with @DirtiesContext [false] with mode [null]
14:49:04.513 [Test worker] DEBUG org.springframework.test.context.cache - Spring test ApplicationContext cache statistics: [DefaultContextCache@329b4b8b size = 1, maxSize = 32, parentContextCount = 0, hitCount = 117, missCount = 1]
14:49:04.513 [Test worker] DEBUG org.springframework.test.context.support.DependencyInjectionTestExecutionListener - Performing dependency injection for test class com.joango.BookingServiceIntegrationTest
14:49:04.513 [Test worker] DEBUG org.springframework.test.context.cache - Spring test ApplicationContext cache statistics: [DefaultContextCache@329b4b8b size = 1, maxSize = 32, parentContextCount = 0, hitCount = 118, missCount = 1]
14:49:04.514 [Test worker] DEBUG org.springframework.test.context.cache - Spring test ApplicationContext cache statistics: [DefaultContextCache@329b4b8b size = 1, maxSize = 32, parentContextCount = 0, hitCount = 119, missCount = 1]
14:49:04.514 [Test worker] DEBUG org.springframework.test.context.cache - Spring test ApplicationContext cache statistics: [DefaultContextCache@329b4b8b size = 1, maxSize = 32, parentContextCount = 0, hitCount = 120, missCount = 1]
14:49:04.514 [Test worker] DEBUG org.springframework.test.context.support.AbstractDirtiesContextTestExecutionListener - Before test method: class [BookingServiceIntegrationTest], method [getEventsByDay], class annotated with @DirtiesContext [false] with mode [null], method annotated with @DirtiesContext [false] with mode [null]
14:49:04.514 [Test worker] DEBUG org.springframework.test.context.cache - Spring test ApplicationContext cache statistics: [DefaultContextCache@329b4b8b size = 1, maxSize = 32, parentContextCount = 0, hitCount = 121, missCount = 1]
14:49:04.514 [Test worker] DEBUG org.springframework.test.context.cache - Spring test ApplicationContext cache statistics: [DefaultContextCache@329b4b8b size = 1, maxSize = 32, parentContextCount = 0, hitCount = 122, missCount = 1]
14:49:04.514 [Test worker] DEBUG org.springframework.test.context.cache - Spring test ApplicationContext cache statistics: [DefaultContextCache@329b4b8b size = 1, maxSize = 32, parentContextCount = 0, hitCount = 123, missCount = 1]
14:49:04.514 [Test worker] DEBUG org.springframework.orm.jpa.SharedEntityManagerCreator$SharedEntityManagerInvocationHandler - Creating new EntityManager for shared EntityManager invocation
14:49:04.515 [Test worker] DEBUG org.hibernate.orm.sql.ast.create - Created new SQL alias : e1_0
14:49:04.515 [Test worker] DEBUG org.hibernate.orm.sql.ast.create - Registration of TableGroup [StandardTableGroup(com.joango.model.Event(320503983849750))] with identifierForTableGroup [com.joango.model.Event] for NavigablePath [com.joango.model.Event] 
14:49:04.515 [Test worker] DEBUG org.hibernate.query.sqm.sql.BaseSqmToSqlAstConverter - Determining mapping-model type for SqmParameter : org.hibernate.query.sqm.tree.expression.SqmJpaCriteriaParameterWrapper@66f15ce5
14:49:04.515 [Test worker] DEBUG org.hibernate.query.sqm.sql.BaseSqmToSqlAstConverter - Determining mapping-model type for SqmPath : SqmBasicValuedSimplePath(com.joango.model.Event(320503983849750).date) 
14:49:04.515 [Test worker] DEBUG org.hibernate.orm.results.graph.AST - DomainResult Graph:
 \-EntityResultImpl [com.joango.model.Event(320503983849750)]
 |  +-BasicFetch [com.joango.model.Event(320503983849750).date]
 |  +-BasicFetch [com.joango.model.Event(320503983849750).ticketPrice]
 |  \-BasicFetch [com.joango.model.Event(320503983849750).title]

14:49:04.515 [Test worker] DEBUG org.hibernate.orm.sql.ast.tree - SQL AST Tree:%n    SelectStatement {
      FromClause {
        StandardTableGroup (e1 : com.joango.model.Event(320503983849750)) {
          primaryTableReference : event as e1_0
        }
      }
    }

14:49:04.515 [Test worker] DEBUG org.hibernate.orm.sql.exec - Skipping reading Query result cache data: cache-enabled = false, cache-mode = NORMAL
14:49:04.515 [Test worker] DEBUG org.hibernate.orm.results - Initializer list
14:49:04.515 [Test worker] DEBUG org.hibernate.orm.results -     com.joango.model.Event(320503983849750) -> EntityResultInitializer(com.joango.model.Event(320503983849750))@196721369 (SingleTableEntityPersister(com.joango.model.Event))
14:49:04.515 [Test worker] DEBUG org.hibernate.SQL - select e1_0.id,e1_0.date,e1_0.ticket_price,e1_0.title from event e1_0 where e1_0.date=?
Hibernate: select e1_0.id,e1_0.date,e1_0.ticket_price,e1_0.title from event e1_0 where e1_0.date=?
14:49:04.516 [Test worker] DEBUG org.hibernate.orm.results - Extracted JDBC value [0] - [1]
14:49:04.516 [Test worker] DEBUG org.hibernate.orm.results.loading.entity - (EntityResultInitializer) Hydrated EntityKey (com.joango.model.Event(320503983849750)): 1
14:49:04.516 [Test worker] DEBUG org.hibernate.orm.results.loading.entity - (EntityResultInitializer) Created new entity instance [com.joango.model.Event(320503983849750)#1] : Event(id=1, title=null, date=null, ticketPrice=null)
14:49:04.516 [Test worker] DEBUG org.hibernate.orm.results - Extracted JDBC value [1] - [2023-08-10 00:00:00.0]
14:49:04.516 [Test worker] DEBUG org.hibernate.orm.results - Extracted JDBC value [2] - [5000]
14:49:04.516 [Test worker] DEBUG org.hibernate.orm.results - Extracted JDBC value [3] - [posuere, enim]
14:49:04.516 [Test worker] DEBUG org.hibernate.orm.results.loading.entity - (EntityResultInitializer) Done materializing entityInstance : com.joango.model.Event(320503983849750)#1
14:49:04.516 [Test worker] DEBUG org.hibernate.orm.results.loading - Calling top-level assembler (0 / 1) : org.hibernate.sql.results.graph.entity.internal.EntityAssembler@3705e3fb
14:49:04.516 [Test worker] DEBUG org.hibernate.orm.results.loading.entity - (EntityResultInitializer) Found existing loading entry [com.joango.model.Event(320503983849750)#1] - using loading instance
14:49:04.516 [Test worker] DEBUG org.hibernate.orm.results - Extracted JDBC value [0] - [6]
14:49:04.516 [Test worker] DEBUG org.hibernate.orm.results.loading.entity - (EntityResultInitializer) Hydrated EntityKey (com.joango.model.Event(320503983849750)): 6
14:49:04.516 [Test worker] DEBUG org.hibernate.orm.results.loading.entity - (EntityResultInitializer) Created new entity instance [com.joango.model.Event(320503983849750)#6] : Event(id=6, title=null, date=null, ticketPrice=null)
14:49:04.516 [Test worker] DEBUG org.hibernate.orm.results - Extracted JDBC value [1] - [2023-08-10 00:00:00.0]
14:49:04.516 [Test worker] DEBUG org.hibernate.orm.results - Extracted JDBC value [2] - [2000]
14:49:04.516 [Test worker] DEBUG org.hibernate.orm.results - Extracted JDBC value [3] - [World cup final]
14:49:04.516 [Test worker] DEBUG org.hibernate.orm.results.loading.entity - (EntityResultInitializer) Done materializing entityInstance : com.joango.model.Event(320503983849750)#6
14:49:04.516 [Test worker] DEBUG org.hibernate.orm.results.loading - Calling top-level assembler (0 / 1) : org.hibernate.sql.results.graph.entity.internal.EntityAssembler@3705e3fb
14:49:04.516 [Test worker] DEBUG org.hibernate.orm.results.loading.entity - (EntityResultInitializer) Found existing loading entry [com.joango.model.Event(320503983849750)#6] - using loading instance
14:49:04.517 [Test worker] DEBUG org.springframework.test.context.cache - Spring test ApplicationContext cache statistics: [DefaultContextCache@329b4b8b size = 1, maxSize = 32, parentContextCount = 0, hitCount = 124, missCount = 1]
14:49:04.517 [Test worker] DEBUG org.springframework.test.context.cache - Spring test ApplicationContext cache statistics: [DefaultContextCache@329b4b8b size = 1, maxSize = 32, parentContextCount = 0, hitCount = 125, missCount = 1]
14:49:04.517 [Test worker] DEBUG org.springframework.test.context.cache - Spring test ApplicationContext cache statistics: [DefaultContextCache@329b4b8b size = 1, maxSize = 32, parentContextCount = 0, hitCount = 126, missCount = 1]
14:49:04.517 [Test worker] DEBUG org.springframework.test.context.cache - Spring test ApplicationContext cache statistics: [DefaultContextCache@329b4b8b size = 1, maxSize = 32, parentContextCount = 0, hitCount = 127, missCount = 1]
14:49:04.517 [Test worker] DEBUG org.springframework.test.context.cache - Spring test ApplicationContext cache statistics: [DefaultContextCache@329b4b8b size = 1, maxSize = 32, parentContextCount = 0, hitCount = 128, missCount = 1]
14:49:04.517 [Test worker] DEBUG org.springframework.test.context.cache - Spring test ApplicationContext cache statistics: [DefaultContextCache@329b4b8b size = 1, maxSize = 32, parentContextCount = 0, hitCount = 129, missCount = 1]
14:49:04.517 [Test worker] DEBUG org.springframework.test.context.support.AbstractDirtiesContextTestExecutionListener - After test method: class [BookingServiceIntegrationTest], method [getEventsByDay], class annotated with @DirtiesContext [false] with mode [null], method annotated with @DirtiesContext [false] with mode [null]
14:49:04.517 [Test worker] DEBUG org.springframework.test.context.cache - Spring test ApplicationContext cache statistics: [DefaultContextCache@329b4b8b size = 1, maxSize = 32, parentContextCount = 0, hitCount = 130, missCount = 1]
14:49:04.517 [Test worker] DEBUG org.springframework.test.context.support.DependencyInjectionTestExecutionListener - Performing dependency injection for test class com.joango.BookingServiceIntegrationTest
14:49:04.518 [Test worker] DEBUG org.springframework.test.context.cache - Spring test ApplicationContext cache statistics: [DefaultContextCache@329b4b8b size = 1, maxSize = 32, parentContextCount = 0, hitCount = 131, missCount = 1]
14:49:04.518 [Test worker] DEBUG org.springframework.test.context.cache - Spring test ApplicationContext cache statistics: [DefaultContextCache@329b4b8b size = 1, maxSize = 32, parentContextCount = 0, hitCount = 132, missCount = 1]
14:49:04.518 [Test worker] DEBUG org.springframework.test.context.cache - Spring test ApplicationContext cache statistics: [DefaultContextCache@329b4b8b size = 1, maxSize = 32, parentContextCount = 0, hitCount = 133, missCount = 1]
14:49:04.518 [Test worker] DEBUG org.springframework.test.context.support.AbstractDirtiesContextTestExecutionListener - Before test method: class [BookingServiceIntegrationTest], method [bookTicketWithEnoughBalance], class annotated with @DirtiesContext [false] with mode [null], method annotated with @DirtiesContext [false] with mode [null]
14:49:04.518 [Test worker] DEBUG org.springframework.test.context.cache - Spring test ApplicationContext cache statistics: [DefaultContextCache@329b4b8b size = 1, maxSize = 32, parentContextCount = 0, hitCount = 134, missCount = 1]
14:49:04.518 [Test worker] DEBUG org.springframework.test.context.cache - Spring test ApplicationContext cache statistics: [DefaultContextCache@329b4b8b size = 1, maxSize = 32, parentContextCount = 0, hitCount = 135, missCount = 1]
14:49:04.518 [Test worker] DEBUG org.springframework.test.context.cache - Spring test ApplicationContext cache statistics: [DefaultContextCache@329b4b8b size = 1, maxSize = 32, parentContextCount = 0, hitCount = 136, missCount = 1]
14:49:04.518 [Test worker] DEBUG org.springframework.orm.jpa.SharedEntityManagerCreator$SharedEntityManagerInvocationHandler - Creating new EntityManager for shared EntityManager invocation
14:49:04.519 [Test worker] DEBUG org.hibernate.orm.sql.ast.create - Created new SQL alias : u1_0
14:49:04.519 [Test worker] DEBUG org.hibernate.orm.sql.ast.create - Registration of TableGroup [StandardTableGroup(com.joango.model.UserAccount(320504025671041))] with identifierForTableGroup [com.joango.model.UserAccount] for NavigablePath [com.joango.model.UserAccount] 
14:49:04.519 [Test worker] DEBUG org.hibernate.orm.sql.ast.create - Registration of TableGroup [org.hibernate.sql.ast.tree.from.LazyTableGroup@3a7deba5] with identifierForTableGroup [com.joango.model.UserAccount.user] for NavigablePath [com.joango.model.UserAccount.user] 
14:49:04.519 [Test worker] DEBUG org.hibernate.query.sqm.sql.BaseSqmToSqlAstConverter - Determining mapping-model type for SqmParameter : org.hibernate.query.sqm.tree.expression.SqmJpaCriteriaParameterWrapper@10d56aab
14:49:04.519 [Test worker] DEBUG org.hibernate.query.sqm.sql.BaseSqmToSqlAstConverter - Determining mapping-model type for SqmPath : SqmBasicValuedSimplePath(com.joango.model.UserAccount(320504025671041).user(320504025699750).id) 
14:49:04.520 [Test worker] DEBUG org.hibernate.orm.results.graph.AST - DomainResult Graph:
 \-EntityResultImpl [com.joango.model.UserAccount(320504025671041)]
 |  +-CircularFetchImpl [com.joango.model.UserAccount(320504025671041).user]
 |  \-BasicFetch [com.joango.model.UserAccount(320504025671041).userBalance]

14:49:04.520 [Test worker] DEBUG org.hibernate.orm.sql.ast.tree - SQL AST Tree:%n    SelectStatement {
      FromClause {
        StandardTableGroup (u1 : com.joango.model.UserAccount(320504025671041)) {
          primaryTableReference : user_account as u1_0
          TableGroupJoins {
            left  join LazyTableGroup (u2 : com.joango.model.UserAccount(320504025671041).user(320504025699750)) {
            }
          }
        }
      }
    }

14:49:04.520 [Test worker] DEBUG org.hibernate.orm.sql.exec - Skipping reading Query result cache data: cache-enabled = false, cache-mode = NORMAL
14:49:04.520 [Test worker] DEBUG org.hibernate.orm.results - Initializer list
14:49:04.520 [Test worker] DEBUG org.hibernate.orm.results -     com.joango.model.UserAccount(320504025671041).user -> EntitySelectFetchInitializer(com.joango.model.UserAccount(320504025671041).user)@1553386471 (ToOneAttributeMapping(NavigableRole[com.joango.model.UserAccount.user])@696104621)
14:49:04.520 [Test worker] DEBUG org.hibernate.orm.results -     com.joango.model.UserAccount(320504025671041) -> EntityResultInitializer(com.joango.model.UserAccount(320504025671041))@1865136024 (SingleTableEntityPersister(com.joango.model.UserAccount))
14:49:04.520 [Test worker] DEBUG org.hibernate.SQL - select u1_0.id,u1_0.user_id,u1_0.user_balance from user_account u1_0 where u1_0.user_id=?
Hibernate: select u1_0.id,u1_0.user_id,u1_0.user_balance from user_account u1_0 where u1_0.user_id=?
14:49:04.520 [Test worker] DEBUG org.hibernate.orm.results - Extracted JDBC value [0] - [4]
14:49:04.520 [Test worker] DEBUG org.hibernate.orm.results.loading.entity - (EntityResultInitializer) Hydrated EntityKey (com.joango.model.UserAccount(320504025671041)): 4
14:49:04.520 [Test worker] DEBUG org.hibernate.orm.results.loading.entity - (EntityResultInitializer) Created new entity instance [com.joango.model.UserAccount(320504025671041)#4] : UserAccount(id=4, userBalance=null, user=null)
14:49:04.520 [Test worker] DEBUG org.hibernate.orm.results - Extracted JDBC value [1] - [4]
14:49:04.520 [Test worker] DEBUG org.hibernate.orm.results.loading.entity - (EntitySelectFetchInitializer) Invoking session#internalLoad for entity (com.joango.model.UserAccount(320504025671041).user#4) : 4
14:49:04.520 [Test worker] DEBUG org.hibernate.orm.sql.exec - Skipping reading Query result cache data: cache-enabled = false, cache-mode = IGNORE
14:49:04.520 [Test worker] DEBUG org.hibernate.orm.results - Initializer list
14:49:04.520 [Test worker] DEBUG org.hibernate.orm.results -     com.joango.model.User.userAccount -> EntityJoinedFetchInitializer(com.joango.model.User.userAccount)@690241874 (ToOneAttributeMapping(NavigableRole[com.joango.model.User.userAccount])@1494592361)
14:49:04.520 [Test worker] DEBUG org.hibernate.orm.results -     com.joango.model.User -> EntityResultInitializer(com.joango.model.User)@461481113 (SingleTableEntityPersister(com.joango.model.User))
14:49:04.520 [Test worker] DEBUG org.hibernate.SQL - select u1_0.id,u1_0.email,u1_0.name,u2_0.id,u2_0.user_balance from user u1_0 left join user_account u2_0 on u1_0.id=u2_0.user_id where u1_0.id=?
Hibernate: select u1_0.id,u1_0.email,u1_0.name,u2_0.id,u2_0.user_balance from user u1_0 left join user_account u2_0 on u1_0.id=u2_0.user_id where u1_0.id=?
14:49:04.521 [Test worker] DEBUG org.hibernate.orm.results - Extracted JDBC value [3] - [4]
14:49:04.521 [Test worker] DEBUG org.hibernate.orm.results.loading.entity - (EntityJoinedFetchInitializer) Hydrated EntityKey (com.joango.model.User.userAccount): 4
14:49:04.521 [Test worker] DEBUG org.hibernate.orm.results.loading.entity - (EntityResultInitializer) Hydrated EntityKey (com.joango.model.User): 4
14:49:04.521 [Test worker] DEBUG org.hibernate.orm.results.loading.entity - (EntityJoinedFetchInitializer) Found existing loading entry [com.joango.model.User.userAccount#4] - using loading instance
14:49:04.521 [Test worker] DEBUG org.hibernate.orm.results.loading.entity - (EntityJoinedFetchInitializer) Entity [com.joango.model.User.userAccount#4] being loaded by another initializer [EntityResultInitializer(com.joango.model.UserAccount(320504025671041))] - skipping processing
14:49:04.521 [Test worker] DEBUG org.hibernate.orm.results.loading.entity - (EntityResultInitializer) Created new entity instance [com.joango.model.User#4] : User(id=4, name=null, email=null, userAccount=null)
14:49:04.521 [Test worker] DEBUG org.hibernate.orm.results - Extracted JDBC value [4] - [25000]
14:49:04.522 [Test worker] DEBUG org.hibernate.orm.results.loading.entity - (EntityJoinedFetchInitializer) Done materializing entityInstance : com.joango.model.User.userAccount#4
14:49:04.523 [Test worker] DEBUG org.hibernate.orm.results - Extracted JDBC value [1] - [taciti@protonmail.com]
14:49:04.523 [Test worker] DEBUG org.hibernate.orm.results - Extracted JDBC value [2] - [Scarlett Hood]
14:49:04.523 [Test worker] DEBUG org.hibernate.orm.results.loading.entity - (EntityJoinedFetchInitializer) Found existing loading entry [com.joango.model.User.userAccount#4] - using loading instance
14:49:04.523 [Test worker] DEBUG org.hibernate.orm.results.loading.entity - (EntityResultInitializer) Done materializing entityInstance : com.joango.model.User#4
14:49:04.523 [Test worker] DEBUG org.hibernate.orm.results.loading - Calling top-level assembler (0 / 1) : org.hibernate.sql.results.graph.entity.internal.EntityAssembler@18dda2e1
14:49:04.523 [Test worker] DEBUG org.hibernate.orm.results.loading.entity - (EntityResultInitializer) Found existing loading entry [com.joango.model.User#4] - using loading instance
14:49:04.523 [Test worker] DEBUG org.hibernate.orm.results.loading.entity - (EntitySelectFetchInitializer) Entity [com.joango.model.UserAccount(320504025671041).user#4] : 4 has being loaded by session.internalLoad.
14:49:04.523 [Test worker] DEBUG org.hibernate.orm.results.loading - Calling top-level assembler (0 / 1) : org.hibernate.sql.results.graph.entity.internal.EntityAssembler@7c3bac88
14:49:04.523 [Test worker] DEBUG org.hibernate.orm.results.loading.entity - (EntityResultInitializer) Found existing loading entry [com.joango.model.UserAccount(320504025671041)#4] - using loading instance
14:49:04.523 [Test worker] DEBUG org.springframework.orm.jpa.JpaTransactionManager - Creating new transaction with name [org.springframework.data.jpa.repository.support.SimpleJpaRepository.findById]: PROPAGATION_REQUIRED,ISOLATION_DEFAULT,readOnly
14:49:04.523 [Test worker] DEBUG org.springframework.orm.jpa.JpaTransactionManager - Opened new EntityManager [SessionImpl(1007392323<open>)] for JPA transaction
14:49:04.523 [Test worker] DEBUG org.springframework.jdbc.datasource.DataSourceUtils - Setting JDBC Connection [HikariProxyConnection@1953436933 wrapping conn0: url=jdbc:h2:mem:testdb user=SA] read-only
14:49:04.523 [Test worker] DEBUG org.hibernate.engine.transaction.internal.TransactionImpl - On TransactionImpl creation, JpaCompliance#isJpaTransactionComplianceEnabled == false
14:49:04.523 [Test worker] DEBUG org.hibernate.engine.transaction.internal.TransactionImpl - begin
14:49:04.523 [Test worker] DEBUG org.springframework.orm.jpa.JpaTransactionManager - Exposing JPA transaction as JDBC [org.springframework.orm.jpa.vendor.HibernateJpaDialect$HibernateConnectionHandle@1507bc3]
14:49:04.523 [Test worker] DEBUG org.hibernate.orm.sql.exec - Skipping reading Query result cache data: cache-enabled = false, cache-mode = IGNORE
14:49:04.523 [Test worker] DEBUG org.hibernate.orm.results - Initializer list
14:49:04.523 [Test worker] DEBUG org.hibernate.orm.results -     com.joango.model.Event -> EntityResultInitializer(com.joango.model.Event)@539941005 (SingleTableEntityPersister(com.joango.model.Event))
14:49:04.523 [Test worker] DEBUG org.hibernate.SQL - select e1_0.id,e1_0.date,e1_0.ticket_price,e1_0.title from event e1_0 where e1_0.id=?
Hibernate: select e1_0.id,e1_0.date,e1_0.ticket_price,e1_0.title from event e1_0 where e1_0.id=?
14:49:04.523 [Test worker] DEBUG org.hibernate.orm.results.loading.entity - (EntityResultInitializer) Hydrated EntityKey (com.joango.model.Event): 1
14:49:04.523 [Test worker] DEBUG org.hibernate.orm.results.loading.entity - (EntityResultInitializer) Created new entity instance [com.joango.model.Event#1] : Event(id=1, title=null, date=null, ticketPrice=null)
14:49:04.523 [Test worker] DEBUG org.hibernate.orm.results - Extracted JDBC value [1] - [2023-08-10 00:00:00.0]
14:49:04.523 [Test worker] DEBUG org.hibernate.orm.results - Extracted JDBC value [2] - [5000]
14:49:04.523 [Test worker] DEBUG org.hibernate.orm.results - Extracted JDBC value [3] - [posuere, enim]
14:49:04.523 [Test worker] DEBUG org.hibernate.orm.results.loading.entity - (EntityResultInitializer) Done materializing entityInstance : com.joango.model.Event#1
14:49:04.523 [Test worker] DEBUG org.hibernate.orm.results.loading - Calling top-level assembler (0 / 1) : org.hibernate.sql.results.graph.entity.internal.EntityAssembler@188caeaf
14:49:04.523 [Test worker] DEBUG org.hibernate.orm.results.loading.entity - (EntityResultInitializer) Found existing loading entry [com.joango.model.Event#1] - using loading instance
14:49:04.523 [Test worker] DEBUG org.springframework.orm.jpa.JpaTransactionManager - Initiating transaction commit
14:49:04.523 [Test worker] DEBUG org.springframework.orm.jpa.JpaTransactionManager - Committing JPA transaction on EntityManager [SessionImpl(1007392323<open>)]
14:49:04.523 [Test worker] DEBUG org.hibernate.engine.transaction.internal.TransactionImpl - committing
14:49:04.524 [Test worker] DEBUG org.springframework.jdbc.datasource.DataSourceUtils - Resetting read-only flag of JDBC Connection [HikariProxyConnection@1953436933 wrapping conn0: url=jdbc:h2:mem:testdb user=SA]
14:49:04.524 [Test worker] DEBUG org.springframework.orm.jpa.JpaTransactionManager - Closing JPA EntityManager [SessionImpl(1007392323<open>)] after transaction
14:49:04.524 [Test worker] DEBUG org.springframework.orm.jpa.JpaTransactionManager - Creating new transaction with name [com.joango.facade.BookingFacadeImpl.bookTicket]: PROPAGATION_REQUIRED,ISOLATION_DEFAULT
14:49:04.524 [Test worker] DEBUG org.springframework.orm.jpa.JpaTransactionManager - Opened new EntityManager [SessionImpl(997588432<open>)] for JPA transaction
14:49:04.524 [Test worker] DEBUG org.hibernate.engine.transaction.internal.TransactionImpl - On TransactionImpl creation, JpaCompliance#isJpaTransactionComplianceEnabled == false
14:49:04.524 [Test worker] DEBUG org.hibernate.engine.transaction.internal.TransactionImpl - begin
14:49:04.524 [Test worker] DEBUG org.springframework.orm.jpa.JpaTransactionManager - Exposing JPA transaction as JDBC [org.springframework.orm.jpa.vendor.HibernateJpaDialect$HibernateConnectionHandle@504f2bcd]
14:49:04.524 [Test worker] DEBUG org.springframework.orm.jpa.JpaTransactionManager - Found thread-bound EntityManager [SessionImpl(997588432<open>)] for JPA transaction
14:49:04.524 [Test worker] DEBUG org.springframework.orm.jpa.JpaTransactionManager - Participating in existing transaction
14:49:04.524 [Test worker] DEBUG org.hibernate.orm.sql.exec - Skipping reading Query result cache data: cache-enabled = false, cache-mode = IGNORE
14:49:04.524 [Test worker] DEBUG org.hibernate.orm.results - Initializer list
14:49:04.524 [Test worker] DEBUG org.hibernate.orm.results -     com.joango.model.User.userAccount -> EntityJoinedFetchInitializer(com.joango.model.User.userAccount)@1014923261 (ToOneAttributeMapping(NavigableRole[com.joango.model.User.userAccount])@1494592361)
14:49:04.524 [Test worker] DEBUG org.hibernate.orm.results -     com.joango.model.User -> EntityResultInitializer(com.joango.model.User)@1171425975 (SingleTableEntityPersister(com.joango.model.User))
14:49:04.524 [Test worker] DEBUG org.hibernate.SQL - select u1_0.id,u1_0.email,u1_0.name,u2_0.id,u2_0.user_balance from user u1_0 left join user_account u2_0 on u1_0.id=u2_0.user_id where u1_0.id=?
Hibernate: select u1_0.id,u1_0.email,u1_0.name,u2_0.id,u2_0.user_balance from user u1_0 left join user_account u2_0 on u1_0.id=u2_0.user_id where u1_0.id=?
14:49:04.524 [Test worker] DEBUG org.hibernate.orm.results - Extracted JDBC value [3] - [4]
14:49:04.524 [Test worker] DEBUG org.hibernate.orm.results.loading.entity - (EntityJoinedFetchInitializer) Hydrated EntityKey (com.joango.model.User.userAccount): 4
14:49:04.524 [Test worker] DEBUG org.hibernate.orm.results.loading.entity - (EntityResultInitializer) Hydrated EntityKey (com.joango.model.User): 4
14:49:04.524 [Test worker] DEBUG org.hibernate.orm.results.loading.entity - (EntityJoinedFetchInitializer) Created new entity instance [com.joango.model.User.userAccount#4] : UserAccount(id=4, userBalance=null, user=null)
14:49:04.524 [Test worker] DEBUG org.hibernate.orm.results.loading.entity - (EntityResultInitializer) Created new entity instance [com.joango.model.User#4] : User(id=4, name=null, email=null, userAccount=null)
14:49:04.524 [Test worker] DEBUG org.hibernate.orm.results - Extracted JDBC value [4] - [25000]
14:49:04.525 [Test worker] DEBUG org.hibernate.orm.results.loading.entity - (EntityJoinedFetchInitializer) Done materializing entityInstance : com.joango.model.User.userAccount#4
14:49:04.525 [Test worker] DEBUG org.hibernate.orm.results - Extracted JDBC value [1] - [taciti@protonmail.com]
14:49:04.525 [Test worker] DEBUG org.hibernate.orm.results - Extracted JDBC value [2] - [Scarlett Hood]
14:49:04.525 [Test worker] DEBUG org.hibernate.orm.results.loading.entity - (EntityJoinedFetchInitializer) Found existing loading entry [com.joango.model.User.userAccount#4] - using loading instance
14:49:04.525 [Test worker] DEBUG org.hibernate.orm.results.loading.entity - (EntityResultInitializer) Done materializing entityInstance : com.joango.model.User#4
14:49:04.525 [Test worker] DEBUG org.hibernate.orm.results.loading - Calling top-level assembler (0 / 1) : org.hibernate.sql.results.graph.entity.internal.EntityAssembler@5c3f9618
14:49:04.525 [Test worker] DEBUG org.hibernate.orm.results.loading.entity - (EntityResultInitializer) Found existing loading entry [com.joango.model.User#4] - using loading instance
14:49:04.525 [Test worker] DEBUG org.springframework.orm.jpa.JpaTransactionManager - Found thread-bound EntityManager [SessionImpl(997588432<open>)] for JPA transaction
14:49:04.525 [Test worker] DEBUG org.springframework.orm.jpa.JpaTransactionManager - Participating in existing transaction
14:49:04.525 [Test worker] DEBUG org.hibernate.orm.sql.exec - Skipping reading Query result cache data: cache-enabled = false, cache-mode = IGNORE
14:49:04.525 [Test worker] DEBUG org.hibernate.orm.results - Initializer list
14:49:04.525 [Test worker] DEBUG org.hibernate.orm.results -     com.joango.model.Event -> EntityResultInitializer(com.joango.model.Event)@233507854 (SingleTableEntityPersister(com.joango.model.Event))
14:49:04.525 [Test worker] DEBUG org.hibernate.SQL - select e1_0.id,e1_0.date,e1_0.ticket_price,e1_0.title from event e1_0 where e1_0.id=?
Hibernate: select e1_0.id,e1_0.date,e1_0.ticket_price,e1_0.title from event e1_0 where e1_0.id=?
14:49:04.525 [Test worker] DEBUG org.hibernate.orm.results.loading.entity - (EntityResultInitializer) Hydrated EntityKey (com.joango.model.Event): 1
14:49:04.525 [Test worker] DEBUG org.hibernate.orm.results.loading.entity - (EntityResultInitializer) Created new entity instance [com.joango.model.Event#1] : Event(id=1, title=null, date=null, ticketPrice=null)
14:49:04.525 [Test worker] DEBUG org.hibernate.orm.results - Extracted JDBC value [1] - [2023-08-10 00:00:00.0]
14:49:04.525 [Test worker] DEBUG org.hibernate.orm.results - Extracted JDBC value [2] - [5000]
14:49:04.525 [Test worker] DEBUG org.hibernate.orm.results - Extracted JDBC value [3] - [posuere, enim]
14:49:04.525 [Test worker] DEBUG org.hibernate.orm.results.loading.entity - (EntityResultInitializer) Done materializing entityInstance : com.joango.model.Event#1
14:49:04.525 [Test worker] DEBUG org.hibernate.orm.results.loading - Calling top-level assembler (0 / 1) : org.hibernate.sql.results.graph.entity.internal.EntityAssembler@1c33d539
14:49:04.525 [Test worker] DEBUG org.hibernate.orm.results.loading.entity - (EntityResultInitializer) Found existing loading entry [com.joango.model.Event#1] - using loading instance
14:49:04.525 [Test worker] DEBUG org.springframework.orm.jpa.JpaTransactionManager - Found thread-bound EntityManager [SessionImpl(997588432<open>)] for JPA transaction
14:49:04.525 [Test worker] DEBUG org.springframework.orm.jpa.JpaTransactionManager - Participating in existing transaction
14:49:04.526 [Test worker] DEBUG org.hibernate.jpa.internal.PersistenceUnitUtilImpl - jakarta.persistence.PersistenceUnitUtil.getIdentifier is only intended to work with enhanced entities (although Hibernate also adapts this support to its proxies); however the passed entity was not enhanced (nor a proxy).. may not be able to read identifier
14:49:04.526 [Test worker] DEBUG org.hibernate.engine.spi.ActionQueue - Executing identity-insert immediately
14:49:04.526 [Test worker] DEBUG org.hibernate.SQL - insert into ticket (id, category, event_id, place, user_id) values (default, ?, ?, ?, ?)
Hibernate: insert into ticket (id, category, event_id, place, user_id) values (default, ?, ?, ?, ?)
14:49:04.526 [Test worker] DEBUG org.hibernate.id.IdentifierGeneratorHelper - Natively generated identity: 31
14:49:04.526 [Test worker] DEBUG org.springframework.orm.jpa.JpaTransactionManager - Found thread-bound EntityManager [SessionImpl(997588432<open>)] for JPA transaction
14:49:04.526 [Test worker] DEBUG org.springframework.orm.jpa.JpaTransactionManager - Participating in existing transaction
14:49:04.526 [Test worker] DEBUG org.hibernate.jpa.internal.PersistenceUnitUtilImpl - jakarta.persistence.PersistenceUnitUtil.getIdentifier is only intended to work with enhanced entities (although Hibernate also adapts this support to its proxies); however the passed entity was not enhanced (nor a proxy).. may not be able to read identifier
14:49:04.527 [Test worker] DEBUG org.springframework.orm.jpa.JpaTransactionManager - Initiating transaction commit
14:49:04.527 [Test worker] DEBUG org.springframework.orm.jpa.JpaTransactionManager - Committing JPA transaction on EntityManager [SessionImpl(997588432<open>)]
14:49:04.527 [Test worker] DEBUG org.hibernate.engine.transaction.internal.TransactionImpl - committing
14:49:04.527 [Test worker] DEBUG org.hibernate.event.internal.AbstractFlushingEventListener - Processing flush-time cascades
14:49:04.527 [Test worker] DEBUG org.hibernate.event.internal.AbstractFlushingEventListener - Dirty checking collections
14:49:04.527 [Test worker] DEBUG org.hibernate.event.internal.AbstractFlushingEventListener - Flushed: 0 insertions, 1 updates, 0 deletions to 4 objects
14:49:04.527 [Test worker] DEBUG org.hibernate.event.internal.AbstractFlushingEventListener - Flushed: 0 (re)creations, 0 updates, 0 removals to 0 collections
14:49:04.527 [Test worker] DEBUG org.hibernate.internal.util.EntityPrinter - Listing entities:
14:49:04.527 [Test worker] DEBUG org.hibernate.internal.util.EntityPrinter - com.joango.model.User{userAccount=com.joango.model.UserAccount#4, name=Scarlett Hood, id=4, email=taciti@protonmail.com}
14:49:04.527 [Test worker] DEBUG org.hibernate.internal.util.EntityPrinter - com.joango.model.Ticket{eventId=1, id=31, place=4, category=PREMIUM, userId=4}
14:49:04.527 [Test worker] DEBUG org.hibernate.internal.util.EntityPrinter - com.joango.model.UserAccount{id=4, userBalance=20000, user=com.joango.model.User#4}
14:49:04.527 [Test worker] DEBUG org.hibernate.internal.util.EntityPrinter - com.joango.model.Event{date=2023-08-10 00:00:00.0, ticketPrice=5000, id=1, title=posuere, enim}
14:49:04.527 [Test worker] DEBUG org.hibernate.SQL - update user_account set user_id=?, user_balance=? where id=?
Hibernate: update user_account set user_id=?, user_balance=? where id=?
14:49:04.527 [Test worker] DEBUG org.springframework.orm.jpa.JpaTransactionManager - Closing JPA EntityManager [SessionImpl(997588432<open>)] after transaction
14:49:04.527 [Test worker] DEBUG org.hibernate.engine.jdbc.internal.JdbcCoordinatorImpl - HHH000420: Closing un-released batch
14:49:04.527 [Test worker] DEBUG org.springframework.orm.jpa.JpaTransactionManager - Creating new transaction with name [org.springframework.data.jpa.repository.support.SimpleJpaRepository.findById]: PROPAGATION_REQUIRED,ISOLATION_DEFAULT,readOnly
14:49:04.527 [Test worker] DEBUG org.springframework.orm.jpa.JpaTransactionManager - Opened new EntityManager [SessionImpl(364947629<open>)] for JPA transaction
14:49:04.527 [Test worker] DEBUG org.springframework.jdbc.datasource.DataSourceUtils - Setting JDBC Connection [HikariProxyConnection@280961413 wrapping conn0: url=jdbc:h2:mem:testdb user=SA] read-only
14:49:04.527 [Test worker] DEBUG org.hibernate.engine.transaction.internal.TransactionImpl - On TransactionImpl creation, JpaCompliance#isJpaTransactionComplianceEnabled == false
14:49:04.527 [Test worker] DEBUG org.hibernate.engine.transaction.internal.TransactionImpl - begin
14:49:04.527 [Test worker] DEBUG org.springframework.orm.jpa.JpaTransactionManager - Exposing JPA transaction as JDBC [org.springframework.orm.jpa.vendor.HibernateJpaDialect$HibernateConnectionHandle@14c06f50]
14:49:04.528 [Test worker] DEBUG org.hibernate.orm.sql.exec - Skipping reading Query result cache data: cache-enabled = false, cache-mode = IGNORE
14:49:04.528 [Test worker] DEBUG org.hibernate.orm.results - Initializer list
14:49:04.528 [Test worker] DEBUG org.hibernate.orm.results -     com.joango.model.Ticket -> EntityResultInitializer(com.joango.model.Ticket)@1647354202 (SingleTableEntityPersister(com.joango.model.Ticket))
14:49:04.528 [Test worker] DEBUG org.hibernate.SQL - select t1_0.id,t1_0.category,t1_0.event_id,t1_0.place,t1_0.user_id from ticket t1_0 where t1_0.id=?
Hibernate: select t1_0.id,t1_0.category,t1_0.event_id,t1_0.place,t1_0.user_id from ticket t1_0 where t1_0.id=?
14:49:04.528 [Test worker] DEBUG org.hibernate.orm.results.loading.entity - (EntityResultInitializer) Hydrated EntityKey (com.joango.model.Ticket): 31
14:49:04.528 [Test worker] DEBUG org.hibernate.orm.results.loading.entity - (EntityResultInitializer) Created new entity instance [com.joango.model.Ticket#31] : Ticket(id=31, eventId=null, userId=null, category=null, place=null)
14:49:04.528 [Test worker] DEBUG org.hibernate.orm.results - Extracted JDBC value [1] - [PREMIUM]
14:49:04.528 [Test worker] DEBUG org.hibernate.orm.results - Extracted JDBC value [2] - [1]
14:49:04.528 [Test worker] DEBUG org.hibernate.orm.results - Extracted JDBC value [3] - [4]
14:49:04.528 [Test worker] DEBUG org.hibernate.orm.results - Extracted JDBC value [4] - [4]
14:49:04.528 [Test worker] DEBUG org.hibernate.orm.results.loading.entity - (EntityResultInitializer) Done materializing entityInstance : com.joango.model.Ticket#31
14:49:04.528 [Test worker] DEBUG org.hibernate.orm.results.loading - Calling top-level assembler (0 / 1) : org.hibernate.sql.results.graph.entity.internal.EntityAssembler@6b0f50d8
14:49:04.528 [Test worker] DEBUG org.hibernate.orm.results.loading.entity - (EntityResultInitializer) Found existing loading entry [com.joango.model.Ticket#31] - using loading instance
14:49:04.528 [Test worker] DEBUG org.springframework.orm.jpa.JpaTransactionManager - Initiating transaction commit
14:49:04.528 [Test worker] DEBUG org.springframework.orm.jpa.JpaTransactionManager - Committing JPA transaction on EntityManager [SessionImpl(364947629<open>)]
14:49:04.528 [Test worker] DEBUG org.hibernate.engine.transaction.internal.TransactionImpl - committing
14:49:04.528 [Test worker] DEBUG org.springframework.jdbc.datasource.DataSourceUtils - Resetting read-only flag of JDBC Connection [HikariProxyConnection@280961413 wrapping conn0: url=jdbc:h2:mem:testdb user=SA]
14:49:04.528 [Test worker] DEBUG org.springframework.orm.jpa.JpaTransactionManager - Closing JPA EntityManager [SessionImpl(364947629<open>)] after transaction
14:49:04.529 [Test worker] DEBUG org.springframework.orm.jpa.JpaTransactionManager - Creating new transaction with name [org.springframework.data.jpa.repository.support.SimpleJpaRepository.findById]: PROPAGATION_REQUIRED,ISOLATION_DEFAULT,readOnly
14:49:04.529 [Test worker] DEBUG org.springframework.orm.jpa.JpaTransactionManager - Opened new EntityManager [SessionImpl(1272093185<open>)] for JPA transaction
14:49:04.529 [Test worker] DEBUG org.springframework.jdbc.datasource.DataSourceUtils - Setting JDBC Connection [HikariProxyConnection@1514834483 wrapping conn0: url=jdbc:h2:mem:testdb user=SA] read-only
14:49:04.529 [Test worker] DEBUG org.hibernate.engine.transaction.internal.TransactionImpl - On TransactionImpl creation, JpaCompliance#isJpaTransactionComplianceEnabled == false
14:49:04.529 [Test worker] DEBUG org.hibernate.engine.transaction.internal.TransactionImpl - begin
14:49:04.529 [Test worker] DEBUG org.springframework.orm.jpa.JpaTransactionManager - Exposing JPA transaction as JDBC [org.springframework.orm.jpa.vendor.HibernateJpaDialect$HibernateConnectionHandle@4a3363c9]
14:49:04.529 [Test worker] DEBUG org.hibernate.orm.sql.exec - Skipping reading Query result cache data: cache-enabled = false, cache-mode = IGNORE
14:49:04.529 [Test worker] DEBUG org.hibernate.orm.results - Initializer list
14:49:04.529 [Test worker] DEBUG org.hibernate.orm.results -     com.joango.model.User.userAccount -> EntityJoinedFetchInitializer(com.joango.model.User.userAccount)@1674536087 (ToOneAttributeMapping(NavigableRole[com.joango.model.User.userAccount])@1494592361)
14:49:04.529 [Test worker] DEBUG org.hibernate.orm.results -     com.joango.model.User -> EntityResultInitializer(com.joango.model.User)@1007876221 (SingleTableEntityPersister(com.joango.model.User))
14:49:04.529 [Test worker] DEBUG org.hibernate.SQL - select u1_0.id,u1_0.email,u1_0.name,u2_0.id,u2_0.user_balance from user u1_0 left join user_account u2_0 on u1_0.id=u2_0.user_id where u1_0.id=?
Hibernate: select u1_0.id,u1_0.email,u1_0.name,u2_0.id,u2_0.user_balance from user u1_0 left join user_account u2_0 on u1_0.id=u2_0.user_id where u1_0.id=?
14:49:04.529 [Test worker] DEBUG org.hibernate.orm.results - Extracted JDBC value [3] - [4]
14:49:04.529 [Test worker] DEBUG org.hibernate.orm.results.loading.entity - (EntityJoinedFetchInitializer) Hydrated EntityKey (com.joango.model.User.userAccount): 4
14:49:04.529 [Test worker] DEBUG org.hibernate.orm.results.loading.entity - (EntityResultInitializer) Hydrated EntityKey (com.joango.model.User): 4
14:49:04.529 [Test worker] DEBUG org.hibernate.orm.results.loading.entity - (EntityJoinedFetchInitializer) Created new entity instance [com.joango.model.User.userAccount#4] : UserAccount(id=4, userBalance=null, user=null)
14:49:04.529 [Test worker] DEBUG org.hibernate.orm.results.loading.entity - (EntityResultInitializer) Created new entity instance [com.joango.model.User#4] : User(id=4, name=null, email=null, userAccount=null)
14:49:04.529 [Test worker] DEBUG org.hibernate.orm.results - Extracted JDBC value [4] - [20000]
14:49:04.529 [Test worker] DEBUG org.hibernate.orm.results.loading.entity - (EntityJoinedFetchInitializer) Done materializing entityInstance : com.joango.model.User.userAccount#4
14:49:04.529 [Test worker] DEBUG org.hibernate.orm.results - Extracted JDBC value [1] - [taciti@protonmail.com]
14:49:04.529 [Test worker] DEBUG org.hibernate.orm.results - Extracted JDBC value [2] - [Scarlett Hood]
14:49:04.529 [Test worker] DEBUG org.hibernate.orm.results.loading.entity - (EntityJoinedFetchInitializer) Found existing loading entry [com.joango.model.User.userAccount#4] - using loading instance
14:49:04.529 [Test worker] DEBUG org.hibernate.orm.results.loading.entity - (EntityResultInitializer) Done materializing entityInstance : com.joango.model.User#4
14:49:04.529 [Test worker] DEBUG org.hibernate.orm.results.loading - Calling top-level assembler (0 / 1) : org.hibernate.sql.results.graph.entity.internal.EntityAssembler@5dce3e82
14:49:04.529 [Test worker] DEBUG org.hibernate.orm.results.loading.entity - (EntityResultInitializer) Found existing loading entry [com.joango.model.User#4] - using loading instance
14:49:04.529 [Test worker] DEBUG org.springframework.orm.jpa.JpaTransactionManager - Initiating transaction commit
14:49:04.529 [Test worker] DEBUG org.springframework.orm.jpa.JpaTransactionManager - Committing JPA transaction on EntityManager [SessionImpl(1272093185<open>)]
14:49:04.529 [Test worker] DEBUG org.hibernate.engine.transaction.internal.TransactionImpl - committing
14:49:04.529 [Test worker] DEBUG org.springframework.jdbc.datasource.DataSourceUtils - Resetting read-only flag of JDBC Connection [HikariProxyConnection@1514834483 wrapping conn0: url=jdbc:h2:mem:testdb user=SA]
14:49:04.529 [Test worker] DEBUG org.springframework.orm.jpa.JpaTransactionManager - Closing JPA EntityManager [SessionImpl(1272093185<open>)] after transaction
14:49:04.529 [Test worker] DEBUG org.springframework.orm.jpa.SharedEntityManagerCreator$SharedEntityManagerInvocationHandler - Creating new EntityManager for shared EntityManager invocation
14:49:04.530 [Test worker] DEBUG org.hibernate.orm.sql.ast.create - Created new SQL alias : t1_0
14:49:04.530 [Test worker] DEBUG org.hibernate.orm.sql.ast.create - Registration of TableGroup [StandardTableGroup(com.joango.model.Ticket(320504002306208))] with identifierForTableGroup [com.joango.model.Ticket] for NavigablePath [com.joango.model.Ticket] 
14:49:04.530 [Test worker] DEBUG org.hibernate.query.sqm.sql.BaseSqmToSqlAstConverter - Determining mapping-model type for SqmParameter : org.hibernate.query.sqm.tree.expression.SqmJpaCriteriaParameterWrapper@4a0e3bd
14:49:04.530 [Test worker] DEBUG org.hibernate.query.sqm.sql.BaseSqmToSqlAstConverter - Determining mapping-model type for SqmPath : SqmBasicValuedSimplePath(com.joango.model.Ticket(320504002306208).userId) 
14:49:04.530 [Test worker] DEBUG org.hibernate.orm.results.graph.AST - DomainResult Graph:
 \-EntityResultImpl [com.joango.model.Ticket(320504002306208)]
 |  +-BasicFetch [com.joango.model.Ticket(320504002306208).category]
 |  +-BasicFetch [com.joango.model.Ticket(320504002306208).eventId]
 |  +-BasicFetch [com.joango.model.Ticket(320504002306208).place]
 |  \-BasicFetch [com.joango.model.Ticket(320504002306208).userId]

14:49:04.530 [Test worker] DEBUG org.hibernate.orm.sql.ast.tree - SQL AST Tree:%n    SelectStatement {
      FromClause {
        StandardTableGroup (t1 : com.joango.model.Ticket(320504002306208)) {
          primaryTableReference : ticket as t1_0
        }
      }
    }

14:49:04.530 [Test worker] DEBUG org.hibernate.orm.sql.exec - Skipping reading Query result cache data: cache-enabled = false, cache-mode = NORMAL
14:49:04.530 [Test worker] DEBUG org.hibernate.orm.results - Initializer list
14:49:04.530 [Test worker] DEBUG org.hibernate.orm.results -     com.joango.model.Ticket(320504002306208) -> EntityResultInitializer(com.joango.model.Ticket(320504002306208))@1002973859 (SingleTableEntityPersister(com.joango.model.Ticket))
14:49:04.530 [Test worker] DEBUG org.hibernate.SQL - select t1_0.id,t1_0.category,t1_0.event_id,t1_0.place,t1_0.user_id from ticket t1_0 where t1_0.user_id=?
Hibernate: select t1_0.id,t1_0.category,t1_0.event_id,t1_0.place,t1_0.user_id from ticket t1_0 where t1_0.user_id=?
14:49:04.530 [Test worker] DEBUG org.hibernate.orm.results - Extracted JDBC value [0] - [8]
14:49:04.530 [Test worker] DEBUG org.hibernate.orm.results.loading.entity - (EntityResultInitializer) Hydrated EntityKey (com.joango.model.Ticket(320504002306208)): 8
14:49:04.530 [Test worker] DEBUG org.hibernate.orm.results.loading.entity - (EntityResultInitializer) Created new entity instance [com.joango.model.Ticket(320504002306208)#8] : Ticket(id=8, eventId=null, userId=null, category=null, place=null)
14:49:04.530 [Test worker] DEBUG org.hibernate.orm.results - Extracted JDBC value [1] - [STANDARD]
14:49:04.530 [Test worker] DEBUG org.hibernate.orm.results - Extracted JDBC value [2] - [5]
14:49:04.530 [Test worker] DEBUG org.hibernate.orm.results - Extracted JDBC value [3] - [13]
14:49:04.530 [Test worker] DEBUG org.hibernate.orm.results - Extracted JDBC value [4] - [4]
14:49:04.531 [Test worker] DEBUG org.hibernate.orm.results.loading.entity - (EntityResultInitializer) Done materializing entityInstance : com.joango.model.Ticket(320504002306208)#8
14:49:04.531 [Test worker] DEBUG org.hibernate.orm.results.loading - Calling top-level assembler (0 / 1) : org.hibernate.sql.results.graph.entity.internal.EntityAssembler@37b04a2a
14:49:04.531 [Test worker] DEBUG org.hibernate.orm.results.loading.entity - (EntityResultInitializer) Found existing loading entry [com.joango.model.Ticket(320504002306208)#8] - using loading instance
14:49:04.531 [Test worker] DEBUG org.hibernate.orm.results - Extracted JDBC value [0] - [31]
14:49:04.531 [Test worker] DEBUG org.hibernate.orm.results.loading.entity - (EntityResultInitializer) Hydrated EntityKey (com.joango.model.Ticket(320504002306208)): 31
14:49:04.531 [Test worker] DEBUG org.hibernate.orm.results.loading.entity - (EntityResultInitializer) Created new entity instance [com.joango.model.Ticket(320504002306208)#31] : Ticket(id=31, eventId=null, userId=null, category=null, place=null)
14:49:04.531 [Test worker] DEBUG org.hibernate.orm.results - Extracted JDBC value [1] - [PREMIUM]
14:49:04.531 [Test worker] DEBUG org.hibernate.orm.results - Extracted JDBC value [2] - [1]
14:49:04.531 [Test worker] DEBUG org.hibernate.orm.results - Extracted JDBC value [3] - [4]
14:49:04.531 [Test worker] DEBUG org.hibernate.orm.results - Extracted JDBC value [4] - [4]
14:49:04.531 [Test worker] DEBUG org.hibernate.orm.results.loading.entity - (EntityResultInitializer) Done materializing entityInstance : com.joango.model.Ticket(320504002306208)#31
14:49:04.531 [Test worker] DEBUG org.hibernate.orm.results.loading - Calling top-level assembler (0 / 1) : org.hibernate.sql.results.graph.entity.internal.EntityAssembler@37b04a2a
14:49:04.531 [Test worker] DEBUG org.hibernate.orm.results.loading.entity - (EntityResultInitializer) Found existing loading entry [com.joango.model.Ticket(320504002306208)#31] - using loading instance
14:49:04.531 [Test worker] DEBUG org.springframework.orm.jpa.SharedEntityManagerCreator$SharedEntityManagerInvocationHandler - Creating new EntityManager for shared EntityManager invocation
14:49:04.531 [Test worker] DEBUG org.hibernate.orm.sql.ast.create - Created new SQL alias : u1_0
14:49:04.531 [Test worker] DEBUG org.hibernate.orm.sql.ast.create - Registration of TableGroup [StandardTableGroup(com.joango.model.UserAccount(320504025671041))] with identifierForTableGroup [com.joango.model.UserAccount] for NavigablePath [com.joango.model.UserAccount] 
14:49:04.531 [Test worker] DEBUG org.hibernate.orm.sql.ast.create - Registration of TableGroup [org.hibernate.sql.ast.tree.from.LazyTableGroup@22071f0] with identifierForTableGroup [com.joango.model.UserAccount.user] for NavigablePath [com.joango.model.UserAccount.user] 
14:49:04.532 [Test worker] DEBUG org.hibernate.query.sqm.sql.BaseSqmToSqlAstConverter - Determining mapping-model type for SqmParameter : org.hibernate.query.sqm.tree.expression.SqmJpaCriteriaParameterWrapper@5e888fba
14:49:04.532 [Test worker] DEBUG org.hibernate.query.sqm.sql.BaseSqmToSqlAstConverter - Determining mapping-model type for SqmPath : SqmBasicValuedSimplePath(com.joango.model.UserAccount(320504025671041).user(320504025699750).id) 
14:49:04.532 [Test worker] DEBUG org.hibernate.orm.results.graph.AST - DomainResult Graph:
 \-EntityResultImpl [com.joango.model.UserAccount(320504025671041)]
 |  +-CircularFetchImpl [com.joango.model.UserAccount(320504025671041).user]
 |  \-BasicFetch [com.joango.model.UserAccount(320504025671041).userBalance]

14:49:04.532 [Test worker] DEBUG org.hibernate.orm.sql.ast.tree - SQL AST Tree:%n    SelectStatement {
      FromClause {
        StandardTableGroup (u1 : com.joango.model.UserAccount(320504025671041)) {
          primaryTableReference : user_account as u1_0
          TableGroupJoins {
            left  join LazyTableGroup (u2 : com.joango.model.UserAccount(320504025671041).user(320504025699750)) {
            }
          }
        }
      }
    }

14:49:04.532 [Test worker] DEBUG org.hibernate.orm.sql.exec - Skipping reading Query result cache data: cache-enabled = false, cache-mode = NORMAL
14:49:04.532 [Test worker] DEBUG org.hibernate.orm.results - Initializer list
14:49:04.532 [Test worker] DEBUG org.hibernate.orm.results -     com.joango.model.UserAccount(320504025671041).user -> EntitySelectFetchInitializer(com.joango.model.UserAccount(320504025671041).user)@897736003 (ToOneAttributeMapping(NavigableRole[com.joango.model.UserAccount.user])@696104621)
14:49:04.532 [Test worker] DEBUG org.hibernate.orm.results -     com.joango.model.UserAccount(320504025671041) -> EntityResultInitializer(com.joango.model.UserAccount(320504025671041))@1602545508 (SingleTableEntityPersister(com.joango.model.UserAccount))
14:49:04.532 [Test worker] DEBUG org.hibernate.SQL - select u1_0.id,u1_0.user_id,u1_0.user_balance from user_account u1_0 where u1_0.user_id=?
Hibernate: select u1_0.id,u1_0.user_id,u1_0.user_balance from user_account u1_0 where u1_0.user_id=?
14:49:04.532 [Test worker] DEBUG org.hibernate.orm.results - Extracted JDBC value [0] - [4]
14:49:04.532 [Test worker] DEBUG org.hibernate.orm.results.loading.entity - (EntityResultInitializer) Hydrated EntityKey (com.joango.model.UserAccount(320504025671041)): 4
14:49:04.532 [Test worker] DEBUG org.hibernate.orm.results.loading.entity - (EntityResultInitializer) Created new entity instance [com.joango.model.UserAccount(320504025671041)#4] : UserAccount(id=4, userBalance=null, user=null)
14:49:04.532 [Test worker] DEBUG org.hibernate.orm.results - Extracted JDBC value [1] - [4]
14:49:04.532 [Test worker] DEBUG org.hibernate.orm.results.loading.entity - (EntitySelectFetchInitializer) Invoking session#internalLoad for entity (com.joango.model.UserAccount(320504025671041).user#4) : 4
14:49:04.532 [Test worker] DEBUG org.hibernate.orm.sql.exec - Skipping reading Query result cache data: cache-enabled = false, cache-mode = IGNORE
14:49:04.532 [Test worker] DEBUG org.hibernate.orm.results - Initializer list
14:49:04.532 [Test worker] DEBUG org.hibernate.orm.results -     com.joango.model.User.userAccount -> EntityJoinedFetchInitializer(com.joango.model.User.userAccount)@962249445 (ToOneAttributeMapping(NavigableRole[com.joango.model.User.userAccount])@1494592361)
14:49:04.532 [Test worker] DEBUG org.hibernate.orm.results -     com.joango.model.User -> EntityResultInitializer(com.joango.model.User)@1100856685 (SingleTableEntityPersister(com.joango.model.User))
14:49:04.532 [Test worker] DEBUG org.hibernate.SQL - select u1_0.id,u1_0.email,u1_0.name,u2_0.id,u2_0.user_balance from user u1_0 left join user_account u2_0 on u1_0.id=u2_0.user_id where u1_0.id=?
Hibernate: select u1_0.id,u1_0.email,u1_0.name,u2_0.id,u2_0.user_balance from user u1_0 left join user_account u2_0 on u1_0.id=u2_0.user_id where u1_0.id=?
14:49:04.532 [Test worker] DEBUG org.hibernate.orm.results - Extracted JDBC value [3] - [4]
14:49:04.532 [Test worker] DEBUG org.hibernate.orm.results.loading.entity - (EntityJoinedFetchInitializer) Hydrated EntityKey (com.joango.model.User.userAccount): 4
14:49:04.532 [Test worker] DEBUG org.hibernate.orm.results.loading.entity - (EntityResultInitializer) Hydrated EntityKey (com.joango.model.User): 4
14:49:04.532 [Test worker] DEBUG org.hibernate.orm.results.loading.entity - (EntityJoinedFetchInitializer) Found existing loading entry [com.joango.model.User.userAccount#4] - using loading instance
14:49:04.532 [Test worker] DEBUG org.hibernate.orm.results.loading.entity - (EntityJoinedFetchInitializer) Entity [com.joango.model.User.userAccount#4] being loaded by another initializer [EntityResultInitializer(com.joango.model.UserAccount(320504025671041))] - skipping processing
14:49:04.532 [Test worker] DEBUG org.hibernate.orm.results.loading.entity - (EntityResultInitializer) Created new entity instance [com.joango.model.User#4] : User(id=4, name=null, email=null, userAccount=null)
14:49:04.532 [Test worker] DEBUG org.hibernate.orm.results - Extracted JDBC value [4] - [20000]
14:49:04.532 [Test worker] DEBUG org.hibernate.orm.results.loading.entity - (EntityJoinedFetchInitializer) Done materializing entityInstance : com.joango.model.User.userAccount#4
14:49:04.533 [Test worker] DEBUG org.hibernate.orm.results - Extracted JDBC value [1] - [taciti@protonmail.com]
14:49:04.533 [Test worker] DEBUG org.hibernate.orm.results - Extracted JDBC value [2] - [Scarlett Hood]
14:49:04.533 [Test worker] DEBUG org.hibernate.orm.results.loading.entity - (EntityJoinedFetchInitializer) Found existing loading entry [com.joango.model.User.userAccount#4] - using loading instance
14:49:04.533 [Test worker] DEBUG org.hibernate.orm.results.loading.entity - (EntityResultInitializer) Done materializing entityInstance : com.joango.model.User#4
14:49:04.533 [Test worker] DEBUG org.hibernate.orm.results.loading - Calling top-level assembler (0 / 1) : org.hibernate.sql.results.graph.entity.internal.EntityAssembler@363d3958
14:49:04.533 [Test worker] DEBUG org.hibernate.orm.results.loading.entity - (EntityResultInitializer) Found existing loading entry [com.joango.model.User#4] - using loading instance
14:49:04.533 [Test worker] DEBUG org.hibernate.orm.results.loading.entity - (EntitySelectFetchInitializer) Entity [com.joango.model.UserAccount(320504025671041).user#4] : 4 has being loaded by session.internalLoad.
14:49:04.533 [Test worker] DEBUG org.hibernate.orm.results.loading - Calling top-level assembler (0 / 1) : org.hibernate.sql.results.graph.entity.internal.EntityAssembler@2181144e
14:49:04.533 [Test worker] DEBUG org.hibernate.orm.results.loading.entity - (EntityResultInitializer) Found existing loading entry [com.joango.model.UserAccount(320504025671041)#4] - using loading instance
14:49:04.533 [Test worker] DEBUG org.springframework.test.context.cache - Spring test ApplicationContext cache statistics: [DefaultContextCache@329b4b8b size = 1, maxSize = 32, parentContextCount = 0, hitCount = 137, missCount = 1]
14:49:04.533 [Test worker] DEBUG org.springframework.test.context.cache - Spring test ApplicationContext cache statistics: [DefaultContextCache@329b4b8b size = 1, maxSize = 32, parentContextCount = 0, hitCount = 138, missCount = 1]
14:49:04.533 [Test worker] DEBUG org.springframework.test.context.cache - Spring test ApplicationContext cache statistics: [DefaultContextCache@329b4b8b size = 1, maxSize = 32, parentContextCount = 0, hitCount = 139, missCount = 1]
14:49:04.533 [Test worker] DEBUG org.springframework.test.context.cache - Spring test ApplicationContext cache statistics: [DefaultContextCache@329b4b8b size = 1, maxSize = 32, parentContextCount = 0, hitCount = 140, missCount = 1]
14:49:04.533 [Test worker] DEBUG org.springframework.test.context.cache - Spring test ApplicationContext cache statistics: [DefaultContextCache@329b4b8b size = 1, maxSize = 32, parentContextCount = 0, hitCount = 141, missCount = 1]
14:49:04.534 [Test worker] DEBUG org.springframework.test.context.cache - Spring test ApplicationContext cache statistics: [DefaultContextCache@329b4b8b size = 1, maxSize = 32, parentContextCount = 0, hitCount = 142, missCount = 1]
14:49:04.534 [Test worker] DEBUG org.springframework.test.context.support.AbstractDirtiesContextTestExecutionListener - After test method: class [BookingServiceIntegrationTest], method [bookTicketWithEnoughBalance], class annotated with @DirtiesContext [false] with mode [null], method annotated with @DirtiesContext [false] with mode [null]
14:49:04.534 [Test worker] DEBUG org.springframework.test.context.cache - Spring test ApplicationContext cache statistics: [DefaultContextCache@329b4b8b size = 1, maxSize = 32, parentContextCount = 0, hitCount = 143, missCount = 1]
14:49:04.534 [Test worker] DEBUG org.springframework.test.context.support.DependencyInjectionTestExecutionListener - Performing dependency injection for test class com.joango.BookingServiceIntegrationTest
14:49:04.534 [Test worker] DEBUG org.springframework.test.context.cache - Spring test ApplicationContext cache statistics: [DefaultContextCache@329b4b8b size = 1, maxSize = 32, parentContextCount = 0, hitCount = 144, missCount = 1]
14:49:04.534 [Test worker] DEBUG org.springframework.test.context.cache - Spring test ApplicationContext cache statistics: [DefaultContextCache@329b4b8b size = 1, maxSize = 32, parentContextCount = 0, hitCount = 145, missCount = 1]
14:49:04.534 [Test worker] DEBUG org.springframework.test.context.cache - Spring test ApplicationContext cache statistics: [DefaultContextCache@329b4b8b size = 1, maxSize = 32, parentContextCount = 0, hitCount = 146, missCount = 1]
14:49:04.534 [Test worker] DEBUG org.springframework.test.context.support.AbstractDirtiesContextTestExecutionListener - Before test method: class [BookingServiceIntegrationTest], method [getTicketByIdException], class annotated with @DirtiesContext [false] with mode [null], method annotated with @DirtiesContext [false] with mode [null]
14:49:04.535 [Test worker] DEBUG org.springframework.test.context.cache - Spring test ApplicationContext cache statistics: [DefaultContextCache@329b4b8b size = 1, maxSize = 32, parentContextCount = 0, hitCount = 147, missCount = 1]
14:49:04.535 [Test worker] DEBUG org.springframework.test.context.cache - Spring test ApplicationContext cache statistics: [DefaultContextCache@329b4b8b size = 1, maxSize = 32, parentContextCount = 0, hitCount = 148, missCount = 1]
14:49:04.535 [Test worker] DEBUG org.springframework.test.context.cache - Spring test ApplicationContext cache statistics: [DefaultContextCache@329b4b8b size = 1, maxSize = 32, parentContextCount = 0, hitCount = 149, missCount = 1]
14:49:04.535 [Test worker] DEBUG org.springframework.orm.jpa.JpaTransactionManager - Creating new transaction with name [org.springframework.data.jpa.repository.support.SimpleJpaRepository.findById]: PROPAGATION_REQUIRED,ISOLATION_DEFAULT,readOnly
14:49:04.535 [Test worker] DEBUG org.springframework.orm.jpa.JpaTransactionManager - Opened new EntityManager [SessionImpl(1439128434<open>)] for JPA transaction
14:49:04.535 [Test worker] DEBUG org.springframework.jdbc.datasource.DataSourceUtils - Setting JDBC Connection [HikariProxyConnection@1450447579 wrapping conn0: url=jdbc:h2:mem:testdb user=SA] read-only
14:49:04.535 [Test worker] DEBUG org.hibernate.engine.transaction.internal.TransactionImpl - On TransactionImpl creation, JpaCompliance#isJpaTransactionComplianceEnabled == false
14:49:04.535 [Test worker] DEBUG org.hibernate.engine.transaction.internal.TransactionImpl - begin
14:49:04.535 [Test worker] DEBUG org.springframework.orm.jpa.JpaTransactionManager - Exposing JPA transaction as JDBC [org.springframework.orm.jpa.vendor.HibernateJpaDialect$HibernateConnectionHandle@4addfb95]
14:49:04.535 [Test worker] DEBUG org.hibernate.orm.sql.exec - Skipping reading Query result cache data: cache-enabled = false, cache-mode = IGNORE
14:49:04.535 [Test worker] DEBUG org.hibernate.orm.results - Initializer list
14:49:04.535 [Test worker] DEBUG org.hibernate.orm.results -     com.joango.model.Ticket -> EntityResultInitializer(com.joango.model.Ticket)@758887059 (SingleTableEntityPersister(com.joango.model.Ticket))
14:49:04.535 [Test worker] DEBUG org.hibernate.SQL - select t1_0.id,t1_0.category,t1_0.event_id,t1_0.place,t1_0.user_id from ticket t1_0 where t1_0.id=?
Hibernate: select t1_0.id,t1_0.category,t1_0.event_id,t1_0.place,t1_0.user_id from ticket t1_0 where t1_0.id=?
14:49:04.535 [Test worker] DEBUG org.springframework.orm.jpa.JpaTransactionManager - Initiating transaction commit
14:49:04.535 [Test worker] DEBUG org.springframework.orm.jpa.JpaTransactionManager - Committing JPA transaction on EntityManager [SessionImpl(1439128434<open>)]
14:49:04.535 [Test worker] DEBUG org.hibernate.engine.transaction.internal.TransactionImpl - committing
14:49:04.536 [Test worker] DEBUG org.springframework.jdbc.datasource.DataSourceUtils - Resetting read-only flag of JDBC Connection [HikariProxyConnection@1450447579 wrapping conn0: url=jdbc:h2:mem:testdb user=SA]
14:49:04.536 [Test worker] DEBUG org.springframework.orm.jpa.JpaTransactionManager - Closing JPA EntityManager [SessionImpl(1439128434<open>)] after transaction
14:49:04.536 [Test worker] DEBUG org.springframework.test.context.cache - Spring test ApplicationContext cache statistics: [DefaultContextCache@329b4b8b size = 1, maxSize = 32, parentContextCount = 0, hitCount = 150, missCount = 1]
14:49:04.536 [Test worker] DEBUG org.springframework.test.context.cache - Spring test ApplicationContext cache statistics: [DefaultContextCache@329b4b8b size = 1, maxSize = 32, parentContextCount = 0, hitCount = 151, missCount = 1]
14:49:04.536 [Test worker] DEBUG org.springframework.test.context.cache - Spring test ApplicationContext cache statistics: [DefaultContextCache@329b4b8b size = 1, maxSize = 32, parentContextCount = 0, hitCount = 152, missCount = 1]
14:49:04.536 [Test worker] DEBUG org.springframework.test.context.cache - Spring test ApplicationContext cache statistics: [DefaultContextCache@329b4b8b size = 1, maxSize = 32, parentContextCount = 0, hitCount = 153, missCount = 1]
14:49:04.536 [Test worker] DEBUG org.springframework.test.context.cache - Spring test ApplicationContext cache statistics: [DefaultContextCache@329b4b8b size = 1, maxSize = 32, parentContextCount = 0, hitCount = 154, missCount = 1]
14:49:04.536 [Test worker] DEBUG org.springframework.test.context.cache - Spring test ApplicationContext cache statistics: [DefaultContextCache@329b4b8b size = 1, maxSize = 32, parentContextCount = 0, hitCount = 155, missCount = 1]
14:49:04.536 [Test worker] DEBUG org.springframework.test.context.support.AbstractDirtiesContextTestExecutionListener - After test method: class [BookingServiceIntegrationTest], method [getTicketByIdException], class annotated with @DirtiesContext [false] with mode [null], method annotated with @DirtiesContext [false] with mode [null]
14:49:04.536 [Test worker] DEBUG org.springframework.test.context.cache - Spring test ApplicationContext cache statistics: [DefaultContextCache@329b4b8b size = 1, maxSize = 32, parentContextCount = 0, hitCount = 156, missCount = 1]
14:49:04.536 [Test worker] DEBUG org.springframework.test.context.support.DependencyInjectionTestExecutionListener - Performing dependency injection for test class com.joango.BookingServiceIntegrationTest
14:49:04.536 [Test worker] DEBUG org.springframework.test.context.cache - Spring test ApplicationContext cache statistics: [DefaultContextCache@329b4b8b size = 1, maxSize = 32, parentContextCount = 0, hitCount = 157, missCount = 1]
14:49:04.537 [Test worker] DEBUG org.springframework.test.context.cache - Spring test ApplicationContext cache statistics: [DefaultContextCache@329b4b8b size = 1, maxSize = 32, parentContextCount = 0, hitCount = 158, missCount = 1]
14:49:04.537 [Test worker] DEBUG org.springframework.test.context.cache - Spring test ApplicationContext cache statistics: [DefaultContextCache@329b4b8b size = 1, maxSize = 32, parentContextCount = 0, hitCount = 159, missCount = 1]
14:49:04.537 [Test worker] DEBUG org.springframework.test.context.support.AbstractDirtiesContextTestExecutionListener - Before test method: class [BookingServiceIntegrationTest], method [getUserByEmailException], class annotated with @DirtiesContext [false] with mode [null], method annotated with @DirtiesContext [false] with mode [null]
14:49:04.537 [Test worker] DEBUG org.springframework.test.context.cache - Spring test ApplicationContext cache statistics: [DefaultContextCache@329b4b8b size = 1, maxSize = 32, parentContextCount = 0, hitCount = 160, missCount = 1]
14:49:04.537 [Test worker] DEBUG org.springframework.test.context.cache - Spring test ApplicationContext cache statistics: [DefaultContextCache@329b4b8b size = 1, maxSize = 32, parentContextCount = 0, hitCount = 161, missCount = 1]
14:49:04.537 [Test worker] DEBUG org.springframework.test.context.cache - Spring test ApplicationContext cache statistics: [DefaultContextCache@329b4b8b size = 1, maxSize = 32, parentContextCount = 0, hitCount = 162, missCount = 1]
14:49:04.538 [Test worker] DEBUG org.springframework.orm.jpa.SharedEntityManagerCreator$SharedEntityManagerInvocationHandler - Creating new EntityManager for shared EntityManager invocation
14:49:04.538 [Test worker] DEBUG org.hibernate.orm.sql.ast.create - Created new SQL alias : u1_0
14:49:04.538 [Test worker] DEBUG org.hibernate.orm.sql.ast.create - Registration of TableGroup [StandardTableGroup(com.joango.model.User(320503957158333))] with identifierForTableGroup [com.joango.model.User] for NavigablePath [com.joango.model.User] 
14:49:04.538 [Test worker] DEBUG org.hibernate.query.sqm.sql.BaseSqmToSqlAstConverter - Determining mapping-model type for SqmParameter : org.hibernate.query.sqm.tree.expression.SqmJpaCriteriaParameterWrapper@36e6e59f
14:49:04.538 [Test worker] DEBUG org.hibernate.query.sqm.sql.BaseSqmToSqlAstConverter - Determining mapping-model type for SqmPath : SqmBasicValuedSimplePath(com.joango.model.User(320503957158333).email) 
14:49:04.538 [Test worker] DEBUG org.hibernate.orm.results.graph.AST - DomainResult Graph:
 \-EntityResultImpl [com.joango.model.User(320503957158333)]
 |  +-BasicFetch [com.joango.model.User(320503957158333).email]
 |  +-BasicFetch [com.joango.model.User(320503957158333).name]
 |  \-CircularFetchImpl [com.joango.model.User(320503957158333).userAccount]

14:49:04.538 [Test worker] DEBUG org.hibernate.orm.sql.ast.tree - SQL AST Tree:%n    SelectStatement {
      FromClause {
        StandardTableGroup (u1 : com.joango.model.User(320503957158333)) {
          primaryTableReference : user as u1_0
        }
      }
    }

14:49:04.538 [Test worker] DEBUG org.hibernate.orm.sql.exec - Skipping reading Query result cache data: cache-enabled = false, cache-mode = NORMAL
14:49:04.538 [Test worker] DEBUG org.hibernate.orm.results - Initializer list
14:49:04.538 [Test worker] DEBUG org.hibernate.orm.results -     com.joango.model.User(320503957158333).userAccount -> EntitySelectFetchInitializer(com.joango.model.User(320503957158333).userAccount)@210282562 (ToOneAttributeMapping(NavigableRole[com.joango.model.User.userAccount])@1494592361)
14:49:04.538 [Test worker] DEBUG org.hibernate.orm.results -     com.joango.model.User(320503957158333) -> EntityResultInitializer(com.joango.model.User(320503957158333))@222522961 (SingleTableEntityPersister(com.joango.model.User))
14:49:04.538 [Test worker] DEBUG org.hibernate.SQL - select u1_0.id,u1_0.email,u1_0.name from user u1_0 where u1_0.email=?
Hibernate: select u1_0.id,u1_0.email,u1_0.name from user u1_0 where u1_0.email=?
14:49:04.539 [Test worker] DEBUG org.springframework.test.context.cache - Spring test ApplicationContext cache statistics: [DefaultContextCache@329b4b8b size = 1, maxSize = 32, parentContextCount = 0, hitCount = 163, missCount = 1]
14:49:04.539 [Test worker] DEBUG org.springframework.test.context.cache - Spring test ApplicationContext cache statistics: [DefaultContextCache@329b4b8b size = 1, maxSize = 32, parentContextCount = 0, hitCount = 164, missCount = 1]
14:49:04.539 [Test worker] DEBUG org.springframework.test.context.cache - Spring test ApplicationContext cache statistics: [DefaultContextCache@329b4b8b size = 1, maxSize = 32, parentContextCount = 0, hitCount = 165, missCount = 1]
14:49:04.539 [Test worker] DEBUG org.springframework.test.context.cache - Spring test ApplicationContext cache statistics: [DefaultContextCache@329b4b8b size = 1, maxSize = 32, parentContextCount = 0, hitCount = 166, missCount = 1]
14:49:04.539 [Test worker] DEBUG org.springframework.test.context.cache - Spring test ApplicationContext cache statistics: [DefaultContextCache@329b4b8b size = 1, maxSize = 32, parentContextCount = 0, hitCount = 167, missCount = 1]
14:49:04.539 [Test worker] DEBUG org.springframework.test.context.cache - Spring test ApplicationContext cache statistics: [DefaultContextCache@329b4b8b size = 1, maxSize = 32, parentContextCount = 0, hitCount = 168, missCount = 1]
14:49:04.539 [Test worker] DEBUG org.springframework.test.context.support.AbstractDirtiesContextTestExecutionListener - After test method: class [BookingServiceIntegrationTest], method [getUserByEmailException], class annotated with @DirtiesContext [false] with mode [null], method annotated with @DirtiesContext [false] with mode [null]
14:49:04.539 [Test worker] DEBUG org.springframework.test.context.cache - Spring test ApplicationContext cache statistics: [DefaultContextCache@329b4b8b size = 1, maxSize = 32, parentContextCount = 0, hitCount = 169, missCount = 1]
14:49:04.539 [Test worker] DEBUG org.springframework.test.context.support.DependencyInjectionTestExecutionListener - Performing dependency injection for test class com.joango.BookingServiceIntegrationTest
14:49:04.539 [Test worker] DEBUG org.springframework.test.context.cache - Spring test ApplicationContext cache statistics: [DefaultContextCache@329b4b8b size = 1, maxSize = 32, parentContextCount = 0, hitCount = 170, missCount = 1]
14:49:04.540 [Test worker] DEBUG org.springframework.test.context.cache - Spring test ApplicationContext cache statistics: [DefaultContextCache@329b4b8b size = 1, maxSize = 32, parentContextCount = 0, hitCount = 171, missCount = 1]
14:49:04.540 [Test worker] DEBUG org.springframework.test.context.cache - Spring test ApplicationContext cache statistics: [DefaultContextCache@329b4b8b size = 1, maxSize = 32, parentContextCount = 0, hitCount = 172, missCount = 1]
14:49:04.540 [Test worker] DEBUG org.springframework.test.context.support.AbstractDirtiesContextTestExecutionListener - Before test method: class [BookingServiceIntegrationTest], method [createUser], class annotated with @DirtiesContext [false] with mode [null], method annotated with @DirtiesContext [false] with mode [null]
14:49:04.540 [Test worker] DEBUG org.springframework.test.context.cache - Spring test ApplicationContext cache statistics: [DefaultContextCache@329b4b8b size = 1, maxSize = 32, parentContextCount = 0, hitCount = 173, missCount = 1]
14:49:04.540 [Test worker] DEBUG org.springframework.test.context.cache - Spring test ApplicationContext cache statistics: [DefaultContextCache@329b4b8b size = 1, maxSize = 32, parentContextCount = 0, hitCount = 174, missCount = 1]
14:49:04.540 [Test worker] DEBUG org.springframework.test.context.cache - Spring test ApplicationContext cache statistics: [DefaultContextCache@329b4b8b size = 1, maxSize = 32, parentContextCount = 0, hitCount = 175, missCount = 1]
14:49:04.540 [Test worker] DEBUG org.springframework.orm.jpa.JpaTransactionManager - Creating new transaction with name [org.springframework.data.jpa.repository.support.SimpleJpaRepository.save]: PROPAGATION_REQUIRED,ISOLATION_DEFAULT
14:49:04.540 [Test worker] DEBUG org.springframework.orm.jpa.JpaTransactionManager - Opened new EntityManager [SessionImpl(479072819<open>)] for JPA transaction
14:49:04.540 [Test worker] DEBUG org.hibernate.engine.transaction.internal.TransactionImpl - On TransactionImpl creation, JpaCompliance#isJpaTransactionComplianceEnabled == false
14:49:04.540 [Test worker] DEBUG org.hibernate.engine.transaction.internal.TransactionImpl - begin
14:49:04.540 [Test worker] DEBUG org.springframework.orm.jpa.JpaTransactionManager - Exposing JPA transaction as JDBC [org.springframework.orm.jpa.vendor.HibernateJpaDialect$HibernateConnectionHandle@72117fc0]
14:49:04.540 [Test worker] DEBUG org.hibernate.jpa.internal.PersistenceUnitUtilImpl - jakarta.persistence.PersistenceUnitUtil.getIdentifier is only intended to work with enhanced entities (although Hibernate also adapts this support to its proxies); however the passed entity was not enhanced (nor a proxy).. may not be able to read identifier
14:49:04.540 [Test worker] DEBUG org.hibernate.engine.spi.ActionQueue - Executing identity-insert immediately
14:49:04.540 [Test worker] DEBUG org.hibernate.SQL - insert into user (id, email, name) values (default, ?, ?)
Hibernate: insert into user (id, email, name) values (default, ?, ?)
14:49:04.541 [Test worker] DEBUG org.hibernate.id.IdentifierGeneratorHelper - Natively generated identity: 22
14:49:04.541 [Test worker] DEBUG org.springframework.orm.jpa.JpaTransactionManager - Initiating transaction commit
14:49:04.541 [Test worker] DEBUG org.springframework.orm.jpa.JpaTransactionManager - Committing JPA transaction on EntityManager [SessionImpl(479072819<open>)]
14:49:04.541 [Test worker] DEBUG org.hibernate.engine.transaction.internal.TransactionImpl - committing
14:49:04.541 [Test worker] DEBUG org.hibernate.event.internal.AbstractFlushingEventListener - Processing flush-time cascades
14:49:04.541 [Test worker] DEBUG org.hibernate.event.internal.AbstractFlushingEventListener - Dirty checking collections
14:49:04.541 [Test worker] DEBUG org.hibernate.event.internal.AbstractFlushingEventListener - Flushed: 0 insertions, 0 updates, 0 deletions to 1 objects
14:49:04.541 [Test worker] DEBUG org.hibernate.event.internal.AbstractFlushingEventListener - Flushed: 0 (re)creations, 0 updates, 0 removals to 0 collections
14:49:04.541 [Test worker] DEBUG org.hibernate.internal.util.EntityPrinter - Listing entities:
14:49:04.541 [Test worker] DEBUG org.hibernate.internal.util.EntityPrinter - com.joango.model.User{userAccount=null, name=George, id=22, email=Email}
14:49:04.541 [Test worker] DEBUG org.springframework.orm.jpa.JpaTransactionManager - Closing JPA EntityManager [SessionImpl(479072819<open>)] after transaction
14:49:04.541 [Test worker] DEBUG org.springframework.test.context.cache - Spring test ApplicationContext cache statistics: [DefaultContextCache@329b4b8b size = 1, maxSize = 32, parentContextCount = 0, hitCount = 176, missCount = 1]
14:49:04.541 [Test worker] DEBUG org.springframework.test.context.cache - Spring test ApplicationContext cache statistics: [DefaultContextCache@329b4b8b size = 1, maxSize = 32, parentContextCount = 0, hitCount = 177, missCount = 1]
14:49:04.541 [Test worker] DEBUG org.springframework.test.context.cache - Spring test ApplicationContext cache statistics: [DefaultContextCache@329b4b8b size = 1, maxSize = 32, parentContextCount = 0, hitCount = 178, missCount = 1]
14:49:04.541 [Test worker] DEBUG org.springframework.test.context.cache - Spring test ApplicationContext cache statistics: [DefaultContextCache@329b4b8b size = 1, maxSize = 32, parentContextCount = 0, hitCount = 179, missCount = 1]
14:49:04.541 [Test worker] DEBUG org.springframework.test.context.cache - Spring test ApplicationContext cache statistics: [DefaultContextCache@329b4b8b size = 1, maxSize = 32, parentContextCount = 0, hitCount = 180, missCount = 1]
14:49:04.542 [Test worker] DEBUG org.springframework.test.context.cache - Spring test ApplicationContext cache statistics: [DefaultContextCache@329b4b8b size = 1, maxSize = 32, parentContextCount = 0, hitCount = 181, missCount = 1]
14:49:04.542 [Test worker] DEBUG org.springframework.test.context.support.AbstractDirtiesContextTestExecutionListener - After test method: class [BookingServiceIntegrationTest], method [createUser], class annotated with @DirtiesContext [false] with mode [null], method annotated with @DirtiesContext [false] with mode [null]
14:49:04.542 [Test worker] DEBUG org.springframework.test.context.cache - Spring test ApplicationContext cache statistics: [DefaultContextCache@329b4b8b size = 1, maxSize = 32, parentContextCount = 0, hitCount = 182, missCount = 1]
14:49:04.542 [Test worker] DEBUG org.springframework.test.context.support.DependencyInjectionTestExecutionListener - Performing dependency injection for test class com.joango.BookingServiceIntegrationTest
14:49:04.542 [Test worker] DEBUG org.springframework.test.context.cache - Spring test ApplicationContext cache statistics: [DefaultContextCache@329b4b8b size = 1, maxSize = 32, parentContextCount = 0, hitCount = 183, missCount = 1]
14:49:04.542 [Test worker] DEBUG org.springframework.test.context.cache - Spring test ApplicationContext cache statistics: [DefaultContextCache@329b4b8b size = 1, maxSize = 32, parentContextCount = 0, hitCount = 184, missCount = 1]
14:49:04.542 [Test worker] DEBUG org.springframework.test.context.cache - Spring test ApplicationContext cache statistics: [DefaultContextCache@329b4b8b size = 1, maxSize = 32, parentContextCount = 0, hitCount = 185, missCount = 1]
14:49:04.542 [Test worker] DEBUG org.springframework.test.context.support.AbstractDirtiesContextTestExecutionListener - Before test method: class [BookingServiceIntegrationTest], method [bookTicketWithInsufficientFounds], class annotated with @DirtiesContext [false] with mode [null], method annotated with @DirtiesContext [false] with mode [null]
14:49:04.542 [Test worker] DEBUG org.springframework.test.context.cache - Spring test ApplicationContext cache statistics: [DefaultContextCache@329b4b8b size = 1, maxSize = 32, parentContextCount = 0, hitCount = 186, missCount = 1]
14:49:04.543 [Test worker] DEBUG org.springframework.test.context.cache - Spring test ApplicationContext cache statistics: [DefaultContextCache@329b4b8b size = 1, maxSize = 32, parentContextCount = 0, hitCount = 187, missCount = 1]
14:49:04.543 [Test worker] DEBUG org.springframework.test.context.cache - Spring test ApplicationContext cache statistics: [DefaultContextCache@329b4b8b size = 1, maxSize = 32, parentContextCount = 0, hitCount = 188, missCount = 1]
14:49:04.543 [Test worker] DEBUG org.springframework.orm.jpa.JpaTransactionManager - Creating new transaction with name [com.joango.facade.BookingFacadeImpl.bookTicket]: PROPAGATION_REQUIRED,ISOLATION_DEFAULT
14:49:04.543 [Test worker] DEBUG org.springframework.orm.jpa.JpaTransactionManager - Opened new EntityManager [SessionImpl(1707704043<open>)] for JPA transaction
14:49:04.543 [Test worker] DEBUG org.hibernate.engine.transaction.internal.TransactionImpl - On TransactionImpl creation, JpaCompliance#isJpaTransactionComplianceEnabled == false
14:49:04.543 [Test worker] DEBUG org.hibernate.engine.transaction.internal.TransactionImpl - begin
14:49:04.543 [Test worker] DEBUG org.springframework.orm.jpa.JpaTransactionManager - Exposing JPA transaction as JDBC [org.springframework.orm.jpa.vendor.HibernateJpaDialect$HibernateConnectionHandle@49825659]
14:49:04.543 [Test worker] DEBUG org.springframework.orm.jpa.JpaTransactionManager - Found thread-bound EntityManager [SessionImpl(1707704043<open>)] for JPA transaction
14:49:04.543 [Test worker] DEBUG org.springframework.orm.jpa.JpaTransactionManager - Participating in existing transaction
14:49:04.543 [Test worker] DEBUG org.hibernate.orm.sql.exec - Skipping reading Query result cache data: cache-enabled = false, cache-mode = IGNORE
14:49:04.543 [Test worker] DEBUG org.hibernate.orm.results - Initializer list
14:49:04.543 [Test worker] DEBUG org.hibernate.orm.results -     com.joango.model.User.userAccount -> EntityJoinedFetchInitializer(com.joango.model.User.userAccount)@716229124 (ToOneAttributeMapping(NavigableRole[com.joango.model.User.userAccount])@1494592361)
14:49:04.543 [Test worker] DEBUG org.hibernate.orm.results -     com.joango.model.User -> EntityResultInitializer(com.joango.model.User)@1405521573 (SingleTableEntityPersister(com.joango.model.User))
14:49:04.543 [Test worker] DEBUG org.hibernate.SQL - select u1_0.id,u1_0.email,u1_0.name,u2_0.id,u2_0.user_balance from user u1_0 left join user_account u2_0 on u1_0.id=u2_0.user_id where u1_0.id=?
Hibernate: select u1_0.id,u1_0.email,u1_0.name,u2_0.id,u2_0.user_balance from user u1_0 left join user_account u2_0 on u1_0.id=u2_0.user_id where u1_0.id=?
14:49:04.544 [Test worker] DEBUG org.hibernate.orm.results - Extracted JDBC value [3] - [1]
14:49:04.544 [Test worker] DEBUG org.hibernate.orm.results.loading.entity - (EntityJoinedFetchInitializer) Hydrated EntityKey (com.joango.model.User.userAccount): 1
14:49:04.544 [Test worker] DEBUG org.hibernate.orm.results.loading.entity - (EntityResultInitializer) Hydrated EntityKey (com.joango.model.User): 1
14:49:04.544 [Test worker] DEBUG org.hibernate.orm.results.loading.entity - (EntityJoinedFetchInitializer) Created new entity instance [com.joango.model.User.userAccount#1] : UserAccount(id=1, userBalance=null, user=null)
14:49:04.544 [Test worker] DEBUG org.hibernate.orm.results.loading.entity - (EntityResultInitializer) Created new entity instance [com.joango.model.User#1] : User(id=1, name=null, email=null, userAccount=null)
14:49:04.544 [Test worker] DEBUG org.hibernate.orm.results - Extracted JDBC value [4] - [10000]
14:49:04.544 [Test worker] DEBUG org.hibernate.orm.results.loading.entity - (EntityJoinedFetchInitializer) Done materializing entityInstance : com.joango.model.User.userAccount#1
14:49:04.544 [Test worker] DEBUG org.hibernate.orm.results - Extracted JDBC value [1] - [dictum@icloud.com]
14:49:04.544 [Test worker] DEBUG org.hibernate.orm.results - Extracted JDBC value [2] - [Lewis Burton]
14:49:04.544 [Test worker] DEBUG org.hibernate.orm.results.loading.entity - (EntityJoinedFetchInitializer) Found existing loading entry [com.joango.model.User.userAccount#1] - using loading instance
14:49:04.544 [Test worker] DEBUG org.hibernate.orm.results.loading.entity - (EntityResultInitializer) Done materializing entityInstance : com.joango.model.User#1
14:49:04.544 [Test worker] DEBUG org.hibernate.orm.results.loading - Calling top-level assembler (0 / 1) : org.hibernate.sql.results.graph.entity.internal.EntityAssembler@245a90b1
14:49:04.544 [Test worker] DEBUG org.hibernate.orm.results.loading.entity - (EntityResultInitializer) Found existing loading entry [com.joango.model.User#1] - using loading instance
14:49:04.544 [Test worker] DEBUG org.springframework.orm.jpa.JpaTransactionManager - Found thread-bound EntityManager [SessionImpl(1707704043<open>)] for JPA transaction
14:49:04.544 [Test worker] DEBUG org.springframework.orm.jpa.JpaTransactionManager - Participating in existing transaction
14:49:04.544 [Test worker] DEBUG org.hibernate.orm.sql.exec - Skipping reading Query result cache data: cache-enabled = false, cache-mode = IGNORE
14:49:04.544 [Test worker] DEBUG org.hibernate.orm.results - Initializer list
14:49:04.544 [Test worker] DEBUG org.hibernate.orm.results -     com.joango.model.Event -> EntityResultInitializer(com.joango.model.Event)@1799587714 (SingleTableEntityPersister(com.joango.model.Event))
14:49:04.544 [Test worker] DEBUG org.hibernate.SQL - select e1_0.id,e1_0.date,e1_0.ticket_price,e1_0.title from event e1_0 where e1_0.id=?
Hibernate: select e1_0.id,e1_0.date,e1_0.ticket_price,e1_0.title from event e1_0 where e1_0.id=?
14:49:04.544 [Test worker] DEBUG org.hibernate.orm.results.loading.entity - (EntityResultInitializer) Hydrated EntityKey (com.joango.model.Event): 4
14:49:04.544 [Test worker] DEBUG org.hibernate.orm.results.loading.entity - (EntityResultInitializer) Created new entity instance [com.joango.model.Event#4] : Event(id=4, title=null, date=null, ticketPrice=null)
14:49:04.544 [Test worker] DEBUG org.hibernate.orm.results - Extracted JDBC value [1] - [2023-05-06 00:00:00.0]
14:49:04.545 [Test worker] DEBUG org.hibernate.orm.results - Extracted JDBC value [2] - [100000]
14:49:04.545 [Test worker] DEBUG org.hibernate.orm.results - Extracted JDBC value [3] - [odio semper]
14:49:04.545 [Test worker] DEBUG org.hibernate.orm.results.loading.entity - (EntityResultInitializer) Done materializing entityInstance : com.joango.model.Event#4
14:49:04.545 [Test worker] DEBUG org.hibernate.orm.results.loading - Calling top-level assembler (0 / 1) : org.hibernate.sql.results.graph.entity.internal.EntityAssembler@2b55ac77
14:49:04.545 [Test worker] DEBUG org.hibernate.orm.results.loading.entity - (EntityResultInitializer) Found existing loading entry [com.joango.model.Event#4] - using loading instance
14:49:04.545 [Test worker] DEBUG org.springframework.orm.jpa.JpaTransactionManager - Initiating transaction rollback
14:49:04.545 [Test worker] DEBUG org.springframework.orm.jpa.JpaTransactionManager - Rolling back JPA transaction on EntityManager [SessionImpl(1707704043<open>)]
14:49:04.545 [Test worker] DEBUG org.hibernate.engine.transaction.internal.TransactionImpl - rolling back
14:49:04.545 [Test worker] DEBUG org.springframework.orm.jpa.JpaTransactionManager - Closing JPA EntityManager [SessionImpl(1707704043<open>)] after transaction
14:49:04.545 [Test worker] DEBUG org.springframework.test.context.cache - Spring test ApplicationContext cache statistics: [DefaultContextCache@329b4b8b size = 1, maxSize = 32, parentContextCount = 0, hitCount = 189, missCount = 1]
14:49:04.545 [Test worker] DEBUG org.springframework.test.context.cache - Spring test ApplicationContext cache statistics: [DefaultContextCache@329b4b8b size = 1, maxSize = 32, parentContextCount = 0, hitCount = 190, missCount = 1]
14:49:04.546 [Test worker] DEBUG org.springframework.test.context.cache - Spring test ApplicationContext cache statistics: [DefaultContextCache@329b4b8b size = 1, maxSize = 32, parentContextCount = 0, hitCount = 191, missCount = 1]
14:49:04.546 [Test worker] DEBUG org.springframework.test.context.cache - Spring test ApplicationContext cache statistics: [DefaultContextCache@329b4b8b size = 1, maxSize = 32, parentContextCount = 0, hitCount = 192, missCount = 1]
14:49:04.546 [Test worker] DEBUG org.springframework.test.context.cache - Spring test ApplicationContext cache statistics: [DefaultContextCache@329b4b8b size = 1, maxSize = 32, parentContextCount = 0, hitCount = 193, missCount = 1]
14:49:04.546 [Test worker] DEBUG org.springframework.test.context.cache - Spring test ApplicationContext cache statistics: [DefaultContextCache@329b4b8b size = 1, maxSize = 32, parentContextCount = 0, hitCount = 194, missCount = 1]
14:49:04.546 [Test worker] DEBUG org.springframework.test.context.support.AbstractDirtiesContextTestExecutionListener - After test method: class [BookingServiceIntegrationTest], method [bookTicketWithInsufficientFounds], class annotated with @DirtiesContext [false] with mode [null], method annotated with @DirtiesContext [false] with mode [null]
14:49:04.546 [Test worker] DEBUG org.springframework.test.context.cache - Spring test ApplicationContext cache statistics: [DefaultContextCache@329b4b8b size = 1, maxSize = 32, parentContextCount = 0, hitCount = 195, missCount = 1]
14:49:04.546 [Test worker] DEBUG org.springframework.test.context.support.DependencyInjectionTestExecutionListener - Performing dependency injection for test class com.joango.BookingServiceIntegrationTest
14:49:04.546 [Test worker] DEBUG org.springframework.test.context.cache - Spring test ApplicationContext cache statistics: [DefaultContextCache@329b4b8b size = 1, maxSize = 32, parentContextCount = 0, hitCount = 196, missCount = 1]
14:49:04.546 [Test worker] DEBUG org.springframework.test.context.cache - Spring test ApplicationContext cache statistics: [DefaultContextCache@329b4b8b size = 1, maxSize = 32, parentContextCount = 0, hitCount = 197, missCount = 1]
14:49:04.547 [Test worker] DEBUG org.springframework.test.context.cache - Spring test ApplicationContext cache statistics: [DefaultContextCache@329b4b8b size = 1, maxSize = 32, parentContextCount = 0, hitCount = 198, missCount = 1]
14:49:04.547 [Test worker] DEBUG org.springframework.test.context.support.AbstractDirtiesContextTestExecutionListener - Before test method: class [BookingServiceIntegrationTest], method [getUserByIdException], class annotated with @DirtiesContext [false] with mode [null], method annotated with @DirtiesContext [false] with mode [null]
14:49:04.547 [Test worker] DEBUG org.springframework.test.context.cache - Spring test ApplicationContext cache statistics: [DefaultContextCache@329b4b8b size = 1, maxSize = 32, parentContextCount = 0, hitCount = 199, missCount = 1]
14:49:04.547 [Test worker] DEBUG org.springframework.test.context.cache - Spring test ApplicationContext cache statistics: [DefaultContextCache@329b4b8b size = 1, maxSize = 32, parentContextCount = 0, hitCount = 200, missCount = 1]
14:49:04.547 [Test worker] DEBUG org.springframework.test.context.cache - Spring test ApplicationContext cache statistics: [DefaultContextCache@329b4b8b size = 1, maxSize = 32, parentContextCount = 0, hitCount = 201, missCount = 1]
14:49:04.547 [Test worker] DEBUG org.springframework.orm.jpa.JpaTransactionManager - Creating new transaction with name [org.springframework.data.jpa.repository.support.SimpleJpaRepository.findById]: PROPAGATION_REQUIRED,ISOLATION_DEFAULT,readOnly
14:49:04.547 [Test worker] DEBUG org.springframework.orm.jpa.JpaTransactionManager - Opened new EntityManager [SessionImpl(55543660<open>)] for JPA transaction
14:49:04.547 [Test worker] DEBUG org.springframework.jdbc.datasource.DataSourceUtils - Setting JDBC Connection [HikariProxyConnection@902790808 wrapping conn0: url=jdbc:h2:mem:testdb user=SA] read-only
14:49:04.547 [Test worker] DEBUG org.hibernate.engine.transaction.internal.TransactionImpl - On TransactionImpl creation, JpaCompliance#isJpaTransactionComplianceEnabled == false
14:49:04.547 [Test worker] DEBUG org.hibernate.engine.transaction.internal.TransactionImpl - begin
14:49:04.547 [Test worker] DEBUG org.springframework.orm.jpa.JpaTransactionManager - Exposing JPA transaction as JDBC [org.springframework.orm.jpa.vendor.HibernateJpaDialect$HibernateConnectionHandle@6f54d397]
14:49:04.547 [Test worker] DEBUG org.hibernate.orm.sql.exec - Skipping reading Query result cache data: cache-enabled = false, cache-mode = IGNORE
14:49:04.547 [Test worker] DEBUG org.hibernate.orm.results - Initializer list
14:49:04.547 [Test worker] DEBUG org.hibernate.orm.results -     com.joango.model.User.userAccount -> EntityJoinedFetchInitializer(com.joango.model.User.userAccount)@325641297 (ToOneAttributeMapping(NavigableRole[com.joango.model.User.userAccount])@1494592361)
14:49:04.547 [Test worker] DEBUG org.hibernate.orm.results -     com.joango.model.User -> EntityResultInitializer(com.joango.model.User)@1826842039 (SingleTableEntityPersister(com.joango.model.User))
14:49:04.547 [Test worker] DEBUG org.hibernate.SQL - select u1_0.id,u1_0.email,u1_0.name,u2_0.id,u2_0.user_balance from user u1_0 left join user_account u2_0 on u1_0.id=u2_0.user_id where u1_0.id=?
Hibernate: select u1_0.id,u1_0.email,u1_0.name,u2_0.id,u2_0.user_balance from user u1_0 left join user_account u2_0 on u1_0.id=u2_0.user_id where u1_0.id=?
14:49:04.548 [Test worker] DEBUG org.springframework.orm.jpa.JpaTransactionManager - Initiating transaction commit
14:49:04.548 [Test worker] DEBUG org.springframework.orm.jpa.JpaTransactionManager - Committing JPA transaction on EntityManager [SessionImpl(55543660<open>)]
14:49:04.548 [Test worker] DEBUG org.hibernate.engine.transaction.internal.TransactionImpl - committing
14:49:04.548 [Test worker] DEBUG org.springframework.jdbc.datasource.DataSourceUtils - Resetting read-only flag of JDBC Connection [HikariProxyConnection@902790808 wrapping conn0: url=jdbc:h2:mem:testdb user=SA]
14:49:04.548 [Test worker] DEBUG org.springframework.orm.jpa.JpaTransactionManager - Closing JPA EntityManager [SessionImpl(55543660<open>)] after transaction
14:49:04.548 [Test worker] DEBUG org.springframework.test.context.cache - Spring test ApplicationContext cache statistics: [DefaultContextCache@329b4b8b size = 1, maxSize = 32, parentContextCount = 0, hitCount = 202, missCount = 1]
14:49:04.548 [Test worker] DEBUG org.springframework.test.context.cache - Spring test ApplicationContext cache statistics: [DefaultContextCache@329b4b8b size = 1, maxSize = 32, parentContextCount = 0, hitCount = 203, missCount = 1]
14:49:04.548 [Test worker] DEBUG org.springframework.test.context.cache - Spring test ApplicationContext cache statistics: [DefaultContextCache@329b4b8b size = 1, maxSize = 32, parentContextCount = 0, hitCount = 204, missCount = 1]
14:49:04.548 [Test worker] DEBUG org.springframework.test.context.cache - Spring test ApplicationContext cache statistics: [DefaultContextCache@329b4b8b size = 1, maxSize = 32, parentContextCount = 0, hitCount = 205, missCount = 1]
14:49:04.548 [Test worker] DEBUG org.springframework.test.context.cache - Spring test ApplicationContext cache statistics: [DefaultContextCache@329b4b8b size = 1, maxSize = 32, parentContextCount = 0, hitCount = 206, missCount = 1]
14:49:04.549 [Test worker] DEBUG org.springframework.test.context.cache - Spring test ApplicationContext cache statistics: [DefaultContextCache@329b4b8b size = 1, maxSize = 32, parentContextCount = 0, hitCount = 207, missCount = 1]
14:49:04.549 [Test worker] DEBUG org.springframework.test.context.support.AbstractDirtiesContextTestExecutionListener - After test method: class [BookingServiceIntegrationTest], method [getUserByIdException], class annotated with @DirtiesContext [false] with mode [null], method annotated with @DirtiesContext [false] with mode [null]
14:49:04.549 [Test worker] DEBUG org.springframework.test.context.cache - Spring test ApplicationContext cache statistics: [DefaultContextCache@329b4b8b size = 1, maxSize = 32, parentContextCount = 0, hitCount = 208, missCount = 1]
14:49:04.549 [Test worker] DEBUG org.springframework.test.context.support.DependencyInjectionTestExecutionListener - Performing dependency injection for test class com.joango.BookingServiceIntegrationTest
14:49:04.549 [Test worker] DEBUG org.springframework.test.context.cache - Spring test ApplicationContext cache statistics: [DefaultContextCache@329b4b8b size = 1, maxSize = 32, parentContextCount = 0, hitCount = 209, missCount = 1]
14:49:04.549 [Test worker] DEBUG org.springframework.test.context.cache - Spring test ApplicationContext cache statistics: [DefaultContextCache@329b4b8b size = 1, maxSize = 32, parentContextCount = 0, hitCount = 210, missCount = 1]
14:49:04.549 [Test worker] DEBUG org.springframework.test.context.cache - Spring test ApplicationContext cache statistics: [DefaultContextCache@329b4b8b size = 1, maxSize = 32, parentContextCount = 0, hitCount = 211, missCount = 1]
14:49:04.549 [Test worker] DEBUG org.springframework.test.context.support.AbstractDirtiesContextTestExecutionListener - Before test method: class [BookingServiceIntegrationTest], method [getEventsByTitle], class annotated with @DirtiesContext [false] with mode [null], method annotated with @DirtiesContext [false] with mode [null]
14:49:04.549 [Test worker] DEBUG org.springframework.test.context.cache - Spring test ApplicationContext cache statistics: [DefaultContextCache@329b4b8b size = 1, maxSize = 32, parentContextCount = 0, hitCount = 212, missCount = 1]
14:49:04.549 [Test worker] DEBUG org.springframework.test.context.cache - Spring test ApplicationContext cache statistics: [DefaultContextCache@329b4b8b size = 1, maxSize = 32, parentContextCount = 0, hitCount = 213, missCount = 1]
14:49:04.550 [Test worker] DEBUG org.springframework.test.context.cache - Spring test ApplicationContext cache statistics: [DefaultContextCache@329b4b8b size = 1, maxSize = 32, parentContextCount = 0, hitCount = 214, missCount = 1]
14:49:04.550 [Test worker] DEBUG org.springframework.orm.jpa.SharedEntityManagerCreator$SharedEntityManagerInvocationHandler - Creating new EntityManager for shared EntityManager invocation
14:49:04.550 [Test worker] DEBUG org.hibernate.orm.sql.ast.create - Created new SQL alias : e1_0
14:49:04.550 [Test worker] DEBUG org.hibernate.orm.sql.ast.create - Registration of TableGroup [StandardTableGroup(com.joango.model.Event(320503982041833))] with identifierForTableGroup [com.joango.model.Event] for NavigablePath [com.joango.model.Event] 
14:49:04.550 [Test worker] DEBUG org.hibernate.query.sqm.sql.BaseSqmToSqlAstConverter - Determining mapping-model type for SqmParameter : org.hibernate.query.sqm.tree.expression.SqmJpaCriteriaParameterWrapper@3f8961fc
14:49:04.550 [Test worker] DEBUG org.hibernate.query.sqm.sql.BaseSqmToSqlAstConverter - Determining mapping-model type for SqmPath : SqmBasicValuedSimplePath(com.joango.model.Event(320503982041833).title) 
14:49:04.550 [Test worker] DEBUG org.hibernate.orm.results.graph.AST - DomainResult Graph:
 \-EntityResultImpl [com.joango.model.Event(320503982041833)]
 |  +-BasicFetch [com.joango.model.Event(320503982041833).date]
 |  +-BasicFetch [com.joango.model.Event(320503982041833).ticketPrice]
 |  \-BasicFetch [com.joango.model.Event(320503982041833).title]

14:49:04.550 [Test worker] DEBUG org.hibernate.orm.sql.ast.tree - SQL AST Tree:%n    SelectStatement {
      FromClause {
        StandardTableGroup (e1 : com.joango.model.Event(320503982041833)) {
          primaryTableReference : event as e1_0
        }
      }
    }

14:49:04.551 [Test worker] DEBUG org.hibernate.orm.sql.exec - Skipping reading Query result cache data: cache-enabled = false, cache-mode = NORMAL
14:49:04.551 [Test worker] DEBUG org.hibernate.orm.results - Initializer list
14:49:04.551 [Test worker] DEBUG org.hibernate.orm.results -     com.joango.model.Event(320503982041833) -> EntityResultInitializer(com.joango.model.Event(320503982041833))@214441139 (SingleTableEntityPersister(com.joango.model.Event))
14:49:04.551 [Test worker] DEBUG org.hibernate.SQL - select e1_0.id,e1_0.date,e1_0.ticket_price,e1_0.title from event e1_0 where e1_0.title=?
Hibernate: select e1_0.id,e1_0.date,e1_0.ticket_price,e1_0.title from event e1_0 where e1_0.title=?
14:49:04.551 [Test worker] DEBUG org.hibernate.orm.results - Extracted JDBC value [0] - [1]
14:49:04.551 [Test worker] DEBUG org.hibernate.orm.results.loading.entity - (EntityResultInitializer) Hydrated EntityKey (com.joango.model.Event(320503982041833)): 1
14:49:04.551 [Test worker] DEBUG org.hibernate.orm.results.loading.entity - (EntityResultInitializer) Created new entity instance [com.joango.model.Event(320503982041833)#1] : Event(id=1, title=null, date=null, ticketPrice=null)
14:49:04.551 [Test worker] DEBUG org.hibernate.orm.results - Extracted JDBC value [1] - [2023-08-10 00:00:00.0]
14:49:04.551 [Test worker] DEBUG org.hibernate.orm.results - Extracted JDBC value [2] - [5000]
14:49:04.551 [Test worker] DEBUG org.hibernate.orm.results - Extracted JDBC value [3] - [posuere, enim]
14:49:04.551 [Test worker] DEBUG org.hibernate.orm.results.loading.entity - (EntityResultInitializer) Done materializing entityInstance : com.joango.model.Event(320503982041833)#1
14:49:04.551 [Test worker] DEBUG org.hibernate.orm.results.loading - Calling top-level assembler (0 / 1) : org.hibernate.sql.results.graph.entity.internal.EntityAssembler@7aead157
14:49:04.551 [Test worker] DEBUG org.hibernate.orm.results.loading.entity - (EntityResultInitializer) Found existing loading entry [com.joango.model.Event(320503982041833)#1] - using loading instance
14:49:04.552 [Test worker] DEBUG org.hibernate.orm.results - Extracted JDBC value [0] - [2]
14:49:04.552 [Test worker] DEBUG org.hibernate.orm.results.loading.entity - (EntityResultInitializer) Hydrated EntityKey (com.joango.model.Event(320503982041833)): 2
14:49:04.552 [Test worker] DEBUG org.hibernate.orm.results.loading.entity - (EntityResultInitializer) Created new entity instance [com.joango.model.Event(320503982041833)#2] : Event(id=2, title=null, date=null, ticketPrice=null)
14:49:04.552 [Test worker] DEBUG org.hibernate.orm.results - Extracted JDBC value [1] - [2023-07-10 00:00:00.0]
14:49:04.552 [Test worker] DEBUG org.hibernate.orm.results - Extracted JDBC value [2] - [4000]
14:49:04.552 [Test worker] DEBUG org.hibernate.orm.results - Extracted JDBC value [3] - [posuere, enim]
14:49:04.552 [Test worker] DEBUG org.hibernate.orm.results.loading.entity - (EntityResultInitializer) Done materializing entityInstance : com.joango.model.Event(320503982041833)#2
14:49:04.552 [Test worker] DEBUG org.hibernate.orm.results.loading - Calling top-level assembler (0 / 1) : org.hibernate.sql.results.graph.entity.internal.EntityAssembler@7aead157
14:49:04.552 [Test worker] DEBUG org.hibernate.orm.results.loading.entity - (EntityResultInitializer) Found existing loading entry [com.joango.model.Event(320503982041833)#2] - using loading instance
14:49:04.552 [Test worker] DEBUG org.springframework.test.context.cache - Spring test ApplicationContext cache statistics: [DefaultContextCache@329b4b8b size = 1, maxSize = 32, parentContextCount = 0, hitCount = 215, missCount = 1]
14:49:04.552 [Test worker] DEBUG org.springframework.test.context.cache - Spring test ApplicationContext cache statistics: [DefaultContextCache@329b4b8b size = 1, maxSize = 32, parentContextCount = 0, hitCount = 216, missCount = 1]
14:49:04.553 [Test worker] DEBUG org.springframework.test.context.cache - Spring test ApplicationContext cache statistics: [DefaultContextCache@329b4b8b size = 1, maxSize = 32, parentContextCount = 0, hitCount = 217, missCount = 1]
14:49:04.553 [Test worker] DEBUG org.springframework.test.context.cache - Spring test ApplicationContext cache statistics: [DefaultContextCache@329b4b8b size = 1, maxSize = 32, parentContextCount = 0, hitCount = 218, missCount = 1]
14:49:04.553 [Test worker] DEBUG org.springframework.test.context.cache - Spring test ApplicationContext cache statistics: [DefaultContextCache@329b4b8b size = 1, maxSize = 32, parentContextCount = 0, hitCount = 219, missCount = 1]
14:49:04.553 [Test worker] DEBUG org.springframework.test.context.cache - Spring test ApplicationContext cache statistics: [DefaultContextCache@329b4b8b size = 1, maxSize = 32, parentContextCount = 0, hitCount = 220, missCount = 1]
14:49:04.553 [Test worker] DEBUG org.springframework.test.context.support.AbstractDirtiesContextTestExecutionListener - After test method: class [BookingServiceIntegrationTest], method [getEventsByTitle], class annotated with @DirtiesContext [false] with mode [null], method annotated with @DirtiesContext [false] with mode [null]
14:49:04.554 [Test worker] DEBUG org.springframework.test.context.cache - Spring test ApplicationContext cache statistics: [DefaultContextCache@329b4b8b size = 1, maxSize = 32, parentContextCount = 0, hitCount = 221, missCount = 1]
14:49:04.554 [Test worker] DEBUG org.springframework.test.context.support.DependencyInjectionTestExecutionListener - Performing dependency injection for test class com.joango.BookingServiceIntegrationTest
14:49:04.554 [Test worker] DEBUG org.springframework.test.context.cache - Spring test ApplicationContext cache statistics: [DefaultContextCache@329b4b8b size = 1, maxSize = 32, parentContextCount = 0, hitCount = 222, missCount = 1]
14:49:04.554 [Test worker] DEBUG org.springframework.test.context.cache - Spring test ApplicationContext cache statistics: [DefaultContextCache@329b4b8b size = 1, maxSize = 32, parentContextCount = 0, hitCount = 223, missCount = 1]
14:49:04.555 [Test worker] DEBUG org.springframework.test.context.cache - Spring test ApplicationContext cache statistics: [DefaultContextCache@329b4b8b size = 1, maxSize = 32, parentContextCount = 0, hitCount = 224, missCount = 1]
14:49:04.555 [Test worker] DEBUG org.springframework.test.context.support.AbstractDirtiesContextTestExecutionListener - Before test method: class [BookingServiceIntegrationTest], method [deleteUser], class annotated with @DirtiesContext [false] with mode [null], method annotated with @DirtiesContext [false] with mode [null]
14:49:04.555 [Test worker] DEBUG org.springframework.test.context.cache - Spring test ApplicationContext cache statistics: [DefaultContextCache@329b4b8b size = 1, maxSize = 32, parentContextCount = 0, hitCount = 225, missCount = 1]
14:49:04.555 [Test worker] DEBUG org.springframework.test.context.cache - Spring test ApplicationContext cache statistics: [DefaultContextCache@329b4b8b size = 1, maxSize = 32, parentContextCount = 0, hitCount = 226, missCount = 1]
14:49:04.555 [Test worker] DEBUG org.springframework.test.context.cache - Spring test ApplicationContext cache statistics: [DefaultContextCache@329b4b8b size = 1, maxSize = 32, parentContextCount = 0, hitCount = 227, missCount = 1]
14:49:04.555 [Test worker] DEBUG org.springframework.orm.jpa.JpaTransactionManager - Creating new transaction with name [org.springframework.data.jpa.repository.support.SimpleJpaRepository.deleteById]: PROPAGATION_REQUIRED,ISOLATION_DEFAULT
14:49:04.556 [Test worker] DEBUG org.springframework.orm.jpa.JpaTransactionManager - Opened new EntityManager [SessionImpl(24996718<open>)] for JPA transaction
14:49:04.556 [Test worker] DEBUG org.hibernate.engine.transaction.internal.TransactionImpl - On TransactionImpl creation, JpaCompliance#isJpaTransactionComplianceEnabled == false
14:49:04.556 [Test worker] DEBUG org.hibernate.engine.transaction.internal.TransactionImpl - begin
14:49:04.556 [Test worker] DEBUG org.springframework.orm.jpa.JpaTransactionManager - Exposing JPA transaction as JDBC [org.springframework.orm.jpa.vendor.HibernateJpaDialect$HibernateConnectionHandle@5c452e69]
14:49:04.556 [Test worker] DEBUG org.hibernate.orm.sql.exec - Skipping reading Query result cache data: cache-enabled = false, cache-mode = IGNORE
14:49:04.556 [Test worker] DEBUG org.hibernate.orm.results - Initializer list
14:49:04.556 [Test worker] DEBUG org.hibernate.orm.results -     com.joango.model.User.userAccount -> EntityJoinedFetchInitializer(com.joango.model.User.userAccount)@1113209589 (ToOneAttributeMapping(NavigableRole[com.joango.model.User.userAccount])@1494592361)
14:49:04.556 [Test worker] DEBUG org.hibernate.orm.results -     com.joango.model.User -> EntityResultInitializer(com.joango.model.User)@2086582412 (SingleTableEntityPersister(com.joango.model.User))
14:49:04.556 [Test worker] DEBUG org.hibernate.SQL - select u1_0.id,u1_0.email,u1_0.name,u2_0.id,u2_0.user_balance from user u1_0 left join user_account u2_0 on u1_0.id=u2_0.user_id where u1_0.id=?
Hibernate: select u1_0.id,u1_0.email,u1_0.name,u2_0.id,u2_0.user_balance from user u1_0 left join user_account u2_0 on u1_0.id=u2_0.user_id where u1_0.id=?
14:49:04.556 [Test worker] DEBUG org.hibernate.orm.results - Extracted JDBC value [3] - [5]
14:49:04.556 [Test worker] DEBUG org.hibernate.orm.results.loading.entity - (EntityJoinedFetchInitializer) Hydrated EntityKey (com.joango.model.User.userAccount): 5
14:49:04.556 [Test worker] DEBUG org.hibernate.orm.results.loading.entity - (EntityResultInitializer) Hydrated EntityKey (com.joango.model.User): 5
14:49:04.556 [Test worker] DEBUG org.hibernate.orm.results.loading.entity - (EntityJoinedFetchInitializer) Created new entity instance [com.joango.model.User.userAccount#5] : UserAccount(id=5, userBalance=null, user=null)
14:49:04.557 [Test worker] DEBUG org.hibernate.orm.results.loading.entity - (EntityResultInitializer) Created new entity instance [com.joango.model.User#5] : User(id=5, name=null, email=null, userAccount=null)
14:49:04.557 [Test worker] DEBUG org.hibernate.orm.results - Extracted JDBC value [4] - [30000]
14:49:04.557 [Test worker] DEBUG org.hibernate.orm.results.loading.entity - (EntityJoinedFetchInitializer) Done materializing entityInstance : com.joango.model.User.userAccount#5
14:49:04.557 [Test worker] DEBUG org.hibernate.orm.results - Extracted JDBC value [1] - [parturient.montes.nascetur@aol.net]
14:49:04.557 [Test worker] DEBUG org.hibernate.orm.results - Extracted JDBC value [2] - [Sage Conrad]
14:49:04.557 [Test worker] DEBUG org.hibernate.orm.results.loading.entity - (EntityJoinedFetchInitializer) Found existing loading entry [com.joango.model.User.userAccount#5] - using loading instance
14:49:04.557 [Test worker] DEBUG org.hibernate.orm.results.loading.entity - (EntityResultInitializer) Done materializing entityInstance : com.joango.model.User#5
14:49:04.557 [Test worker] DEBUG org.hibernate.orm.results.loading - Calling top-level assembler (0 / 1) : org.hibernate.sql.results.graph.entity.internal.EntityAssembler@2380e8d4
14:49:04.557 [Test worker] DEBUG org.hibernate.orm.results.loading.entity - (EntityResultInitializer) Found existing loading entry [com.joango.model.User#5] - using loading instance
14:49:04.557 [Test worker] DEBUG org.hibernate.jpa.internal.PersistenceUnitUtilImpl - jakarta.persistence.PersistenceUnitUtil.getIdentifier is only intended to work with enhanced entities (although Hibernate also adapts this support to its proxies); however the passed entity was not enhanced (nor a proxy).. may not be able to read identifier
14:49:04.557 [Test worker] DEBUG org.hibernate.jpa.internal.PersistenceUnitUtilImpl - jakarta.persistence.PersistenceUnitUtil.getIdentifier is only intended to work with enhanced entities (although Hibernate also adapts this support to its proxies); however the passed entity was not enhanced (nor a proxy).. may not be able to read identifier
14:49:04.557 [Test worker] DEBUG org.springframework.orm.jpa.JpaTransactionManager - Initiating transaction commit
14:49:04.557 [Test worker] DEBUG org.springframework.orm.jpa.JpaTransactionManager - Committing JPA transaction on EntityManager [SessionImpl(24996718<open>)]
14:49:04.557 [Test worker] DEBUG org.hibernate.engine.transaction.internal.TransactionImpl - committing
14:49:04.557 [Test worker] DEBUG org.hibernate.event.internal.AbstractFlushingEventListener - Processing flush-time cascades
14:49:04.557 [Test worker] DEBUG org.hibernate.event.internal.AbstractFlushingEventListener - Dirty checking collections
14:49:04.557 [Test worker] DEBUG org.hibernate.event.internal.AbstractFlushingEventListener - Flushed: 0 insertions, 0 updates, 2 deletions to 2 objects
14:49:04.557 [Test worker] DEBUG org.hibernate.event.internal.AbstractFlushingEventListener - Flushed: 0 (re)creations, 0 updates, 0 removals to 0 collections
14:49:04.557 [Test worker] DEBUG org.hibernate.internal.util.EntityPrinter - Listing entities:
14:49:04.558 [Test worker] DEBUG org.hibernate.internal.util.EntityPrinter - com.joango.model.User{userAccount=com.joango.model.UserAccount#5, name=Sage Conrad, id=5, email=parturient.montes.nascetur@aol.net}
14:49:04.558 [Test worker] DEBUG org.hibernate.internal.util.EntityPrinter - com.joango.model.UserAccount{id=5, userBalance=30000, user=com.joango.model.User#5}
14:49:04.558 [Test worker] DEBUG org.hibernate.SQL - delete from user_account where id=?
Hibernate: delete from user_account where id=?
14:49:04.558 [Test worker] DEBUG org.hibernate.SQL - delete from user where id=?
Hibernate: delete from user where id=?
14:49:04.558 [Test worker] DEBUG org.springframework.orm.jpa.JpaTransactionManager - Closing JPA EntityManager [SessionImpl(24996718<open>)] after transaction
14:49:04.558 [Test worker] DEBUG org.hibernate.engine.jdbc.internal.JdbcCoordinatorImpl - HHH000420: Closing un-released batch
14:49:04.558 [Test worker] DEBUG org.springframework.orm.jpa.SharedEntityManagerCreator$SharedEntityManagerInvocationHandler - Creating new EntityManager for shared EntityManager invocation
14:49:04.559 [Test worker] DEBUG org.hibernate.orm.sql.ast.create - Created new SQL alias : u1_0
14:49:04.559 [Test worker] DEBUG org.hibernate.orm.sql.ast.create - Registration of TableGroup [StandardTableGroup(com.joango.model.User(320503957158333))] with identifierForTableGroup [com.joango.model.User] for NavigablePath [com.joango.model.User] 
14:49:04.559 [Test worker] DEBUG org.hibernate.query.sqm.sql.BaseSqmToSqlAstConverter - Determining mapping-model type for SqmParameter : org.hibernate.query.sqm.tree.expression.SqmJpaCriteriaParameterWrapper@679f3e12
14:49:04.559 [Test worker] DEBUG org.hibernate.query.sqm.sql.BaseSqmToSqlAstConverter - Determining mapping-model type for SqmPath : SqmBasicValuedSimplePath(com.joango.model.User(320503957158333).email) 
14:49:04.559 [Test worker] DEBUG org.hibernate.orm.results.graph.AST - DomainResult Graph:
 \-EntityResultImpl [com.joango.model.User(320503957158333)]
 |  +-BasicFetch [com.joango.model.User(320503957158333).email]
 |  +-BasicFetch [com.joango.model.User(320503957158333).name]
 |  \-CircularFetchImpl [com.joango.model.User(320503957158333).userAccount]

14:49:04.559 [Test worker] DEBUG org.hibernate.orm.sql.ast.tree - SQL AST Tree:%n    SelectStatement {
      FromClause {
        StandardTableGroup (u1 : com.joango.model.User(320503957158333)) {
          primaryTableReference : user as u1_0
        }
      }
    }

14:49:04.559 [Test worker] DEBUG org.hibernate.orm.sql.exec - Skipping reading Query result cache data: cache-enabled = false, cache-mode = NORMAL
14:49:04.559 [Test worker] DEBUG org.hibernate.orm.results - Initializer list
14:49:04.559 [Test worker] DEBUG org.hibernate.orm.results -     com.joango.model.User(320503957158333).userAccount -> EntitySelectFetchInitializer(com.joango.model.User(320503957158333).userAccount)@1985793146 (ToOneAttributeMapping(NavigableRole[com.joango.model.User.userAccount])@1494592361)
14:49:04.559 [Test worker] DEBUG org.hibernate.orm.results -     com.joango.model.User(320503957158333) -> EntityResultInitializer(com.joango.model.User(320503957158333))@1756168973 (SingleTableEntityPersister(com.joango.model.User))
14:49:04.559 [Test worker] DEBUG org.hibernate.SQL - select u1_0.id,u1_0.email,u1_0.name from user u1_0 where u1_0.email=?
Hibernate: select u1_0.id,u1_0.email,u1_0.name from user u1_0 where u1_0.email=?
14:49:04.560 [Test worker] DEBUG org.springframework.test.context.cache - Spring test ApplicationContext cache statistics: [DefaultContextCache@329b4b8b size = 1, maxSize = 32, parentContextCount = 0, hitCount = 228, missCount = 1]
14:49:04.560 [Test worker] DEBUG org.springframework.test.context.cache - Spring test ApplicationContext cache statistics: [DefaultContextCache@329b4b8b size = 1, maxSize = 32, parentContextCount = 0, hitCount = 229, missCount = 1]
14:49:04.560 [Test worker] DEBUG org.springframework.test.context.cache - Spring test ApplicationContext cache statistics: [DefaultContextCache@329b4b8b size = 1, maxSize = 32, parentContextCount = 0, hitCount = 230, missCount = 1]
14:49:04.560 [Test worker] DEBUG org.springframework.test.context.cache - Spring test ApplicationContext cache statistics: [DefaultContextCache@329b4b8b size = 1, maxSize = 32, parentContextCount = 0, hitCount = 231, missCount = 1]
14:49:04.560 [Test worker] DEBUG org.springframework.test.context.cache - Spring test ApplicationContext cache statistics: [DefaultContextCache@329b4b8b size = 1, maxSize = 32, parentContextCount = 0, hitCount = 232, missCount = 1]
14:49:04.560 [Test worker] DEBUG org.springframework.test.context.cache - Spring test ApplicationContext cache statistics: [DefaultContextCache@329b4b8b size = 1, maxSize = 32, parentContextCount = 0, hitCount = 233, missCount = 1]
14:49:04.560 [Test worker] DEBUG org.springframework.test.context.support.AbstractDirtiesContextTestExecutionListener - After test method: class [BookingServiceIntegrationTest], method [deleteUser], class annotated with @DirtiesContext [false] with mode [null], method annotated with @DirtiesContext [false] with mode [null]
14:49:04.561 [Test worker] DEBUG org.springframework.test.context.cache - Spring test ApplicationContext cache statistics: [DefaultContextCache@329b4b8b size = 1, maxSize = 32, parentContextCount = 0, hitCount = 234, missCount = 1]
14:49:04.561 [Test worker] DEBUG org.springframework.test.context.support.DependencyInjectionTestExecutionListener - Performing dependency injection for test class com.joango.BookingServiceIntegrationTest
14:49:04.561 [Test worker] DEBUG org.springframework.test.context.cache - Spring test ApplicationContext cache statistics: [DefaultContextCache@329b4b8b size = 1, maxSize = 32, parentContextCount = 0, hitCount = 235, missCount = 1]
14:49:04.561 [Test worker] DEBUG org.springframework.test.context.cache - Spring test ApplicationContext cache statistics: [DefaultContextCache@329b4b8b size = 1, maxSize = 32, parentContextCount = 0, hitCount = 236, missCount = 1]
14:49:04.561 [Test worker] DEBUG org.springframework.test.context.cache - Spring test ApplicationContext cache statistics: [DefaultContextCache@329b4b8b size = 1, maxSize = 32, parentContextCount = 0, hitCount = 237, missCount = 1]
14:49:04.561 [Test worker] DEBUG org.springframework.test.context.support.AbstractDirtiesContextTestExecutionListener - Before test method: class [BookingServiceIntegrationTest], method [getTicketById], class annotated with @DirtiesContext [false] with mode [null], method annotated with @DirtiesContext [false] with mode [null]
14:49:04.561 [Test worker] DEBUG org.springframework.test.context.cache - Spring test ApplicationContext cache statistics: [DefaultContextCache@329b4b8b size = 1, maxSize = 32, parentContextCount = 0, hitCount = 238, missCount = 1]
14:49:04.561 [Test worker] DEBUG org.springframework.test.context.cache - Spring test ApplicationContext cache statistics: [DefaultContextCache@329b4b8b size = 1, maxSize = 32, parentContextCount = 0, hitCount = 239, missCount = 1]
14:49:04.561 [Test worker] DEBUG org.springframework.test.context.cache - Spring test ApplicationContext cache statistics: [DefaultContextCache@329b4b8b size = 1, maxSize = 32, parentContextCount = 0, hitCount = 240, missCount = 1]
14:49:04.561 [Test worker] DEBUG org.springframework.orm.jpa.JpaTransactionManager - Creating new transaction with name [org.springframework.data.jpa.repository.support.SimpleJpaRepository.findById]: PROPAGATION_REQUIRED,ISOLATION_DEFAULT,readOnly
14:49:04.562 [Test worker] DEBUG org.springframework.orm.jpa.JpaTransactionManager - Opened new EntityManager [SessionImpl(1322930981<open>)] for JPA transaction
14:49:04.562 [Test worker] DEBUG org.springframework.jdbc.datasource.DataSourceUtils - Setting JDBC Connection [HikariProxyConnection@1324319896 wrapping conn0: url=jdbc:h2:mem:testdb user=SA] read-only
14:49:04.562 [Test worker] DEBUG org.hibernate.engine.transaction.internal.TransactionImpl - On TransactionImpl creation, JpaCompliance#isJpaTransactionComplianceEnabled == false
14:49:04.562 [Test worker] DEBUG org.hibernate.engine.transaction.internal.TransactionImpl - begin
14:49:04.562 [Test worker] DEBUG org.springframework.orm.jpa.JpaTransactionManager - Exposing JPA transaction as JDBC [org.springframework.orm.jpa.vendor.HibernateJpaDialect$HibernateConnectionHandle@4b158e16]
14:49:04.562 [Test worker] DEBUG org.hibernate.orm.sql.exec - Skipping reading Query result cache data: cache-enabled = false, cache-mode = IGNORE
14:49:04.562 [Test worker] DEBUG org.hibernate.orm.results - Initializer list
14:49:04.562 [Test worker] DEBUG org.hibernate.orm.results -     com.joango.model.Ticket -> EntityResultInitializer(com.joango.model.Ticket)@1045016058 (SingleTableEntityPersister(com.joango.model.Ticket))
14:49:04.562 [Test worker] DEBUG org.hibernate.SQL - select t1_0.id,t1_0.category,t1_0.event_id,t1_0.place,t1_0.user_id from ticket t1_0 where t1_0.id=?
Hibernate: select t1_0.id,t1_0.category,t1_0.event_id,t1_0.place,t1_0.user_id from ticket t1_0 where t1_0.id=?
14:49:04.562 [Test worker] DEBUG org.hibernate.orm.results.loading.entity - (EntityResultInitializer) Hydrated EntityKey (com.joango.model.Ticket): 5
14:49:04.562 [Test worker] DEBUG org.hibernate.orm.results.loading.entity - (EntityResultInitializer) Created new entity instance [com.joango.model.Ticket#5] : Ticket(id=5, eventId=null, userId=null, category=null, place=null)
14:49:04.562 [Test worker] DEBUG org.hibernate.orm.results - Extracted JDBC value [1] - [STANDARD]
14:49:04.562 [Test worker] DEBUG org.hibernate.orm.results - Extracted JDBC value [2] - [1]
14:49:04.562 [Test worker] DEBUG org.hibernate.orm.results - Extracted JDBC value [3] - [11]
14:49:04.562 [Test worker] DEBUG org.hibernate.orm.results - Extracted JDBC value [4] - [12]
14:49:04.562 [Test worker] DEBUG org.hibernate.orm.results.loading.entity - (EntityResultInitializer) Done materializing entityInstance : com.joango.model.Ticket#5
14:49:04.562 [Test worker] DEBUG org.hibernate.orm.results.loading - Calling top-level assembler (0 / 1) : org.hibernate.sql.results.graph.entity.internal.EntityAssembler@43815bc
14:49:04.562 [Test worker] DEBUG org.hibernate.orm.results.loading.entity - (EntityResultInitializer) Found existing loading entry [com.joango.model.Ticket#5] - using loading instance
14:49:04.562 [Test worker] DEBUG org.springframework.orm.jpa.JpaTransactionManager - Initiating transaction commit
14:49:04.562 [Test worker] DEBUG org.springframework.orm.jpa.JpaTransactionManager - Committing JPA transaction on EntityManager [SessionImpl(1322930981<open>)]
14:49:04.562 [Test worker] DEBUG org.hibernate.engine.transaction.internal.TransactionImpl - committing
14:49:04.562 [Test worker] DEBUG org.springframework.jdbc.datasource.DataSourceUtils - Resetting read-only flag of JDBC Connection [HikariProxyConnection@1324319896 wrapping conn0: url=jdbc:h2:mem:testdb user=SA]
14:49:04.562 [Test worker] DEBUG org.springframework.orm.jpa.JpaTransactionManager - Closing JPA EntityManager [SessionImpl(1322930981<open>)] after transaction
14:49:04.563 [Test worker] DEBUG org.springframework.test.context.cache - Spring test ApplicationContext cache statistics: [DefaultContextCache@329b4b8b size = 1, maxSize = 32, parentContextCount = 0, hitCount = 241, missCount = 1]
14:49:04.563 [Test worker] DEBUG org.springframework.test.context.cache - Spring test ApplicationContext cache statistics: [DefaultContextCache@329b4b8b size = 1, maxSize = 32, parentContextCount = 0, hitCount = 242, missCount = 1]
14:49:04.563 [Test worker] DEBUG org.springframework.test.context.cache - Spring test ApplicationContext cache statistics: [DefaultContextCache@329b4b8b size = 1, maxSize = 32, parentContextCount = 0, hitCount = 243, missCount = 1]
14:49:04.563 [Test worker] DEBUG org.springframework.test.context.cache - Spring test ApplicationContext cache statistics: [DefaultContextCache@329b4b8b size = 1, maxSize = 32, parentContextCount = 0, hitCount = 244, missCount = 1]
14:49:04.563 [Test worker] DEBUG org.springframework.test.context.cache - Spring test ApplicationContext cache statistics: [DefaultContextCache@329b4b8b size = 1, maxSize = 32, parentContextCount = 0, hitCount = 245, missCount = 1]
14:49:04.563 [Test worker] DEBUG org.springframework.test.context.cache - Spring test ApplicationContext cache statistics: [DefaultContextCache@329b4b8b size = 1, maxSize = 32, parentContextCount = 0, hitCount = 246, missCount = 1]
14:49:04.563 [Test worker] DEBUG org.springframework.test.context.support.AbstractDirtiesContextTestExecutionListener - After test method: class [BookingServiceIntegrationTest], method [getTicketById], class annotated with @DirtiesContext [false] with mode [null], method annotated with @DirtiesContext [false] with mode [null]
14:49:04.564 [Test worker] DEBUG org.springframework.test.context.cache - Spring test ApplicationContext cache statistics: [DefaultContextCache@329b4b8b size = 1, maxSize = 32, parentContextCount = 0, hitCount = 247, missCount = 1]
14:49:04.564 [Test worker] DEBUG org.springframework.test.context.support.DependencyInjectionTestExecutionListener - Performing dependency injection for test class com.joango.BookingServiceIntegrationTest
14:49:04.564 [Test worker] DEBUG org.springframework.test.context.cache - Spring test ApplicationContext cache statistics: [DefaultContextCache@329b4b8b size = 1, maxSize = 32, parentContextCount = 0, hitCount = 248, missCount = 1]
14:49:04.564 [Test worker] DEBUG org.springframework.test.context.cache - Spring test ApplicationContext cache statistics: [DefaultContextCache@329b4b8b size = 1, maxSize = 32, parentContextCount = 0, hitCount = 249, missCount = 1]
14:49:04.564 [Test worker] DEBUG org.springframework.test.context.cache - Spring test ApplicationContext cache statistics: [DefaultContextCache@329b4b8b size = 1, maxSize = 32, parentContextCount = 0, hitCount = 250, missCount = 1]
14:49:04.564 [Test worker] DEBUG org.springframework.test.context.support.AbstractDirtiesContextTestExecutionListener - Before test method: class [BookingServiceIntegrationTest], method [getUserById], class annotated with @DirtiesContext [false] with mode [null], method annotated with @DirtiesContext [false] with mode [null]
14:49:04.564 [Test worker] DEBUG org.springframework.test.context.cache - Spring test ApplicationContext cache statistics: [DefaultContextCache@329b4b8b size = 1, maxSize = 32, parentContextCount = 0, hitCount = 251, missCount = 1]
14:49:04.565 [Test worker] DEBUG org.springframework.test.context.cache - Spring test ApplicationContext cache statistics: [DefaultContextCache@329b4b8b size = 1, maxSize = 32, parentContextCount = 0, hitCount = 252, missCount = 1]
14:49:04.565 [Test worker] DEBUG org.springframework.test.context.cache - Spring test ApplicationContext cache statistics: [DefaultContextCache@329b4b8b size = 1, maxSize = 32, parentContextCount = 0, hitCount = 253, missCount = 1]
14:49:04.565 [Test worker] DEBUG org.springframework.orm.jpa.JpaTransactionManager - Creating new transaction with name [org.springframework.data.jpa.repository.support.SimpleJpaRepository.findById]: PROPAGATION_REQUIRED,ISOLATION_DEFAULT,readOnly
14:49:04.565 [Test worker] DEBUG org.springframework.orm.jpa.JpaTransactionManager - Opened new EntityManager [SessionImpl(304872108<open>)] for JPA transaction
14:49:04.565 [Test worker] DEBUG org.springframework.jdbc.datasource.DataSourceUtils - Setting JDBC Connection [HikariProxyConnection@2061719835 wrapping conn0: url=jdbc:h2:mem:testdb user=SA] read-only
14:49:04.565 [Test worker] DEBUG org.hibernate.engine.transaction.internal.TransactionImpl - On TransactionImpl creation, JpaCompliance#isJpaTransactionComplianceEnabled == false
14:49:04.565 [Test worker] DEBUG org.hibernate.engine.transaction.internal.TransactionImpl - begin
14:49:04.565 [Test worker] DEBUG org.springframework.orm.jpa.JpaTransactionManager - Exposing JPA transaction as JDBC [org.springframework.orm.jpa.vendor.HibernateJpaDialect$HibernateConnectionHandle@67954d71]
14:49:04.566 [Test worker] DEBUG org.hibernate.orm.sql.exec - Skipping reading Query result cache data: cache-enabled = false, cache-mode = IGNORE
14:49:04.566 [Test worker] DEBUG org.hibernate.orm.results - Initializer list
14:49:04.566 [Test worker] DEBUG org.hibernate.orm.results -     com.joango.model.User.userAccount -> EntityJoinedFetchInitializer(com.joango.model.User.userAccount)@247264960 (ToOneAttributeMapping(NavigableRole[com.joango.model.User.userAccount])@1494592361)
14:49:04.566 [Test worker] DEBUG org.hibernate.orm.results -     com.joango.model.User -> EntityResultInitializer(com.joango.model.User)@1133497507 (SingleTableEntityPersister(com.joango.model.User))
14:49:04.566 [Test worker] DEBUG org.hibernate.SQL - select u1_0.id,u1_0.email,u1_0.name,u2_0.id,u2_0.user_balance from user u1_0 left join user_account u2_0 on u1_0.id=u2_0.user_id where u1_0.id=?
Hibernate: select u1_0.id,u1_0.email,u1_0.name,u2_0.id,u2_0.user_balance from user u1_0 left join user_account u2_0 on u1_0.id=u2_0.user_id where u1_0.id=?
14:49:04.566 [Test worker] DEBUG org.hibernate.orm.results - Extracted JDBC value [3] - [1]
14:49:04.566 [Test worker] DEBUG org.hibernate.orm.results.loading.entity - (EntityJoinedFetchInitializer) Hydrated EntityKey (com.joango.model.User.userAccount): 1
14:49:04.566 [Test worker] DEBUG org.hibernate.orm.results.loading.entity - (EntityResultInitializer) Hydrated EntityKey (com.joango.model.User): 1
14:49:04.566 [Test worker] DEBUG org.hibernate.orm.results.loading.entity - (EntityJoinedFetchInitializer) Created new entity instance [com.joango.model.User.userAccount#1] : UserAccount(id=1, userBalance=null, user=null)
14:49:04.566 [Test worker] DEBUG org.hibernate.orm.results.loading.entity - (EntityResultInitializer) Created new entity instance [com.joango.model.User#1] : User(id=1, name=null, email=null, userAccount=null)
14:49:04.566 [Test worker] DEBUG org.hibernate.orm.results - Extracted JDBC value [4] - [10000]
14:49:04.566 [Test worker] DEBUG org.hibernate.orm.results.loading.entity - (EntityJoinedFetchInitializer) Done materializing entityInstance : com.joango.model.User.userAccount#1
14:49:04.566 [Test worker] DEBUG org.hibernate.orm.results - Extracted JDBC value [1] - [dictum@icloud.com]
14:49:04.566 [Test worker] DEBUG org.hibernate.orm.results - Extracted JDBC value [2] - [Lewis Burton]
14:49:04.566 [Test worker] DEBUG org.hibernate.orm.results.loading.entity - (EntityJoinedFetchInitializer) Found existing loading entry [com.joango.model.User.userAccount#1] - using loading instance
14:49:04.566 [Test worker] DEBUG org.hibernate.orm.results.loading.entity - (EntityResultInitializer) Done materializing entityInstance : com.joango.model.User#1
14:49:04.566 [Test worker] DEBUG org.hibernate.orm.results.loading - Calling top-level assembler (0 / 1) : org.hibernate.sql.results.graph.entity.internal.EntityAssembler@3f1eb1bc
14:49:04.566 [Test worker] DEBUG org.hibernate.orm.results.loading.entity - (EntityResultInitializer) Found existing loading entry [com.joango.model.User#1] - using loading instance
14:49:04.566 [Test worker] DEBUG org.springframework.orm.jpa.JpaTransactionManager - Initiating transaction commit
14:49:04.566 [Test worker] DEBUG org.springframework.orm.jpa.JpaTransactionManager - Committing JPA transaction on EntityManager [SessionImpl(304872108<open>)]
14:49:04.566 [Test worker] DEBUG org.hibernate.engine.transaction.internal.TransactionImpl - committing
14:49:04.566 [Test worker] DEBUG org.springframework.jdbc.datasource.DataSourceUtils - Resetting read-only flag of JDBC Connection [HikariProxyConnection@2061719835 wrapping conn0: url=jdbc:h2:mem:testdb user=SA]
14:49:04.566 [Test worker] DEBUG org.springframework.orm.jpa.JpaTransactionManager - Closing JPA EntityManager [SessionImpl(304872108<open>)] after transaction
14:49:04.567 [Test worker] DEBUG org.springframework.test.context.cache - Spring test ApplicationContext cache statistics: [DefaultContextCache@329b4b8b size = 1, maxSize = 32, parentContextCount = 0, hitCount = 254, missCount = 1]
14:49:04.567 [Test worker] DEBUG org.springframework.test.context.cache - Spring test ApplicationContext cache statistics: [DefaultContextCache@329b4b8b size = 1, maxSize = 32, parentContextCount = 0, hitCount = 255, missCount = 1]
14:49:04.567 [Test worker] DEBUG org.springframework.test.context.cache - Spring test ApplicationContext cache statistics: [DefaultContextCache@329b4b8b size = 1, maxSize = 32, parentContextCount = 0, hitCount = 256, missCount = 1]
14:49:04.567 [Test worker] DEBUG org.springframework.test.context.cache - Spring test ApplicationContext cache statistics: [DefaultContextCache@329b4b8b size = 1, maxSize = 32, parentContextCount = 0, hitCount = 257, missCount = 1]
14:49:04.567 [Test worker] DEBUG org.springframework.test.context.cache - Spring test ApplicationContext cache statistics: [DefaultContextCache@329b4b8b size = 1, maxSize = 32, parentContextCount = 0, hitCount = 258, missCount = 1]
14:49:04.567 [Test worker] DEBUG org.springframework.test.context.cache - Spring test ApplicationContext cache statistics: [DefaultContextCache@329b4b8b size = 1, maxSize = 32, parentContextCount = 0, hitCount = 259, missCount = 1]
14:49:04.567 [Test worker] DEBUG org.springframework.test.context.support.AbstractDirtiesContextTestExecutionListener - After test method: class [BookingServiceIntegrationTest], method [getUserById], class annotated with @DirtiesContext [false] with mode [null], method annotated with @DirtiesContext [false] with mode [null]
14:49:04.568 [Test worker] DEBUG org.springframework.test.context.cache - Spring test ApplicationContext cache statistics: [DefaultContextCache@329b4b8b size = 1, maxSize = 32, parentContextCount = 0, hitCount = 260, missCount = 1]
14:49:04.568 [Test worker] DEBUG org.springframework.test.context.support.DependencyInjectionTestExecutionListener - Performing dependency injection for test class com.joango.BookingServiceIntegrationTest
14:49:04.568 [Test worker] DEBUG org.springframework.test.context.cache - Spring test ApplicationContext cache statistics: [DefaultContextCache@329b4b8b size = 1, maxSize = 32, parentContextCount = 0, hitCount = 261, missCount = 1]
14:49:04.568 [Test worker] DEBUG org.springframework.test.context.cache - Spring test ApplicationContext cache statistics: [DefaultContextCache@329b4b8b size = 1, maxSize = 32, parentContextCount = 0, hitCount = 262, missCount = 1]
14:49:04.568 [Test worker] DEBUG org.springframework.test.context.cache - Spring test ApplicationContext cache statistics: [DefaultContextCache@329b4b8b size = 1, maxSize = 32, parentContextCount = 0, hitCount = 263, missCount = 1]
14:49:04.568 [Test worker] DEBUG org.springframework.test.context.support.AbstractDirtiesContextTestExecutionListener - Before test method: class [BookingServiceIntegrationTest], method [getTicketsByUser], class annotated with @DirtiesContext [false] with mode [null], method annotated with @DirtiesContext [false] with mode [null]
14:49:04.568 [Test worker] DEBUG org.springframework.test.context.cache - Spring test ApplicationContext cache statistics: [DefaultContextCache@329b4b8b size = 1, maxSize = 32, parentContextCount = 0, hitCount = 264, missCount = 1]
14:49:04.568 [Test worker] DEBUG org.springframework.test.context.cache - Spring test ApplicationContext cache statistics: [DefaultContextCache@329b4b8b size = 1, maxSize = 32, parentContextCount = 0, hitCount = 265, missCount = 1]
14:49:04.568 [Test worker] DEBUG org.springframework.test.context.cache - Spring test ApplicationContext cache statistics: [DefaultContextCache@329b4b8b size = 1, maxSize = 32, parentContextCount = 0, hitCount = 266, missCount = 1]
14:49:04.569 [Test worker] DEBUG org.springframework.orm.jpa.JpaTransactionManager - Creating new transaction with name [org.springframework.data.jpa.repository.support.SimpleJpaRepository.findById]: PROPAGATION_REQUIRED,ISOLATION_DEFAULT,readOnly
14:49:04.569 [Test worker] DEBUG org.springframework.orm.jpa.JpaTransactionManager - Opened new EntityManager [SessionImpl(1766423094<open>)] for JPA transaction
14:49:04.569 [Test worker] DEBUG org.springframework.jdbc.datasource.DataSourceUtils - Setting JDBC Connection [HikariProxyConnection@1233095243 wrapping conn0: url=jdbc:h2:mem:testdb user=SA] read-only
14:49:04.569 [Test worker] DEBUG org.hibernate.engine.transaction.internal.TransactionImpl - On TransactionImpl creation, JpaCompliance#isJpaTransactionComplianceEnabled == false
14:49:04.569 [Test worker] DEBUG org.hibernate.engine.transaction.internal.TransactionImpl - begin
14:49:04.569 [Test worker] DEBUG org.springframework.orm.jpa.JpaTransactionManager - Exposing JPA transaction as JDBC [org.springframework.orm.jpa.vendor.HibernateJpaDialect$HibernateConnectionHandle@6d952747]
14:49:04.569 [Test worker] DEBUG org.hibernate.orm.sql.exec - Skipping reading Query result cache data: cache-enabled = false, cache-mode = IGNORE
14:49:04.569 [Test worker] DEBUG org.hibernate.orm.results - Initializer list
14:49:04.569 [Test worker] DEBUG org.hibernate.orm.results -     com.joango.model.User.userAccount -> EntityJoinedFetchInitializer(com.joango.model.User.userAccount)@667744280 (ToOneAttributeMapping(NavigableRole[com.joango.model.User.userAccount])@1494592361)
14:49:04.569 [Test worker] DEBUG org.hibernate.orm.results -     com.joango.model.User -> EntityResultInitializer(com.joango.model.User)@100052509 (SingleTableEntityPersister(com.joango.model.User))
14:49:04.569 [Test worker] DEBUG org.hibernate.SQL - select u1_0.id,u1_0.email,u1_0.name,u2_0.id,u2_0.user_balance from user u1_0 left join user_account u2_0 on u1_0.id=u2_0.user_id where u1_0.id=?
Hibernate: select u1_0.id,u1_0.email,u1_0.name,u2_0.id,u2_0.user_balance from user u1_0 left join user_account u2_0 on u1_0.id=u2_0.user_id where u1_0.id=?
14:49:04.569 [Test worker] DEBUG org.hibernate.orm.results - Extracted JDBC value [3] - [1]
14:49:04.569 [Test worker] DEBUG org.hibernate.orm.results.loading.entity - (EntityJoinedFetchInitializer) Hydrated EntityKey (com.joango.model.User.userAccount): 1
14:49:04.569 [Test worker] DEBUG org.hibernate.orm.results.loading.entity - (EntityResultInitializer) Hydrated EntityKey (com.joango.model.User): 1
14:49:04.569 [Test worker] DEBUG org.hibernate.orm.results.loading.entity - (EntityJoinedFetchInitializer) Created new entity instance [com.joango.model.User.userAccount#1] : UserAccount(id=1, userBalance=null, user=null)
14:49:04.569 [Test worker] DEBUG org.hibernate.orm.results.loading.entity - (EntityResultInitializer) Created new entity instance [com.joango.model.User#1] : User(id=1, name=null, email=null, userAccount=null)
14:49:04.569 [Test worker] DEBUG org.hibernate.orm.results - Extracted JDBC value [4] - [10000]
14:49:04.569 [Test worker] DEBUG org.hibernate.orm.results.loading.entity - (EntityJoinedFetchInitializer) Done materializing entityInstance : com.joango.model.User.userAccount#1
14:49:04.569 [Test worker] DEBUG org.hibernate.orm.results - Extracted JDBC value [1] - [dictum@icloud.com]
14:49:04.569 [Test worker] DEBUG org.hibernate.orm.results - Extracted JDBC value [2] - [Lewis Burton]
14:49:04.570 [Test worker] DEBUG org.hibernate.orm.results.loading.entity - (EntityJoinedFetchInitializer) Found existing loading entry [com.joango.model.User.userAccount#1] - using loading instance
14:49:04.570 [Test worker] DEBUG org.hibernate.orm.results.loading.entity - (EntityResultInitializer) Done materializing entityInstance : com.joango.model.User#1
14:49:04.570 [Test worker] DEBUG org.hibernate.orm.results.loading - Calling top-level assembler (0 / 1) : org.hibernate.sql.results.graph.entity.internal.EntityAssembler@67e255cf
14:49:04.570 [Test worker] DEBUG org.hibernate.orm.results.loading.entity - (EntityResultInitializer) Found existing loading entry [com.joango.model.User#1] - using loading instance
14:49:04.570 [Test worker] DEBUG org.springframework.orm.jpa.JpaTransactionManager - Initiating transaction commit
14:49:04.570 [Test worker] DEBUG org.springframework.orm.jpa.JpaTransactionManager - Committing JPA transaction on EntityManager [SessionImpl(1766423094<open>)]
14:49:04.570 [Test worker] DEBUG org.hibernate.engine.transaction.internal.TransactionImpl - committing
14:49:04.570 [Test worker] DEBUG org.springframework.jdbc.datasource.DataSourceUtils - Resetting read-only flag of JDBC Connection [HikariProxyConnection@1233095243 wrapping conn0: url=jdbc:h2:mem:testdb user=SA]
14:49:04.570 [Test worker] DEBUG org.springframework.orm.jpa.JpaTransactionManager - Closing JPA EntityManager [SessionImpl(1766423094<open>)] after transaction
14:49:04.570 [Test worker] DEBUG org.springframework.orm.jpa.SharedEntityManagerCreator$SharedEntityManagerInvocationHandler - Creating new EntityManager for shared EntityManager invocation
14:49:04.570 [Test worker] DEBUG org.hibernate.orm.sql.ast.create - Created new SQL alias : t1_0
14:49:04.570 [Test worker] DEBUG org.hibernate.orm.sql.ast.create - Registration of TableGroup [StandardTableGroup(com.joango.model.Ticket(320504002306208))] with identifierForTableGroup [com.joango.model.Ticket] for NavigablePath [com.joango.model.Ticket] 
14:49:04.570 [Test worker] DEBUG org.hibernate.query.sqm.sql.BaseSqmToSqlAstConverter - Determining mapping-model type for SqmParameter : org.hibernate.query.sqm.tree.expression.SqmJpaCriteriaParameterWrapper@1bb90d4d
14:49:04.570 [Test worker] DEBUG org.hibernate.query.sqm.sql.BaseSqmToSqlAstConverter - Determining mapping-model type for SqmPath : SqmBasicValuedSimplePath(com.joango.model.Ticket(320504002306208).userId) 
14:49:04.570 [Test worker] DEBUG org.hibernate.orm.results.graph.AST - DomainResult Graph:
 \-EntityResultImpl [com.joango.model.Ticket(320504002306208)]
 |  +-BasicFetch [com.joango.model.Ticket(320504002306208).category]
 |  +-BasicFetch [com.joango.model.Ticket(320504002306208).eventId]
 |  +-BasicFetch [com.joango.model.Ticket(320504002306208).place]
 |  \-BasicFetch [com.joango.model.Ticket(320504002306208).userId]

14:49:04.570 [Test worker] DEBUG org.hibernate.orm.sql.ast.tree - SQL AST Tree:%n    SelectStatement {
      FromClause {
        StandardTableGroup (t1 : com.joango.model.Ticket(320504002306208)) {
          primaryTableReference : ticket as t1_0
        }
      }
    }

14:49:04.570 [Test worker] DEBUG org.hibernate.orm.sql.exec - Skipping reading Query result cache data: cache-enabled = false, cache-mode = NORMAL
14:49:04.570 [Test worker] DEBUG org.hibernate.orm.results - Initializer list
14:49:04.570 [Test worker] DEBUG org.hibernate.orm.results -     com.joango.model.Ticket(320504002306208) -> EntityResultInitializer(com.joango.model.Ticket(320504002306208))@484063853 (SingleTableEntityPersister(com.joango.model.Ticket))
14:49:04.570 [Test worker] DEBUG org.hibernate.SQL - select t1_0.id,t1_0.category,t1_0.event_id,t1_0.place,t1_0.user_id from ticket t1_0 where t1_0.user_id=?
Hibernate: select t1_0.id,t1_0.category,t1_0.event_id,t1_0.place,t1_0.user_id from ticket t1_0 where t1_0.user_id=?
14:49:04.571 [Test worker] DEBUG org.springframework.test.context.cache - Spring test ApplicationContext cache statistics: [DefaultContextCache@329b4b8b size = 1, maxSize = 32, parentContextCount = 0, hitCount = 267, missCount = 1]
14:49:04.571 [Test worker] DEBUG org.springframework.test.context.cache - Spring test ApplicationContext cache statistics: [DefaultContextCache@329b4b8b size = 1, maxSize = 32, parentContextCount = 0, hitCount = 268, missCount = 1]
14:49:04.571 [Test worker] DEBUG org.springframework.test.context.cache - Spring test ApplicationContext cache statistics: [DefaultContextCache@329b4b8b size = 1, maxSize = 32, parentContextCount = 0, hitCount = 269, missCount = 1]
14:49:04.571 [Test worker] DEBUG org.springframework.test.context.cache - Spring test ApplicationContext cache statistics: [DefaultContextCache@329b4b8b size = 1, maxSize = 32, parentContextCount = 0, hitCount = 270, missCount = 1]
14:49:04.571 [Test worker] DEBUG org.springframework.test.context.cache - Spring test ApplicationContext cache statistics: [DefaultContextCache@329b4b8b size = 1, maxSize = 32, parentContextCount = 0, hitCount = 271, missCount = 1]
14:49:04.572 [Test worker] DEBUG org.springframework.test.context.cache - Spring test ApplicationContext cache statistics: [DefaultContextCache@329b4b8b size = 1, maxSize = 32, parentContextCount = 0, hitCount = 272, missCount = 1]
14:49:04.572 [Test worker] DEBUG org.springframework.test.context.support.AbstractDirtiesContextTestExecutionListener - After test method: class [BookingServiceIntegrationTest], method [getTicketsByUser], class annotated with @DirtiesContext [false] with mode [null], method annotated with @DirtiesContext [false] with mode [null]
14:49:04.572 [Test worker] DEBUG org.springframework.test.context.cache - Spring test ApplicationContext cache statistics: [DefaultContextCache@329b4b8b size = 1, maxSize = 32, parentContextCount = 0, hitCount = 273, missCount = 1]
14:49:04.572 [Test worker] DEBUG org.springframework.test.context.support.AbstractDirtiesContextTestExecutionListener - After test class: class [BookingServiceIntegrationTest], class annotated with @DirtiesContext [false] with mode [null]
]]></system-out>
  <system-err><![CDATA[]]></system-err>
</testsuite>
