<?xml version="1.0" encoding="UTF-8"?>
<testsuite name="com.joango.controller.EventControllerTest" tests="4" skipped="0" failures="0" errors="0" timestamp="2023-02-15T19:49:05" hostname="Jorges-MacBook-Air.local" time="0.072">
  <properties/>
  <testcase name="testGetEventByInvalidId()" classname="com.joango.controller.EventControllerTest" time="0.048"/>
  <testcase name="testGetEventsByDay()" classname="com.joango.controller.EventControllerTest" time="0.012"/>
  <testcase name="testGetEventsByTitle()" classname="com.joango.controller.EventControllerTest" time="0.006"/>
  <testcase name="testGetEventById()" classname="com.joango.controller.EventControllerTest" time="0.004"/>
  <system-out><![CDATA[2023-02-15T14:49:05.113-05:00  INFO 85260 --- [    Test worker] t.c.s.AnnotationConfigContextLoaderUtils : Could not detect default configuration classes for test class [com.joango.controller.EventControllerTest]: EventControllerTest does not declare any static, non-private, non-final, nested classes annotated with @Configuration.
2023-02-15T14:49:05.118-05:00  INFO 85260 --- [    Test worker] .b.t.c.SpringBootTestContextBootstrapper : Found @SpringBootConfiguration com.joango.Application for test class com.joango.controller.EventControllerTest

  .   ____          _            __ _ _
 /\\ / ___'_ __ _ _(_)_ __  __ _ \ \ \ \
( ( )\___ | '_ | '_| | '_ \/ _` | \ \ \ \
 \\/  ___)| |_)| | | | | || (_| |  ) ) ) )
  '  |____| .__|_| |_|_| |_\__, | / / / /
 =========|_|==============|___/=/_/_/_/
 :: Spring Boot ::                (v3.0.1)

2023-02-15T14:49:05.129-05:00  INFO 85260 --- [    Test worker] c.joango.controller.EventControllerTest  : Starting EventControllerTest using Java 17.0.1 with PID 85260 (started by joango in /Users/joango/Dev/JavaMentoringExercises/src/main/java/spring/core)
2023-02-15T14:49:05.129-05:00  INFO 85260 --- [    Test worker] c.joango.controller.EventControllerTest  : No active profile set, falling back to 1 default profile: "default"
2023-02-15T14:49:05.190-05:00  INFO 85260 --- [    Test worker] .s.d.r.c.RepositoryConfigurationDelegate : Bootstrapping Spring Data JPA repositories in DEFAULT mode.
2023-02-15T14:49:05.196-05:00  INFO 85260 --- [    Test worker] .s.d.r.c.RepositoryConfigurationDelegate : Finished Spring Data repository scanning in 5 ms. Found 4 JPA repository interfaces.
2023-02-15T14:49:05.233-05:00  INFO 85260 --- [    Test worker] o.hibernate.jpa.internal.util.LogHelper  : HHH000204: Processing PersistenceUnitInfo [name: default]
2023-02-15T14:49:05.235-05:00  WARN 85260 --- [    Test worker] org.hibernate.orm.deprecation            : HHH90000021: Encountered deprecated setting [javax.persistence.sharedCache.mode], use [jakarta.persistence.sharedCache.mode] instead
2023-02-15T14:49:05.238-05:00  INFO 85260 --- [    Test worker] com.zaxxer.hikari.HikariDataSource       : HikariPool-3 - Starting...
2023-02-15T14:49:05.238-05:00  INFO 85260 --- [    Test worker] com.zaxxer.hikari.pool.HikariPool        : HikariPool-3 - Added connection conn20: url=jdbc:h2:mem:testdb user=SA
2023-02-15T14:49:05.238-05:00  INFO 85260 --- [    Test worker] com.zaxxer.hikari.HikariDataSource       : HikariPool-3 - Start completed.
2023-02-15T14:49:05.239-05:00  INFO 85260 --- [    Test worker] SQL dialect                              : HHH000400: Using dialect: org.hibernate.dialect.H2Dialect
Hibernate: drop table if exists event cascade 
Hibernate: drop table if exists ticket cascade 
Hibernate: drop table if exists user cascade 
Hibernate: drop table if exists user_account cascade 
Hibernate: create table event (id bigint generated by default as identity, date timestamp(6), ticket_price integer, title varchar(255), primary key (id))
Hibernate: create table ticket (id bigint generated by default as identity, category varchar(255), event_id bigint, place integer, user_id bigint, primary key (id))
Hibernate: create table user (id bigint generated by default as identity, email varchar(255), name varchar(255), primary key (id))
Hibernate: create table user_account (id bigint generated by default as identity, user_balance integer, user_id bigint, primary key (id))
Hibernate: alter table if exists user_account add constraint FK4qaqge5ewvmfuwsp5eddfr4r2 foreign key (user_id) references user
2023-02-15T14:49:05.263-05:00  INFO 85260 --- [    Test worker] o.h.e.t.j.p.i.JtaPlatformInitiator       : HHH000490: Using JtaPlatform implementation: [org.hibernate.engine.transaction.jta.platform.internal.NoJtaPlatform]
2023-02-15T14:49:05.263-05:00  INFO 85260 --- [    Test worker] j.LocalContainerEntityManagerFactoryBean : Initialized JPA EntityManagerFactory for persistence unit 'default'
2023-02-15T14:49:05.317-05:00  WARN 85260 --- [    Test worker] JpaBaseConfiguration$JpaWebConfiguration : spring.jpa.open-in-view is enabled by default. Therefore, database queries may be performed during view rendering. Explicitly configure spring.jpa.open-in-view to disable this warning
2023-02-15T14:49:05.360-05:00  INFO 85260 --- [    Test worker] o.s.b.a.h2.H2ConsoleAutoConfiguration    : H2 console available at '/h2-console'. Database available at 'jdbc:h2:mem:testdb'
2023-02-15T14:49:05.387-05:00  INFO 85260 --- [    Test worker] o.s.b.t.m.w.SpringBootMockServletContext : Initializing Spring TestDispatcherServlet ''
2023-02-15T14:49:05.387-05:00  INFO 85260 --- [    Test worker] o.s.t.web.servlet.TestDispatcherServlet  : Initializing Servlet ''
2023-02-15T14:49:05.388-05:00  INFO 85260 --- [    Test worker] o.s.t.web.servlet.TestDispatcherServlet  : Completed initialization in 0 ms
2023-02-15T14:49:05.392-05:00  INFO 85260 --- [    Test worker] c.joango.controller.EventControllerTest  : Started EventControllerTest in 0.271 seconds (process running for 4.073)
Hibernate: select e1_0.id,e1_0.date,e1_0.ticket_price,e1_0.title from event e1_0 where e1_0.id=?
Hibernate: select e1_0.id,e1_0.date,e1_0.ticket_price,e1_0.title from event e1_0 where e1_0.date=?
Hibernate: select e1_0.id,e1_0.date,e1_0.ticket_price,e1_0.title from event e1_0 where e1_0.title=?
Hibernate: select e1_0.id,e1_0.date,e1_0.ticket_price,e1_0.title from event e1_0 where e1_0.id=?
]]></system-out>
  <system-err><![CDATA[]]></system-err>
</testsuite>
