<?xml version="1.0" encoding="UTF-8"?>
<testsuite name="com.joango.utils.HtmlUtilsTest" tests="3" skipped="0" failures="0" errors="0" timestamp="2023-02-15T19:49:05" hostname="Jorges-MacBook-Air.local" time="0.005">
  <properties/>
  <testcase name="Should generate tickets html" classname="com.joango.utils.HtmlUtilsTest" time="0.005"/>
  <testcase name="Should generate custom model and view for single value" classname="com.joango.utils.HtmlUtilsTest" time="0.0"/>
  <testcase name="Should generate custom model and view for single value" classname="com.joango.utils.HtmlUtilsTest" time="0.0"/>
  <system-out><![CDATA[]]></system-out>
  <system-err><![CDATA[]]></system-err>
</testsuite>
